2019-12-13 17:00:51.518 [main] 3324 INFO  com.liukhtenko.informationHandling.logic.TextLogic - the added 6 times
2019-12-13 17:00:51.598 [main] 3404 INFO  com.liukhtenko.informationHandling.logic.TextLogic - Added new word: point
2019-12-13 17:00:51.598 [main] 3404 INFO  com.liukhtenko.informationHandling.logic.TextLogic - of added 5 times
2019-12-13 17:00:51.598 [main] 3404 INFO  com.liukhtenko.informationHandling.logic.TextLogic - Added new word: using
2019-12-13 17:00:51.598 [main] 3404 INFO  com.liukhtenko.informationHandling.logic.TextLogic - ipsum added 4 times
2019-12-13 17:00:51.598 [main] 3404 INFO  com.liukhtenko.informationHandling.logic.TextLogic - is added 3 times
2019-12-13 17:00:51.598 [main] 3404 INFO  com.liukhtenko.informationHandling.logic.TextLogic - that added 3 times
2019-12-13 17:00:51.598 [main] 3404 INFO  com.liukhtenko.informationHandling.logic.TextLogic - it added 5 times
2019-12-13 17:00:51.598 [main] 3404 INFO  com.liukhtenko.informationHandling.logic.TextLogic - has added 3 times
2019-12-13 17:00:51.598 [main] 3404 INFO  com.liukhtenko.informationHandling.logic.TextLogic - Added new word: amore
2019-12-13 17:00:51.598 [main] 3404 INFO  com.liukhtenko.informationHandling.logic.TextLogic - Added new word: or
2019-12-13 17:00:51.598 [main] 3404 INFO  com.liukhtenko.informationHandling.logic.TextLogic - Added new word: less
2019-12-13 17:00:51.598 [main] 3404 INFO  com.liukhtenko.informationHandling.logic.TextLogic - Added new word: normal
2019-12-13 17:00:51.598 [main] 3404 INFO  com.liukhtenko.informationHandling.logic.TextLogic - Added new word: distribution
2019-12-13 17:00:51.598 [main] 3404 INFO  com.liukhtenko.informationHandling.logic.TextLogic - Added new word: ob
2019-12-13 17:00:51.598 [main] 3404 INFO  com.liukhtenko.informationHandling.logic.TextLogic - Added new word: tostring
2019-12-13 17:00:51.598 [main] 3404 INFO  com.liukhtenko.informationHandling.logic.TextLogic - a added 6 times
2019-12-13 17:00:51.598 [main] 3404 INFO  com.liukhtenko.informationHandling.logic.TextLogic - b added 3 times
2019-12-13 17:00:51.598 [main] 3404 INFO  com.liukhtenko.informationHandling.logic.TextLogic - Added new word: c
2019-12-13 17:00:51.598 [main] 3404 INFO  com.liukhtenko.informationHandling.logic.TextLogic - Added new word: as
2019-12-13 17:00:51.598 [main] 3404 INFO  com.liukhtenko.informationHandling.logic.TextLogic - Added new word: opposed
2019-12-13 17:00:51.598 [main] 3404 INFO  com.liukhtenko.informationHandling.logic.TextLogic - Added new word: to
2019-12-13 17:00:51.598 [main] 3404 INFO  com.liukhtenko.informationHandling.logic.TextLogic - using added 3 times
2019-12-13 17:00:51.598 [main] 3404 INFO  com.liukhtenko.informationHandling.logic.TextLogic - Added new word: content
2019-12-13 17:00:51.598 [main] 3404 INFO  com.liukhtenko.informationHandling.logic.TextLogic - Added new word: here
2019-12-13 17:00:51.598 [main] 3404 INFO  com.liukhtenko.informationHandling.logic.TextLogic - content added 3 times
2019-12-13 17:00:51.598 [main] 3404 INFO  com.liukhtenko.informationHandling.logic.TextLogic - here added 3 times
2019-12-13 17:00:51.598 [main] 3404 INFO  com.liukhtenko.informationHandling.logic.TextLogic - Added new word: s
2019-12-13 17:00:51.598 [main] 3404 INFO  com.liukhtenko.informationHandling.logic.TextLogic - Added new word: making
2019-12-13 17:00:51.598 [main] 3404 INFO  com.liukhtenko.informationHandling.logic.TextLogic - it added 6 times
2019-12-13 17:00:51.598 [main] 3404 INFO  com.liukhtenko.informationHandling.logic.TextLogic - Added new word: look
2019-12-13 17:00:51.598 [main] 3404 INFO  com.liukhtenko.informationHandling.logic.TextLogic - like added 3 times
2019-12-13 17:00:51.598 [main] 3404 INFO  com.liukhtenko.informationHandling.logic.TextLogic - Added new word: readable
2019-12-13 17:00:51.598 [main] 3404 INFO  com.liukhtenko.informationHandling.logic.TextLogic - Added new word: english
2019-12-13 17:00:51.598 [main] 3404 INFO  com.liukhtenko.informationHandling.logic.TextLogic - it added 7 times
2019-12-13 17:00:51.598 [main] 3404 INFO  com.liukhtenko.informationHandling.logic.TextLogic - is added 4 times
2019-12-13 17:00:51.598 [main] 3404 INFO  com.liukhtenko.informationHandling.logic.TextLogic - a added 7 times
2019-12-13 17:00:51.598 [main] 3404 INFO  com.liukhtenko.informationHandling.logic.TextLogic - established added 3 times
2019-12-13 17:00:51.598 [main] 3404 INFO  com.liukhtenko.informationHandling.logic.TextLogic - fact added 3 times
2019-12-13 17:00:51.598 [main] 3404 INFO  com.liukhtenko.informationHandling.logic.TextLogic - that added 4 times
2019-12-13 17:00:51.598 [main] 3404 INFO  com.liukhtenko.informationHandling.logic.TextLogic - a added 8 times
2019-12-13 17:00:51.598 [main] 3404 INFO  com.liukhtenko.informationHandling.logic.TextLogic - reader added 3 times
2019-12-13 17:00:51.598 [main] 3404 INFO  com.liukhtenko.informationHandling.logic.TextLogic - will added 3 times
2019-12-13 17:00:51.598 [main] 3404 INFO  com.liukhtenko.informationHandling.logic.TextLogic - be added 3 times
2019-12-13 17:00:51.598 [main] 3404 INFO  com.liukhtenko.informationHandling.logic.TextLogic - of added 6 times
2019-12-13 17:00:51.598 [main] 3404 INFO  com.liukhtenko.informationHandling.logic.TextLogic - a added 9 times
2019-12-13 17:00:51.598 [main] 3404 INFO  com.liukhtenko.informationHandling.logic.TextLogic - page added 3 times
2019-12-13 17:00:51.598 [main] 3404 INFO  com.liukhtenko.informationHandling.logic.TextLogic - when added 3 times
2019-12-13 17:00:51.598 [main] 3404 INFO  com.liukhtenko.informationHandling.logic.TextLogic - looking added 3 times
2019-12-13 17:00:51.598 [main] 3404 INFO  com.liukhtenko.informationHandling.logic.TextLogic - at added 3 times
2019-12-13 17:00:51.598 [main] 3404 INFO  com.liukhtenko.informationHandling.logic.TextLogic - its added 3 times
2019-12-13 17:00:51.598 [main] 3404 INFO  com.liukhtenko.informationHandling.logic.TextLogic - layout added 3 times
2019-12-13 17:00:51.598 [main] 3404 INFO  com.liukhtenko.informationHandling.logic.TextLogic - Added new word: bye
2019-12-13 17:00:51.598 [main] 3404 INFO  com.liukhtenko.informationHandling.logic.TextLogic - Added new word: бандерлоги
2019-12-13 17:00:51.618 [main] 3424 INFO  com.liukhtenko.informationHandling.logic.TextLogic - The longest word in TextComposite{level=TEXT} is includingversions
2019-12-13 17:00:51.618 [main] 3424 INFO  com.liukhtenko.informationHandling.logic.TextLogic - It was popularised in the Динамо (Рига)with the release of Letraset sheets containing Lorem Ipsum passages, and morerecently with desktop publishing software like Aldus PageMaker Faclon9 includingversions of Lorem Ipsum!  contains includingversions
2019-12-13 17:00:51.618 [main] 3424 INFO  com.liukhtenko.informationHandling.logic.TextLogic - TextComposite{level=SENTENCE} have no less words than 30
