2019-12-13 19:38:43.727 [main] 5579 INFO  com.liukhtenko.informationHandling.parser.LexemeParser - TextComposite{level=LEXEME} added TextComposite{level=SYMBOL}
2019-12-13 19:38:43.737 [main] 5589 INFO  com.liukhtenko.informationHandling.parser.SymbolParser - TextComposite{level=SYMBOL} added l
2019-12-13 19:38:43.737 [main] 5589 INFO  com.liukhtenko.informationHandling.parser.LexemeParser - TextComposite{level=LEXEME} added TextComposite{level=SYMBOL}
2019-12-13 19:38:43.737 [main] 5589 INFO  com.liukhtenko.informationHandling.parser.SymbolParser - TextComposite{level=SYMBOL} added d
2019-12-13 19:38:43.737 [main] 5589 INFO  com.liukhtenko.informationHandling.parser.LexemeParser - TextComposite{level=LEXEME} added TextComposite{level=SYMBOL}
2019-12-13 19:38:43.737 [main] 5589 INFO  com.liukhtenko.informationHandling.parser.SymbolParser - TextComposite{level=SYMBOL} added u
2019-12-13 19:38:43.737 [main] 5589 INFO  com.liukhtenko.informationHandling.parser.LexemeParser - TextComposite{level=LEXEME} added TextComposite{level=SYMBOL}
2019-12-13 19:38:43.737 [main] 5589 INFO  com.liukhtenko.informationHandling.parser.SymbolParser - TextComposite{level=SYMBOL} added s
2019-12-13 19:38:43.737 [main] 5589 INFO  com.liukhtenko.informationHandling.parser.SentenceParser - TextComposite{level=SENTENCE} added TextComposite{level=LEXEME}
2019-12-13 19:38:43.737 [main] 5589 INFO  com.liukhtenko.informationHandling.parser.LexemeParser - TextComposite{level=LEXEME} added TextComposite{level=SYMBOL}
2019-12-13 19:38:43.737 [main] 5589 INFO  com.liukhtenko.informationHandling.parser.SymbolParser - TextComposite{level=SYMBOL} added P
2019-12-13 19:38:43.737 [main] 5589 INFO  com.liukhtenko.informationHandling.parser.LexemeParser - TextComposite{level=LEXEME} added TextComposite{level=SYMBOL}
2019-12-13 19:38:43.737 [main] 5589 INFO  com.liukhtenko.informationHandling.parser.SymbolParser - TextComposite{level=SYMBOL} added a
2019-12-13 19:38:43.737 [main] 5589 INFO  com.liukhtenko.informationHandling.parser.LexemeParser - TextComposite{level=LEXEME} added TextComposite{level=SYMBOL}
2019-12-13 19:38:43.737 [main] 5589 INFO  com.liukhtenko.informationHandling.parser.SymbolParser - TextComposite{level=SYMBOL} added g
2019-12-13 19:38:43.737 [main] 5589 INFO  com.liukhtenko.informationHandling.parser.LexemeParser - TextComposite{level=LEXEME} added TextComposite{level=SYMBOL}
2019-12-13 19:38:43.737 [main] 5589 INFO  com.liukhtenko.informationHandling.parser.SymbolParser - TextComposite{level=SYMBOL} added e
2019-12-13 19:38:43.737 [main] 5589 INFO  com.liukhtenko.informationHandling.parser.LexemeParser - TextComposite{level=LEXEME} added TextComposite{level=SYMBOL}
2019-12-13 19:38:43.737 [main] 5589 INFO  com.liukhtenko.informationHandling.parser.SymbolParser - TextComposite{level=SYMBOL} added M
2019-12-13 19:38:43.737 [main] 5589 INFO  com.liukhtenko.informationHandling.parser.LexemeParser - TextComposite{level=LEXEME} added TextComposite{level=SYMBOL}
2019-12-13 19:38:43.737 [main] 5589 INFO  com.liukhtenko.informationHandling.parser.SymbolParser - TextComposite{level=SYMBOL} added a
2019-12-13 19:38:43.737 [main] 5589 INFO  com.liukhtenko.informationHandling.parser.LexemeParser - TextComposite{level=LEXEME} added TextComposite{level=SYMBOL}
2019-12-13 19:38:43.737 [main] 5589 INFO  com.liukhtenko.informationHandling.parser.SymbolParser - TextComposite{level=SYMBOL} added k
2019-12-13 19:38:43.737 [main] 5589 INFO  com.liukhtenko.informationHandling.parser.LexemeParser - TextComposite{level=LEXEME} added TextComposite{level=SYMBOL}
2019-12-13 19:38:43.737 [main] 5589 INFO  com.liukhtenko.informationHandling.parser.SymbolParser - TextComposite{level=SYMBOL} added e
2019-12-13 19:38:43.737 [main] 5589 INFO  com.liukhtenko.informationHandling.parser.LexemeParser - TextComposite{level=LEXEME} added TextComposite{level=SYMBOL}
2019-12-13 19:38:43.737 [main] 5589 INFO  com.liukhtenko.informationHandling.parser.SymbolParser - TextComposite{level=SYMBOL} added r
2019-12-13 19:38:43.737 [main] 5589 INFO  com.liukhtenko.informationHandling.parser.SentenceParser - TextComposite{level=SENTENCE} added TextComposite{level=LEXEME}
2019-12-13 19:38:43.737 [main] 5589 INFO  com.liukhtenko.informationHandling.parser.LexemeParser - TextComposite{level=LEXEME} added TextComposite{level=SYMBOL}
2019-12-13 19:38:43.737 [main] 5589 INFO  com.liukhtenko.informationHandling.parser.SymbolParser - TextComposite{level=SYMBOL} added F
2019-12-13 19:38:43.737 [main] 5589 INFO  com.liukhtenko.informationHandling.parser.LexemeParser - TextComposite{level=LEXEME} added TextComposite{level=SYMBOL}
2019-12-13 19:38:43.737 [main] 5589 INFO  com.liukhtenko.informationHandling.parser.SymbolParser - TextComposite{level=SYMBOL} added a
2019-12-13 19:38:43.737 [main] 5589 INFO  com.liukhtenko.informationHandling.parser.LexemeParser - TextComposite{level=LEXEME} added TextComposite{level=SYMBOL}
2019-12-13 19:38:43.737 [main] 5589 INFO  com.liukhtenko.informationHandling.parser.SymbolParser - TextComposite{level=SYMBOL} added c
2019-12-13 19:38:43.737 [main] 5589 INFO  com.liukhtenko.informationHandling.parser.LexemeParser - TextComposite{level=LEXEME} added TextComposite{level=SYMBOL}
2019-12-13 19:38:43.737 [main] 5589 INFO  com.liukhtenko.informationHandling.parser.SymbolParser - TextComposite{level=SYMBOL} added l
2019-12-13 19:38:43.737 [main] 5589 INFO  com.liukhtenko.informationHandling.parser.LexemeParser - TextComposite{level=LEXEME} added TextComposite{level=SYMBOL}
2019-12-13 19:38:43.737 [main] 5589 INFO  com.liukhtenko.informationHandling.parser.SymbolParser - TextComposite{level=SYMBOL} added o
2019-12-13 19:38:43.737 [main] 5589 INFO  com.liukhtenko.informationHandling.parser.LexemeParser - TextComposite{level=LEXEME} added TextComposite{level=SYMBOL}
2019-12-13 19:38:43.737 [main] 5589 INFO  com.liukhtenko.informationHandling.parser.SymbolParser - TextComposite{level=SYMBOL} added n
2019-12-13 19:38:43.737 [main] 5589 INFO  com.liukhtenko.informationHandling.parser.LexemeParser - TextComposite{level=LEXEME} added TextComposite{level=SYMBOL}
2019-12-13 19:38:43.737 [main] 5589 INFO  com.liukhtenko.informationHandling.parser.SymbolParser - TextComposite{level=SYMBOL} added 9
2019-12-13 19:38:43.737 [main] 5589 INFO  com.liukhtenko.informationHandling.parser.SentenceParser - TextComposite{level=SENTENCE} added TextComposite{level=LEXEME}
2019-12-13 19:38:43.737 [main] 5589 INFO  com.liukhtenko.informationHandling.parser.LexemeParser - TextComposite{level=LEXEME} added TextComposite{level=SYMBOL}
2019-12-13 19:38:43.737 [main] 5589 INFO  com.liukhtenko.informationHandling.parser.SymbolParser - TextComposite{level=SYMBOL} added i
2019-12-13 19:38:43.737 [main] 5589 INFO  com.liukhtenko.informationHandling.parser.LexemeParser - TextComposite{level=LEXEME} added TextComposite{level=SYMBOL}
2019-12-13 19:38:43.747 [main] 5599 INFO  com.liukhtenko.informationHandling.parser.SymbolParser - TextComposite{level=SYMBOL} added n
2019-12-13 19:38:43.747 [main] 5599 INFO  com.liukhtenko.informationHandling.parser.LexemeParser - TextComposite{level=LEXEME} added TextComposite{level=SYMBOL}
2019-12-13 19:38:43.747 [main] 5599 INFO  com.liukhtenko.informationHandling.parser.SymbolParser - TextComposite{level=SYMBOL} added c
2019-12-13 19:38:43.747 [main] 5599 INFO  com.liukhtenko.informationHandling.parser.LexemeParser - TextComposite{level=LEXEME} added TextComposite{level=SYMBOL}
2019-12-13 19:38:43.747 [main] 5599 INFO  com.liukhtenko.informationHandling.parser.SymbolParser - TextComposite{level=SYMBOL} added l
2019-12-13 19:38:43.747 [main] 5599 INFO  com.liukhtenko.informationHandling.parser.LexemeParser - TextComposite{level=LEXEME} added TextComposite{level=SYMBOL}
2019-12-13 19:38:43.747 [main] 5599 INFO  com.liukhtenko.informationHandling.parser.SymbolParser - TextComposite{level=SYMBOL} added u
2019-12-13 19:38:43.747 [main] 5599 INFO  com.liukhtenko.informationHandling.parser.LexemeParser - TextComposite{level=LEXEME} added TextComposite{level=SYMBOL}
2019-12-13 19:38:43.747 [main] 5599 INFO  com.liukhtenko.informationHandling.parser.SymbolParser - TextComposite{level=SYMBOL} added d
2019-12-13 19:38:43.747 [main] 5599 INFO  com.liukhtenko.informationHandling.parser.LexemeParser - TextComposite{level=LEXEME} added TextComposite{level=SYMBOL}
2019-12-13 19:38:43.747 [main] 5599 INFO  com.liukhtenko.informationHandling.parser.SymbolParser - TextComposite{level=SYMBOL} added i
2019-12-13 19:38:43.747 [main] 5599 INFO  com.liukhtenko.informationHandling.parser.LexemeParser - TextComposite{level=LEXEME} added TextComposite{level=SYMBOL}
2019-12-13 19:38:43.747 [main] 5599 INFO  com.liukhtenko.informationHandling.parser.SymbolParser - TextComposite{level=SYMBOL} added n
2019-12-13 19:38:43.747 [main] 5599 INFO  com.liukhtenko.informationHandling.parser.LexemeParser - TextComposite{level=LEXEME} added TextComposite{level=SYMBOL}
2019-12-13 19:38:43.747 [main] 5599 INFO  com.liukhtenko.informationHandling.parser.SymbolParser - TextComposite{level=SYMBOL} added g
2019-12-13 19:38:43.747 [main] 5599 INFO  com.liukhtenko.informationHandling.parser.LexemeParser - TextComposite{level=LEXEME} added TextComposite{level=SYMBOL}
2019-12-13 19:38:43.747 [main] 5599 INFO  com.liukhtenko.informationHandling.parser.SymbolParser - TextComposite{level=SYMBOL} added v
2019-12-13 19:38:43.747 [main] 5599 INFO  com.liukhtenko.informationHandling.parser.LexemeParser - TextComposite{level=LEXEME} added TextComposite{level=SYMBOL}
2019-12-13 19:38:43.747 [main] 5599 INFO  com.liukhtenko.informationHandling.parser.SymbolParser - TextComposite{level=SYMBOL} added e
2019-12-13 19:38:43.747 [main] 5599 INFO  com.liukhtenko.informationHandling.parser.LexemeParser - TextComposite{level=LEXEME} added TextComposite{level=SYMBOL}
2019-12-13 19:38:43.747 [main] 5599 INFO  com.liukhtenko.informationHandling.parser.SymbolParser - TextComposite{level=SYMBOL} added r
2019-12-13 19:38:43.747 [main] 5599 INFO  com.liukhtenko.informationHandling.parser.LexemeParser - TextComposite{level=LEXEME} added TextComposite{level=SYMBOL}
2019-12-13 19:38:43.747 [main] 5599 INFO  com.liukhtenko.informationHandling.parser.SymbolParser - TextComposite{level=SYMBOL} added s
2019-12-13 19:38:43.747 [main] 5599 INFO  com.liukhtenko.informationHandling.parser.LexemeParser - TextComposite{level=LEXEME} added TextComposite{level=SYMBOL}
2019-12-13 19:38:43.747 [main] 5599 INFO  com.liukhtenko.informationHandling.parser.SymbolParser - TextComposite{level=SYMBOL} added i
2019-12-13 19:38:43.747 [main] 5599 INFO  com.liukhtenko.informationHandling.parser.LexemeParser - TextComposite{level=LEXEME} added TextComposite{level=SYMBOL}
2019-12-13 19:38:43.747 [main] 5599 INFO  com.liukhtenko.informationHandling.parser.SymbolParser - TextComposite{level=SYMBOL} added o
2019-12-13 19:38:43.747 [main] 5599 INFO  com.liukhtenko.informationHandling.parser.LexemeParser - TextComposite{level=LEXEME} added TextComposite{level=SYMBOL}
2019-12-13 19:38:43.747 [main] 5599 INFO  com.liukhtenko.informationHandling.parser.SymbolParser - TextComposite{level=SYMBOL} added n
2019-12-13 19:38:43.747 [main] 5599 INFO  com.liukhtenko.informationHandling.parser.LexemeParser - TextComposite{level=LEXEME} added TextComposite{level=SYMBOL}
2019-12-13 19:38:43.747 [main] 5599 INFO  com.liukhtenko.informationHandling.parser.SymbolParser - TextComposite{level=SYMBOL} added s
2019-12-13 19:38:43.747 [main] 5599 INFO  com.liukhtenko.informationHandling.parser.SentenceParser - TextComposite{level=SENTENCE} added TextComposite{level=LEXEME}
2019-12-13 19:38:43.747 [main] 5599 INFO  com.liukhtenko.informationHandling.parser.LexemeParser - TextComposite{level=LEXEME} added TextComposite{level=SYMBOL}
2019-12-13 19:38:43.747 [main] 5599 INFO  com.liukhtenko.informationHandling.parser.SymbolParser - TextComposite{level=SYMBOL} added o
2019-12-13 19:38:43.747 [main] 5599 INFO  com.liukhtenko.informationHandling.parser.LexemeParser - TextComposite{level=LEXEME} added TextComposite{level=SYMBOL}
2019-12-13 19:38:43.747 [main] 5599 INFO  com.liukhtenko.informationHandling.parser.SymbolParser - TextComposite{level=SYMBOL} added f
2019-12-13 19:38:43.747 [main] 5599 INFO  com.liukhtenko.informationHandling.parser.SentenceParser - TextComposite{level=SENTENCE} added TextComposite{level=LEXEME}
2019-12-13 19:38:43.747 [main] 5599 INFO  com.liukhtenko.informationHandling.parser.LexemeParser - TextComposite{level=LEXEME} added TextComposite{level=SYMBOL}
2019-12-13 19:38:43.747 [main] 5599 INFO  com.liukhtenko.informationHandling.parser.SymbolParser - TextComposite{level=SYMBOL} added L
2019-12-13 19:38:43.747 [main] 5599 INFO  com.liukhtenko.informationHandling.parser.LexemeParser - TextComposite{level=LEXEME} added TextComposite{level=SYMBOL}
2019-12-13 19:38:43.747 [main] 5599 INFO  com.liukhtenko.informationHandling.parser.SymbolParser - TextComposite{level=SYMBOL} added o
2019-12-13 19:38:43.747 [main] 5599 INFO  com.liukhtenko.informationHandling.parser.LexemeParser - TextComposite{level=LEXEME} added TextComposite{level=SYMBOL}
2019-12-13 19:38:43.747 [main] 5599 INFO  com.liukhtenko.informationHandling.parser.SymbolParser - TextComposite{level=SYMBOL} added r
2019-12-13 19:38:43.747 [main] 5599 INFO  com.liukhtenko.informationHandling.parser.LexemeParser - TextComposite{level=LEXEME} added TextComposite{level=SYMBOL}
2019-12-13 19:38:43.747 [main] 5599 INFO  com.liukhtenko.informationHandling.parser.SymbolParser - TextComposite{level=SYMBOL} added e
2019-12-13 19:38:43.747 [main] 5599 INFO  com.liukhtenko.informationHandling.parser.LexemeParser - TextComposite{level=LEXEME} added TextComposite{level=SYMBOL}
2019-12-13 19:38:43.757 [main] 5609 INFO  com.liukhtenko.informationHandling.parser.SymbolParser - TextComposite{level=SYMBOL} added m
2019-12-13 19:38:43.757 [main] 5609 INFO  com.liukhtenko.informationHandling.parser.SentenceParser - TextComposite{level=SENTENCE} added TextComposite{level=LEXEME}
2019-12-13 19:38:43.757 [main] 5609 INFO  com.liukhtenko.informationHandling.parser.LexemeParser - TextComposite{level=LEXEME} added TextComposite{level=SYMBOL}
2019-12-13 19:38:43.757 [main] 5609 INFO  com.liukhtenko.informationHandling.parser.SymbolParser - TextComposite{level=SYMBOL} added I
2019-12-13 19:38:43.757 [main] 5609 INFO  com.liukhtenko.informationHandling.parser.LexemeParser - TextComposite{level=LEXEME} added TextComposite{level=SYMBOL}
2019-12-13 19:38:43.757 [main] 5609 INFO  com.liukhtenko.informationHandling.parser.SymbolParser - TextComposite{level=SYMBOL} added p
2019-12-13 19:38:43.757 [main] 5609 INFO  com.liukhtenko.informationHandling.parser.LexemeParser - TextComposite{level=LEXEME} added TextComposite{level=SYMBOL}
2019-12-13 19:38:43.757 [main] 5609 INFO  com.liukhtenko.informationHandling.parser.SymbolParser - TextComposite{level=SYMBOL} added s
2019-12-13 19:38:43.757 [main] 5609 INFO  com.liukhtenko.informationHandling.parser.LexemeParser - TextComposite{level=LEXEME} added TextComposite{level=SYMBOL}
2019-12-13 19:38:43.757 [main] 5609 INFO  com.liukhtenko.informationHandling.parser.SymbolParser - TextComposite{level=SYMBOL} added u
2019-12-13 19:38:43.757 [main] 5609 INFO  com.liukhtenko.informationHandling.parser.LexemeParser - TextComposite{level=LEXEME} added TextComposite{level=SYMBOL}
2019-12-13 19:38:43.757 [main] 5609 INFO  com.liukhtenko.informationHandling.parser.SymbolParser - TextComposite{level=SYMBOL} added m
2019-12-13 19:38:43.757 [main] 5609 INFO  com.liukhtenko.informationHandling.parser.LexemeParser - TextComposite{level=LEXEME} added TextComposite{level=SYMBOL}
2019-12-13 19:38:43.757 [main] 5609 INFO  com.liukhtenko.informationHandling.parser.SymbolParser - TextComposite{level=SYMBOL} added !
2019-12-13 19:38:43.757 [main] 5609 INFO  com.liukhtenko.informationHandling.parser.TextParser - TextComposite{level=TEXT} added TextComposite{level=PARAGRAPH}
2019-12-13 19:38:43.757 [main] 5609 INFO  com.liukhtenko.informationHandling.parser.ParagraphParser - TextComposite{level=PARAGRAPH} added TextComposite{level=SENTENCE}
2019-12-13 19:38:43.757 [main] 5609 INFO  com.liukhtenko.informationHandling.parser.SentenceParser - TextComposite{level=SENTENCE} added TextComposite{level=LEXEME}
2019-12-13 19:38:43.757 [main] 5609 INFO  com.liukhtenko.informationHandling.parser.LexemeParser - TextComposite{level=LEXEME} added TextComposite{level=SYMBOL}
2019-12-13 19:38:43.757 [main] 5609 INFO  com.liukhtenko.informationHandling.parser.SymbolParser - TextComposite{level=SYMBOL} added I
2019-12-13 19:38:43.757 [main] 5609 INFO  com.liukhtenko.informationHandling.parser.LexemeParser - TextComposite{level=LEXEME} added TextComposite{level=SYMBOL}
2019-12-13 19:38:43.757 [main] 5609 INFO  com.liukhtenko.informationHandling.parser.SymbolParser - TextComposite{level=SYMBOL} added t
2019-12-13 19:38:43.757 [main] 5609 INFO  com.liukhtenko.informationHandling.parser.SentenceParser - TextComposite{level=SENTENCE} added TextComposite{level=LEXEME}
2019-12-13 19:38:43.757 [main] 5609 INFO  com.liukhtenko.informationHandling.parser.LexemeParser - TextComposite{level=LEXEME} added TextComposite{level=SYMBOL}
2019-12-13 19:38:43.757 [main] 5609 INFO  com.liukhtenko.informationHandling.parser.SymbolParser - TextComposite{level=SYMBOL} added i
2019-12-13 19:38:43.757 [main] 5609 INFO  com.liukhtenko.informationHandling.parser.LexemeParser - TextComposite{level=LEXEME} added TextComposite{level=SYMBOL}
2019-12-13 19:38:43.757 [main] 5609 INFO  com.liukhtenko.informationHandling.parser.SymbolParser - TextComposite{level=SYMBOL} added s
2019-12-13 19:38:43.757 [main] 5609 INFO  com.liukhtenko.informationHandling.parser.SentenceParser - TextComposite{level=SENTENCE} added TextComposite{level=LEXEME}
2019-12-13 19:38:43.757 [main] 5609 INFO  com.liukhtenko.informationHandling.parser.LexemeParser - TextComposite{level=LEXEME} added TextComposite{level=SYMBOL}
2019-12-13 19:38:43.757 [main] 5609 INFO  com.liukhtenko.informationHandling.parser.SymbolParser - TextComposite{level=SYMBOL} added a
2019-12-13 19:38:43.757 [main] 5609 INFO  com.liukhtenko.informationHandling.parser.SentenceParser - TextComposite{level=SENTENCE} added TextComposite{level=LEXEME}
2019-12-13 19:38:43.757 [main] 5609 INFO  com.liukhtenko.informationHandling.parser.LexemeParser - TextComposite{level=LEXEME} added TextComposite{level=SYMBOL}
2019-12-13 19:38:43.757 [main] 5609 INFO  com.liukhtenko.informationHandling.parser.SymbolParser - TextComposite{level=SYMBOL} added l
2019-12-13 19:38:43.757 [main] 5609 INFO  com.liukhtenko.informationHandling.parser.LexemeParser - TextComposite{level=LEXEME} added TextComposite{level=SYMBOL}
2019-12-13 19:38:43.757 [main] 5609 INFO  com.liukhtenko.informationHandling.parser.SymbolParser - TextComposite{level=SYMBOL} added o
2019-12-13 19:38:43.757 [main] 5609 INFO  com.liukhtenko.informationHandling.parser.LexemeParser - TextComposite{level=LEXEME} added TextComposite{level=SYMBOL}
2019-12-13 19:38:43.757 [main] 5609 INFO  com.liukhtenko.informationHandling.parser.SymbolParser - TextComposite{level=SYMBOL} added n
2019-12-13 19:38:43.757 [main] 5609 INFO  com.liukhtenko.informationHandling.parser.LexemeParser - TextComposite{level=LEXEME} added TextComposite{level=SYMBOL}
2019-12-13 19:38:43.757 [main] 5609 INFO  com.liukhtenko.informationHandling.parser.SymbolParser - TextComposite{level=SYMBOL} added g
2019-12-13 19:38:43.757 [main] 5609 INFO  com.liukhtenko.informationHandling.parser.SentenceParser - TextComposite{level=SENTENCE} added TextComposite{level=LEXEME}
2019-12-13 19:38:43.757 [main] 5609 INFO  com.liukhtenko.informationHandling.parser.LexemeParser - TextComposite{level=LEXEME} added TextComposite{level=SYMBOL}
2019-12-13 19:38:43.757 [main] 5609 INFO  com.liukhtenko.informationHandling.parser.SymbolParser - TextComposite{level=SYMBOL} added a
2019-12-13 19:38:43.757 [main] 5609 INFO  com.liukhtenko.informationHandling.parser.LexemeParser - TextComposite{level=LEXEME} added TextComposite{level=SYMBOL}
2019-12-13 19:38:43.757 [main] 5609 INFO  com.liukhtenko.informationHandling.parser.SymbolParser - TextComposite{level=SYMBOL} added !
2019-12-13 19:38:43.757 [main] 5609 INFO  com.liukhtenko.informationHandling.parser.LexemeParser - TextComposite{level=LEXEME} added TextComposite{level=SYMBOL}
2019-12-13 19:38:43.767 [main] 5619 INFO  com.liukhtenko.informationHandling.parser.SymbolParser - TextComposite{level=SYMBOL} added =
2019-12-13 19:38:43.767 [main] 5619 INFO  com.liukhtenko.informationHandling.parser.LexemeParser - TextComposite{level=LEXEME} added TextComposite{level=SYMBOL}
2019-12-13 19:38:43.767 [main] 5619 INFO  com.liukhtenko.informationHandling.parser.SymbolParser - TextComposite{level=SYMBOL} added b
2019-12-13 19:38:43.767 [main] 5619 INFO  com.liukhtenko.informationHandling.parser.SentenceParser - TextComposite{level=SENTENCE} added TextComposite{level=LEXEME}
2019-12-13 19:38:43.767 [main] 5619 INFO  com.liukhtenko.informationHandling.parser.LexemeParser - TextComposite{level=LEXEME} added TextComposite{level=SYMBOL}
2019-12-13 19:38:43.767 [main] 5619 INFO  com.liukhtenko.informationHandling.parser.SymbolParser - TextComposite{level=SYMBOL} added e
2019-12-13 19:38:43.767 [main] 5619 INFO  com.liukhtenko.informationHandling.parser.LexemeParser - TextComposite{level=LEXEME} added TextComposite{level=SYMBOL}
2019-12-13 19:38:43.767 [main] 5619 INFO  com.liukhtenko.informationHandling.parser.SymbolParser - TextComposite{level=SYMBOL} added s
2019-12-13 19:38:43.767 [main] 5619 INFO  com.liukhtenko.informationHandling.parser.LexemeParser - TextComposite{level=LEXEME} added TextComposite{level=SYMBOL}
2019-12-13 19:38:43.767 [main] 5619 INFO  com.liukhtenko.informationHandling.parser.SymbolParser - TextComposite{level=SYMBOL} added t
2019-12-13 19:38:43.767 [main] 5619 INFO  com.liukhtenko.informationHandling.parser.LexemeParser - TextComposite{level=LEXEME} added TextComposite{level=SYMBOL}
2019-12-13 19:38:43.767 [main] 5619 INFO  com.liukhtenko.informationHandling.parser.SymbolParser - TextComposite{level=SYMBOL} added a
2019-12-13 19:38:43.767 [main] 5619 INFO  com.liukhtenko.informationHandling.parser.LexemeParser - TextComposite{level=LEXEME} added TextComposite{level=SYMBOL}
2019-12-13 19:38:43.767 [main] 5619 INFO  com.liukhtenko.informationHandling.parser.SymbolParser - TextComposite{level=SYMBOL} added b
2019-12-13 19:38:43.767 [main] 5619 INFO  com.liukhtenko.informationHandling.parser.LexemeParser - TextComposite{level=LEXEME} added TextComposite{level=SYMBOL}
2019-12-13 19:38:43.767 [main] 5619 INFO  com.liukhtenko.informationHandling.parser.SymbolParser - TextComposite{level=SYMBOL} added l
2019-12-13 19:38:43.767 [main] 5619 INFO  com.liukhtenko.informationHandling.parser.LexemeParser - TextComposite{level=LEXEME} added TextComposite{level=SYMBOL}
2019-12-13 19:38:43.767 [main] 5619 INFO  com.liukhtenko.informationHandling.parser.SymbolParser - TextComposite{level=SYMBOL} added i
2019-12-13 19:38:43.767 [main] 5619 INFO  com.liukhtenko.informationHandling.parser.LexemeParser - TextComposite{level=LEXEME} added TextComposite{level=SYMBOL}
2019-12-13 19:38:43.767 [main] 5619 INFO  com.liukhtenko.informationHandling.parser.SymbolParser - TextComposite{level=SYMBOL} added s
2019-12-13 19:38:43.767 [main] 5619 INFO  com.liukhtenko.informationHandling.parser.LexemeParser - TextComposite{level=LEXEME} added TextComposite{level=SYMBOL}
2019-12-13 19:38:43.767 [main] 5619 INFO  com.liukhtenko.informationHandling.parser.SymbolParser - TextComposite{level=SYMBOL} added h
2019-12-13 19:38:43.767 [main] 5619 INFO  com.liukhtenko.informationHandling.parser.LexemeParser - TextComposite{level=LEXEME} added TextComposite{level=SYMBOL}
2019-12-13 19:38:43.767 [main] 5619 INFO  com.liukhtenko.informationHandling.parser.SymbolParser - TextComposite{level=SYMBOL} added e
2019-12-13 19:38:43.767 [main] 5619 INFO  com.liukhtenko.informationHandling.parser.LexemeParser - TextComposite{level=LEXEME} added TextComposite{level=SYMBOL}
2019-12-13 19:38:43.767 [main] 5619 INFO  com.liukhtenko.informationHandling.parser.SymbolParser - TextComposite{level=SYMBOL} added d
2019-12-13 19:38:43.767 [main] 5619 INFO  com.liukhtenko.informationHandling.parser.SentenceParser - TextComposite{level=SENTENCE} added TextComposite{level=LEXEME}
2019-12-13 19:38:43.767 [main] 5619 INFO  com.liukhtenko.informationHandling.parser.LexemeParser - TextComposite{level=LEXEME} added TextComposite{level=SYMBOL}
2019-12-13 19:38:43.767 [main] 5619 INFO  com.liukhtenko.informationHandling.parser.SymbolParser - TextComposite{level=SYMBOL} added f
2019-12-13 19:38:43.767 [main] 5619 INFO  com.liukhtenko.informationHandling.parser.LexemeParser - TextComposite{level=LEXEME} added TextComposite{level=SYMBOL}
2019-12-13 19:38:43.767 [main] 5619 INFO  com.liukhtenko.informationHandling.parser.SymbolParser - TextComposite{level=SYMBOL} added a
2019-12-13 19:38:43.767 [main] 5619 INFO  com.liukhtenko.informationHandling.parser.LexemeParser - TextComposite{level=LEXEME} added TextComposite{level=SYMBOL}
2019-12-13 19:38:43.767 [main] 5619 INFO  com.liukhtenko.informationHandling.parser.SymbolParser - TextComposite{level=SYMBOL} added c
2019-12-13 19:38:43.767 [main] 5619 INFO  com.liukhtenko.informationHandling.parser.LexemeParser - TextComposite{level=LEXEME} added TextComposite{level=SYMBOL}
2019-12-13 19:38:43.767 [main] 5619 INFO  com.liukhtenko.informationHandling.parser.SymbolParser - TextComposite{level=SYMBOL} added t
