2019-12-13 17:00:50.586 [main] 2392 INFO  com.liukhtenko.informationHandling.parser.LexemeParser - TextComposite{level=LEXEME} added TextComposite{level=SYMBOL}
2019-12-13 17:00:50.586 [main] 2392 INFO  com.liukhtenko.informationHandling.parser.SymbolParser - TextComposite{level=SYMBOL} added h
2019-12-13 17:00:50.586 [main] 2392 INFO  com.liukhtenko.informationHandling.parser.LexemeParser - TextComposite{level=LEXEME} added TextComposite{level=SYMBOL}
2019-12-13 17:00:50.586 [main] 2392 INFO  com.liukhtenko.informationHandling.parser.SymbolParser - TextComposite{level=SYMBOL} added e
2019-12-13 17:00:50.596 [main] 2402 INFO  com.liukhtenko.informationHandling.parser.SentenceParser - TextComposite{level=SENTENCE} added TextComposite{level=LEXEME}
2019-12-13 17:00:50.596 [main] 2402 INFO  com.liukhtenko.informationHandling.parser.LexemeParser - TextComposite{level=LEXEME} added TextComposite{level=SYMBOL}
2019-12-13 17:00:50.596 [main] 2402 INFO  com.liukhtenko.informationHandling.parser.SymbolParser - TextComposite{level=SYMBOL} added Д
2019-12-13 17:00:50.596 [main] 2402 INFO  com.liukhtenko.informationHandling.parser.LexemeParser - TextComposite{level=LEXEME} added TextComposite{level=SYMBOL}
2019-12-13 17:00:50.596 [main] 2402 INFO  com.liukhtenko.informationHandling.parser.SymbolParser - TextComposite{level=SYMBOL} added и
2019-12-13 17:00:50.596 [main] 2402 INFO  com.liukhtenko.informationHandling.parser.LexemeParser - TextComposite{level=LEXEME} added TextComposite{level=SYMBOL}
2019-12-13 17:00:50.596 [main] 2402 INFO  com.liukhtenko.informationHandling.parser.SymbolParser - TextComposite{level=SYMBOL} added н
2019-12-13 17:00:50.596 [main] 2402 INFO  com.liukhtenko.informationHandling.parser.LexemeParser - TextComposite{level=LEXEME} added TextComposite{level=SYMBOL}
2019-12-13 17:00:50.596 [main] 2402 INFO  com.liukhtenko.informationHandling.parser.SymbolParser - TextComposite{level=SYMBOL} added а
2019-12-13 17:00:50.596 [main] 2402 INFO  com.liukhtenko.informationHandling.parser.LexemeParser - TextComposite{level=LEXEME} added TextComposite{level=SYMBOL}
2019-12-13 17:00:50.596 [main] 2402 INFO  com.liukhtenko.informationHandling.parser.SymbolParser - TextComposite{level=SYMBOL} added м
2019-12-13 17:00:50.596 [main] 2402 INFO  com.liukhtenko.informationHandling.parser.LexemeParser - TextComposite{level=LEXEME} added TextComposite{level=SYMBOL}
2019-12-13 17:00:50.596 [main] 2402 INFO  com.liukhtenko.informationHandling.parser.SymbolParser - TextComposite{level=SYMBOL} added о
2019-12-13 17:00:50.596 [main] 2402 INFO  com.liukhtenko.informationHandling.parser.SentenceParser - TextComposite{level=SENTENCE} added TextComposite{level=LEXEME}
2019-12-13 17:00:50.596 [main] 2402 INFO  com.liukhtenko.informationHandling.parser.LexemeParser - TextComposite{level=LEXEME} added TextComposite{level=SYMBOL}
2019-12-13 17:00:50.596 [main] 2402 INFO  com.liukhtenko.informationHandling.parser.SymbolParser - TextComposite{level=SYMBOL} added (
2019-12-13 17:00:50.596 [main] 2402 INFO  com.liukhtenko.informationHandling.parser.LexemeParser - TextComposite{level=LEXEME} added TextComposite{level=SYMBOL}
2019-12-13 17:00:50.596 [main] 2402 INFO  com.liukhtenko.informationHandling.parser.SymbolParser - TextComposite{level=SYMBOL} added Р
2019-12-13 17:00:50.596 [main] 2402 INFO  com.liukhtenko.informationHandling.parser.LexemeParser - TextComposite{level=LEXEME} added TextComposite{level=SYMBOL}
2019-12-13 17:00:50.596 [main] 2402 INFO  com.liukhtenko.informationHandling.parser.SymbolParser - TextComposite{level=SYMBOL} added и
2019-12-13 17:00:50.596 [main] 2402 INFO  com.liukhtenko.informationHandling.parser.LexemeParser - TextComposite{level=LEXEME} added TextComposite{level=SYMBOL}
2019-12-13 17:00:50.596 [main] 2402 INFO  com.liukhtenko.informationHandling.parser.SymbolParser - TextComposite{level=SYMBOL} added г
2019-12-13 17:00:50.596 [main] 2402 INFO  com.liukhtenko.informationHandling.parser.LexemeParser - TextComposite{level=LEXEME} added TextComposite{level=SYMBOL}
2019-12-13 17:00:50.596 [main] 2402 INFO  com.liukhtenko.informationHandling.parser.SymbolParser - TextComposite{level=SYMBOL} added а
2019-12-13 17:00:50.596 [main] 2402 INFO  com.liukhtenko.informationHandling.parser.LexemeParser - TextComposite{level=LEXEME} added TextComposite{level=SYMBOL}
2019-12-13 17:00:50.596 [main] 2402 INFO  com.liukhtenko.informationHandling.parser.SymbolParser - TextComposite{level=SYMBOL} added )
2019-12-13 17:00:50.596 [main] 2402 INFO  com.liukhtenko.informationHandling.parser.LexemeParser - TextComposite{level=LEXEME} added TextComposite{level=SYMBOL}
2019-12-13 17:00:50.606 [main] 2412 INFO  com.liukhtenko.informationHandling.parser.SymbolParser - TextComposite{level=SYMBOL} added w
2019-12-13 17:00:50.606 [main] 2412 INFO  com.liukhtenko.informationHandling.parser.LexemeParser - TextComposite{level=LEXEME} added TextComposite{level=SYMBOL}
2019-12-13 17:00:50.606 [main] 2412 INFO  com.liukhtenko.informationHandling.parser.SymbolParser - TextComposite{level=SYMBOL} added i
2019-12-13 17:00:50.606 [main] 2412 INFO  com.liukhtenko.informationHandling.parser.LexemeParser - TextComposite{level=LEXEME} added TextComposite{level=SYMBOL}
2019-12-13 17:00:50.606 [main] 2412 INFO  com.liukhtenko.informationHandling.parser.SymbolParser - TextComposite{level=SYMBOL} added t
2019-12-13 17:00:50.606 [main] 2412 INFO  com.liukhtenko.informationHandling.parser.LexemeParser - TextComposite{level=LEXEME} added TextComposite{level=SYMBOL}
2019-12-13 17:00:50.606 [main] 2412 INFO  com.liukhtenko.informationHandling.parser.SymbolParser - TextComposite{level=SYMBOL} added h
2019-12-13 17:00:50.606 [main] 2412 INFO  com.liukhtenko.informationHandling.parser.SentenceParser - TextComposite{level=SENTENCE} added TextComposite{level=LEXEME}
2019-12-13 17:00:50.606 [main] 2412 INFO  com.liukhtenko.informationHandling.parser.LexemeParser - TextComposite{level=LEXEME} added TextComposite{level=SYMBOL}
2019-12-13 17:00:50.606 [main] 2412 INFO  com.liukhtenko.informationHandling.parser.SymbolParser - TextComposite{level=SYMBOL} added t
2019-12-13 17:00:50.606 [main] 2412 INFO  com.liukhtenko.informationHandling.parser.LexemeParser - TextComposite{level=LEXEME} added TextComposite{level=SYMBOL}
2019-12-13 17:00:50.606 [main] 2412 INFO  com.liukhtenko.informationHandling.parser.SymbolParser - TextComposite{level=SYMBOL} added h
2019-12-13 17:00:50.606 [main] 2412 INFO  com.liukhtenko.informationHandling.parser.LexemeParser - TextComposite{level=LEXEME} added TextComposite{level=SYMBOL}
2019-12-13 17:00:50.606 [main] 2412 INFO  com.liukhtenko.informationHandling.parser.SymbolParser - TextComposite{level=SYMBOL} added e
2019-12-13 17:00:50.606 [main] 2412 INFO  com.liukhtenko.informationHandling.parser.SentenceParser - TextComposite{level=SENTENCE} added TextComposite{level=LEXEME}
2019-12-13 17:00:50.606 [main] 2412 INFO  com.liukhtenko.informationHandling.parser.LexemeParser - TextComposite{level=LEXEME} added TextComposite{level=SYMBOL}
2019-12-13 17:00:50.616 [main] 2422 INFO  com.liukhtenko.informationHandling.parser.SymbolParser - TextComposite{level=SYMBOL} added r
2019-12-13 17:00:50.616 [main] 2422 INFO  com.liukhtenko.informationHandling.parser.LexemeParser - TextComposite{level=LEXEME} added TextComposite{level=SYMBOL}
2019-12-13 17:00:50.616 [main] 2422 INFO  com.liukhtenko.informationHandling.parser.SymbolParser - TextComposite{level=SYMBOL} added e
2019-12-13 17:00:50.616 [main] 2422 INFO  com.liukhtenko.informationHandling.parser.LexemeParser - TextComposite{level=LEXEME} added TextComposite{level=SYMBOL}
2019-12-13 17:00:50.616 [main] 2422 INFO  com.liukhtenko.informationHandling.parser.SymbolParser - TextComposite{level=SYMBOL} added l
2019-12-13 17:00:50.616 [main] 2422 INFO  com.liukhtenko.informationHandling.parser.LexemeParser - TextComposite{level=LEXEME} added TextComposite{level=SYMBOL}
2019-12-13 17:00:50.616 [main] 2422 INFO  com.liukhtenko.informationHandling.parser.SymbolParser - TextComposite{level=SYMBOL} added e
2019-12-13 17:00:50.616 [main] 2422 INFO  com.liukhtenko.informationHandling.parser.LexemeParser - TextComposite{level=LEXEME} added TextComposite{level=SYMBOL}
2019-12-13 17:00:50.616 [main] 2422 INFO  com.liukhtenko.informationHandling.parser.SymbolParser - TextComposite{level=SYMBOL} added a
2019-12-13 17:00:50.616 [main] 2422 INFO  com.liukhtenko.informationHandling.parser.LexemeParser - TextComposite{level=LEXEME} added TextComposite{level=SYMBOL}
2019-12-13 17:00:50.616 [main] 2422 INFO  com.liukhtenko.informationHandling.parser.SymbolParser - TextComposite{level=SYMBOL} added s
2019-12-13 17:00:50.616 [main] 2422 INFO  com.liukhtenko.informationHandling.parser.LexemeParser - TextComposite{level=LEXEME} added TextComposite{level=SYMBOL}
2019-12-13 17:00:50.616 [main] 2422 INFO  com.liukhtenko.informationHandling.parser.SymbolParser - TextComposite{level=SYMBOL} added e
2019-12-13 17:00:50.616 [main] 2422 INFO  com.liukhtenko.informationHandling.parser.SentenceParser - TextComposite{level=SENTENCE} added TextComposite{level=LEXEME}
2019-12-13 17:00:50.616 [main] 2422 INFO  com.liukhtenko.informationHandling.parser.LexemeParser - TextComposite{level=LEXEME} added TextComposite{level=SYMBOL}
2019-12-13 17:00:50.616 [main] 2422 INFO  com.liukhtenko.informationHandling.parser.SymbolParser - TextComposite{level=SYMBOL} added o
2019-12-13 17:00:50.616 [main] 2422 INFO  com.liukhtenko.informationHandling.parser.LexemeParser - TextComposite{level=LEXEME} added TextComposite{level=SYMBOL}
2019-12-13 17:00:50.616 [main] 2422 INFO  com.liukhtenko.informationHandling.parser.SymbolParser - TextComposite{level=SYMBOL} added f
2019-12-13 17:00:50.616 [main] 2422 INFO  com.liukhtenko.informationHandling.parser.SentenceParser - TextComposite{level=SENTENCE} added TextComposite{level=LEXEME}
2019-12-13 17:00:50.616 [main] 2422 INFO  com.liukhtenko.informationHandling.parser.LexemeParser - TextComposite{level=LEXEME} added TextComposite{level=SYMBOL}
2019-12-13 17:00:50.616 [main] 2422 INFO  com.liukhtenko.informationHandling.parser.SymbolParser - TextComposite{level=SYMBOL} added L
2019-12-13 17:00:50.616 [main] 2422 INFO  com.liukhtenko.informationHandling.parser.LexemeParser - TextComposite{level=LEXEME} added TextComposite{level=SYMBOL}
2019-12-13 17:00:50.616 [main] 2422 INFO  com.liukhtenko.informationHandling.parser.SymbolParser - TextComposite{level=SYMBOL} added e
2019-12-13 17:00:50.616 [main] 2422 INFO  com.liukhtenko.informationHandling.parser.LexemeParser - TextComposite{level=LEXEME} added TextComposite{level=SYMBOL}
2019-12-13 17:00:50.616 [main] 2422 INFO  com.liukhtenko.informationHandling.parser.SymbolParser - TextComposite{level=SYMBOL} added t
2019-12-13 17:00:50.616 [main] 2422 INFO  com.liukhtenko.informationHandling.parser.LexemeParser - TextComposite{level=LEXEME} added TextComposite{level=SYMBOL}
2019-12-13 17:00:50.616 [main] 2422 INFO  com.liukhtenko.informationHandling.parser.SymbolParser - TextComposite{level=SYMBOL} added r
2019-12-13 17:00:50.616 [main] 2422 INFO  com.liukhtenko.informationHandling.parser.LexemeParser - TextComposite{level=LEXEME} added TextComposite{level=SYMBOL}
2019-12-13 17:00:50.626 [main] 2432 INFO  com.liukhtenko.informationHandling.parser.SymbolParser - TextComposite{level=SYMBOL} added a
2019-12-13 17:00:50.626 [main] 2432 INFO  com.liukhtenko.informationHandling.parser.LexemeParser - TextComposite{level=LEXEME} added TextComposite{level=SYMBOL}
2019-12-13 17:00:50.626 [main] 2432 INFO  com.liukhtenko.informationHandling.parser.SymbolParser - TextComposite{level=SYMBOL} added s
2019-12-13 17:00:50.626 [main] 2432 INFO  com.liukhtenko.informationHandling.parser.LexemeParser - TextComposite{level=LEXEME} added TextComposite{level=SYMBOL}
2019-12-13 17:00:50.626 [main] 2432 INFO  com.liukhtenko.informationHandling.parser.SymbolParser - TextComposite{level=SYMBOL} added e
2019-12-13 17:00:50.626 [main] 2432 INFO  com.liukhtenko.informationHandling.parser.LexemeParser - TextComposite{level=LEXEME} added TextComposite{level=SYMBOL}
2019-12-13 17:00:50.626 [main] 2432 INFO  com.liukhtenko.informationHandling.parser.SymbolParser - TextComposite{level=SYMBOL} added t
2019-12-13 17:00:50.626 [main] 2432 INFO  com.liukhtenko.informationHandling.parser.SentenceParser - TextComposite{level=SENTENCE} added TextComposite{level=LEXEME}
2019-12-13 17:00:50.626 [main] 2432 INFO  com.liukhtenko.informationHandling.parser.LexemeParser - TextComposite{level=LEXEME} added TextComposite{level=SYMBOL}
2019-12-13 17:00:50.626 [main] 2432 INFO  com.liukhtenko.informationHandling.parser.SymbolParser - TextComposite{level=SYMBOL} added s
2019-12-13 17:00:50.626 [main] 2432 INFO  com.liukhtenko.informationHandling.parser.LexemeParser - TextComposite{level=LEXEME} added TextComposite{level=SYMBOL}
2019-12-13 17:00:50.626 [main] 2432 INFO  com.liukhtenko.informationHandling.parser.SymbolParser - TextComposite{level=SYMBOL} added h
2019-12-13 17:00:50.626 [main] 2432 INFO  com.liukhtenko.informationHandling.parser.LexemeParser - TextComposite{level=LEXEME} added TextComposite{level=SYMBOL}
2019-12-13 17:00:50.626 [main] 2432 INFO  com.liukhtenko.informationHandling.parser.SymbolParser - TextComposite{level=SYMBOL} added e
2019-12-13 17:00:50.626 [main] 2432 INFO  com.liukhtenko.informationHandling.parser.LexemeParser - TextComposite{level=LEXEME} added TextComposite{level=SYMBOL}
2019-12-13 17:00:50.626 [main] 2432 INFO  com.liukhtenko.informationHandling.parser.SymbolParser - TextComposite{level=SYMBOL} added e
2019-12-13 17:00:50.626 [main] 2432 INFO  com.liukhtenko.informationHandling.parser.LexemeParser - TextComposite{level=LEXEME} added TextComposite{level=SYMBOL}
2019-12-13 17:00:50.626 [main] 2432 INFO  com.liukhtenko.informationHandling.parser.SymbolParser - TextComposite{level=SYMBOL} added t
2019-12-13 17:00:50.626 [main] 2432 INFO  com.liukhtenko.informationHandling.parser.LexemeParser - TextComposite{level=LEXEME} added TextComposite{level=SYMBOL}
2019-12-13 17:00:50.626 [main] 2432 INFO  com.liukhtenko.informationHandling.parser.SymbolParser - TextComposite{level=SYMBOL} added s
2019-12-13 17:00:50.626 [main] 2432 INFO  com.liukhtenko.informationHandling.parser.SentenceParser - TextComposite{level=SENTENCE} added TextComposite{level=LEXEME}
2019-12-13 17:00:50.626 [main] 2432 INFO  com.liukhtenko.informationHandling.parser.LexemeParser - TextComposite{level=LEXEME} added TextComposite{level=SYMBOL}
2019-12-13 17:00:50.626 [main] 2432 INFO  com.liukhtenko.informationHandling.parser.SymbolParser - TextComposite{level=SYMBOL} added c
2019-12-13 17:00:50.626 [main] 2432 INFO  com.liukhtenko.informationHandling.parser.LexemeParser - TextComposite{level=LEXEME} added TextComposite{level=SYMBOL}
2019-12-13 17:00:50.626 [main] 2432 INFO  com.liukhtenko.informationHandling.parser.SymbolParser - TextComposite{level=SYMBOL} added o
2019-12-13 17:00:50.626 [main] 2432 INFO  com.liukhtenko.informationHandling.parser.LexemeParser - TextComposite{level=LEXEME} added TextComposite{level=SYMBOL}
2019-12-13 17:00:50.626 [main] 2432 INFO  com.liukhtenko.informationHandling.parser.SymbolParser - TextComposite{level=SYMBOL} added n
2019-12-13 17:00:50.626 [main] 2432 INFO  com.liukhtenko.informationHandling.parser.LexemeParser - TextComposite{level=LEXEME} added TextComposite{level=SYMBOL}
2019-12-13 17:00:50.626 [main] 2432 INFO  com.liukhtenko.informationHandling.parser.SymbolParser - TextComposite{level=SYMBOL} added t
2019-12-13 17:00:50.626 [main] 2432 INFO  com.liukhtenko.informationHandling.parser.LexemeParser - TextComposite{level=LEXEME} added TextComposite{level=SYMBOL}
2019-12-13 17:00:50.626 [main] 2432 INFO  com.liukhtenko.informationHandling.parser.SymbolParser - TextComposite{level=SYMBOL} added a
2019-12-13 17:00:50.626 [main] 2432 INFO  com.liukhtenko.informationHandling.parser.LexemeParser - TextComposite{level=LEXEME} added TextComposite{level=SYMBOL}
2019-12-13 17:00:50.626 [main] 2432 INFO  com.liukhtenko.informationHandling.parser.SymbolParser - TextComposite{level=SYMBOL} added i
2019-12-13 17:00:50.626 [main] 2432 INFO  com.liukhtenko.informationHandling.parser.LexemeParser - TextComposite{level=LEXEME} added TextComposite{level=SYMBOL}
2019-12-13 17:00:50.666 [main] 2472 INFO  com.liukhtenko.informationHandling.parser.SymbolParser - TextComposite{level=SYMBOL} added n
2019-12-13 17:00:50.678 [main] 2484 INFO  com.liukhtenko.informationHandling.parser.LexemeParser - TextComposite{level=LEXEME} added TextComposite{level=SYMBOL}
2019-12-13 17:00:50.679 [main] 2485 INFO  com.liukhtenko.informationHandling.parser.SymbolParser - TextComposite{level=SYMBOL} added i
2019-12-13 17:00:50.679 [main] 2485 INFO  com.liukhtenko.informationHandling.parser.LexemeParser - TextComposite{level=LEXEME} added TextComposite{level=SYMBOL}
2019-12-13 17:00:50.679 [main] 2485 INFO  com.liukhtenko.informationHandling.parser.SymbolParser - TextComposite{level=SYMBOL} added n
2019-12-13 17:00:50.679 [main] 2485 INFO  com.liukhtenko.informationHandling.parser.LexemeParser - TextComposite{level=LEXEME} added TextComposite{level=SYMBOL}
2019-12-13 17:00:50.680 [main] 2486 INFO  com.liukhtenko.informationHandling.parser.SymbolParser - TextComposite{level=SYMBOL} added g
2019-12-13 17:00:50.680 [main] 2486 INFO  com.liukhtenko.informationHandling.parser.SentenceParser - TextComposite{level=SENTENCE} added TextComposite{level=LEXEME}
2019-12-13 17:00:50.680 [main] 2486 INFO  com.liukhtenko.informationHandling.parser.LexemeParser - TextComposite{level=LEXEME} added TextComposite{level=SYMBOL}
2019-12-13 17:00:50.680 [main] 2486 INFO  com.liukhtenko.informationHandling.parser.SymbolParser - TextComposite{level=SYMBOL} added L
2019-12-13 17:00:50.680 [main] 2486 INFO  com.liukhtenko.informationHandling.parser.LexemeParser - TextComposite{level=LEXEME} added TextComposite{level=SYMBOL}
2019-12-13 17:00:50.681 [main] 2487 INFO  com.liukhtenko.informationHandling.parser.SymbolParser - TextComposite{level=SYMBOL} added o
2019-12-13 17:00:50.681 [main] 2487 INFO  com.liukhtenko.informationHandling.parser.LexemeParser - TextComposite{level=LEXEME} added TextComposite{level=SYMBOL}
2019-12-13 17:00:50.681 [main] 2487 INFO  com.liukhtenko.informationHandling.parser.SymbolParser - TextComposite{level=SYMBOL} added r
2019-12-13 17:00:50.681 [main] 2487 INFO  com.liukhtenko.informationHandling.parser.LexemeParser - TextComposite{level=LEXEME} added TextComposite{level=SYMBOL}
2019-12-13 17:00:50.686 [main] 2492 INFO  com.liukhtenko.informationHandling.parser.SymbolParser - TextComposite{level=SYMBOL} added e
2019-12-13 17:00:50.686 [main] 2492 INFO  com.liukhtenko.informationHandling.parser.LexemeParser - TextComposite{level=LEXEME} added TextComposite{level=SYMBOL}
2019-12-13 17:00:50.686 [main] 2492 INFO  com.liukhtenko.informationHandling.parser.SymbolParser - TextComposite{level=SYMBOL} added m
2019-12-13 17:00:50.687 [main] 2493 INFO  com.liukhtenko.informationHandling.parser.SentenceParser - TextComposite{level=SENTENCE} added TextComposite{level=LEXEME}
2019-12-13 17:00:50.687 [main] 2493 INFO  com.liukhtenko.informationHandling.parser.LexemeParser - TextComposite{level=LEXEME} added TextComposite{level=SYMBOL}
2019-12-13 17:00:50.687 [main] 2493 INFO  com.liukhtenko.informationHandling.parser.SymbolParser - TextComposite{level=SYMBOL} added I
2019-12-13 17:00:50.688 [main] 2494 INFO  com.liukhtenko.informationHandling.parser.LexemeParser - TextComposite{level=LEXEME} added TextComposite{level=SYMBOL}
2019-12-13 17:00:50.688 [main] 2494 INFO  com.liukhtenko.informationHandling.parser.SymbolParser - TextComposite{level=SYMBOL} added p
2019-12-13 17:00:50.689 [main] 2495 INFO  com.liukhtenko.informationHandling.parser.LexemeParser - TextComposite{level=LEXEME} added TextComposite{level=SYMBOL}
2019-12-13 17:00:50.689 [main] 2495 INFO  com.liukhtenko.informationHandling.parser.SymbolParser - TextComposite{level=SYMBOL} added s
2019-12-13 17:00:50.690 [main] 2496 INFO  com.liukhtenko.informationHandling.parser.LexemeParser - TextComposite{level=LEXEME} added TextComposite{level=SYMBOL}
2019-12-13 17:00:50.690 [main] 2496 INFO  com.liukhtenko.informationHandling.parser.SymbolParser - TextComposite{level=SYMBOL} added u
2019-12-13 17:00:50.691 [main] 2497 INFO  com.liukhtenko.informationHandling.parser.LexemeParser - TextComposite{level=LEXEME} added TextComposite{level=SYMBOL}
2019-12-13 17:00:50.691 [main] 2497 INFO  com.liukhtenko.informationHandling.parser.SymbolParser - TextComposite{level=SYMBOL} added m
2019-12-13 17:00:50.691 [main] 2497 INFO  com.liukhtenko.informationHandling.parser.SentenceParser - TextComposite{level=SENTENCE} added TextComposite{level=LEXEME}
2019-12-13 17:00:50.692 [main] 2498 INFO  com.liukhtenko.informationHandling.parser.LexemeParser - TextComposite{level=LEXEME} added TextComposite{level=SYMBOL}
2019-12-13 17:00:50.692 [main] 2498 INFO  com.liukhtenko.informationHandling.parser.SymbolParser - TextComposite{level=SYMBOL} added p
2019-12-13 17:00:50.692 [main] 2498 INFO  com.liukhtenko.informationHandling.parser.LexemeParser - TextComposite{level=LEXEME} added TextComposite{level=SYMBOL}
2019-12-13 17:00:50.692 [main] 2498 INFO  com.liukhtenko.informationHandling.parser.SymbolParser - TextComposite{level=SYMBOL} added a
2019-12-13 17:00:50.692 [main] 2498 INFO  com.liukhtenko.informationHandling.parser.LexemeParser - TextComposite{level=LEXEME} added TextComposite{level=SYMBOL}
2019-12-13 17:00:50.693 [main] 2499 INFO  com.liukhtenko.informationHandling.parser.SymbolParser - TextComposite{level=SYMBOL} added s
2019-12-13 17:00:50.693 [main] 2499 INFO  com.liukhtenko.informationHandling.parser.LexemeParser - TextComposite{level=LEXEME} added TextComposite{level=SYMBOL}
2019-12-13 17:00:50.693 [main] 2499 INFO  com.liukhtenko.informationHandling.parser.SymbolParser - TextComposite{level=SYMBOL} added s
2019-12-13 17:00:50.693 [main] 2499 INFO  com.liukhtenko.informationHandling.parser.LexemeParser - TextComposite{level=LEXEME} added TextComposite{level=SYMBOL}
2019-12-13 17:00:50.693 [main] 2499 INFO  com.liukhtenko.informationHandling.parser.SymbolParser - TextComposite{level=SYMBOL} added a
2019-12-13 17:00:50.693 [main] 2499 INFO  com.liukhtenko.informationHandling.parser.LexemeParser - TextComposite{level=LEXEME} added TextComposite{level=SYMBOL}
2019-12-13 17:00:50.694 [main] 2500 INFO  com.liukhtenko.informationHandling.parser.SymbolParser - TextComposite{level=SYMBOL} added g
2019-12-13 17:00:50.694 [main] 2500 INFO  com.liukhtenko.informationHandling.parser.LexemeParser - TextComposite{level=LEXEME} added TextComposite{level=SYMBOL}
2019-12-13 17:00:50.694 [main] 2500 INFO  com.liukhtenko.informationHandling.parser.SymbolParser - TextComposite{level=SYMBOL} added e
2019-12-13 17:00:50.694 [main] 2500 INFO  com.liukhtenko.informationHandling.parser.LexemeParser - TextComposite{level=LEXEME} added TextComposite{level=SYMBOL}
2019-12-13 17:00:50.695 [main] 2501 INFO  com.liukhtenko.informationHandling.parser.SymbolParser - TextComposite{level=SYMBOL} added s
2019-12-13 17:00:50.695 [main] 2501 INFO  com.liukhtenko.informationHandling.parser.LexemeParser - TextComposite{level=LEXEME} added TextComposite{level=SYMBOL}
2019-12-13 17:00:50.695 [main] 2501 INFO  com.liukhtenko.informationHandling.parser.SymbolParser - TextComposite{level=SYMBOL} added ,
2019-12-13 17:00:50.696 [main] 2502 INFO  com.liukhtenko.informationHandling.parser.SentenceParser - TextComposite{level=SENTENCE} added TextComposite{level=LEXEME}
2019-12-13 17:00:50.696 [main] 2502 INFO  com.liukhtenko.informationHandling.parser.LexemeParser - TextComposite{level=LEXEME} added TextComposite{level=SYMBOL}
2019-12-13 17:00:50.696 [main] 2502 INFO  com.liukhtenko.informationHandling.parser.SymbolParser - TextComposite{level=SYMBOL} added a
2019-12-13 17:00:50.696 [main] 2502 INFO  com.liukhtenko.informationHandling.parser.LexemeParser - TextComposite{level=LEXEME} added TextComposite{level=SYMBOL}
2019-12-13 17:00:50.696 [main] 2502 INFO  com.liukhtenko.informationHandling.parser.SymbolParser - TextComposite{level=SYMBOL} added n
2019-12-13 17:00:50.696 [main] 2502 INFO  com.liukhtenko.informationHandling.parser.LexemeParser - TextComposite{level=LEXEME} added TextComposite{level=SYMBOL}
2019-12-13 17:00:50.697 [main] 2503 INFO  com.liukhtenko.informationHandling.parser.SymbolParser - TextComposite{level=SYMBOL} added d
2019-12-13 17:00:50.697 [main] 2503 INFO  com.liukhtenko.informationHandling.parser.SentenceParser - TextComposite{level=SENTENCE} added TextComposite{level=LEXEME}
2019-12-13 17:00:50.697 [main] 2503 INFO  com.liukhtenko.informationHandling.parser.LexemeParser - TextComposite{level=LEXEME} added TextComposite{level=SYMBOL}
2019-12-13 17:00:50.697 [main] 2503 INFO  com.liukhtenko.informationHandling.parser.SymbolParser - TextComposite{level=SYMBOL} added m
2019-12-13 17:00:50.697 [main] 2503 INFO  com.liukhtenko.informationHandling.parser.LexemeParser - TextComposite{level=LEXEME} added TextComposite{level=SYMBOL}
2019-12-13 17:00:50.697 [main] 2503 INFO  com.liukhtenko.informationHandling.parser.SymbolParser - TextComposite{level=SYMBOL} added o
2019-12-13 17:00:50.698 [main] 2504 INFO  com.liukhtenko.informationHandling.parser.LexemeParser - TextComposite{level=LEXEME} added TextComposite{level=SYMBOL}
2019-12-13 17:00:50.704 [main] 2510 INFO  com.liukhtenko.informationHandling.parser.SymbolParser - TextComposite{level=SYMBOL} added r
