2019-12-13 18:34:41.864 [main] 3316 INFO  com.liukhtenko.informationHandling.parser.SymbolParser - TextComposite{level=SYMBOL} added B
2019-12-13 18:34:41.946 [main] 3398 INFO  com.liukhtenko.informationHandling.parser.LexemeParser - TextComposite{level=LEXEME} added TextComposite{level=SYMBOL}
2019-12-13 18:34:41.946 [main] 3398 INFO  com.liukhtenko.informationHandling.parser.SymbolParser - TextComposite{level=SYMBOL} added y
2019-12-13 18:34:41.946 [main] 3398 INFO  com.liukhtenko.informationHandling.parser.LexemeParser - TextComposite{level=LEXEME} added TextComposite{level=SYMBOL}
2019-12-13 18:34:41.947 [main] 3399 INFO  com.liukhtenko.informationHandling.parser.SymbolParser - TextComposite{level=SYMBOL} added e
2019-12-13 18:34:41.947 [main] 3399 INFO  com.liukhtenko.informationHandling.parser.SentenceParser - TextComposite{level=SENTENCE} added TextComposite{level=LEXEME}
2019-12-13 18:34:41.947 [main] 3399 INFO  com.liukhtenko.informationHandling.parser.LexemeParser - TextComposite{level=LEXEME} added TextComposite{level=SYMBOL}
2019-12-13 18:34:41.947 [main] 3399 INFO  com.liukhtenko.informationHandling.parser.SymbolParser - TextComposite{level=SYMBOL} added б
2019-12-13 18:34:41.947 [main] 3399 INFO  com.liukhtenko.informationHandling.parser.LexemeParser - TextComposite{level=LEXEME} added TextComposite{level=SYMBOL}
2019-12-13 18:34:41.947 [main] 3399 INFO  com.liukhtenko.informationHandling.parser.SymbolParser - TextComposite{level=SYMBOL} added а
2019-12-13 18:34:41.947 [main] 3399 INFO  com.liukhtenko.informationHandling.parser.LexemeParser - TextComposite{level=LEXEME} added TextComposite{level=SYMBOL}
2019-12-13 18:34:41.947 [main] 3399 INFO  com.liukhtenko.informationHandling.parser.SymbolParser - TextComposite{level=SYMBOL} added н
2019-12-13 18:34:41.947 [main] 3399 INFO  com.liukhtenko.informationHandling.parser.LexemeParser - TextComposite{level=LEXEME} added TextComposite{level=SYMBOL}
2019-12-13 18:34:41.948 [main] 3400 INFO  com.liukhtenko.informationHandling.parser.SymbolParser - TextComposite{level=SYMBOL} added д
2019-12-13 18:34:41.948 [main] 3400 INFO  com.liukhtenko.informationHandling.parser.LexemeParser - TextComposite{level=LEXEME} added TextComposite{level=SYMBOL}
2019-12-13 18:34:41.948 [main] 3400 INFO  com.liukhtenko.informationHandling.parser.SymbolParser - TextComposite{level=SYMBOL} added е
2019-12-13 18:34:41.948 [main] 3400 INFO  com.liukhtenko.informationHandling.parser.LexemeParser - TextComposite{level=LEXEME} added TextComposite{level=SYMBOL}
2019-12-13 18:34:41.948 [main] 3400 INFO  com.liukhtenko.informationHandling.parser.SymbolParser - TextComposite{level=SYMBOL} added р
2019-12-13 18:34:41.948 [main] 3400 INFO  com.liukhtenko.informationHandling.parser.LexemeParser - TextComposite{level=LEXEME} added TextComposite{level=SYMBOL}
2019-12-13 18:34:41.948 [main] 3400 INFO  com.liukhtenko.informationHandling.parser.SymbolParser - TextComposite{level=SYMBOL} added л
2019-12-13 18:34:41.948 [main] 3400 INFO  com.liukhtenko.informationHandling.parser.LexemeParser - TextComposite{level=LEXEME} added TextComposite{level=SYMBOL}
2019-12-13 18:34:41.948 [main] 3400 INFO  com.liukhtenko.informationHandling.parser.SymbolParser - TextComposite{level=SYMBOL} added о
2019-12-13 18:34:41.948 [main] 3400 INFO  com.liukhtenko.informationHandling.parser.LexemeParser - TextComposite{level=LEXEME} added TextComposite{level=SYMBOL}
2019-12-13 18:34:41.948 [main] 3400 INFO  com.liukhtenko.informationHandling.parser.SymbolParser - TextComposite{level=SYMBOL} added г
2019-12-13 18:34:41.949 [main] 3401 INFO  com.liukhtenko.informationHandling.parser.LexemeParser - TextComposite{level=LEXEME} added TextComposite{level=SYMBOL}
2019-12-13 18:34:41.949 [main] 3401 INFO  com.liukhtenko.informationHandling.parser.SymbolParser - TextComposite{level=SYMBOL} added и
2019-12-13 18:34:41.949 [main] 3401 INFO  com.liukhtenko.informationHandling.parser.LexemeParser - TextComposite{level=LEXEME} added TextComposite{level=SYMBOL}
2019-12-13 18:34:41.949 [main] 3401 INFO  com.liukhtenko.informationHandling.parser.SymbolParser - TextComposite{level=SYMBOL} added .
2019-12-13 18:34:41.958 [main] 3410 INFO  com.liukhtenko.informationHandling.logic.TextLogic - Added new word: it
2019-12-13 18:34:41.959 [main] 3411 INFO  com.liukhtenko.informationHandling.logic.TextLogic - Added new word: has
2019-12-13 18:34:41.959 [main] 3411 INFO  com.liukhtenko.informationHandling.logic.TextLogic - Added new word: survived
2019-12-13 18:34:41.959 [main] 3411 INFO  com.liukhtenko.informationHandling.logic.TextLogic - Added new word: not
2019-12-13 18:34:41.959 [main] 3411 INFO  com.liukhtenko.informationHandling.logic.TextLogic - Added new word: only
2019-12-13 18:34:41.959 [main] 3411 INFO  com.liukhtenko.informationHandling.logic.TextLogic - Added new word: five
2019-12-13 18:34:41.959 [main] 3411 INFO  com.liukhtenko.informationHandling.logic.TextLogic - Added new word: centuries
2019-12-13 18:34:41.959 [main] 3411 INFO  com.liukhtenko.informationHandling.logic.TextLogic - Added new word: but
2019-12-13 18:34:41.959 [main] 3411 INFO  com.liukhtenko.informationHandling.logic.TextLogic - Added new word: also
2019-12-13 18:34:41.960 [main] 3412 INFO  com.liukhtenko.informationHandling.logic.TextLogic - Added new word: the
2019-12-13 18:34:41.960 [main] 3412 INFO  com.liukhtenko.informationHandling.logic.TextLogic - Added new word: leap
2019-12-13 18:34:41.960 [main] 3412 INFO  com.liukhtenko.informationHandling.logic.TextLogic - Added new word: into
2019-12-13 18:34:41.960 [main] 3412 INFO  com.liukhtenko.informationHandling.logic.TextLogic - Added new word: electronictype
2019-12-13 18:34:41.960 [main] 3412 INFO  com.liukhtenko.informationHandling.logic.TextLogic - Added new word: setting
2019-12-13 18:34:41.960 [main] 3412 INFO  com.liukhtenko.informationHandling.logic.TextLogic - Added new word: remaining
2019-12-13 18:34:41.960 [main] 3412 INFO  com.liukhtenko.informationHandling.logic.TextLogic - Added new word: essentially
2019-12-13 18:34:41.960 [main] 3412 INFO  com.liukhtenko.informationHandling.logic.TextLogic - Added new word: unchanged
2019-12-13 18:34:41.960 [main] 3412 INFO  com.liukhtenko.informationHandling.logic.TextLogic - it added 3 times
2019-12-13 18:34:41.961 [main] 3413 INFO  com.liukhtenko.informationHandling.logic.TextLogic - Added new word: was
2019-12-13 18:34:41.961 [main] 3413 INFO  com.liukhtenko.informationHandling.logic.TextLogic - Added new word: popularised
2019-12-13 18:34:41.961 [main] 3413 INFO  com.liukhtenko.informationHandling.logic.TextLogic - Added new word: in
2019-12-13 18:34:41.961 [main] 3413 INFO  com.liukhtenko.informationHandling.logic.TextLogic - the added 3 times
2019-12-13 18:34:41.964 [main] 3416 INFO  com.liukhtenko.informationHandling.logic.TextLogic - Added new word: динамо
2019-12-13 18:34:41.965 [main] 3417 INFO  com.liukhtenko.informationHandling.logic.TextLogic - Added new word: рига
2019-12-13 18:34:41.965 [main] 3417 INFO  com.liukhtenko.informationHandling.logic.TextLogic - Added new word: with
2019-12-13 18:34:41.965 [main] 3417 INFO  com.liukhtenko.informationHandling.logic.TextLogic - the added 4 times
2019-12-13 18:34:41.965 [main] 3417 INFO  com.liukhtenko.informationHandling.logic.TextLogic - Added new word: release
2019-12-13 18:34:41.965 [main] 3417 INFO  com.liukhtenko.informationHandling.logic.TextLogic - Added new word: of
2019-12-13 18:34:41.965 [main] 3417 INFO  com.liukhtenko.informationHandling.logic.TextLogic - Added new word: letraset
2019-12-13 18:34:41.965 [main] 3417 INFO  com.liukhtenko.informationHandling.logic.TextLogic - Added new word: sheets
2019-12-13 18:34:41.965 [main] 3417 INFO  com.liukhtenko.informationHandling.logic.TextLogic - Added new word: containing
2019-12-13 18:34:41.966 [main] 3418 INFO  com.liukhtenko.informationHandling.logic.TextLogic - Added new word: lorem
2019-12-13 18:34:41.966 [main] 3418 INFO  com.liukhtenko.informationHandling.logic.TextLogic - Added new word: ipsum
2019-12-13 18:34:41.966 [main] 3418 INFO  com.liukhtenko.informationHandling.logic.TextLogic - Added new word: passages
2019-12-13 18:34:41.966 [main] 3418 INFO  com.liukhtenko.informationHandling.logic.TextLogic - Added new word: and
2019-12-13 18:34:41.969 [main] 3421 INFO  com.liukhtenko.informationHandling.logic.TextLogic - Added new word: morerecently
2019-12-13 18:34:41.969 [main] 3421 INFO  com.liukhtenko.informationHandling.logic.TextLogic - with added 3 times
2019-12-13 18:34:41.969 [main] 3421 INFO  com.liukhtenko.informationHandling.logic.TextLogic - Added new word: desktop
2019-12-13 18:34:41.969 [main] 3421 INFO  com.liukhtenko.informationHandling.logic.TextLogic - Added new word: publishing
2019-12-13 18:34:41.970 [main] 3422 INFO  com.liukhtenko.informationHandling.logic.TextLogic - Added new word: software
2019-12-13 18:34:41.970 [main] 3422 INFO  com.liukhtenko.informationHandling.logic.TextLogic - Added new word: like
2019-12-13 18:34:41.970 [main] 3422 INFO  com.liukhtenko.informationHandling.logic.TextLogic - Added new word: aldus
2019-12-13 18:34:41.970 [main] 3422 INFO  com.liukhtenko.informationHandling.logic.TextLogic - Added new word: pagemaker
2019-12-13 18:34:41.970 [main] 3422 INFO  com.liukhtenko.informationHandling.logic.TextLogic - Added new word: faclon9
2019-12-13 18:34:41.970 [main] 3422 INFO  com.liukhtenko.informationHandling.logic.TextLogic - Added new word: includingversions
2019-12-13 18:34:41.970 [main] 3422 INFO  com.liukhtenko.informationHandling.logic.TextLogic - of added 3 times
2019-12-13 18:34:41.970 [main] 3422 INFO  com.liukhtenko.informationHandling.logic.TextLogic - lorem added 3 times
2019-12-13 18:34:41.971 [main] 3423 INFO  com.liukhtenko.informationHandling.logic.TextLogic - ipsum added 3 times
2019-12-13 18:34:41.971 [main] 3423 INFO  com.liukhtenko.informationHandling.logic.TextLogic - it added 4 times
2019-12-13 18:34:41.971 [main] 3423 INFO  com.liukhtenko.informationHandling.logic.TextLogic - Added new word: is
2019-12-13 18:34:41.971 [main] 3423 INFO  com.liukhtenko.informationHandling.logic.TextLogic - Added new word: a
2019-12-13 18:34:41.971 [main] 3423 INFO  com.liukhtenko.informationHandling.logic.TextLogic - Added new word: long
2019-12-13 18:34:41.971 [main] 3423 INFO  com.liukhtenko.informationHandling.logic.TextLogic - a added 3 times
2019-12-13 18:34:41.971 [main] 3423 INFO  com.liukhtenko.informationHandling.logic.TextLogic - Added new word: b
2019-12-13 18:34:41.971 [main] 3423 INFO  com.liukhtenko.informationHandling.logic.TextLogic - Added new word: established
2019-12-13 18:34:41.971 [main] 3423 INFO  com.liukhtenko.informationHandling.logic.TextLogic - Added new word: fact
2019-12-13 18:34:41.972 [main] 3424 INFO  com.liukhtenko.informationHandling.logic.TextLogic - Added new word: that
2019-12-13 18:34:41.972 [main] 3424 INFO  com.liukhtenko.informationHandling.logic.TextLogic - a added 4 times
2019-12-13 18:34:41.974 [main] 3426 INFO  com.liukhtenko.informationHandling.logic.TextLogic - Added new word: reader
2019-12-13 18:34:41.974 [main] 3426 INFO  com.liukhtenko.informationHandling.logic.TextLogic - Added new word: will
2019-12-13 18:34:41.974 [main] 3426 INFO  com.liukhtenko.informationHandling.logic.TextLogic - Added new word: be
2019-12-13 18:34:41.974 [main] 3426 INFO  com.liukhtenko.informationHandling.logic.TextLogic - Added new word: distracted
2019-12-13 18:34:41.974 [main] 3426 INFO  com.liukhtenko.informationHandling.logic.TextLogic - Added new word: by
2019-12-13 18:34:41.974 [main] 3426 INFO  com.liukhtenko.informationHandling.logic.TextLogic - the added 5 times
2019-12-13 18:34:41.974 [main] 3426 INFO  com.liukhtenko.informationHandling.logic.TextLogic - Added new word: readablecontent
2019-12-13 18:34:41.975 [main] 3427 INFO  com.liukhtenko.informationHandling.logic.TextLogic - of added 4 times
2019-12-13 18:34:41.975 [main] 3427 INFO  com.liukhtenko.informationHandling.logic.TextLogic - a added 5 times
2019-12-13 18:34:41.975 [main] 3427 INFO  com.liukhtenko.informationHandling.logic.TextLogic - Added new word: page
2019-12-13 18:34:41.975 [main] 3427 INFO  com.liukhtenko.informationHandling.logic.TextLogic - Added new word: when
2019-12-13 18:34:41.975 [main] 3427 INFO  com.liukhtenko.informationHandling.logic.TextLogic - Added new word: looking
2019-12-13 18:34:41.975 [main] 3427 INFO  com.liukhtenko.informationHandling.logic.TextLogic - Added new word: at
2019-12-13 18:34:41.975 [main] 3427 INFO  com.liukhtenko.informationHandling.logic.TextLogic - Added new word: its
2019-12-13 18:34:41.975 [main] 3427 INFO  com.liukhtenko.informationHandling.logic.TextLogic - Added new word: layout
2019-12-13 18:34:41.975 [main] 3427 INFO  com.liukhtenko.informationHandling.logic.TextLogic - the added 6 times
2019-12-13 18:34:41.975 [main] 3427 INFO  com.liukhtenko.informationHandling.logic.TextLogic - Added new word: point
2019-12-13 18:34:41.976 [main] 3428 INFO  com.liukhtenko.informationHandling.logic.TextLogic - of added 5 times
2019-12-13 18:34:41.976 [main] 3428 INFO  com.liukhtenko.informationHandling.logic.TextLogic - Added new word: using
2019-12-13 18:34:41.976 [main] 3428 INFO  com.liukhtenko.informationHandling.logic.TextLogic - ipsum added 4 times
2019-12-13 18:34:41.976 [main] 3428 INFO  com.liukhtenko.informationHandling.logic.TextLogic - is added 3 times
2019-12-13 18:34:41.976 [main] 3428 INFO  com.liukhtenko.informationHandling.logic.TextLogic - that added 3 times
2019-12-13 18:34:41.976 [main] 3428 INFO  com.liukhtenko.informationHandling.logic.TextLogic - it added 5 times
2019-12-13 18:34:41.976 [main] 3428 INFO  com.liukhtenko.informationHandling.logic.TextLogic - has added 3 times
2019-12-13 18:34:41.976 [main] 3428 INFO  com.liukhtenko.informationHandling.logic.TextLogic - Added new word: amore
2019-12-13 18:34:41.976 [main] 3428 INFO  com.liukhtenko.informationHandling.logic.TextLogic - Added new word: or
2019-12-13 18:34:41.976 [main] 3428 INFO  com.liukhtenko.informationHandling.logic.TextLogic - Added new word: less
2019-12-13 18:34:41.977 [main] 3429 INFO  com.liukhtenko.informationHandling.logic.TextLogic - Added new word: normal
2019-12-13 18:34:41.977 [main] 3429 INFO  com.liukhtenko.informationHandling.logic.TextLogic - Added new word: distribution
2019-12-13 18:34:41.977 [main] 3429 INFO  com.liukhtenko.informationHandling.logic.TextLogic - Added new word: ob
2019-12-13 18:34:41.977 [main] 3429 INFO  com.liukhtenko.informationHandling.logic.TextLogic - Added new word: tostring
2019-12-13 18:34:41.977 [main] 3429 INFO  com.liukhtenko.informationHandling.logic.TextLogic - a added 6 times
2019-12-13 18:34:41.977 [main] 3429 INFO  com.liukhtenko.informationHandling.logic.TextLogic - b added 3 times
2019-12-13 18:34:41.977 [main] 3429 INFO  com.liukhtenko.informationHandling.logic.TextLogic - Added new word: c
2019-12-13 18:34:41.977 [main] 3429 INFO  com.liukhtenko.informationHandling.logic.TextLogic - Added new word: as
2019-12-13 18:34:41.977 [main] 3429 INFO  com.liukhtenko.informationHandling.logic.TextLogic - Added new word: opposed
2019-12-13 18:34:41.978 [main] 3430 INFO  com.liukhtenko.informationHandling.logic.TextLogic - Added new word: to
2019-12-13 18:34:41.978 [main] 3430 INFO  com.liukhtenko.informationHandling.logic.TextLogic - using added 3 times
2019-12-13 18:34:41.978 [main] 3430 INFO  com.liukhtenko.informationHandling.logic.TextLogic - Added new word: content
2019-12-13 18:34:41.978 [main] 3430 INFO  com.liukhtenko.informationHandling.logic.TextLogic - Added new word: here
2019-12-13 18:34:41.978 [main] 3430 INFO  com.liukhtenko.informationHandling.logic.TextLogic - content added 3 times
2019-12-13 18:34:41.978 [main] 3430 INFO  com.liukhtenko.informationHandling.logic.TextLogic - here added 3 times
2019-12-13 18:34:41.978 [main] 3430 INFO  com.liukhtenko.informationHandling.logic.TextLogic - Added new word: s
2019-12-13 18:34:41.978 [main] 3430 INFO  com.liukhtenko.informationHandling.logic.TextLogic - Added new word: making
2019-12-13 18:34:41.978 [main] 3430 INFO  com.liukhtenko.informationHandling.logic.TextLogic - it added 6 times
2019-12-13 18:34:41.978 [main] 3430 INFO  com.liukhtenko.informationHandling.logic.TextLogic - Added new word: look
2019-12-13 18:34:41.980 [main] 3432 INFO  com.liukhtenko.informationHandling.logic.TextLogic - like added 3 times
2019-12-13 18:34:41.980 [main] 3432 INFO  com.liukhtenko.informationHandling.logic.TextLogic - Added new word: readable
2019-12-13 18:34:41.981 [main] 3433 INFO  com.liukhtenko.informationHandling.logic.TextLogic - Added new word: english
2019-12-13 18:34:41.981 [main] 3433 INFO  com.liukhtenko.informationHandling.logic.TextLogic - it added 7 times
2019-12-13 18:34:41.981 [main] 3433 INFO  com.liukhtenko.informationHandling.logic.TextLogic - is added 4 times
2019-12-13 18:34:41.981 [main] 3433 INFO  com.liukhtenko.informationHandling.logic.TextLogic - a added 7 times
2019-12-13 18:34:41.981 [main] 3433 INFO  com.liukhtenko.informationHandling.logic.TextLogic - established added 3 times
2019-12-13 18:34:41.981 [main] 3433 INFO  com.liukhtenko.informationHandling.logic.TextLogic - fact added 3 times
2019-12-13 18:34:41.981 [main] 3433 INFO  com.liukhtenko.informationHandling.logic.TextLogic - that added 4 times
2019-12-13 18:34:41.981 [main] 3433 INFO  com.liukhtenko.informationHandling.logic.TextLogic - a added 8 times
2019-12-13 18:34:41.981 [main] 3433 INFO  com.liukhtenko.informationHandling.logic.TextLogic - reader added 3 times
2019-12-13 18:34:41.982 [main] 3434 INFO  com.liukhtenko.informationHandling.logic.TextLogic - will added 3 times
2019-12-13 18:34:41.982 [main] 3434 INFO  com.liukhtenko.informationHandling.logic.TextLogic - be added 3 times
2019-12-13 18:34:41.982 [main] 3434 INFO  com.liukhtenko.informationHandling.logic.TextLogic - of added 6 times
2019-12-13 18:34:41.982 [main] 3434 INFO  com.liukhtenko.informationHandling.logic.TextLogic - a added 9 times
2019-12-13 18:34:41.982 [main] 3434 INFO  com.liukhtenko.informationHandling.logic.TextLogic - page added 3 times
2019-12-13 18:34:41.982 [main] 3434 INFO  com.liukhtenko.informationHandling.logic.TextLogic - when added 3 times
2019-12-13 18:34:41.982 [main] 3434 INFO  com.liukhtenko.informationHandling.logic.TextLogic - looking added 3 times
2019-12-13 18:34:41.982 [main] 3434 INFO  com.liukhtenko.informationHandling.logic.TextLogic - at added 3 times
2019-12-13 18:34:41.982 [main] 3434 INFO  com.liukhtenko.informationHandling.logic.TextLogic - its added 3 times
2019-12-13 18:34:41.983 [main] 3435 INFO  com.liukhtenko.informationHandling.logic.TextLogic - layout added 3 times
2019-12-13 18:34:41.983 [main] 3435 INFO  com.liukhtenko.informationHandling.logic.TextLogic - Added new word: bye
2019-12-13 18:34:41.983 [main] 3435 INFO  com.liukhtenko.informationHandling.logic.TextLogic - Added new word: бандерлоги
