2019-12-13 17:00:00.833 [main] 3187 INFO  com.liukhtenko.informationHandling.logic.TextLogic - Added new word: long
2019-12-13 17:00:00.845 [main] 3199 INFO  com.liukhtenko.informationHandling.logic.TextLogic - a added 3 times
2019-12-13 17:00:00.846 [main] 3200 INFO  com.liukhtenko.informationHandling.logic.TextLogic - Added new word: b
2019-12-13 17:00:00.846 [main] 3200 INFO  com.liukhtenko.informationHandling.logic.TextLogic - Added new word: established
2019-12-13 17:00:00.846 [main] 3200 INFO  com.liukhtenko.informationHandling.logic.TextLogic - Added new word: fact
2019-12-13 17:00:00.847 [main] 3201 INFO  com.liukhtenko.informationHandling.logic.TextLogic - Added new word: that
2019-12-13 17:00:00.847 [main] 3201 INFO  com.liukhtenko.informationHandling.logic.TextLogic - a added 4 times
2019-12-13 17:00:00.847 [main] 3201 INFO  com.liukhtenko.informationHandling.logic.TextLogic - Added new word: reader
2019-12-13 17:00:00.848 [main] 3202 INFO  com.liukhtenko.informationHandling.logic.TextLogic - Added new word: will
2019-12-13 17:00:00.848 [main] 3202 INFO  com.liukhtenko.informationHandling.logic.TextLogic - Added new word: be
2019-12-13 17:00:00.848 [main] 3202 INFO  com.liukhtenko.informationHandling.logic.TextLogic - Added new word: distracted
2019-12-13 17:00:00.849 [main] 3203 INFO  com.liukhtenko.informationHandling.logic.TextLogic - Added new word: by
2019-12-13 17:00:00.849 [main] 3203 INFO  com.liukhtenko.informationHandling.logic.TextLogic - the added 5 times
2019-12-13 17:00:00.849 [main] 3203 INFO  com.liukhtenko.informationHandling.logic.TextLogic - Added new word: readablecontent
2019-12-13 17:00:00.849 [main] 3203 INFO  com.liukhtenko.informationHandling.logic.TextLogic - of added 4 times
2019-12-13 17:00:00.849 [main] 3203 INFO  com.liukhtenko.informationHandling.logic.TextLogic - a added 5 times
2019-12-13 17:00:00.849 [main] 3203 INFO  com.liukhtenko.informationHandling.logic.TextLogic - Added new word: page
2019-12-13 17:00:00.849 [main] 3203 INFO  com.liukhtenko.informationHandling.logic.TextLogic - Added new word: when
2019-12-13 17:00:00.850 [main] 3204 INFO  com.liukhtenko.informationHandling.logic.TextLogic - Added new word: looking
2019-12-13 17:00:00.850 [main] 3204 INFO  com.liukhtenko.informationHandling.logic.TextLogic - Added new word: at
2019-12-13 17:00:00.850 [main] 3204 INFO  com.liukhtenko.informationHandling.logic.TextLogic - Added new word: its
2019-12-13 17:00:00.851 [main] 3205 INFO  com.liukhtenko.informationHandling.logic.TextLogic - Added new word: layout
2019-12-13 17:00:00.851 [main] 3205 INFO  com.liukhtenko.informationHandling.logic.TextLogic - the added 6 times
2019-12-13 17:00:00.851 [main] 3205 INFO  com.liukhtenko.informationHandling.logic.TextLogic - Added new word: point
2019-12-13 17:00:00.851 [main] 3205 INFO  com.liukhtenko.informationHandling.logic.TextLogic - of added 5 times
2019-12-13 17:00:00.851 [main] 3205 INFO  com.liukhtenko.informationHandling.logic.TextLogic - Added new word: using
2019-12-13 17:00:00.851 [main] 3205 INFO  com.liukhtenko.informationHandling.logic.TextLogic - ipsum added 4 times
2019-12-13 17:00:00.851 [main] 3205 INFO  com.liukhtenko.informationHandling.logic.TextLogic - is added 3 times
2019-12-13 17:00:00.851 [main] 3205 INFO  com.liukhtenko.informationHandling.logic.TextLogic - that added 3 times
2019-12-13 17:00:00.851 [main] 3205 INFO  com.liukhtenko.informationHandling.logic.TextLogic - it added 5 times
2019-12-13 17:00:00.852 [main] 3206 INFO  com.liukhtenko.informationHandling.logic.TextLogic - has added 3 times
2019-12-13 17:00:00.852 [main] 3206 INFO  com.liukhtenko.informationHandling.logic.TextLogic - Added new word: amore
2019-12-13 17:00:00.852 [main] 3206 INFO  com.liukhtenko.informationHandling.logic.TextLogic - Added new word: or
2019-12-13 17:00:00.852 [main] 3206 INFO  com.liukhtenko.informationHandling.logic.TextLogic - Added new word: less
2019-12-13 17:00:00.852 [main] 3206 INFO  com.liukhtenko.informationHandling.logic.TextLogic - Added new word: normal
2019-12-13 17:00:00.852 [main] 3206 INFO  com.liukhtenko.informationHandling.logic.TextLogic - Added new word: distribution
2019-12-13 17:00:00.852 [main] 3206 INFO  com.liukhtenko.informationHandling.logic.TextLogic - Added new word: ob
2019-12-13 17:00:00.852 [main] 3206 INFO  com.liukhtenko.informationHandling.logic.TextLogic - Added new word: tostring
2019-12-13 17:00:00.853 [main] 3207 INFO  com.liukhtenko.informationHandling.logic.TextLogic - a added 6 times
2019-12-13 17:00:00.853 [main] 3207 INFO  com.liukhtenko.informationHandling.logic.TextLogic - b added 3 times
2019-12-13 17:00:00.853 [main] 3207 INFO  com.liukhtenko.informationHandling.logic.TextLogic - Added new word: c
2019-12-13 17:00:00.853 [main] 3207 INFO  com.liukhtenko.informationHandling.logic.TextLogic - Added new word: as
2019-12-13 17:00:00.853 [main] 3207 INFO  com.liukhtenko.informationHandling.logic.TextLogic - Added new word: opposed
2019-12-13 17:00:00.853 [main] 3207 INFO  com.liukhtenko.informationHandling.logic.TextLogic - Added new word: to
2019-12-13 17:00:00.853 [main] 3207 INFO  com.liukhtenko.informationHandling.logic.TextLogic - using added 3 times
2019-12-13 17:00:00.853 [main] 3207 INFO  com.liukhtenko.informationHandling.logic.TextLogic - Added new word: content
2019-12-13 17:00:00.853 [main] 3207 INFO  com.liukhtenko.informationHandling.logic.TextLogic - Added new word: here
2019-12-13 17:00:00.854 [main] 3208 INFO  com.liukhtenko.informationHandling.logic.TextLogic - content added 3 times
2019-12-13 17:00:00.854 [main] 3208 INFO  com.liukhtenko.informationHandling.logic.TextLogic - here added 3 times
2019-12-13 17:00:00.854 [main] 3208 INFO  com.liukhtenko.informationHandling.logic.TextLogic - Added new word: s
2019-12-13 17:00:00.854 [main] 3208 INFO  com.liukhtenko.informationHandling.logic.TextLogic - Added new word: making
2019-12-13 17:00:00.856 [main] 3210 INFO  com.liukhtenko.informationHandling.logic.TextLogic - it added 6 times
2019-12-13 17:00:00.856 [main] 3210 INFO  com.liukhtenko.informationHandling.logic.TextLogic - Added new word: look
2019-12-13 17:00:00.856 [main] 3210 INFO  com.liukhtenko.informationHandling.logic.TextLogic - like added 3 times
2019-12-13 17:00:00.856 [main] 3210 INFO  com.liukhtenko.informationHandling.logic.TextLogic - Added new word: readable
2019-12-13 17:00:00.856 [main] 3210 INFO  com.liukhtenko.informationHandling.logic.TextLogic - Added new word: english
2019-12-13 17:00:00.856 [main] 3210 INFO  com.liukhtenko.informationHandling.logic.TextLogic - it added 7 times
2019-12-13 17:00:00.856 [main] 3210 INFO  com.liukhtenko.informationHandling.logic.TextLogic - is added 4 times
2019-12-13 17:00:00.857 [main] 3211 INFO  com.liukhtenko.informationHandling.logic.TextLogic - a added 7 times
2019-12-13 17:00:00.857 [main] 3211 INFO  com.liukhtenko.informationHandling.logic.TextLogic - established added 3 times
2019-12-13 17:00:00.857 [main] 3211 INFO  com.liukhtenko.informationHandling.logic.TextLogic - fact added 3 times
2019-12-13 17:00:00.857 [main] 3211 INFO  com.liukhtenko.informationHandling.logic.TextLogic - that added 4 times
2019-12-13 17:00:00.857 [main] 3211 INFO  com.liukhtenko.informationHandling.logic.TextLogic - a added 8 times
2019-12-13 17:00:00.857 [main] 3211 INFO  com.liukhtenko.informationHandling.logic.TextLogic - reader added 3 times
2019-12-13 17:00:00.857 [main] 3211 INFO  com.liukhtenko.informationHandling.logic.TextLogic - will added 3 times
2019-12-13 17:00:00.857 [main] 3211 INFO  com.liukhtenko.informationHandling.logic.TextLogic - be added 3 times
2019-12-13 17:00:00.857 [main] 3211 INFO  com.liukhtenko.informationHandling.logic.TextLogic - of added 6 times
2019-12-13 17:00:00.857 [main] 3211 INFO  com.liukhtenko.informationHandling.logic.TextLogic - a added 9 times
2019-12-13 17:00:00.858 [main] 3212 INFO  com.liukhtenko.informationHandling.logic.TextLogic - page added 3 times
2019-12-13 17:00:00.858 [main] 3212 INFO  com.liukhtenko.informationHandling.logic.TextLogic - when added 3 times
2019-12-13 17:00:00.858 [main] 3212 INFO  com.liukhtenko.informationHandling.logic.TextLogic - looking added 3 times
2019-12-13 17:00:00.858 [main] 3212 INFO  com.liukhtenko.informationHandling.logic.TextLogic - at added 3 times
2019-12-13 17:00:00.858 [main] 3212 INFO  com.liukhtenko.informationHandling.logic.TextLogic - its added 3 times
2019-12-13 17:00:00.858 [main] 3212 INFO  com.liukhtenko.informationHandling.logic.TextLogic - layout added 3 times
2019-12-13 17:00:00.858 [main] 3212 INFO  com.liukhtenko.informationHandling.logic.TextLogic - Added new word: bye
2019-12-13 17:00:00.859 [main] 3213 INFO  com.liukhtenko.informationHandling.logic.TextLogic - Added new word: бандерлоги
2019-12-13 17:00:00.866 [main] 3220 INFO  com.liukhtenko.informationHandling.logic.TextLogic - The longest word in TextComposite{level=} is includingversions
2019-12-13 17:00:00.912 [main] 3266 INFO  com.liukhtenko.informationHandling.logic.TextLogic - It was popularised in the Динамо (Рига)with the release of Letraset sheets containing Lorem Ipsum passages, and morerecently with desktop publishing software like Aldus PageMaker Faclon9 includingversions of Lorem Ipsum!  contains includingversions
2019-12-13 17:00:00.912 [main] 3266 INFO  com.liukhtenko.informationHandling.logic.TextLogic - TextComposite{level=} have no less words than 30
2019-12-13 17:00:50.416 [main] 2222 INFO  com.liukhtenko.informationHandling.parser.TextParser - TextComposite{level=TEXT} added TextComposite{level=PARAGRAPH}
2019-12-13 17:00:50.416 [main] 2222 INFO  com.liukhtenko.informationHandling.parser.ParagraphParser - TextComposite{level=PARAGRAPH} added TextComposite{level=SENTENCE}
2019-12-13 17:00:50.416 [main] 2222 INFO  com.liukhtenko.informationHandling.parser.SentenceParser - TextComposite{level=SENTENCE} added TextComposite{level=LEXEME}
2019-12-13 17:00:50.426 [main] 2232 INFO  com.liukhtenko.informationHandling.parser.LexemeParser - TextComposite{level=LEXEME} added TextComposite{level=SYMBOL}
2019-12-13 17:00:50.426 [main] 2232 INFO  com.liukhtenko.informationHandling.parser.SymbolParser - TextComposite{level=SYMBOL} added I
2019-12-13 17:00:50.426 [main] 2232 INFO  com.liukhtenko.informationHandling.parser.LexemeParser - TextComposite{level=LEXEME} added TextComposite{level=SYMBOL}
2019-12-13 17:00:50.426 [main] 2232 INFO  com.liukhtenko.informationHandling.parser.SymbolParser - TextComposite{level=SYMBOL} added t
2019-12-13 17:00:50.426 [main] 2232 INFO  com.liukhtenko.informationHandling.parser.SentenceParser - TextComposite{level=SENTENCE} added TextComposite{level=LEXEME}
2019-12-13 17:00:50.426 [main] 2232 INFO  com.liukhtenko.informationHandling.parser.LexemeParser - TextComposite{level=LEXEME} added TextComposite{level=SYMBOL}
2019-12-13 17:00:50.426 [main] 2232 INFO  com.liukhtenko.informationHandling.parser.SymbolParser - TextComposite{level=SYMBOL} added h
2019-12-13 17:00:50.426 [main] 2232 INFO  com.liukhtenko.informationHandling.parser.LexemeParser - TextComposite{level=LEXEME} added TextComposite{level=SYMBOL}
2019-12-13 17:00:50.426 [main] 2232 INFO  com.liukhtenko.informationHandling.parser.SymbolParser - TextComposite{level=SYMBOL} added a
2019-12-13 17:00:50.426 [main] 2232 INFO  com.liukhtenko.informationHandling.parser.LexemeParser - TextComposite{level=LEXEME} added TextComposite{level=SYMBOL}
2019-12-13 17:00:50.426 [main] 2232 INFO  com.liukhtenko.informationHandling.parser.SymbolParser - TextComposite{level=SYMBOL} added s
2019-12-13 17:00:50.426 [main] 2232 INFO  com.liukhtenko.informationHandling.parser.SentenceParser - TextComposite{level=SENTENCE} added TextComposite{level=LEXEME}
2019-12-13 17:00:50.426 [main] 2232 INFO  com.liukhtenko.informationHandling.parser.LexemeParser - TextComposite{level=LEXEME} added TextComposite{level=SYMBOL}
2019-12-13 17:00:50.426 [main] 2232 INFO  com.liukhtenko.informationHandling.parser.SymbolParser - TextComposite{level=SYMBOL} added s
2019-12-13 17:00:50.426 [main] 2232 INFO  com.liukhtenko.informationHandling.parser.LexemeParser - TextComposite{level=LEXEME} added TextComposite{level=SYMBOL}
2019-12-13 17:00:50.426 [main] 2232 INFO  com.liukhtenko.informationHandling.parser.SymbolParser - TextComposite{level=SYMBOL} added u
2019-12-13 17:00:50.426 [main] 2232 INFO  com.liukhtenko.informationHandling.parser.LexemeParser - TextComposite{level=LEXEME} added TextComposite{level=SYMBOL}
2019-12-13 17:00:50.436 [main] 2242 INFO  com.liukhtenko.informationHandling.parser.SymbolParser - TextComposite{level=SYMBOL} added r
2019-12-13 17:00:50.436 [main] 2242 INFO  com.liukhtenko.informationHandling.parser.LexemeParser - TextComposite{level=LEXEME} added TextComposite{level=SYMBOL}
2019-12-13 17:00:50.436 [main] 2242 INFO  com.liukhtenko.informationHandling.parser.SymbolParser - TextComposite{level=SYMBOL} added v
2019-12-13 17:00:50.436 [main] 2242 INFO  com.liukhtenko.informationHandling.parser.LexemeParser - TextComposite{level=LEXEME} added TextComposite{level=SYMBOL}
2019-12-13 17:00:50.436 [main] 2242 INFO  com.liukhtenko.informationHandling.parser.SymbolParser - TextComposite{level=SYMBOL} added i
2019-12-13 17:00:50.436 [main] 2242 INFO  com.liukhtenko.informationHandling.parser.LexemeParser - TextComposite{level=LEXEME} added TextComposite{level=SYMBOL}
2019-12-13 17:00:50.436 [main] 2242 INFO  com.liukhtenko.informationHandling.parser.SymbolParser - TextComposite{level=SYMBOL} added v
2019-12-13 17:00:50.436 [main] 2242 INFO  com.liukhtenko.informationHandling.parser.LexemeParser - TextComposite{level=LEXEME} added TextComposite{level=SYMBOL}
2019-12-13 17:00:50.436 [main] 2242 INFO  com.liukhtenko.informationHandling.parser.SymbolParser - TextComposite{level=SYMBOL} added e
2019-12-13 17:00:50.436 [main] 2242 INFO  com.liukhtenko.informationHandling.parser.LexemeParser - TextComposite{level=LEXEME} added TextComposite{level=SYMBOL}
2019-12-13 17:00:50.436 [main] 2242 INFO  com.liukhtenko.informationHandling.parser.SymbolParser - TextComposite{level=SYMBOL} added d
2019-12-13 17:00:50.436 [main] 2242 INFO  com.liukhtenko.informationHandling.parser.SentenceParser - TextComposite{level=SENTENCE} added TextComposite{level=LEXEME}
2019-12-13 17:00:50.436 [main] 2242 INFO  com.liukhtenko.informationHandling.parser.LexemeParser - TextComposite{level=LEXEME} added TextComposite{level=SYMBOL}
2019-12-13 17:00:50.436 [main] 2242 INFO  com.liukhtenko.informationHandling.parser.SymbolParser - TextComposite{level=SYMBOL} added -
2019-12-13 17:00:50.436 [main] 2242 INFO  com.liukhtenko.informationHandling.parser.SentenceParser - TextComposite{level=SENTENCE} added TextComposite{level=LEXEME}
2019-12-13 17:00:50.436 [main] 2242 INFO  com.liukhtenko.informationHandling.parser.LexemeParser - TextComposite{level=LEXEME} added TextComposite{level=SYMBOL}
2019-12-13 17:00:50.436 [main] 2242 INFO  com.liukhtenko.informationHandling.parser.SymbolParser - TextComposite{level=SYMBOL} added n
2019-12-13 17:00:50.436 [main] 2242 INFO  com.liukhtenko.informationHandling.parser.LexemeParser - TextComposite{level=LEXEME} added TextComposite{level=SYMBOL}
2019-12-13 17:00:50.436 [main] 2242 INFO  com.liukhtenko.informationHandling.parser.SymbolParser - TextComposite{level=SYMBOL} added o
2019-12-13 17:00:50.436 [main] 2242 INFO  com.liukhtenko.informationHandling.parser.LexemeParser - TextComposite{level=LEXEME} added TextComposite{level=SYMBOL}
2019-12-13 17:00:50.446 [main] 2252 INFO  com.liukhtenko.informationHandling.parser.SymbolParser - TextComposite{level=SYMBOL} added t
2019-12-13 17:00:50.446 [main] 2252 INFO  com.liukhtenko.informationHandling.parser.SentenceParser - TextComposite{level=SENTENCE} added TextComposite{level=LEXEME}
2019-12-13 17:00:50.446 [main] 2252 INFO  com.liukhtenko.informationHandling.parser.LexemeParser - TextComposite{level=LEXEME} added TextComposite{level=SYMBOL}
2019-12-13 17:00:50.446 [main] 2252 INFO  com.liukhtenko.informationHandling.parser.SymbolParser - TextComposite{level=SYMBOL} added o
2019-12-13 17:00:50.446 [main] 2252 INFO  com.liukhtenko.informationHandling.parser.LexemeParser - TextComposite{level=LEXEME} added TextComposite{level=SYMBOL}
2019-12-13 17:00:50.446 [main] 2252 INFO  com.liukhtenko.informationHandling.parser.SymbolParser - TextComposite{level=SYMBOL} added n
2019-12-13 17:00:50.446 [main] 2252 INFO  com.liukhtenko.informationHandling.parser.LexemeParser - TextComposite{level=LEXEME} added TextComposite{level=SYMBOL}
2019-12-13 17:00:50.446 [main] 2252 INFO  com.liukhtenko.informationHandling.parser.SymbolParser - TextComposite{level=SYMBOL} added l
2019-12-13 17:00:50.446 [main] 2252 INFO  com.liukhtenko.informationHandling.parser.LexemeParser - TextComposite{level=LEXEME} added TextComposite{level=SYMBOL}
2019-12-13 17:00:50.446 [main] 2252 INFO  com.liukhtenko.informationHandling.parser.SymbolParser - TextComposite{level=SYMBOL} added y
2019-12-13 17:00:50.446 [main] 2252 INFO  com.liukhtenko.informationHandling.parser.SentenceParser - TextComposite{level=SENTENCE} added TextComposite{level=LEXEME}
2019-12-13 17:00:50.446 [main] 2252 INFO  com.liukhtenko.informationHandling.parser.LexemeParser - TextComposite{level=LEXEME} added TextComposite{level=SYMBOL}
2019-12-13 17:00:50.446 [main] 2252 INFO  com.liukhtenko.informationHandling.parser.SymbolParser - TextComposite{level=SYMBOL} added (
2019-12-13 17:00:50.446 [main] 2252 INFO  com.liukhtenko.informationHandling.parser.LexemeParser - TextComposite{level=LEXEME} added TextComposite{level=SYMBOL}
2019-12-13 17:00:50.446 [main] 2252 INFO  com.liukhtenko.informationHandling.parser.SymbolParser - TextComposite{level=SYMBOL} added f
2019-12-13 17:00:50.446 [main] 2252 INFO  com.liukhtenko.informationHandling.parser.LexemeParser - TextComposite{level=LEXEME} added TextComposite{level=SYMBOL}
2019-12-13 17:00:50.446 [main] 2252 INFO  com.liukhtenko.informationHandling.parser.SymbolParser - TextComposite{level=SYMBOL} added i
2019-12-13 17:00:50.446 [main] 2252 INFO  com.liukhtenko.informationHandling.parser.LexemeParser - TextComposite{level=LEXEME} added TextComposite{level=SYMBOL}
2019-12-13 17:00:50.446 [main] 2252 INFO  com.liukhtenko.informationHandling.parser.SymbolParser - TextComposite{level=SYMBOL} added v
2019-12-13 17:00:50.446 [main] 2252 INFO  com.liukhtenko.informationHandling.parser.LexemeParser - TextComposite{level=LEXEME} added TextComposite{level=SYMBOL}
2019-12-13 17:00:50.446 [main] 2252 INFO  com.liukhtenko.informationHandling.parser.SymbolParser - TextComposite{level=SYMBOL} added e
2019-12-13 17:00:50.446 [main] 2252 INFO  com.liukhtenko.informationHandling.parser.LexemeParser - TextComposite{level=LEXEME} added TextComposite{level=SYMBOL}
2019-12-13 17:00:50.446 [main] 2252 INFO  com.liukhtenko.informationHandling.parser.SymbolParser - TextComposite{level=SYMBOL} added )
2019-12-13 17:00:50.446 [main] 2252 INFO  com.liukhtenko.informationHandling.parser.SentenceParser - TextComposite{level=SENTENCE} added TextComposite{level=LEXEME}
2019-12-13 17:00:50.446 [main] 2252 INFO  com.liukhtenko.informationHandling.parser.LexemeParser - TextComposite{level=LEXEME} added TextComposite{level=SYMBOL}
2019-12-13 17:00:50.446 [main] 2252 INFO  com.liukhtenko.informationHandling.parser.SymbolParser - TextComposite{level=SYMBOL} added c
2019-12-13 17:00:50.446 [main] 2252 INFO  com.liukhtenko.informationHandling.parser.LexemeParser - TextComposite{level=LEXEME} added TextComposite{level=SYMBOL}
2019-12-13 17:00:50.456 [main] 2262 INFO  com.liukhtenko.informationHandling.parser.SymbolParser - TextComposite{level=SYMBOL} added e
2019-12-13 17:00:50.456 [main] 2262 INFO  com.liukhtenko.informationHandling.parser.LexemeParser - TextComposite{level=LEXEME} added TextComposite{level=SYMBOL}
2019-12-13 17:00:50.456 [main] 2262 INFO  com.liukhtenko.informationHandling.parser.SymbolParser - TextComposite{level=SYMBOL} added n
2019-12-13 17:00:50.456 [main] 2262 INFO  com.liukhtenko.informationHandling.parser.LexemeParser - TextComposite{level=LEXEME} added TextComposite{level=SYMBOL}
2019-12-13 17:00:50.456 [main] 2262 INFO  com.liukhtenko.informationHandling.parser.SymbolParser - TextComposite{level=SYMBOL} added t
2019-12-13 17:00:50.456 [main] 2262 INFO  com.liukhtenko.informationHandling.parser.LexemeParser - TextComposite{level=LEXEME} added TextComposite{level=SYMBOL}
2019-12-13 17:00:50.456 [main] 2262 INFO  com.liukhtenko.informationHandling.parser.SymbolParser - TextComposite{level=SYMBOL} added u
2019-12-13 17:00:50.456 [main] 2262 INFO  com.liukhtenko.informationHandling.parser.LexemeParser - TextComposite{level=LEXEME} added TextComposite{level=SYMBOL}
2019-12-13 17:00:50.456 [main] 2262 INFO  com.liukhtenko.informationHandling.parser.SymbolParser - TextComposite{level=SYMBOL} added r
2019-12-13 17:00:50.456 [main] 2262 INFO  com.liukhtenko.informationHandling.parser.LexemeParser - TextComposite{level=LEXEME} added TextComposite{level=SYMBOL}
2019-12-13 17:00:50.456 [main] 2262 INFO  com.liukhtenko.informationHandling.parser.SymbolParser - TextComposite{level=SYMBOL} added i
2019-12-13 17:00:50.456 [main] 2262 INFO  com.liukhtenko.informationHandling.parser.LexemeParser - TextComposite{level=LEXEME} added TextComposite{level=SYMBOL}
2019-12-13 17:00:50.456 [main] 2262 INFO  com.liukhtenko.informationHandling.parser.SymbolParser - TextComposite{level=SYMBOL} added e
2019-12-13 17:00:50.456 [main] 2262 INFO  com.liukhtenko.informationHandling.parser.LexemeParser - TextComposite{level=LEXEME} added TextComposite{level=SYMBOL}
2019-12-13 17:00:50.456 [main] 2262 INFO  com.liukhtenko.informationHandling.parser.SymbolParser - TextComposite{level=SYMBOL} added s
2019-12-13 17:00:50.456 [main] 2262 INFO  com.liukhtenko.informationHandling.parser.LexemeParser - TextComposite{level=LEXEME} added TextComposite{level=SYMBOL}
2019-12-13 17:00:50.456 [main] 2262 INFO  com.liukhtenko.informationHandling.parser.SymbolParser - TextComposite{level=SYMBOL} added ,
2019-12-13 17:00:50.456 [main] 2262 INFO  com.liukhtenko.informationHandling.parser.SentenceParser - TextComposite{level=SENTENCE} added TextComposite{level=LEXEME}
2019-12-13 17:00:50.456 [main] 2262 INFO  com.liukhtenko.informationHandling.parser.LexemeParser - TextComposite{level=LEXEME} added TextComposite{level=SYMBOL}
2019-12-13 17:00:50.456 [main] 2262 INFO  com.liukhtenko.informationHandling.parser.SymbolParser - TextComposite{level=SYMBOL} added b
2019-12-13 17:00:50.456 [main] 2262 INFO  com.liukhtenko.informationHandling.parser.LexemeParser - TextComposite{level=LEXEME} added TextComposite{level=SYMBOL}
2019-12-13 17:00:50.456 [main] 2262 INFO  com.liukhtenko.informationHandling.parser.SymbolParser - TextComposite{level=SYMBOL} added u
2019-12-13 17:00:50.456 [main] 2262 INFO  com.liukhtenko.informationHandling.parser.LexemeParser - TextComposite{level=LEXEME} added TextComposite{level=SYMBOL}
2019-12-13 17:00:50.456 [main] 2262 INFO  com.liukhtenko.informationHandling.parser.SymbolParser - TextComposite{level=SYMBOL} added t
2019-12-13 17:00:50.456 [main] 2262 INFO  com.liukhtenko.informationHandling.parser.SentenceParser - TextComposite{level=SENTENCE} added TextComposite{level=LEXEME}
2019-12-13 17:00:50.456 [main] 2262 INFO  com.liukhtenko.informationHandling.parser.LexemeParser - TextComposite{level=LEXEME} added TextComposite{level=SYMBOL}
2019-12-13 17:00:50.456 [main] 2262 INFO  com.liukhtenko.informationHandling.parser.SymbolParser - TextComposite{level=SYMBOL} added a
2019-12-13 17:00:50.456 [main] 2262 INFO  com.liukhtenko.informationHandling.parser.LexemeParser - TextComposite{level=LEXEME} added TextComposite{level=SYMBOL}
2019-12-13 17:00:50.456 [main] 2262 INFO  com.liukhtenko.informationHandling.parser.SymbolParser - TextComposite{level=SYMBOL} added l
2019-12-13 17:00:50.456 [main] 2262 INFO  com.liukhtenko.informationHandling.parser.LexemeParser - TextComposite{level=LEXEME} added TextComposite{level=SYMBOL}
2019-12-13 17:00:50.456 [main] 2262 INFO  com.liukhtenko.informationHandling.parser.SymbolParser - TextComposite{level=SYMBOL} added s
2019-12-13 17:00:50.456 [main] 2262 INFO  com.liukhtenko.informationHandling.parser.LexemeParser - TextComposite{level=LEXEME} added TextComposite{level=SYMBOL}
2019-12-13 17:00:50.456 [main] 2262 INFO  com.liukhtenko.informationHandling.parser.SymbolParser - TextComposite{level=SYMBOL} added o
2019-12-13 17:00:50.456 [main] 2262 INFO  com.liukhtenko.informationHandling.parser.SentenceParser - TextComposite{level=SENTENCE} added TextComposite{level=LEXEME}
2019-12-13 17:00:50.466 [main] 2272 INFO  com.liukhtenko.informationHandling.parser.LexemeParser - TextComposite{level=LEXEME} added TextComposite{level=SYMBOL}
2019-12-13 17:00:50.466 [main] 2272 INFO  com.liukhtenko.informationHandling.parser.SymbolParser - TextComposite{level=SYMBOL} added t
2019-12-13 17:00:50.466 [main] 2272 INFO  com.liukhtenko.informationHandling.parser.LexemeParser - TextComposite{level=LEXEME} added TextComposite{level=SYMBOL}
2019-12-13 17:00:50.466 [main] 2272 INFO  com.liukhtenko.informationHandling.parser.SymbolParser - TextComposite{level=SYMBOL} added h
2019-12-13 17:00:50.466 [main] 2272 INFO  com.liukhtenko.informationHandling.parser.LexemeParser - TextComposite{level=LEXEME} added TextComposite{level=SYMBOL}
2019-12-13 17:00:50.466 [main] 2272 INFO  com.liukhtenko.informationHandling.parser.SymbolParser - TextComposite{level=SYMBOL} added e
