2019-12-13 18:22:19.572 [main] 3908 INFO  com.liukhtenko.informationHandling.parser.LexemeParser - TextComposite{level=LEXEME} added TextComposite{level=SYMBOL}
2019-12-13 18:22:19.632 [main] 3968 INFO  com.liukhtenko.informationHandling.parser.SymbolParser - TextComposite{level=SYMBOL} added o
2019-12-13 18:22:19.632 [main] 3968 INFO  com.liukhtenko.informationHandling.parser.LexemeParser - TextComposite{level=LEXEME} added TextComposite{level=SYMBOL}
2019-12-13 18:22:19.632 [main] 3968 INFO  com.liukhtenko.informationHandling.parser.SymbolParser - TextComposite{level=SYMBOL} added f
2019-12-13 18:22:19.632 [main] 3968 INFO  com.liukhtenko.informationHandling.parser.SentenceParser - TextComposite{level=SENTENCE} added TextComposite{level=LEXEME}
2019-12-13 18:22:19.632 [main] 3968 INFO  com.liukhtenko.informationHandling.parser.LexemeParser - TextComposite{level=LEXEME} added TextComposite{level=SYMBOL}
2019-12-13 18:22:19.632 [main] 3968 INFO  com.liukhtenko.informationHandling.parser.SymbolParser - TextComposite{level=SYMBOL} added a
2019-12-13 18:22:19.632 [main] 3968 INFO  com.liukhtenko.informationHandling.parser.SentenceParser - TextComposite{level=SENTENCE} added TextComposite{level=LEXEME}
2019-12-13 18:22:19.632 [main] 3968 INFO  com.liukhtenko.informationHandling.parser.LexemeParser - TextComposite{level=LEXEME} added TextComposite{level=SYMBOL}
2019-12-13 18:22:19.632 [main] 3968 INFO  com.liukhtenko.informationHandling.parser.SymbolParser - TextComposite{level=SYMBOL} added p
2019-12-13 18:22:19.632 [main] 3968 INFO  com.liukhtenko.informationHandling.parser.LexemeParser - TextComposite{level=LEXEME} added TextComposite{level=SYMBOL}
2019-12-13 18:22:19.632 [main] 3968 INFO  com.liukhtenko.informationHandling.parser.SymbolParser - TextComposite{level=SYMBOL} added a
2019-12-13 18:22:19.632 [main] 3968 INFO  com.liukhtenko.informationHandling.parser.LexemeParser - TextComposite{level=LEXEME} added TextComposite{level=SYMBOL}
2019-12-13 18:22:19.632 [main] 3968 INFO  com.liukhtenko.informationHandling.parser.SymbolParser - TextComposite{level=SYMBOL} added g
2019-12-13 18:22:19.632 [main] 3968 INFO  com.liukhtenko.informationHandling.parser.LexemeParser - TextComposite{level=LEXEME} added TextComposite{level=SYMBOL}
2019-12-13 18:22:19.632 [main] 3968 INFO  com.liukhtenko.informationHandling.parser.SymbolParser - TextComposite{level=SYMBOL} added e
2019-12-13 18:22:19.632 [main] 3968 INFO  com.liukhtenko.informationHandling.parser.SentenceParser - TextComposite{level=SENTENCE} added TextComposite{level=LEXEME}
2019-12-13 18:22:19.632 [main] 3968 INFO  com.liukhtenko.informationHandling.parser.LexemeParser - TextComposite{level=LEXEME} added TextComposite{level=SYMBOL}
2019-12-13 18:22:19.632 [main] 3968 INFO  com.liukhtenko.informationHandling.parser.SymbolParser - TextComposite{level=SYMBOL} added w
2019-12-13 18:22:19.632 [main] 3968 INFO  com.liukhtenko.informationHandling.parser.LexemeParser - TextComposite{level=LEXEME} added TextComposite{level=SYMBOL}
2019-12-13 18:22:19.632 [main] 3968 INFO  com.liukhtenko.informationHandling.parser.SymbolParser - TextComposite{level=SYMBOL} added h
2019-12-13 18:22:19.632 [main] 3968 INFO  com.liukhtenko.informationHandling.parser.LexemeParser - TextComposite{level=LEXEME} added TextComposite{level=SYMBOL}
2019-12-13 18:22:19.632 [main] 3968 INFO  com.liukhtenko.informationHandling.parser.SymbolParser - TextComposite{level=SYMBOL} added e
2019-12-13 18:22:19.632 [main] 3968 INFO  com.liukhtenko.informationHandling.parser.LexemeParser - TextComposite{level=LEXEME} added TextComposite{level=SYMBOL}
2019-12-13 18:22:19.632 [main] 3968 INFO  com.liukhtenko.informationHandling.parser.SymbolParser - TextComposite{level=SYMBOL} added n
2019-12-13 18:22:19.632 [main] 3968 INFO  com.liukhtenko.informationHandling.parser.SentenceParser - TextComposite{level=SENTENCE} added TextComposite{level=LEXEME}
2019-12-13 18:22:19.632 [main] 3968 INFO  com.liukhtenko.informationHandling.parser.LexemeParser - TextComposite{level=LEXEME} added TextComposite{level=SYMBOL}
2019-12-13 18:22:19.632 [main] 3968 INFO  com.liukhtenko.informationHandling.parser.SymbolParser - TextComposite{level=SYMBOL} added l
2019-12-13 18:22:19.632 [main] 3968 INFO  com.liukhtenko.informationHandling.parser.LexemeParser - TextComposite{level=LEXEME} added TextComposite{level=SYMBOL}
2019-12-13 18:22:19.632 [main] 3968 INFO  com.liukhtenko.informationHandling.parser.SymbolParser - TextComposite{level=SYMBOL} added o
2019-12-13 18:22:19.632 [main] 3968 INFO  com.liukhtenko.informationHandling.parser.LexemeParser - TextComposite{level=LEXEME} added TextComposite{level=SYMBOL}
2019-12-13 18:22:19.632 [main] 3968 INFO  com.liukhtenko.informationHandling.parser.SymbolParser - TextComposite{level=SYMBOL} added o
2019-12-13 18:22:19.632 [main] 3968 INFO  com.liukhtenko.informationHandling.parser.LexemeParser - TextComposite{level=LEXEME} added TextComposite{level=SYMBOL}
2019-12-13 18:22:19.632 [main] 3968 INFO  com.liukhtenko.informationHandling.parser.SymbolParser - TextComposite{level=SYMBOL} added k
2019-12-13 18:22:19.632 [main] 3968 INFO  com.liukhtenko.informationHandling.parser.LexemeParser - TextComposite{level=LEXEME} added TextComposite{level=SYMBOL}
2019-12-13 18:22:19.632 [main] 3968 INFO  com.liukhtenko.informationHandling.parser.SymbolParser - TextComposite{level=SYMBOL} added i
2019-12-13 18:22:19.632 [main] 3968 INFO  com.liukhtenko.informationHandling.parser.LexemeParser - TextComposite{level=LEXEME} added TextComposite{level=SYMBOL}
2019-12-13 18:22:19.632 [main] 3968 INFO  com.liukhtenko.informationHandling.parser.SymbolParser - TextComposite{level=SYMBOL} added n
2019-12-13 18:22:19.632 [main] 3968 INFO  com.liukhtenko.informationHandling.parser.LexemeParser - TextComposite{level=LEXEME} added TextComposite{level=SYMBOL}
2019-12-13 18:22:19.632 [main] 3968 INFO  com.liukhtenko.informationHandling.parser.SymbolParser - TextComposite{level=SYMBOL} added g
2019-12-13 18:22:19.632 [main] 3968 INFO  com.liukhtenko.informationHandling.parser.SentenceParser - TextComposite{level=SENTENCE} added TextComposite{level=LEXEME}
2019-12-13 18:22:19.632 [main] 3968 INFO  com.liukhtenko.informationHandling.parser.LexemeParser - TextComposite{level=LEXEME} added TextComposite{level=SYMBOL}
2019-12-13 18:22:19.632 [main] 3968 INFO  com.liukhtenko.informationHandling.parser.SymbolParser - TextComposite{level=SYMBOL} added a
2019-12-13 18:22:19.632 [main] 3968 INFO  com.liukhtenko.informationHandling.parser.LexemeParser - TextComposite{level=LEXEME} added TextComposite{level=SYMBOL}
2019-12-13 18:22:19.632 [main] 3968 INFO  com.liukhtenko.informationHandling.parser.SymbolParser - TextComposite{level=SYMBOL} added t
2019-12-13 18:22:19.632 [main] 3968 INFO  com.liukhtenko.informationHandling.parser.SentenceParser - TextComposite{level=SENTENCE} added TextComposite{level=LEXEME}
2019-12-13 18:22:19.642 [main] 3978 INFO  com.liukhtenko.informationHandling.parser.LexemeParser - TextComposite{level=LEXEME} added TextComposite{level=SYMBOL}
2019-12-13 18:22:19.642 [main] 3978 INFO  com.liukhtenko.informationHandling.parser.SymbolParser - TextComposite{level=SYMBOL} added i
2019-12-13 18:22:19.642 [main] 3978 INFO  com.liukhtenko.informationHandling.parser.LexemeParser - TextComposite{level=LEXEME} added TextComposite{level=SYMBOL}
2019-12-13 18:22:19.642 [main] 3978 INFO  com.liukhtenko.informationHandling.parser.SymbolParser - TextComposite{level=SYMBOL} added t
2019-12-13 18:22:19.642 [main] 3978 INFO  com.liukhtenko.informationHandling.parser.LexemeParser - TextComposite{level=LEXEME} added TextComposite{level=SYMBOL}
2019-12-13 18:22:19.642 [main] 3978 INFO  com.liukhtenko.informationHandling.parser.SymbolParser - TextComposite{level=SYMBOL} added s
2019-12-13 18:22:19.642 [main] 3978 INFO  com.liukhtenko.informationHandling.parser.SentenceParser - TextComposite{level=SENTENCE} added TextComposite{level=LEXEME}
2019-12-13 18:22:19.642 [main] 3978 INFO  com.liukhtenko.informationHandling.parser.LexemeParser - TextComposite{level=LEXEME} added TextComposite{level=SYMBOL}
2019-12-13 18:22:19.642 [main] 3978 INFO  com.liukhtenko.informationHandling.parser.SymbolParser - TextComposite{level=SYMBOL} added l
2019-12-13 18:22:19.642 [main] 3978 INFO  com.liukhtenko.informationHandling.parser.LexemeParser - TextComposite{level=LEXEME} added TextComposite{level=SYMBOL}
2019-12-13 18:22:19.642 [main] 3978 INFO  com.liukhtenko.informationHandling.parser.SymbolParser - TextComposite{level=SYMBOL} added a
2019-12-13 18:22:19.642 [main] 3978 INFO  com.liukhtenko.informationHandling.parser.LexemeParser - TextComposite{level=LEXEME} added TextComposite{level=SYMBOL}
2019-12-13 18:22:19.642 [main] 3978 INFO  com.liukhtenko.informationHandling.parser.SymbolParser - TextComposite{level=SYMBOL} added y
2019-12-13 18:22:19.642 [main] 3978 INFO  com.liukhtenko.informationHandling.parser.LexemeParser - TextComposite{level=LEXEME} added TextComposite{level=SYMBOL}
2019-12-13 18:22:19.642 [main] 3978 INFO  com.liukhtenko.informationHandling.parser.SymbolParser - TextComposite{level=SYMBOL} added o
2019-12-13 18:22:19.642 [main] 3978 INFO  com.liukhtenko.informationHandling.parser.LexemeParser - TextComposite{level=LEXEME} added TextComposite{level=SYMBOL}
2019-12-13 18:22:19.642 [main] 3978 INFO  com.liukhtenko.informationHandling.parser.SymbolParser - TextComposite{level=SYMBOL} added u
2019-12-13 18:22:19.642 [main] 3978 INFO  com.liukhtenko.informationHandling.parser.LexemeParser - TextComposite{level=LEXEME} added TextComposite{level=SYMBOL}
2019-12-13 18:22:19.642 [main] 3978 INFO  com.liukhtenko.informationHandling.parser.SymbolParser - TextComposite{level=SYMBOL} added t
2019-12-13 18:22:19.642 [main] 3978 INFO  com.liukhtenko.informationHandling.parser.LexemeParser - TextComposite{level=LEXEME} added TextComposite{level=SYMBOL}
2019-12-13 18:22:19.642 [main] 3978 INFO  com.liukhtenko.informationHandling.parser.SymbolParser - TextComposite{level=SYMBOL} added .
2019-12-13 18:22:19.642 [main] 3978 INFO  com.liukhtenko.informationHandling.parser.LexemeParser - TextComposite{level=LEXEME} added TextComposite{level=SYMBOL}
2019-12-13 18:22:19.642 [main] 3978 INFO  com.liukhtenko.informationHandling.parser.SymbolParser - TextComposite{level=SYMBOL} added .
2019-12-13 18:22:19.642 [main] 3978 INFO  com.liukhtenko.informationHandling.parser.LexemeParser - TextComposite{level=LEXEME} added TextComposite{level=SYMBOL}
2019-12-13 18:22:19.642 [main] 3978 INFO  com.liukhtenko.informationHandling.parser.SymbolParser - TextComposite{level=SYMBOL} added .
2019-12-13 18:22:19.642 [main] 3978 INFO  com.liukhtenko.informationHandling.parser.TextParser - TextComposite{level=TEXT} added TextComposite{level=PARAGRAPH}
2019-12-13 18:22:19.642 [main] 3978 INFO  com.liukhtenko.informationHandling.parser.ParagraphParser - TextComposite{level=PARAGRAPH} added TextComposite{level=SENTENCE}
2019-12-13 18:22:19.642 [main] 3978 INFO  com.liukhtenko.informationHandling.parser.SentenceParser - TextComposite{level=SENTENCE} added TextComposite{level=LEXEME}
2019-12-13 18:22:19.642 [main] 3978 INFO  com.liukhtenko.informationHandling.parser.LexemeParser - TextComposite{level=LEXEME} added TextComposite{level=SYMBOL}
2019-12-13 18:22:19.642 [main] 3978 INFO  com.liukhtenko.informationHandling.parser.SymbolParser - TextComposite{level=SYMBOL} added B
2019-12-13 18:22:19.642 [main] 3978 INFO  com.liukhtenko.informationHandling.parser.LexemeParser - TextComposite{level=LEXEME} added TextComposite{level=SYMBOL}
2019-12-13 18:22:19.642 [main] 3978 INFO  com.liukhtenko.informationHandling.parser.SymbolParser - TextComposite{level=SYMBOL} added y
2019-12-13 18:22:19.642 [main] 3978 INFO  com.liukhtenko.informationHandling.parser.LexemeParser - TextComposite{level=LEXEME} added TextComposite{level=SYMBOL}
2019-12-13 18:22:19.642 [main] 3978 INFO  com.liukhtenko.informationHandling.parser.SymbolParser - TextComposite{level=SYMBOL} added e
2019-12-13 18:22:19.642 [main] 3978 INFO  com.liukhtenko.informationHandling.parser.SentenceParser - TextComposite{level=SENTENCE} added TextComposite{level=LEXEME}
2019-12-13 18:22:19.642 [main] 3978 INFO  com.liukhtenko.informationHandling.parser.LexemeParser - TextComposite{level=LEXEME} added TextComposite{level=SYMBOL}
2019-12-13 18:22:19.642 [main] 3978 INFO  com.liukhtenko.informationHandling.parser.SymbolParser - TextComposite{level=SYMBOL} added б
2019-12-13 18:22:19.642 [main] 3978 INFO  com.liukhtenko.informationHandling.parser.LexemeParser - TextComposite{level=LEXEME} added TextComposite{level=SYMBOL}
2019-12-13 18:22:19.642 [main] 3978 INFO  com.liukhtenko.informationHandling.parser.SymbolParser - TextComposite{level=SYMBOL} added а
2019-12-13 18:22:19.642 [main] 3978 INFO  com.liukhtenko.informationHandling.parser.LexemeParser - TextComposite{level=LEXEME} added TextComposite{level=SYMBOL}
2019-12-13 18:22:19.642 [main] 3978 INFO  com.liukhtenko.informationHandling.parser.SymbolParser - TextComposite{level=SYMBOL} added н
2019-12-13 18:22:19.642 [main] 3978 INFO  com.liukhtenko.informationHandling.parser.LexemeParser - TextComposite{level=LEXEME} added TextComposite{level=SYMBOL}
2019-12-13 18:22:19.642 [main] 3978 INFO  com.liukhtenko.informationHandling.parser.SymbolParser - TextComposite{level=SYMBOL} added д
2019-12-13 18:22:19.642 [main] 3978 INFO  com.liukhtenko.informationHandling.parser.LexemeParser - TextComposite{level=LEXEME} added TextComposite{level=SYMBOL}
2019-12-13 18:22:19.642 [main] 3978 INFO  com.liukhtenko.informationHandling.parser.SymbolParser - TextComposite{level=SYMBOL} added е
2019-12-13 18:22:19.652 [main] 3988 INFO  com.liukhtenko.informationHandling.parser.LexemeParser - TextComposite{level=LEXEME} added TextComposite{level=SYMBOL}
2019-12-13 18:22:19.652 [main] 3988 INFO  com.liukhtenko.informationHandling.parser.SymbolParser - TextComposite{level=SYMBOL} added р
2019-12-13 18:22:19.652 [main] 3988 INFO  com.liukhtenko.informationHandling.parser.LexemeParser - TextComposite{level=LEXEME} added TextComposite{level=SYMBOL}
2019-12-13 18:22:19.652 [main] 3988 INFO  com.liukhtenko.informationHandling.parser.SymbolParser - TextComposite{level=SYMBOL} added л
2019-12-13 18:22:19.652 [main] 3988 INFO  com.liukhtenko.informationHandling.parser.LexemeParser - TextComposite{level=LEXEME} added TextComposite{level=SYMBOL}
2019-12-13 18:22:19.652 [main] 3988 INFO  com.liukhtenko.informationHandling.parser.SymbolParser - TextComposite{level=SYMBOL} added о
2019-12-13 18:22:19.652 [main] 3988 INFO  com.liukhtenko.informationHandling.parser.LexemeParser - TextComposite{level=LEXEME} added TextComposite{level=SYMBOL}
2019-12-13 18:22:19.652 [main] 3988 INFO  com.liukhtenko.informationHandling.parser.SymbolParser - TextComposite{level=SYMBOL} added г
2019-12-13 18:22:19.652 [main] 3988 INFO  com.liukhtenko.informationHandling.parser.LexemeParser - TextComposite{level=LEXEME} added TextComposite{level=SYMBOL}
2019-12-13 18:22:19.652 [main] 3988 INFO  com.liukhtenko.informationHandling.parser.SymbolParser - TextComposite{level=SYMBOL} added и
2019-12-13 18:22:19.652 [main] 3988 INFO  com.liukhtenko.informationHandling.parser.LexemeParser - TextComposite{level=LEXEME} added TextComposite{level=SYMBOL}
2019-12-13 18:22:19.652 [main] 3988 INFO  com.liukhtenko.informationHandling.parser.SymbolParser - TextComposite{level=SYMBOL} added .
2019-12-13 18:22:19.652 [main] 3988 INFO  com.liukhtenko.informationHandling.logic.TextLogic - The longest word in TextComposite{level=TEXT} is includingversions
2019-12-13 18:22:19.652 [main] 3988 INFO  com.liukhtenko.informationHandling.logic.TextLogic - It was popularised in the Динамо (Рига)with the release of Letraset sheets containing Lorem Ipsum passages, and morerecently with desktop publishing software like Aldus PageMaker Faclon9 includingversions of Lorem Ipsum!  contains includingversions
2019-12-13 18:22:19.662 [main] 3998 INFO  com.liukhtenko.informationHandling.parser.TextParser - TextComposite{level=TEXT} added TextComposite{level=PARAGRAPH}
2019-12-13 18:22:19.662 [main] 3998 INFO  com.liukhtenko.informationHandling.parser.ParagraphParser - TextComposite{level=PARAGRAPH} added TextComposite{level=SENTENCE}
2019-12-13 18:22:19.662 [main] 3998 INFO  com.liukhtenko.informationHandling.parser.SentenceParser - TextComposite{level=SENTENCE} added TextComposite{level=LEXEME}
2019-12-13 18:22:19.662 [main] 3998 INFO  com.liukhtenko.informationHandling.parser.LexemeParser - TextComposite{level=LEXEME} added TextComposite{level=SYMBOL}
2019-12-13 18:22:19.662 [main] 3998 INFO  com.liukhtenko.informationHandling.parser.SymbolParser - TextComposite{level=SYMBOL} added I
2019-12-13 18:22:19.662 [main] 3998 INFO  com.liukhtenko.informationHandling.parser.LexemeParser - TextComposite{level=LEXEME} added TextComposite{level=SYMBOL}
2019-12-13 18:22:19.662 [main] 3998 INFO  com.liukhtenko.informationHandling.parser.SymbolParser - TextComposite{level=SYMBOL} added t
2019-12-13 18:22:19.662 [main] 3998 INFO  com.liukhtenko.informationHandling.parser.SentenceParser - TextComposite{level=SENTENCE} added TextComposite{level=LEXEME}
2019-12-13 18:22:19.662 [main] 3998 INFO  com.liukhtenko.informationHandling.parser.LexemeParser - TextComposite{level=LEXEME} added TextComposite{level=SYMBOL}
2019-12-13 18:22:19.662 [main] 3998 INFO  com.liukhtenko.informationHandling.parser.SymbolParser - TextComposite{level=SYMBOL} added h
2019-12-13 18:22:19.662 [main] 3998 INFO  com.liukhtenko.informationHandling.parser.LexemeParser - TextComposite{level=LEXEME} added TextComposite{level=SYMBOL}
2019-12-13 18:22:19.662 [main] 3998 INFO  com.liukhtenko.informationHandling.parser.SymbolParser - TextComposite{level=SYMBOL} added a
2019-12-13 18:22:19.662 [main] 3998 INFO  com.liukhtenko.informationHandling.parser.LexemeParser - TextComposite{level=LEXEME} added TextComposite{level=SYMBOL}
2019-12-13 18:22:19.662 [main] 3998 INFO  com.liukhtenko.informationHandling.parser.SymbolParser - TextComposite{level=SYMBOL} added s
2019-12-13 18:22:19.662 [main] 3998 INFO  com.liukhtenko.informationHandling.parser.SentenceParser - TextComposite{level=SENTENCE} added TextComposite{level=LEXEME}
2019-12-13 18:22:19.662 [main] 3998 INFO  com.liukhtenko.informationHandling.parser.LexemeParser - TextComposite{level=LEXEME} added TextComposite{level=SYMBOL}
2019-12-13 18:22:19.662 [main] 3998 INFO  com.liukhtenko.informationHandling.parser.SymbolParser - TextComposite{level=SYMBOL} added s
2019-12-13 18:22:19.662 [main] 3998 INFO  com.liukhtenko.informationHandling.parser.LexemeParser - TextComposite{level=LEXEME} added TextComposite{level=SYMBOL}
2019-12-13 18:22:19.662 [main] 3998 INFO  com.liukhtenko.informationHandling.parser.SymbolParser - TextComposite{level=SYMBOL} added u
2019-12-13 18:22:19.662 [main] 3998 INFO  com.liukhtenko.informationHandling.parser.LexemeParser - TextComposite{level=LEXEME} added TextComposite{level=SYMBOL}
2019-12-13 18:22:19.662 [main] 3998 INFO  com.liukhtenko.informationHandling.parser.SymbolParser - TextComposite{level=SYMBOL} added r
2019-12-13 18:22:19.662 [main] 3998 INFO  com.liukhtenko.informationHandling.parser.LexemeParser - TextComposite{level=LEXEME} added TextComposite{level=SYMBOL}
2019-12-13 18:22:19.662 [main] 3998 INFO  com.liukhtenko.informationHandling.parser.SymbolParser - TextComposite{level=SYMBOL} added v
2019-12-13 18:22:19.662 [main] 3998 INFO  com.liukhtenko.informationHandling.parser.LexemeParser - TextComposite{level=LEXEME} added TextComposite{level=SYMBOL}
2019-12-13 18:22:19.662 [main] 3998 INFO  com.liukhtenko.informationHandling.parser.SymbolParser - TextComposite{level=SYMBOL} added i
2019-12-13 18:22:19.662 [main] 3998 INFO  com.liukhtenko.informationHandling.parser.LexemeParser - TextComposite{level=LEXEME} added TextComposite{level=SYMBOL}
2019-12-13 18:22:19.662 [main] 3998 INFO  com.liukhtenko.informationHandling.parser.SymbolParser - TextComposite{level=SYMBOL} added v
2019-12-13 18:22:19.662 [main] 3998 INFO  com.liukhtenko.informationHandling.parser.LexemeParser - TextComposite{level=LEXEME} added TextComposite{level=SYMBOL}
2019-12-13 18:22:19.662 [main] 3998 INFO  com.liukhtenko.informationHandling.parser.SymbolParser - TextComposite{level=SYMBOL} added e
2019-12-13 18:22:19.662 [main] 3998 INFO  com.liukhtenko.informationHandling.parser.LexemeParser - TextComposite{level=LEXEME} added TextComposite{level=SYMBOL}
2019-12-13 18:22:19.662 [main] 3998 INFO  com.liukhtenko.informationHandling.parser.SymbolParser - TextComposite{level=SYMBOL} added d
2019-12-13 18:22:19.662 [main] 3998 INFO  com.liukhtenko.informationHandling.parser.SentenceParser - TextComposite{level=SENTENCE} added TextComposite{level=LEXEME}
2019-12-13 18:22:19.662 [main] 3998 INFO  com.liukhtenko.informationHandling.parser.LexemeParser - TextComposite{level=LEXEME} added TextComposite{level=SYMBOL}
2019-12-13 18:22:19.662 [main] 3998 INFO  com.liukhtenko.informationHandling.parser.SymbolParser - TextComposite{level=SYMBOL} added -
2019-12-13 18:22:19.662 [main] 3998 INFO  com.liukhtenko.informationHandling.parser.SentenceParser - TextComposite{level=SENTENCE} added TextComposite{level=LEXEME}
2019-12-13 18:22:19.662 [main] 3998 INFO  com.liukhtenko.informationHandling.parser.LexemeParser - TextComposite{level=LEXEME} added TextComposite{level=SYMBOL}
2019-12-13 18:22:19.662 [main] 3998 INFO  com.liukhtenko.informationHandling.parser.SymbolParser - TextComposite{level=SYMBOL} added n
2019-12-13 18:22:19.662 [main] 3998 INFO  com.liukhtenko.informationHandling.parser.LexemeParser - TextComposite{level=LEXEME} added TextComposite{level=SYMBOL}
2019-12-13 18:22:19.662 [main] 3998 INFO  com.liukhtenko.informationHandling.parser.SymbolParser - TextComposite{level=SYMBOL} added o
2019-12-13 18:22:19.672 [main] 4008 INFO  com.liukhtenko.informationHandling.parser.LexemeParser - TextComposite{level=LEXEME} added TextComposite{level=SYMBOL}
2019-12-13 18:22:19.672 [main] 4008 INFO  com.liukhtenko.informationHandling.parser.SymbolParser - TextComposite{level=SYMBOL} added t
2019-12-13 18:22:19.672 [main] 4008 INFO  com.liukhtenko.informationHandling.parser.SentenceParser - TextComposite{level=SENTENCE} added TextComposite{level=LEXEME}
2019-12-13 18:22:19.672 [main] 4008 INFO  com.liukhtenko.informationHandling.parser.LexemeParser - TextComposite{level=LEXEME} added TextComposite{level=SYMBOL}
2019-12-13 18:22:19.672 [main] 4008 INFO  com.liukhtenko.informationHandling.parser.SymbolParser - TextComposite{level=SYMBOL} added o
2019-12-13 18:22:19.672 [main] 4008 INFO  com.liukhtenko.informationHandling.parser.LexemeParser - TextComposite{level=LEXEME} added TextComposite{level=SYMBOL}
2019-12-13 18:22:19.672 [main] 4008 INFO  com.liukhtenko.informationHandling.parser.SymbolParser - TextComposite{level=SYMBOL} added n
2019-12-13 18:22:19.672 [main] 4008 INFO  com.liukhtenko.informationHandling.parser.LexemeParser - TextComposite{level=LEXEME} added TextComposite{level=SYMBOL}
2019-12-13 18:22:19.672 [main] 4008 INFO  com.liukhtenko.informationHandling.parser.SymbolParser - TextComposite{level=SYMBOL} added l
2019-12-13 18:22:19.672 [main] 4008 INFO  com.liukhtenko.informationHandling.parser.LexemeParser - TextComposite{level=LEXEME} added TextComposite{level=SYMBOL}
2019-12-13 18:22:19.672 [main] 4008 INFO  com.liukhtenko.informationHandling.parser.SymbolParser - TextComposite{level=SYMBOL} added y
2019-12-13 18:22:19.672 [main] 4008 INFO  com.liukhtenko.informationHandling.parser.SentenceParser - TextComposite{level=SENTENCE} added TextComposite{level=LEXEME}
2019-12-13 18:22:19.672 [main] 4008 INFO  com.liukhtenko.informationHandling.parser.LexemeParser - TextComposite{level=LEXEME} added TextComposite{level=SYMBOL}
2019-12-13 18:22:19.672 [main] 4008 INFO  com.liukhtenko.informationHandling.parser.SymbolParser - TextComposite{level=SYMBOL} added (
2019-12-13 18:22:19.672 [main] 4008 INFO  com.liukhtenko.informationHandling.parser.LexemeParser - TextComposite{level=LEXEME} added TextComposite{level=SYMBOL}
2019-12-13 18:22:19.672 [main] 4008 INFO  com.liukhtenko.informationHandling.parser.SymbolParser - TextComposite{level=SYMBOL} added f
2019-12-13 18:22:19.672 [main] 4008 INFO  com.liukhtenko.informationHandling.parser.LexemeParser - TextComposite{level=LEXEME} added TextComposite{level=SYMBOL}
2019-12-13 18:22:19.672 [main] 4008 INFO  com.liukhtenko.informationHandling.parser.SymbolParser - TextComposite{level=SYMBOL} added i
2019-12-13 18:22:19.672 [main] 4008 INFO  com.liukhtenko.informationHandling.parser.LexemeParser - TextComposite{level=LEXEME} added TextComposite{level=SYMBOL}
2019-12-13 18:22:19.672 [main] 4008 INFO  com.liukhtenko.informationHandling.parser.SymbolParser - TextComposite{level=SYMBOL} added v
2019-12-13 18:22:19.672 [main] 4008 INFO  com.liukhtenko.informationHandling.parser.LexemeParser - TextComposite{level=LEXEME} added TextComposite{level=SYMBOL}
2019-12-13 18:22:19.672 [main] 4008 INFO  com.liukhtenko.informationHandling.parser.SymbolParser - TextComposite{level=SYMBOL} added e
2019-12-13 18:22:19.672 [main] 4008 INFO  com.liukhtenko.informationHandling.parser.LexemeParser - TextComposite{level=LEXEME} added TextComposite{level=SYMBOL}
2019-12-13 18:22:19.672 [main] 4008 INFO  com.liukhtenko.informationHandling.parser.SymbolParser - TextComposite{level=SYMBOL} added )
2019-12-13 18:22:19.672 [main] 4008 INFO  com.liukhtenko.informationHandling.parser.SentenceParser - TextComposite{level=SENTENCE} added TextComposite{level=LEXEME}
