2019-12-13 18:44:38.838 [main] 3682 INFO  com.liukhtenko.informationHandling.parser.LexemeParser - TextComposite{level=LEXEME} added TextComposite{level=SYMBOL}
2019-12-13 18:44:38.873 [main] 3717 INFO  com.liukhtenko.informationHandling.parser.SymbolParser - TextComposite{level=SYMBOL} added m
2019-12-13 18:44:38.874 [main] 3718 INFO  com.liukhtenko.informationHandling.parser.SentenceParser - TextComposite{level=SENTENCE} added TextComposite{level=LEXEME}
2019-12-13 18:44:38.874 [main] 3718 INFO  com.liukhtenko.informationHandling.parser.LexemeParser - TextComposite{level=LEXEME} added TextComposite{level=SYMBOL}
2019-12-13 18:44:38.874 [main] 3718 INFO  com.liukhtenko.informationHandling.parser.SymbolParser - TextComposite{level=SYMBOL} added i
2019-12-13 18:44:38.874 [main] 3718 INFO  com.liukhtenko.informationHandling.parser.LexemeParser - TextComposite{level=LEXEME} added TextComposite{level=SYMBOL}
2019-12-13 18:44:38.874 [main] 3718 INFO  com.liukhtenko.informationHandling.parser.SymbolParser - TextComposite{level=SYMBOL} added s
2019-12-13 18:44:38.874 [main] 3718 INFO  com.liukhtenko.informationHandling.parser.SentenceParser - TextComposite{level=SENTENCE} added TextComposite{level=LEXEME}
2019-12-13 18:44:38.875 [main] 3719 INFO  com.liukhtenko.informationHandling.parser.LexemeParser - TextComposite{level=LEXEME} added TextComposite{level=SYMBOL}
2019-12-13 18:44:38.875 [main] 3719 INFO  com.liukhtenko.informationHandling.parser.SymbolParser - TextComposite{level=SYMBOL} added t
2019-12-13 18:44:38.875 [main] 3719 INFO  com.liukhtenko.informationHandling.parser.LexemeParser - TextComposite{level=LEXEME} added TextComposite{level=SYMBOL}
2019-12-13 18:44:38.875 [main] 3719 INFO  com.liukhtenko.informationHandling.parser.SymbolParser - TextComposite{level=SYMBOL} added h
2019-12-13 18:44:38.875 [main] 3719 INFO  com.liukhtenko.informationHandling.parser.LexemeParser - TextComposite{level=LEXEME} added TextComposite{level=SYMBOL}
2019-12-13 18:44:38.875 [main] 3719 INFO  com.liukhtenko.informationHandling.parser.SymbolParser - TextComposite{level=SYMBOL} added a
2019-12-13 18:44:38.875 [main] 3719 INFO  com.liukhtenko.informationHandling.parser.LexemeParser - TextComposite{level=LEXEME} added TextComposite{level=SYMBOL}
2019-12-13 18:44:38.875 [main] 3719 INFO  com.liukhtenko.informationHandling.parser.SymbolParser - TextComposite{level=SYMBOL} added t
2019-12-13 18:44:38.875 [main] 3719 INFO  com.liukhtenko.informationHandling.parser.SentenceParser - TextComposite{level=SENTENCE} added TextComposite{level=LEXEME}
2019-12-13 18:44:38.875 [main] 3719 INFO  com.liukhtenko.informationHandling.parser.LexemeParser - TextComposite{level=LEXEME} added TextComposite{level=SYMBOL}
2019-12-13 18:44:38.875 [main] 3719 INFO  com.liukhtenko.informationHandling.parser.SymbolParser - TextComposite{level=SYMBOL} added i
2019-12-13 18:44:38.875 [main] 3719 INFO  com.liukhtenko.informationHandling.parser.LexemeParser - TextComposite{level=LEXEME} added TextComposite{level=SYMBOL}
2019-12-13 18:44:38.876 [main] 3720 INFO  com.liukhtenko.informationHandling.parser.SymbolParser - TextComposite{level=SYMBOL} added t
2019-12-13 18:44:38.876 [main] 3720 INFO  com.liukhtenko.informationHandling.parser.SentenceParser - TextComposite{level=SENTENCE} added TextComposite{level=LEXEME}
2019-12-13 18:44:38.876 [main] 3720 INFO  com.liukhtenko.informationHandling.parser.LexemeParser - TextComposite{level=LEXEME} added TextComposite{level=SYMBOL}
2019-12-13 18:44:38.876 [main] 3720 INFO  com.liukhtenko.informationHandling.parser.SymbolParser - TextComposite{level=SYMBOL} added h
2019-12-13 18:44:38.876 [main] 3720 INFO  com.liukhtenko.informationHandling.parser.LexemeParser - TextComposite{level=LEXEME} added TextComposite{level=SYMBOL}
2019-12-13 18:44:38.876 [main] 3720 INFO  com.liukhtenko.informationHandling.parser.SymbolParser - TextComposite{level=SYMBOL} added a
2019-12-13 18:44:38.876 [main] 3720 INFO  com.liukhtenko.informationHandling.parser.LexemeParser - TextComposite{level=LEXEME} added TextComposite{level=SYMBOL}
2019-12-13 18:44:38.876 [main] 3720 INFO  com.liukhtenko.informationHandling.parser.SymbolParser - TextComposite{level=SYMBOL} added s
2019-12-13 18:44:38.876 [main] 3720 INFO  com.liukhtenko.informationHandling.parser.SentenceParser - TextComposite{level=SENTENCE} added TextComposite{level=LEXEME}
2019-12-13 18:44:38.876 [main] 3720 INFO  com.liukhtenko.informationHandling.parser.LexemeParser - TextComposite{level=LEXEME} added TextComposite{level=SYMBOL}
2019-12-13 18:44:38.876 [main] 3720 INFO  com.liukhtenko.informationHandling.parser.SymbolParser - TextComposite{level=SYMBOL} added a
2019-12-13 18:44:38.877 [main] 3721 INFO  com.liukhtenko.informationHandling.parser.LexemeParser - TextComposite{level=LEXEME} added TextComposite{level=SYMBOL}
2019-12-13 18:44:38.877 [main] 3721 INFO  com.liukhtenko.informationHandling.parser.SymbolParser - TextComposite{level=SYMBOL} added m
2019-12-13 18:44:38.877 [main] 3721 INFO  com.liukhtenko.informationHandling.parser.LexemeParser - TextComposite{level=LEXEME} added TextComposite{level=SYMBOL}
2019-12-13 18:44:38.877 [main] 3721 INFO  com.liukhtenko.informationHandling.parser.SymbolParser - TextComposite{level=SYMBOL} added o
2019-12-13 18:44:38.877 [main] 3721 INFO  com.liukhtenko.informationHandling.parser.LexemeParser - TextComposite{level=LEXEME} added TextComposite{level=SYMBOL}
2019-12-13 18:44:38.877 [main] 3721 INFO  com.liukhtenko.informationHandling.parser.SymbolParser - TextComposite{level=SYMBOL} added r
2019-12-13 18:44:38.877 [main] 3721 INFO  com.liukhtenko.informationHandling.parser.LexemeParser - TextComposite{level=LEXEME} added TextComposite{level=SYMBOL}
2019-12-13 18:44:38.877 [main] 3721 INFO  com.liukhtenko.informationHandling.parser.SymbolParser - TextComposite{level=SYMBOL} added e
2019-12-13 18:44:38.877 [main] 3721 INFO  com.liukhtenko.informationHandling.parser.LexemeParser - TextComposite{level=LEXEME} added TextComposite{level=SYMBOL}
2019-12-13 18:44:38.877 [main] 3721 INFO  com.liukhtenko.informationHandling.parser.SymbolParser - TextComposite{level=SYMBOL} added -
2019-12-13 18:44:38.878 [main] 3722 INFO  com.liukhtenko.informationHandling.parser.LexemeParser - TextComposite{level=LEXEME} added TextComposite{level=SYMBOL}
2019-12-13 18:44:38.878 [main] 3722 INFO  com.liukhtenko.informationHandling.parser.SymbolParser - TextComposite{level=SYMBOL} added o
2019-12-13 18:44:38.878 [main] 3722 INFO  com.liukhtenko.informationHandling.parser.LexemeParser - TextComposite{level=LEXEME} added TextComposite{level=SYMBOL}
2019-12-13 18:44:38.878 [main] 3722 INFO  com.liukhtenko.informationHandling.parser.SymbolParser - TextComposite{level=SYMBOL} added r
2019-12-13 18:44:38.878 [main] 3722 INFO  com.liukhtenko.informationHandling.parser.LexemeParser - TextComposite{level=LEXEME} added TextComposite{level=SYMBOL}
2019-12-13 18:44:38.878 [main] 3722 INFO  com.liukhtenko.informationHandling.parser.SymbolParser - TextComposite{level=SYMBOL} added -
2019-12-13 18:44:38.878 [main] 3722 INFO  com.liukhtenko.informationHandling.parser.LexemeParser - TextComposite{level=LEXEME} added TextComposite{level=SYMBOL}
2019-12-13 18:44:38.878 [main] 3722 INFO  com.liukhtenko.informationHandling.parser.SymbolParser - TextComposite{level=SYMBOL} added l
2019-12-13 18:44:38.878 [main] 3722 INFO  com.liukhtenko.informationHandling.parser.LexemeParser - TextComposite{level=LEXEME} added TextComposite{level=SYMBOL}
2019-12-13 18:44:38.878 [main] 3722 INFO  com.liukhtenko.informationHandling.parser.SymbolParser - TextComposite{level=SYMBOL} added e
2019-12-13 18:44:38.879 [main] 3723 INFO  com.liukhtenko.informationHandling.parser.LexemeParser - TextComposite{level=LEXEME} added TextComposite{level=SYMBOL}
2019-12-13 18:44:38.879 [main] 3723 INFO  com.liukhtenko.informationHandling.parser.SymbolParser - TextComposite{level=SYMBOL} added s
2019-12-13 18:44:38.879 [main] 3723 INFO  com.liukhtenko.informationHandling.parser.LexemeParser - TextComposite{level=LEXEME} added TextComposite{level=SYMBOL}
2019-12-13 18:44:38.879 [main] 3723 INFO  com.liukhtenko.informationHandling.parser.SymbolParser - TextComposite{level=SYMBOL} added s
2019-12-13 18:44:38.879 [main] 3723 INFO  com.liukhtenko.informationHandling.parser.SentenceParser - TextComposite{level=SENTENCE} added TextComposite{level=LEXEME}
2019-12-13 18:44:38.879 [main] 3723 INFO  com.liukhtenko.informationHandling.parser.LexemeParser - TextComposite{level=LEXEME} added TextComposite{level=SYMBOL}
2019-12-13 18:44:38.879 [main] 3723 INFO  com.liukhtenko.informationHandling.parser.SymbolParser - TextComposite{level=SYMBOL} added n
2019-12-13 18:44:38.879 [main] 3723 INFO  com.liukhtenko.informationHandling.parser.LexemeParser - TextComposite{level=LEXEME} added TextComposite{level=SYMBOL}
2019-12-13 18:44:38.880 [main] 3724 INFO  com.liukhtenko.informationHandling.parser.SymbolParser - TextComposite{level=SYMBOL} added o
2019-12-13 18:44:38.880 [main] 3724 INFO  com.liukhtenko.informationHandling.parser.LexemeParser - TextComposite{level=LEXEME} added TextComposite{level=SYMBOL}
2019-12-13 18:44:38.880 [main] 3724 INFO  com.liukhtenko.informationHandling.parser.SymbolParser - TextComposite{level=SYMBOL} added r
2019-12-13 18:44:38.880 [main] 3724 INFO  com.liukhtenko.informationHandling.parser.LexemeParser - TextComposite{level=LEXEME} added TextComposite{level=SYMBOL}
2019-12-13 18:44:38.880 [main] 3724 INFO  com.liukhtenko.informationHandling.parser.SymbolParser - TextComposite{level=SYMBOL} added m
2019-12-13 18:44:38.880 [main] 3724 INFO  com.liukhtenko.informationHandling.parser.LexemeParser - TextComposite{level=LEXEME} added TextComposite{level=SYMBOL}
2019-12-13 18:44:38.880 [main] 3724 INFO  com.liukhtenko.informationHandling.parser.SymbolParser - TextComposite{level=SYMBOL} added a
2019-12-13 18:44:38.880 [main] 3724 INFO  com.liukhtenko.informationHandling.parser.LexemeParser - TextComposite{level=LEXEME} added TextComposite{level=SYMBOL}
2019-12-13 18:44:38.880 [main] 3724 INFO  com.liukhtenko.informationHandling.parser.SymbolParser - TextComposite{level=SYMBOL} added l
2019-12-13 18:44:38.880 [main] 3724 INFO  com.liukhtenko.informationHandling.parser.SentenceParser - TextComposite{level=SENTENCE} added TextComposite{level=LEXEME}
2019-12-13 18:44:38.881 [main] 3725 INFO  com.liukhtenko.informationHandling.parser.LexemeParser - TextComposite{level=LEXEME} added TextComposite{level=SYMBOL}
2019-12-13 18:44:38.881 [main] 3725 INFO  com.liukhtenko.informationHandling.parser.SymbolParser - TextComposite{level=SYMBOL} added d
2019-12-13 18:44:38.881 [main] 3725 INFO  com.liukhtenko.informationHandling.parser.LexemeParser - TextComposite{level=LEXEME} added TextComposite{level=SYMBOL}
2019-12-13 18:44:38.881 [main] 3725 INFO  com.liukhtenko.informationHandling.parser.SymbolParser - TextComposite{level=SYMBOL} added i
2019-12-13 18:44:38.881 [main] 3725 INFO  com.liukhtenko.informationHandling.parser.LexemeParser - TextComposite{level=LEXEME} added TextComposite{level=SYMBOL}
2019-12-13 18:44:38.881 [main] 3725 INFO  com.liukhtenko.informationHandling.parser.SymbolParser - TextComposite{level=SYMBOL} added s
2019-12-13 18:44:38.881 [main] 3725 INFO  com.liukhtenko.informationHandling.parser.LexemeParser - TextComposite{level=LEXEME} added TextComposite{level=SYMBOL}
2019-12-13 18:44:38.881 [main] 3725 INFO  com.liukhtenko.informationHandling.parser.SymbolParser - TextComposite{level=SYMBOL} added t
2019-12-13 18:44:38.882 [main] 3726 INFO  com.liukhtenko.informationHandling.parser.LexemeParser - TextComposite{level=LEXEME} added TextComposite{level=SYMBOL}
2019-12-13 18:44:38.882 [main] 3726 INFO  com.liukhtenko.informationHandling.parser.SymbolParser - TextComposite{level=SYMBOL} added r
2019-12-13 18:44:38.882 [main] 3726 INFO  com.liukhtenko.informationHandling.parser.LexemeParser - TextComposite{level=LEXEME} added TextComposite{level=SYMBOL}
2019-12-13 18:44:38.882 [main] 3726 INFO  com.liukhtenko.informationHandling.parser.SymbolParser - TextComposite{level=SYMBOL} added i
2019-12-13 18:44:38.882 [main] 3726 INFO  com.liukhtenko.informationHandling.parser.LexemeParser - TextComposite{level=LEXEME} added TextComposite{level=SYMBOL}
2019-12-13 18:44:38.882 [main] 3726 INFO  com.liukhtenko.informationHandling.parser.SymbolParser - TextComposite{level=SYMBOL} added b
2019-12-13 18:44:38.882 [main] 3726 INFO  com.liukhtenko.informationHandling.parser.LexemeParser - TextComposite{level=LEXEME} added TextComposite{level=SYMBOL}
2019-12-13 18:44:38.882 [main] 3726 INFO  com.liukhtenko.informationHandling.parser.SymbolParser - TextComposite{level=SYMBOL} added u
2019-12-13 18:44:38.882 [main] 3726 INFO  com.liukhtenko.informationHandling.parser.LexemeParser - TextComposite{level=LEXEME} added TextComposite{level=SYMBOL}
2019-12-13 18:44:38.882 [main] 3726 INFO  com.liukhtenko.informationHandling.parser.SymbolParser - TextComposite{level=SYMBOL} added t
2019-12-13 18:44:38.883 [main] 3727 INFO  com.liukhtenko.informationHandling.parser.LexemeParser - TextComposite{level=LEXEME} added TextComposite{level=SYMBOL}
2019-12-13 18:44:38.883 [main] 3727 INFO  com.liukhtenko.informationHandling.parser.SymbolParser - TextComposite{level=SYMBOL} added i
2019-12-13 18:44:38.883 [main] 3727 INFO  com.liukhtenko.informationHandling.parser.LexemeParser - TextComposite{level=LEXEME} added TextComposite{level=SYMBOL}
2019-12-13 18:44:38.883 [main] 3727 INFO  com.liukhtenko.informationHandling.parser.SymbolParser - TextComposite{level=SYMBOL} added o
2019-12-13 18:44:38.883 [main] 3727 INFO  com.liukhtenko.informationHandling.parser.LexemeParser - TextComposite{level=LEXEME} added TextComposite{level=SYMBOL}
2019-12-13 18:44:38.883 [main] 3727 INFO  com.liukhtenko.informationHandling.parser.SymbolParser - TextComposite{level=SYMBOL} added n
2019-12-13 18:44:38.883 [main] 3727 INFO  com.liukhtenko.informationHandling.parser.SentenceParser - TextComposite{level=SENTENCE} added TextComposite{level=LEXEME}
2019-12-13 18:44:38.883 [main] 3727 INFO  com.liukhtenko.informationHandling.parser.LexemeParser - TextComposite{level=LEXEME} added TextComposite{level=SYMBOL}
2019-12-13 18:44:38.883 [main] 3727 INFO  com.liukhtenko.informationHandling.parser.SymbolParser - TextComposite{level=SYMBOL} added o
2019-12-13 18:44:38.883 [main] 3727 INFO  com.liukhtenko.informationHandling.parser.LexemeParser - TextComposite{level=LEXEME} added TextComposite{level=SYMBOL}
2019-12-13 18:44:38.884 [main] 3728 INFO  com.liukhtenko.informationHandling.parser.SymbolParser - TextComposite{level=SYMBOL} added b
2019-12-13 18:44:38.884 [main] 3728 INFO  com.liukhtenko.informationHandling.parser.LexemeParser - TextComposite{level=LEXEME} added TextComposite{level=SYMBOL}
2019-12-13 18:44:38.884 [main] 3728 INFO  com.liukhtenko.informationHandling.parser.SymbolParser - TextComposite{level=SYMBOL} added .
2019-12-13 18:44:38.884 [main] 3728 INFO  com.liukhtenko.informationHandling.parser.LexemeParser - TextComposite{level=LEXEME} added TextComposite{level=SYMBOL}
2019-12-13 18:44:38.884 [main] 3728 INFO  com.liukhtenko.informationHandling.parser.SymbolParser - TextComposite{level=SYMBOL} added t
2019-12-13 18:44:38.884 [main] 3728 INFO  com.liukhtenko.informationHandling.parser.LexemeParser - TextComposite{level=LEXEME} added TextComposite{level=SYMBOL}
2019-12-13 18:44:38.884 [main] 3728 INFO  com.liukhtenko.informationHandling.parser.SymbolParser - TextComposite{level=SYMBOL} added o
2019-12-13 18:44:38.885 [main] 3729 INFO  com.liukhtenko.informationHandling.parser.LexemeParser - TextComposite{level=LEXEME} added TextComposite{level=SYMBOL}
2019-12-13 18:44:38.885 [main] 3729 INFO  com.liukhtenko.informationHandling.parser.SymbolParser - TextComposite{level=SYMBOL} added S
2019-12-13 18:44:38.885 [main] 3729 INFO  com.liukhtenko.informationHandling.parser.LexemeParser - TextComposite{level=LEXEME} added TextComposite{level=SYMBOL}
2019-12-13 18:44:38.885 [main] 3729 INFO  com.liukhtenko.informationHandling.parser.SymbolParser - TextComposite{level=SYMBOL} added t
2019-12-13 18:44:38.885 [main] 3729 INFO  com.liukhtenko.informationHandling.parser.LexemeParser - TextComposite{level=LEXEME} added TextComposite{level=SYMBOL}
2019-12-13 18:44:38.885 [main] 3729 INFO  com.liukhtenko.informationHandling.parser.SymbolParser - TextComposite{level=SYMBOL} added r
2019-12-13 18:44:38.885 [main] 3729 INFO  com.liukhtenko.informationHandling.parser.LexemeParser - TextComposite{level=LEXEME} added TextComposite{level=SYMBOL}
2019-12-13 18:44:38.885 [main] 3729 INFO  com.liukhtenko.informationHandling.parser.SymbolParser - TextComposite{level=SYMBOL} added i
2019-12-13 18:44:38.886 [main] 3730 INFO  com.liukhtenko.informationHandling.parser.LexemeParser - TextComposite{level=LEXEME} added TextComposite{level=SYMBOL}
2019-12-13 18:44:38.886 [main] 3730 INFO  com.liukhtenko.informationHandling.parser.SymbolParser - TextComposite{level=SYMBOL} added n
2019-12-13 18:44:38.886 [main] 3730 INFO  com.liukhtenko.informationHandling.parser.LexemeParser - TextComposite{level=LEXEME} added TextComposite{level=SYMBOL}
2019-12-13 18:44:38.886 [main] 3730 INFO  com.liukhtenko.informationHandling.parser.SymbolParser - TextComposite{level=SYMBOL} added g
2019-12-13 18:44:38.886 [main] 3730 INFO  com.liukhtenko.informationHandling.parser.LexemeParser - TextComposite{level=LEXEME} added TextComposite{level=SYMBOL}
2019-12-13 18:44:38.886 [main] 3730 INFO  com.liukhtenko.informationHandling.parser.SymbolParser - TextComposite{level=SYMBOL} added (
2019-12-13 18:44:38.886 [main] 3730 INFO  com.liukhtenko.informationHandling.parser.LexemeParser - TextComposite{level=LEXEME} added TextComposite{level=SYMBOL}
2019-12-13 18:44:38.886 [main] 3730 INFO  com.liukhtenko.informationHandling.parser.SymbolParser - TextComposite{level=SYMBOL} added a
2019-12-13 18:44:38.886 [main] 3730 INFO  com.liukhtenko.informationHandling.parser.LexemeParser - TextComposite{level=LEXEME} added TextComposite{level=SYMBOL}
2019-12-13 18:44:38.886 [main] 3730 INFO  com.liukhtenko.informationHandling.parser.SymbolParser - TextComposite{level=SYMBOL} added ?
2019-12-13 18:44:38.887 [main] 3731 INFO  com.liukhtenko.informationHandling.parser.LexemeParser - TextComposite{level=LEXEME} added TextComposite{level=SYMBOL}
2019-12-13 18:44:38.887 [main] 3731 INFO  com.liukhtenko.informationHandling.parser.SymbolParser - TextComposite{level=SYMBOL} added b
2019-12-13 18:44:38.887 [main] 3731 INFO  com.liukhtenko.informationHandling.parser.LexemeParser - TextComposite{level=LEXEME} added TextComposite{level=SYMBOL}
2019-12-13 18:44:38.887 [main] 3731 INFO  com.liukhtenko.informationHandling.parser.SymbolParser - TextComposite{level=SYMBOL} added :
2019-12-13 18:44:38.887 [main] 3731 INFO  com.liukhtenko.informationHandling.parser.LexemeParser - TextComposite{level=LEXEME} added TextComposite{level=SYMBOL}
2019-12-13 18:44:38.887 [main] 3731 INFO  com.liukhtenko.informationHandling.parser.SymbolParser - TextComposite{level=SYMBOL} added c
2019-12-13 18:44:38.887 [main] 3731 INFO  com.liukhtenko.informationHandling.parser.LexemeParser - TextComposite{level=LEXEME} added TextComposite{level=SYMBOL}
2019-12-13 18:44:38.887 [main] 3731 INFO  com.liukhtenko.informationHandling.parser.SymbolParser - TextComposite{level=SYMBOL} added )
2019-12-13 18:44:38.887 [main] 3731 INFO  com.liukhtenko.informationHandling.parser.LexemeParser - TextComposite{level=LEXEME} added TextComposite{level=SYMBOL}
2019-12-13 18:44:38.887 [main] 3731 INFO  com.liukhtenko.informationHandling.parser.SymbolParser - TextComposite{level=SYMBOL} added ,
2019-12-13 18:44:38.888 [main] 3732 INFO  com.liukhtenko.informationHandling.parser.SentenceParser - TextComposite{level=SENTENCE} added TextComposite{level=LEXEME}
2019-12-13 18:44:38.888 [main] 3732 INFO  com.liukhtenko.informationHandling.parser.LexemeParser - TextComposite{level=LEXEME} added TextComposite{level=SYMBOL}
2019-12-13 18:44:38.888 [main] 3732 INFO  com.liukhtenko.informationHandling.parser.SymbolParser - TextComposite{level=SYMBOL} added a
2019-12-13 18:44:38.888 [main] 3732 INFO  com.liukhtenko.informationHandling.parser.LexemeParser - TextComposite{level=LEXEME} added TextComposite{level=SYMBOL}
2019-12-13 18:44:38.888 [main] 3732 INFO  com.liukhtenko.informationHandling.parser.SymbolParser - TextComposite{level=SYMBOL} added s
2019-12-13 18:44:38.888 [main] 3732 INFO  com.liukhtenko.informationHandling.parser.SentenceParser - TextComposite{level=SENTENCE} added TextComposite{level=LEXEME}
2019-12-13 18:44:38.888 [main] 3732 INFO  com.liukhtenko.informationHandling.parser.LexemeParser - TextComposite{level=LEXEME} added TextComposite{level=SYMBOL}
2019-12-13 18:44:38.888 [main] 3732 INFO  com.liukhtenko.informationHandling.parser.SymbolParser - TextComposite{level=SYMBOL} added o
2019-12-13 18:44:38.888 [main] 3732 INFO  com.liukhtenko.informationHandling.parser.LexemeParser - TextComposite{level=LEXEME} added TextComposite{level=SYMBOL}
2019-12-13 18:44:38.888 [main] 3732 INFO  com.liukhtenko.informationHandling.parser.SymbolParser - TextComposite{level=SYMBOL} added p
2019-12-13 18:44:38.889 [main] 3733 INFO  com.liukhtenko.informationHandling.parser.LexemeParser - TextComposite{level=LEXEME} added TextComposite{level=SYMBOL}
2019-12-13 18:44:38.889 [main] 3733 INFO  com.liukhtenko.informationHandling.parser.SymbolParser - TextComposite{level=SYMBOL} added p
2019-12-13 18:44:38.889 [main] 3733 INFO  com.liukhtenko.informationHandling.parser.LexemeParser - TextComposite{level=LEXEME} added TextComposite{level=SYMBOL}
2019-12-13 18:44:38.889 [main] 3733 INFO  com.liukhtenko.informationHandling.parser.SymbolParser - TextComposite{level=SYMBOL} added o
2019-12-13 18:44:38.889 [main] 3733 INFO  com.liukhtenko.informationHandling.parser.LexemeParser - TextComposite{level=LEXEME} added TextComposite{level=SYMBOL}
2019-12-13 18:44:38.889 [main] 3733 INFO  com.liukhtenko.informationHandling.parser.SymbolParser - TextComposite{level=SYMBOL} added s
2019-12-13 18:44:38.889 [main] 3733 INFO  com.liukhtenko.informationHandling.parser.LexemeParser - TextComposite{level=LEXEME} added TextComposite{level=SYMBOL}
2019-12-13 18:44:38.889 [main] 3733 INFO  com.liukhtenko.informationHandling.parser.SymbolParser - TextComposite{level=SYMBOL} added e
2019-12-13 18:44:38.889 [main] 3733 INFO  com.liukhtenko.informationHandling.parser.LexemeParser - TextComposite{level=LEXEME} added TextComposite{level=SYMBOL}
2019-12-13 18:44:38.889 [main] 3733 INFO  com.liukhtenko.informationHandling.parser.SymbolParser - TextComposite{level=SYMBOL} added d
2019-12-13 18:44:38.890 [main] 3734 INFO  com.liukhtenko.informationHandling.parser.SentenceParser - TextComposite{level=SENTENCE} added TextComposite{level=LEXEME}
2019-12-13 18:44:38.890 [main] 3734 INFO  com.liukhtenko.informationHandling.parser.LexemeParser - TextComposite{level=LEXEME} added TextComposite{level=SYMBOL}
2019-12-13 18:44:38.890 [main] 3734 INFO  com.liukhtenko.informationHandling.parser.SymbolParser - TextComposite{level=SYMBOL} added t
2019-12-13 18:44:38.890 [main] 3734 INFO  com.liukhtenko.informationHandling.parser.LexemeParser - TextComposite{level=LEXEME} added TextComposite{level=SYMBOL}
2019-12-13 18:44:38.890 [main] 3734 INFO  com.liukhtenko.informationHandling.parser.SymbolParser - TextComposite{level=SYMBOL} added o
2019-12-13 18:44:38.890 [main] 3734 INFO  com.liukhtenko.informationHandling.parser.SentenceParser - TextComposite{level=SENTENCE} added TextComposite{level=LEXEME}
2019-12-13 18:44:38.890 [main] 3734 INFO  com.liukhtenko.informationHandling.parser.LexemeParser - TextComposite{level=LEXEME} added TextComposite{level=SYMBOL}
2019-12-13 18:44:38.890 [main] 3734 INFO  com.liukhtenko.informationHandling.parser.SymbolParser - TextComposite{level=SYMBOL} added u
2019-12-13 18:44:38.890 [main] 3734 INFO  com.liukhtenko.informationHandling.parser.LexemeParser - TextComposite{level=LEXEME} added TextComposite{level=SYMBOL}
2019-12-13 18:44:38.890 [main] 3734 INFO  com.liukhtenko.informationHandling.parser.SymbolParser - TextComposite{level=SYMBOL} added s
2019-12-13 18:44:38.891 [main] 3735 INFO  com.liukhtenko.informationHandling.parser.LexemeParser - TextComposite{level=LEXEME} added TextComposite{level=SYMBOL}
2019-12-13 18:44:38.891 [main] 3735 INFO  com.liukhtenko.informationHandling.parser.SymbolParser - TextComposite{level=SYMBOL} added i
2019-12-13 18:44:38.891 [main] 3735 INFO  com.liukhtenko.informationHandling.parser.LexemeParser - TextComposite{level=LEXEME} added TextComposite{level=SYMBOL}
2019-12-13 18:44:38.891 [main] 3735 INFO  com.liukhtenko.informationHandling.parser.SymbolParser - TextComposite{level=SYMBOL} added n
2019-12-13 18:44:38.891 [main] 3735 INFO  com.liukhtenko.informationHandling.parser.LexemeParser - TextComposite{level=LEXEME} added TextComposite{level=SYMBOL}
2019-12-13 18:44:38.891 [main] 3735 INFO  com.liukhtenko.informationHandling.parser.SymbolParser - TextComposite{level=SYMBOL} added g
2019-12-13 18:44:38.891 [main] 3735 INFO  com.liukhtenko.informationHandling.parser.SentenceParser - TextComposite{level=SENTENCE} added TextComposite{level=LEXEME}
2019-12-13 18:44:38.891 [main] 3735 INFO  com.liukhtenko.informationHandling.parser.LexemeParser - TextComposite{level=LEXEME} added TextComposite{level=SYMBOL}
2019-12-13 18:44:38.891 [main] 3735 INFO  com.liukhtenko.informationHandling.parser.SymbolParser - TextComposite{level=SYMBOL} added (
