2019-12-13 16:58:00.076 [main] 4561 INFO  com.liukhtenko.informationHandling.parser.ParagraphParser - TextComposite{level=PARAGRAPH, components=[TextComposite{level=SENTENCE, components=[]}]} added TextComposite{level=SENTENCE, components=[]}
2019-12-13 16:58:00.076 [main] 4561 INFO  com.liukhtenko.informationHandling.parser.SentenceParser - TextComposite{level=SENTENCE, components=[TextComposite{level=LEXEME, components=[]}]} added TextComposite{level=LEXEME, components=[]}
2019-12-13 16:58:00.076 [main] 4561 INFO  com.liukhtenko.informationHandling.parser.LexemeParser - TextComposite{level=LEXEME, components=[TextComposite{level=SYMBOL, components=[]}]} added TextComposite{level=SYMBOL, components=[]}
2019-12-13 16:58:00.076 [main] 4561 INFO  com.liukhtenko.informationHandling.parser.SymbolParser - TextComposite{level=SYMBOL, components=[B]} added B
2019-12-13 16:58:00.076 [main] 4561 INFO  com.liukhtenko.informationHandling.parser.LexemeParser - TextComposite{level=LEXEME, components=[TextComposite{level=SYMBOL, components=[B]}, TextComposite{level=SYMBOL, components=[]}]} added TextComposite{level=SYMBOL, components=[]}
2019-12-13 16:58:00.076 [main] 4561 INFO  com.liukhtenko.informationHandling.parser.SymbolParser - TextComposite{level=SYMBOL, components=[y]} added y
2019-12-13 16:58:00.076 [main] 4561 INFO  com.liukhtenko.informationHandling.parser.LexemeParser - TextComposite{level=LEXEME, components=[TextComposite{level=SYMBOL, components=[B]}, TextComposite{level=SYMBOL, components=[y]}, TextComposite{level=SYMBOL, components=[]}]} added TextComposite{level=SYMBOL, components=[]}
2019-12-13 16:58:00.076 [main] 4561 INFO  com.liukhtenko.informationHandling.parser.SymbolParser - TextComposite{level=SYMBOL, components=[e]} added e
2019-12-13 16:58:00.076 [main] 4561 INFO  com.liukhtenko.informationHandling.parser.SentenceParser - TextComposite{level=SENTENCE, components=[TextComposite{level=LEXEME, components=[TextComposite{level=SYMBOL, components=[B]}, TextComposite{level=SYMBOL, components=[y]}, TextComposite{level=SYMBOL, components=[e]}]}, TextComposite{level=LEXEME, components=[]}]} added TextComposite{level=LEXEME, components=[]}
2019-12-13 16:58:00.076 [main] 4561 INFO  com.liukhtenko.informationHandling.parser.LexemeParser - TextComposite{level=LEXEME, components=[TextComposite{level=SYMBOL, components=[]}]} added TextComposite{level=SYMBOL, components=[]}
2019-12-13 16:58:00.076 [main] 4561 INFO  com.liukhtenko.informationHandling.parser.SymbolParser - TextComposite{level=SYMBOL, components=[б]} added б
2019-12-13 16:58:00.086 [main] 4571 INFO  com.liukhtenko.informationHandling.parser.LexemeParser - TextComposite{level=LEXEME, components=[TextComposite{level=SYMBOL, components=[б]}, TextComposite{level=SYMBOL, components=[]}]} added TextComposite{level=SYMBOL, components=[]}
2019-12-13 16:58:00.086 [main] 4571 INFO  com.liukhtenko.informationHandling.parser.SymbolParser - TextComposite{level=SYMBOL, components=[а]} added а
2019-12-13 16:58:00.086 [main] 4571 INFO  com.liukhtenko.informationHandling.parser.LexemeParser - TextComposite{level=LEXEME, components=[TextComposite{level=SYMBOL, components=[б]}, TextComposite{level=SYMBOL, components=[а]}, TextComposite{level=SYMBOL, components=[]}]} added TextComposite{level=SYMBOL, components=[]}
2019-12-13 16:58:00.086 [main] 4571 INFO  com.liukhtenko.informationHandling.parser.SymbolParser - TextComposite{level=SYMBOL, components=[н]} added н
2019-12-13 16:58:00.086 [main] 4571 INFO  com.liukhtenko.informationHandling.parser.LexemeParser - TextComposite{level=LEXEME, components=[TextComposite{level=SYMBOL, components=[б]}, TextComposite{level=SYMBOL, components=[а]}, TextComposite{level=SYMBOL, components=[н]}, TextComposite{level=SYMBOL, components=[]}]} added TextComposite{level=SYMBOL, components=[]}
2019-12-13 16:58:00.086 [main] 4571 INFO  com.liukhtenko.informationHandling.parser.SymbolParser - TextComposite{level=SYMBOL, components=[д]} added д
2019-12-13 16:58:00.086 [main] 4571 INFO  com.liukhtenko.informationHandling.parser.LexemeParser - TextComposite{level=LEXEME, components=[TextComposite{level=SYMBOL, components=[б]}, TextComposite{level=SYMBOL, components=[а]}, TextComposite{level=SYMBOL, components=[н]}, TextComposite{level=SYMBOL, components=[д]}, TextComposite{level=SYMBOL, components=[]}]} added TextComposite{level=SYMBOL, components=[]}
2019-12-13 16:58:00.086 [main] 4571 INFO  com.liukhtenko.informationHandling.parser.SymbolParser - TextComposite{level=SYMBOL, components=[е]} added е
2019-12-13 16:58:00.086 [main] 4571 INFO  com.liukhtenko.informationHandling.parser.LexemeParser - TextComposite{level=LEXEME, components=[TextComposite{level=SYMBOL, components=[б]}, TextComposite{level=SYMBOL, components=[а]}, TextComposite{level=SYMBOL, components=[н]}, TextComposite{level=SYMBOL, components=[д]}, TextComposite{level=SYMBOL, components=[е]}, TextComposite{level=SYMBOL, components=[]}]} added TextComposite{level=SYMBOL, components=[]}
2019-12-13 16:58:00.086 [main] 4571 INFO  com.liukhtenko.informationHandling.parser.SymbolParser - TextComposite{level=SYMBOL, components=[р]} added р
2019-12-13 16:58:00.086 [main] 4571 INFO  com.liukhtenko.informationHandling.parser.LexemeParser - TextComposite{level=LEXEME, components=[TextComposite{level=SYMBOL, components=[б]}, TextComposite{level=SYMBOL, components=[а]}, TextComposite{level=SYMBOL, components=[н]}, TextComposite{level=SYMBOL, components=[д]}, TextComposite{level=SYMBOL, components=[е]}, TextComposite{level=SYMBOL, components=[р]}, TextComposite{level=SYMBOL, components=[]}]} added TextComposite{level=SYMBOL, components=[]}
2019-12-13 16:58:00.086 [main] 4571 INFO  com.liukhtenko.informationHandling.parser.SymbolParser - TextComposite{level=SYMBOL, components=[л]} added л
2019-12-13 16:58:00.086 [main] 4571 INFO  com.liukhtenko.informationHandling.parser.LexemeParser - TextComposite{level=LEXEME, components=[TextComposite{level=SYMBOL, components=[б]}, TextComposite{level=SYMBOL, components=[а]}, TextComposite{level=SYMBOL, components=[н]}, TextComposite{level=SYMBOL, components=[д]}, TextComposite{level=SYMBOL, components=[е]}, TextComposite{level=SYMBOL, components=[р]}, TextComposite{level=SYMBOL, components=[л]}, TextComposite{level=SYMBOL, components=[]}]} added TextComposite{level=SYMBOL, components=[]}
2019-12-13 16:58:00.086 [main] 4571 INFO  com.liukhtenko.informationHandling.parser.SymbolParser - TextComposite{level=SYMBOL, components=[о]} added о
2019-12-13 16:58:00.086 [main] 4571 INFO  com.liukhtenko.informationHandling.parser.LexemeParser - TextComposite{level=LEXEME, components=[TextComposite{level=SYMBOL, components=[б]}, TextComposite{level=SYMBOL, components=[а]}, TextComposite{level=SYMBOL, components=[н]}, TextComposite{level=SYMBOL, components=[д]}, TextComposite{level=SYMBOL, components=[е]}, TextComposite{level=SYMBOL, components=[р]}, TextComposite{level=SYMBOL, components=[л]}, TextComposite{level=SYMBOL, components=[о]}, TextComposite{level=SYMBOL, components=[]}]} added TextComposite{level=SYMBOL, components=[]}
2019-12-13 16:58:00.086 [main] 4571 INFO  com.liukhtenko.informationHandling.parser.SymbolParser - TextComposite{level=SYMBOL, components=[г]} added г
2019-12-13 16:58:00.086 [main] 4571 INFO  com.liukhtenko.informationHandling.parser.LexemeParser - TextComposite{level=LEXEME, components=[TextComposite{level=SYMBOL, components=[б]}, TextComposite{level=SYMBOL, components=[а]}, TextComposite{level=SYMBOL, components=[н]}, TextComposite{level=SYMBOL, components=[д]}, TextComposite{level=SYMBOL, components=[е]}, TextComposite{level=SYMBOL, components=[р]}, TextComposite{level=SYMBOL, components=[л]}, TextComposite{level=SYMBOL, components=[о]}, TextComposite{level=SYMBOL, components=[г]}, TextComposite{level=SYMBOL, components=[]}]} added TextComposite{level=SYMBOL, components=[]}
2019-12-13 16:58:00.086 [main] 4571 INFO  com.liukhtenko.informationHandling.parser.SymbolParser - TextComposite{level=SYMBOL, components=[и]} added и
2019-12-13 16:58:00.086 [main] 4571 INFO  com.liukhtenko.informationHandling.parser.LexemeParser - TextComposite{level=LEXEME, components=[TextComposite{level=SYMBOL, components=[б]}, TextComposite{level=SYMBOL, components=[а]}, TextComposite{level=SYMBOL, components=[н]}, TextComposite{level=SYMBOL, components=[д]}, TextComposite{level=SYMBOL, components=[е]}, TextComposite{level=SYMBOL, components=[р]}, TextComposite{level=SYMBOL, components=[л]}, TextComposite{level=SYMBOL, components=[о]}, TextComposite{level=SYMBOL, components=[г]}, TextComposite{level=SYMBOL, components=[и]}, TextComposite{level=SYMBOL, components=[]}]} added TextComposite{level=SYMBOL, components=[]}
2019-12-13 16:58:00.086 [main] 4571 INFO  com.liukhtenko.informationHandling.parser.SymbolParser - TextComposite{level=SYMBOL, components=[.]} added .
2019-12-13 16:58:00.086 [main] 4571 INFO  com.liukhtenko.informationHandling.logic.TextLogic - Added new word: it
2019-12-13 16:58:00.086 [main] 4571 INFO  com.liukhtenko.informationHandling.logic.TextLogic - Added new word: has
2019-12-13 16:58:00.086 [main] 4571 INFO  com.liukhtenko.informationHandling.logic.TextLogic - Added new word: survived
2019-12-13 16:58:00.086 [main] 4571 INFO  com.liukhtenko.informationHandling.logic.TextLogic - Added new word: not
2019-12-13 16:58:00.086 [main] 4571 INFO  com.liukhtenko.informationHandling.logic.TextLogic - Added new word: only
2019-12-13 16:58:00.086 [main] 4571 INFO  com.liukhtenko.informationHandling.logic.TextLogic - Added new word: five
2019-12-13 16:58:00.086 [main] 4571 INFO  com.liukhtenko.informationHandling.logic.TextLogic - Added new word: centuries
2019-12-13 16:58:00.086 [main] 4571 INFO  com.liukhtenko.informationHandling.logic.TextLogic - Added new word: but
2019-12-13 16:58:00.086 [main] 4571 INFO  com.liukhtenko.informationHandling.logic.TextLogic - Added new word: also
2019-12-13 16:58:00.086 [main] 4571 INFO  com.liukhtenko.informationHandling.logic.TextLogic - Added new word: the
2019-12-13 16:58:00.086 [main] 4571 INFO  com.liukhtenko.informationHandling.logic.TextLogic - Added new word: leap
2019-12-13 16:58:00.086 [main] 4571 INFO  com.liukhtenko.informationHandling.logic.TextLogic - Added new word: into
2019-12-13 16:58:00.086 [main] 4571 INFO  com.liukhtenko.informationHandling.logic.TextLogic - Added new word: electronictype
2019-12-13 16:58:00.086 [main] 4571 INFO  com.liukhtenko.informationHandling.logic.TextLogic - Added new word: setting
2019-12-13 16:58:00.086 [main] 4571 INFO  com.liukhtenko.informationHandling.logic.TextLogic - Added new word: remaining
2019-12-13 16:58:00.086 [main] 4571 INFO  com.liukhtenko.informationHandling.logic.TextLogic - Added new word: essentially
2019-12-13 16:58:00.086 [main] 4571 INFO  com.liukhtenko.informationHandling.logic.TextLogic - Added new word: unchanged
2019-12-13 16:58:00.096 [main] 4581 INFO  com.liukhtenko.informationHandling.logic.TextLogic - it added 3 times
2019-12-13 16:58:00.096 [main] 4581 INFO  com.liukhtenko.informationHandling.logic.TextLogic - Added new word: was
2019-12-13 16:58:00.096 [main] 4581 INFO  com.liukhtenko.informationHandling.logic.TextLogic - Added new word: popularised
2019-12-13 16:58:00.096 [main] 4581 INFO  com.liukhtenko.informationHandling.logic.TextLogic - Added new word: in
2019-12-13 16:58:00.096 [main] 4581 INFO  com.liukhtenko.informationHandling.logic.TextLogic - the added 3 times
2019-12-13 16:58:00.096 [main] 4581 INFO  com.liukhtenko.informationHandling.logic.TextLogic - Added new word: динамо
2019-12-13 16:58:00.096 [main] 4581 INFO  com.liukhtenko.informationHandling.logic.TextLogic - Added new word: рига
2019-12-13 16:58:00.096 [main] 4581 INFO  com.liukhtenko.informationHandling.logic.TextLogic - Added new word: with
2019-12-13 16:58:00.096 [main] 4581 INFO  com.liukhtenko.informationHandling.logic.TextLogic - the added 4 times
2019-12-13 16:58:00.096 [main] 4581 INFO  com.liukhtenko.informationHandling.logic.TextLogic - Added new word: release
2019-12-13 16:58:00.096 [main] 4581 INFO  com.liukhtenko.informationHandling.logic.TextLogic - Added new word: of
2019-12-13 16:58:00.096 [main] 4581 INFO  com.liukhtenko.informationHandling.logic.TextLogic - Added new word: letraset
2019-12-13 16:58:00.096 [main] 4581 INFO  com.liukhtenko.informationHandling.logic.TextLogic - Added new word: sheets
2019-12-13 16:58:00.096 [main] 4581 INFO  com.liukhtenko.informationHandling.logic.TextLogic - Added new word: containing
2019-12-13 16:58:00.096 [main] 4581 INFO  com.liukhtenko.informationHandling.logic.TextLogic - Added new word: lorem
2019-12-13 16:58:00.096 [main] 4581 INFO  com.liukhtenko.informationHandling.logic.TextLogic - Added new word: ipsum
2019-12-13 16:58:00.096 [main] 4581 INFO  com.liukhtenko.informationHandling.logic.TextLogic - Added new word: passages
2019-12-13 16:58:00.096 [main] 4581 INFO  com.liukhtenko.informationHandling.logic.TextLogic - Added new word: and
2019-12-13 16:58:00.096 [main] 4581 INFO  com.liukhtenko.informationHandling.logic.TextLogic - Added new word: morerecently
2019-12-13 16:58:00.096 [main] 4581 INFO  com.liukhtenko.informationHandling.logic.TextLogic - with added 3 times
2019-12-13 16:58:00.096 [main] 4581 INFO  com.liukhtenko.informationHandling.logic.TextLogic - Added new word: desktop
2019-12-13 16:58:00.096 [main] 4581 INFO  com.liukhtenko.informationHandling.logic.TextLogic - Added new word: publishing
2019-12-13 16:58:00.096 [main] 4581 INFO  com.liukhtenko.informationHandling.logic.TextLogic - Added new word: software
2019-12-13 16:58:00.096 [main] 4581 INFO  com.liukhtenko.informationHandling.logic.TextLogic - Added new word: like
2019-12-13 16:58:00.096 [main] 4581 INFO  com.liukhtenko.informationHandling.logic.TextLogic - Added new word: aldus
2019-12-13 16:58:00.096 [main] 4581 INFO  com.liukhtenko.informationHandling.logic.TextLogic - Added new word: pagemaker
2019-12-13 16:58:00.096 [main] 4581 INFO  com.liukhtenko.informationHandling.logic.TextLogic - Added new word: faclon9
2019-12-13 16:58:00.096 [main] 4581 INFO  com.liukhtenko.informationHandling.logic.TextLogic - Added new word: includingversions
2019-12-13 16:58:00.096 [main] 4581 INFO  com.liukhtenko.informationHandling.logic.TextLogic - of added 3 times
2019-12-13 16:58:00.096 [main] 4581 INFO  com.liukhtenko.informationHandling.logic.TextLogic - lorem added 3 times
2019-12-13 16:58:00.096 [main] 4581 INFO  com.liukhtenko.informationHandling.logic.TextLogic - ipsum added 3 times
2019-12-13 16:58:00.096 [main] 4581 INFO  com.liukhtenko.informationHandling.logic.TextLogic - it added 4 times
2019-12-13 16:58:00.096 [main] 4581 INFO  com.liukhtenko.informationHandling.logic.TextLogic - Added new word: is
2019-12-13 16:58:00.096 [main] 4581 INFO  com.liukhtenko.informationHandling.logic.TextLogic - Added new word: a
2019-12-13 16:58:00.096 [main] 4581 INFO  com.liukhtenko.informationHandling.logic.TextLogic - Added new word: long
2019-12-13 16:58:00.096 [main] 4581 INFO  com.liukhtenko.informationHandling.logic.TextLogic - a added 3 times
2019-12-13 16:58:00.096 [main] 4581 INFO  com.liukhtenko.informationHandling.logic.TextLogic - Added new word: b
2019-12-13 16:58:00.096 [main] 4581 INFO  com.liukhtenko.informationHandling.logic.TextLogic - Added new word: established
2019-12-13 16:58:00.096 [main] 4581 INFO  com.liukhtenko.informationHandling.logic.TextLogic - Added new word: fact
2019-12-13 16:58:00.096 [main] 4581 INFO  com.liukhtenko.informationHandling.logic.TextLogic - Added new word: that
2019-12-13 16:58:00.096 [main] 4581 INFO  com.liukhtenko.informationHandling.logic.TextLogic - a added 4 times
2019-12-13 16:58:00.096 [main] 4581 INFO  com.liukhtenko.informationHandling.logic.TextLogic - Added new word: reader
2019-12-13 16:58:00.096 [main] 4581 INFO  com.liukhtenko.informationHandling.logic.TextLogic - Added new word: will
2019-12-13 16:58:00.096 [main] 4581 INFO  com.liukhtenko.informationHandling.logic.TextLogic - Added new word: be
2019-12-13 16:58:00.096 [main] 4581 INFO  com.liukhtenko.informationHandling.logic.TextLogic - Added new word: distracted
2019-12-13 16:58:00.096 [main] 4581 INFO  com.liukhtenko.informationHandling.logic.TextLogic - Added new word: by
2019-12-13 16:58:00.096 [main] 4581 INFO  com.liukhtenko.informationHandling.logic.TextLogic - the added 5 times
2019-12-13 16:58:00.096 [main] 4581 INFO  com.liukhtenko.informationHandling.logic.TextLogic - Added new word: readablecontent
2019-12-13 16:58:00.096 [main] 4581 INFO  com.liukhtenko.informationHandling.logic.TextLogic - of added 4 times
2019-12-13 16:58:00.096 [main] 4581 INFO  com.liukhtenko.informationHandling.logic.TextLogic - a added 5 times
2019-12-13 16:58:00.096 [main] 4581 INFO  com.liukhtenko.informationHandling.logic.TextLogic - Added new word: page
2019-12-13 16:58:00.096 [main] 4581 INFO  com.liukhtenko.informationHandling.logic.TextLogic - Added new word: when
2019-12-13 16:58:00.096 [main] 4581 INFO  com.liukhtenko.informationHandling.logic.TextLogic - Added new word: looking
2019-12-13 16:58:00.096 [main] 4581 INFO  com.liukhtenko.informationHandling.logic.TextLogic - Added new word: at
2019-12-13 16:58:00.096 [main] 4581 INFO  com.liukhtenko.informationHandling.logic.TextLogic - Added new word: its
2019-12-13 16:58:00.096 [main] 4581 INFO  com.liukhtenko.informationHandling.logic.TextLogic - Added new word: layout
2019-12-13 16:58:00.096 [main] 4581 INFO  com.liukhtenko.informationHandling.logic.TextLogic - the added 6 times
2019-12-13 16:58:00.096 [main] 4581 INFO  com.liukhtenko.informationHandling.logic.TextLogic - Added new word: point
2019-12-13 16:58:00.096 [main] 4581 INFO  com.liukhtenko.informationHandling.logic.TextLogic - of added 5 times
2019-12-13 16:58:00.096 [main] 4581 INFO  com.liukhtenko.informationHandling.logic.TextLogic - Added new word: using
2019-12-13 16:58:00.096 [main] 4581 INFO  com.liukhtenko.informationHandling.logic.TextLogic - ipsum added 4 times
2019-12-13 16:58:00.096 [main] 4581 INFO  com.liukhtenko.informationHandling.logic.TextLogic - is added 3 times
2019-12-13 16:58:00.106 [main] 4591 INFO  com.liukhtenko.informationHandling.logic.TextLogic - that added 3 times
2019-12-13 16:58:00.106 [main] 4591 INFO  com.liukhtenko.informationHandling.logic.TextLogic - it added 5 times
2019-12-13 16:58:00.106 [main] 4591 INFO  com.liukhtenko.informationHandling.logic.TextLogic - has added 3 times
2019-12-13 16:58:00.106 [main] 4591 INFO  com.liukhtenko.informationHandling.logic.TextLogic - Added new word: amore
2019-12-13 16:58:00.106 [main] 4591 INFO  com.liukhtenko.informationHandling.logic.TextLogic - Added new word: or
2019-12-13 16:58:00.106 [main] 4591 INFO  com.liukhtenko.informationHandling.logic.TextLogic - Added new word: less
2019-12-13 16:58:00.106 [main] 4591 INFO  com.liukhtenko.informationHandling.logic.TextLogic - Added new word: normal
2019-12-13 16:58:00.106 [main] 4591 INFO  com.liukhtenko.informationHandling.logic.TextLogic - Added new word: distribution
2019-12-13 16:58:00.106 [main] 4591 INFO  com.liukhtenko.informationHandling.logic.TextLogic - Added new word: ob
2019-12-13 16:58:00.106 [main] 4591 INFO  com.liukhtenko.informationHandling.logic.TextLogic - Added new word: tostring
2019-12-13 16:58:00.106 [main] 4591 INFO  com.liukhtenko.informationHandling.logic.TextLogic - a added 6 times
2019-12-13 16:58:00.106 [main] 4591 INFO  com.liukhtenko.informationHandling.logic.TextLogic - b added 3 times
2019-12-13 16:58:00.106 [main] 4591 INFO  com.liukhtenko.informationHandling.logic.TextLogic - Added new word: c
2019-12-13 16:58:00.106 [main] 4591 INFO  com.liukhtenko.informationHandling.logic.TextLogic - Added new word: as
2019-12-13 16:58:00.106 [main] 4591 INFO  com.liukhtenko.informationHandling.logic.TextLogic - Added new word: opposed
2019-12-13 16:58:00.106 [main] 4591 INFO  com.liukhtenko.informationHandling.logic.TextLogic - Added new word: to
2019-12-13 16:58:00.106 [main] 4591 INFO  com.liukhtenko.informationHandling.logic.TextLogic - using added 3 times
2019-12-13 16:58:00.106 [main] 4591 INFO  com.liukhtenko.informationHandling.logic.TextLogic - Added new word: content
2019-12-13 16:58:00.106 [main] 4591 INFO  com.liukhtenko.informationHandling.logic.TextLogic - Added new word: here
2019-12-13 16:58:00.106 [main] 4591 INFO  com.liukhtenko.informationHandling.logic.TextLogic - content added 3 times
2019-12-13 16:58:00.106 [main] 4591 INFO  com.liukhtenko.informationHandling.logic.TextLogic - here added 3 times
2019-12-13 16:58:00.106 [main] 4591 INFO  com.liukhtenko.informationHandling.logic.TextLogic - Added new word: s
2019-12-13 16:58:00.106 [main] 4591 INFO  com.liukhtenko.informationHandling.logic.TextLogic - Added new word: making
2019-12-13 16:58:00.106 [main] 4591 INFO  com.liukhtenko.informationHandling.logic.TextLogic - it added 6 times
2019-12-13 16:58:00.106 [main] 4591 INFO  com.liukhtenko.informationHandling.logic.TextLogic - Added new word: look
2019-12-13 16:58:00.106 [main] 4591 INFO  com.liukhtenko.informationHandling.logic.TextLogic - like added 3 times
2019-12-13 16:58:00.106 [main] 4591 INFO  com.liukhtenko.informationHandling.logic.TextLogic - Added new word: readable
2019-12-13 16:58:00.106 [main] 4591 INFO  com.liukhtenko.informationHandling.logic.TextLogic - Added new word: english
2019-12-13 16:58:00.106 [main] 4591 INFO  com.liukhtenko.informationHandling.logic.TextLogic - it added 7 times
2019-12-13 16:58:00.106 [main] 4591 INFO  com.liukhtenko.informationHandling.logic.TextLogic - is added 4 times
2019-12-13 16:58:00.106 [main] 4591 INFO  com.liukhtenko.informationHandling.logic.TextLogic - a added 7 times
2019-12-13 16:58:00.106 [main] 4591 INFO  com.liukhtenko.informationHandling.logic.TextLogic - established added 3 times
2019-12-13 16:58:00.106 [main] 4591 INFO  com.liukhtenko.informationHandling.logic.TextLogic - fact added 3 times
2019-12-13 16:58:00.106 [main] 4591 INFO  com.liukhtenko.informationHandling.logic.TextLogic - that added 4 times
2019-12-13 16:58:00.106 [main] 4591 INFO  com.liukhtenko.informationHandling.logic.TextLogic - a added 8 times
2019-12-13 16:58:00.106 [main] 4591 INFO  com.liukhtenko.informationHandling.logic.TextLogic - reader added 3 times
2019-12-13 16:58:00.116 [main] 4601 INFO  com.liukhtenko.informationHandling.logic.TextLogic - will added 3 times
2019-12-13 16:58:00.116 [main] 4601 INFO  com.liukhtenko.informationHandling.logic.TextLogic - be added 3 times
2019-12-13 16:58:00.116 [main] 4601 INFO  com.liukhtenko.informationHandling.logic.TextLogic - of added 6 times
2019-12-13 16:58:00.116 [main] 4601 INFO  com.liukhtenko.informationHandling.logic.TextLogic - a added 9 times
2019-12-13 16:58:00.116 [main] 4601 INFO  com.liukhtenko.informationHandling.logic.TextLogic - page added 3 times
2019-12-13 16:58:00.116 [main] 4601 INFO  com.liukhtenko.informationHandling.logic.TextLogic - when added 3 times
2019-12-13 16:58:00.116 [main] 4601 INFO  com.liukhtenko.informationHandling.logic.TextLogic - looking added 3 times
2019-12-13 16:58:00.116 [main] 4601 INFO  com.liukhtenko.informationHandling.logic.TextLogic - at added 3 times
2019-12-13 16:58:00.116 [main] 4601 INFO  com.liukhtenko.informationHandling.logic.TextLogic - its added 3 times
2019-12-13 16:58:00.116 [main] 4601 INFO  com.liukhtenko.informationHandling.logic.TextLogic - layout added 3 times
2019-12-13 16:58:00.116 [main] 4601 INFO  com.liukhtenko.informationHandling.logic.TextLogic - Added new word: bye
2019-12-13 16:58:00.116 [main] 4601 INFO  com.liukhtenko.informationHandling.logic.TextLogic - Added new word: бандерлоги
2019-12-13 16:58:00.116 [main] 4601 INFO  com.liukhtenko.informationHandling.logic.TextLogic - The longest word in TextComposite{level=TEXT, components=[TextComposite{level=PARAGRAPH, components=[TextComposite{level=SENTENCE, components=[TextComposite{level=LEXEME, components=[TextComposite{level=SYMBOL, components=[I]}, TextComposite{level=SYMBOL, components=[t]}]}, TextComposite{level=LEXEME, components=[TextComposite{level=SYMBOL, components=[i]}, TextComposite{level=SYMBOL, components=[s]}]}, TextComposite{level=LEXEME, components=[TextComposite{level=SYMBOL, components=[a]}]}, TextComposite{level=LEXEME, components=[TextComposite{level=SYMBOL, components=[e]}, TextComposite{level=SYMBOL, components=[s]}, TextComposite{level=SYMBOL, components=[t]}, TextComposite{level=SYMBOL, components=[a]}, TextComposite{level=SYMBOL, components=[b]}, TextComposite{level=SYMBOL, components=[l]}, TextComposite{level=SYMBOL, components=[i]}, TextComposite{level=SYMBOL, components=[s]}, TextComposite{level=SYMBOL, components=[h]}, TextComposite{level=SYMBOL, components=[e]}, TextComposite{level=SYMBOL, components=[d]}]}, TextComposite{level=LEXEME, components=[TextComposite{level=SYMBOL, components=[f]}, TextComposite{level=SYMBOL, components=[a]}, TextComposite{level=SYMBOL, components=[c]}, TextComposite{level=SYMBOL, components=[t]}]}, TextComposite{level=LEXEME, components=[TextComposite{level=SYMBOL, components=[t]}, TextComposite{level=SYMBOL, components=[h]}, TextComposite{level=SYMBOL, components=[a]}, TextComposite{level=SYMBOL, components=[t]}]}, TextComposite{level=LEXEME, components=[TextComposite{level=SYMBOL, components=[a]}]}, TextComposite{level=LEXEME, components=[TextComposite{level=SYMBOL, components=[r]}, TextComposite{level=SYMBOL, components=[e]}, TextComposite{level=SYMBOL, components=[a]}, TextComposite{level=SYMBOL, components=[d]}, TextComposite{level=SYMBOL, components=[e]}, TextComposite{level=SYMBOL, components=[r]}]}, TextComposite{level=LEXEME, components=[TextComposite{level=SYMBOL, components=[w]}, TextComposite{level=SYMBOL, components=[i]}, TextComposite{level=SYMBOL, components=[l]}, TextComposite{level=SYMBOL, components=[l]}]}, TextComposite{level=LEXEME, components=[TextComposite{level=SYMBOL, components=[b]}, TextComposite{level=SYMBOL, components=[e]}]}, TextComposite{level=LEXEME, components=[TextComposite{level=SYMBOL, components=[o]}, TextComposite{level=SYMBOL, components=[f]}]}, TextComposite{level=LEXEME, components=[TextComposite{level=SYMBOL, components=[a]}]}, TextComposite{level=LEXEME, components=[TextComposite{level=SYMBOL, components=[p]}, TextComposite{level=SYMBOL, components=[a]}, TextComposite{level=SYMBOL, components=[g]}, TextComposite{level=SYMBOL, components=[e]}]}, TextComposite{level=LEXEME, components=[TextComposite{level=SYMBOL, components=[w]}, TextComposite{level=SYMBOL, components=[h]}, TextComposite{level=SYMBOL, components=[e]}, TextComposite{level=SYMBOL, components=[n]}]}, TextComposite{level=LEXEME, components=[TextComposite{level=SYMBOL, components=[l]}, TextComposite{level=SYMBOL, components=[o]}, TextComposite{level=SYMBOL, components=[o]}, TextComposite{level=SYMBOL, components=[k]}, TextComposite{level=SYMBOL, components=[i]}, TextComposite{level=SYMBOL, components=[n]}, TextComposite{level=SYMBOL, components=[g]}]}, TextComposite{level=LEXEME, components=[TextComposite{level=SYMBOL, components=[a]}, TextComposite{level=SYMBOL, components=[t]}]}, TextComposite{level=LEXEME, components=[TextComposite{level=SYMBOL, components=[i]}, TextComposite{level=SYMBOL, components=[t]}, TextComposite{level=SYMBOL, components=[s]}]}, TextComposite{level=LEXEME, components=[TextComposite{level=SYMBOL, components=[l]}, TextComposite{level=SYMBOL, components=[a]}, TextComposite{level=SYMBOL, components=[y]}, TextComposite{level=SYMBOL, components=[o]}, TextComposite{level=SYMBOL, components=[u]}, TextComposite{level=SYMBOL, components=[t]}, TextComposite{level=SYMBOL, components=[.]}, TextComposite{level=SYMBOL, components=[.]}, TextComposite{level=SYMBOL, components=[.]}]}]}]}, TextComposite{level=PARAGRAPH, components=[TextComposite{level=SENTENCE, components=[TextComposite{level=LEXEME, components=[TextComposite{level=SYMBOL, components=[B]}, TextComposite{level=SYMBOL, components=[y]}, TextComposite{level=SYMBOL, components=[e]}]}, TextComposite{level=LEXEME, components=[TextComposite{level=SYMBOL, components=[б]}, TextComposite{level=SYMBOL, components=[а]}, TextComposite{level=SYMBOL, components=[н]}, TextComposite{level=SYMBOL, components=[д]}, TextComposite{level=SYMBOL, components=[е]}, TextComposite{level=SYMBOL, components=[р]}, TextComposite{level=SYMBOL, components=[л]}, TextComposite{level=SYMBOL, components=[о]}, TextComposite{level=SYMBOL, components=[г]}, TextComposite{level=SYMBOL, components=[и]}, TextComposite{level=SYMBOL, components=[.]}]}]}]}, TextComposite{level=PARAGRAPH, components=[TextComposite{level=SENTENCE, components=[TextComposite{level=LEXEME, components=[TextComposite{level=SYMBOL, components=[I]}, TextComposite{level=SYMBOL, components=[t]}]}, TextComposite{level=LEXEME, components=[TextComposite{level=SYMBOL, components=[h]}, TextComposite{level=SYMBOL, components=[a]}, TextComposite{level=SYMBOL, components=[s]}]}, TextComposite{level=LEXEME, components=[TextComposite{level=SYMBOL, components=[s]}, TextComposite{level=SYMBOL, components=[u]}, TextComposite{level=SYMBOL, components=[r]}, TextComposite{level=SYMBOL, components=[v]}, TextComposite{level=SYMBOL, components=[i]}, TextComposite{level=SYMBOL, components=[v]}, TextComposite{level=SYMBOL, components=[e]}, TextComposite{level=SYMBOL, components=[d]}]}, TextComposite{level=LEXEME, components=[TextComposite{level=SYMBOL, components=[-]}]}, TextComposite{level=LEXEME, components=[TextComposite{level=SYMBOL, components=[n]}, TextComposite{level=SYMBOL, components=[o]}, TextComposite{level=SYMBOL, components=[t]}]}, TextComposite{level=LEXEME, components=[TextComposite{level=SYMBOL, components=[o]}, TextComposite{level=SYMBOL, components=[n]}, TextComposite{level=SYMBOL, components=[l]}, TextComposite{level=SYMBOL, components=[y]}]}, TextComposite{level=LEXEME, components=[TextComposite{level=SYMBOL, components=[(]}, TextComposite{level=SYMBOL, components=[f]}, TextComposite{level=SYMBOL, components=[i]}, TextComposite{level=SYMBOL, components=[v]}, TextComposite{level=SYMBOL, components=[e]}, TextComposite{level=SYMBOL, components=[)]}]}, TextComposite{level=LEXEME, components=[TextComposite{level=SYMBOL, components=[c]}, TextComposite{level=SYMBOL, components=[e]}, TextComposite{level=SYMBOL, components=[n]}, TextComposite{level=SYMBOL, components=[t]}, TextComposite{level=SYMBOL, components=[u]}, TextComposite{level=SYMBOL, components=[r]}, TextComposite{level=SYMBOL, components=[i]}, TextComposite{level=SYMBOL, components=[e]}, TextComposite{level=SYMBOL, components=[s]}, TextComposite{level=SYMBOL, components=[,]}]}, TextComposite{level=LEXEME, components=[TextComposite{level=SYMBOL, components=[b]}, TextComposite{level=SYMBOL, components=[u]}, TextComposite{level=SYMBOL, components=[t]}]}, TextComposite{level=LEXEME, components=[TextComposite{level=SYMBOL, components=[a]}, TextComposite{level=SYMBOL, components=[l]}, TextComposite{level=SYMBOL, components=[s]}, TextComposite{level=SYMBOL, components=[o]}]}, TextComposite{level=LEXEME, components=[TextComposite{level=SYMBOL, components=[t]}, TextComposite{level=SYMBOL, components=[h]}, TextComposite{level=SYMBOL, components=[e]}]}, TextComposite{level=LEXEME, components=[TextComposite{level=SYMBOL, components=[l]}, TextComposite{level=SYMBOL, components=[e]}, TextComposite{level=SYMBOL, components=[a]}, TextComposite{level=SYMBOL, components=[p]}]}, TextComposite{level=LEXEME, components=[TextComposite{level=SYMBOL, components=[i]}, TextComposite{level=SYMBOL, components=[n]}, TextComposite{level=SYMBOL, components=[t]}, TextComposite{level=SYMBOL, components=[o]}]}, TextComposite{level=LEXEME, components=[TextComposite{level=SYMBOL, components=[e]}, TextComposite{level=SYMBOL, components=[l]}, TextComposite{level=SYMBOL, components=[e]}, TextComposite{level=SYMBOL, components=[c]}, TextComposite{level=SYMBOL, components=[t]}, TextComposite{level=SYMBOL, components=[r]}, TextComposite{level=SYMBOL, components=[o]}, TextComposite{level=SYMBOL, components=[n]}, TextComposite{level=SYMBOL, components=[i]}, TextComposite{level=SYMBOL, components=[c]}, TextComposite{level=SYMBOL, components=[t]}, TextComposite{level=SYMBOL, components=[y]}, TextComposite{level=SYMBOL, components=[p]}, TextComposite{level=SYMBOL, components=[e]}]}, TextComposite{level=LEXEME, components=[TextComposite{level=SYMBOL, components=[s]}, TextComposite{level=SYMBOL, components=[e]}, TextComposite{level=SYMBOL, components=[t]}, TextComposite{level=SYMBOL, components=[t]}, TextComposite{level=SYMBOL, components=[i]}, TextComposite{level=SYMBOL, components=[n]}, TextComposite{level=SYMBOL, components=[g]}, TextComposite{level=SYMBOL, components=[,]}]}, TextComposite{level=LEXEME, components=[TextComposite{level=SYMBOL, components=[r]}, TextComposite{level=SYMBOL, components=[e]}, TextComposite{level=SYMBOL, components=[m]}, TextComposite{level=SYMBOL, components=[a]}, TextComposite{level=SYMBOL, components=[i]}, TextComposite{level=SYMBOL, components=[n]}, TextComposite{level=SYMBOL, components=[i]}, TextComposite{level=SYMBOL, components=[n]}, TextComposite{level=SYMBOL, components=[g]}]}, TextComposite{level=LEXEME, components=[TextComposite{level=SYMBOL, components=[e]}, TextComposite{level=SYMBOL, components=[s]}, TextComposite{level=SYMBOL, components=[s]}, TextComposite{level=SYMBOL, components=[e]}, TextComposite{level=SYMBOL, components=[n]}, TextComposite{level=SYMBOL, components=[t]}, TextComposite{level=SYMBOL, components=[i]}, TextComposite{level=SYMBOL, components=[a]}, TextComposite{level=SYMBOL, components=[l]}, TextComposite{level=SYMBOL, components=[l]}, TextComposite{level=SYMBOL, components=[y]}]}, TextComposite{level=LEXEME, components=[TextComposite{level=SYMBOL, components=[u]}, TextComposite{level=SYMBOL, components=[n]}, TextComposite{level=SYMBOL, components=[c]}, TextComposite{level=SYMBOL, components=[h]}, TextComposite{level=SYMBOL, components=[a]}, TextComposite{level=SYMBOL, components=[n]}, TextComposite{level=SYMBOL, components=[g]}, TextComposite{level=SYMBOL, components=[e]}, TextComposite{level=SYMBOL, components=[d]}, TextComposite{level=SYMBOL, components=[.]}]}]}, TextComposite{level=SENTENCE, components=[TextComposite{level=LEXEME, components=[TextComposite{level=SYMBOL, components=[I]}, TextComposite{level=SYMBOL, components=[t]}]}, TextComposite{level=LEXEME, components=[TextComposite{level=SYMBOL, components=[w]}, TextComposite{level=SYMBOL, components=[a]}, TextComposite{level=SYMBOL, components=[s]}]}, TextComposite{level=LEXEME, components=[TextComposite{level=SYMBOL, components=[p]}, TextComposite{level=SYMBOL, components=[o]}, TextComposite{level=SYMBOL, components=[p]}, TextComposite{level=SYMBOL, components=[u]}, TextComposite{level=SYMBOL, components=[l]}, TextComposite{level=SYMBOL, components=[a]}, TextComposite{level=SYMBOL, components=[r]}, TextComposite{level=SYMBOL, components=[i]}, TextComposite{level=SYMBOL, components=[s]}, TextComposite{level=SYMBOL, components=[e]}, TextComposite{level=SYMBOL, components=[d]}]}, TextComposite{level=LEXEME, components=[TextComposite{level=SYMBOL, components=[i]}, TextComposite{level=SYMBOL, components=[n]}]}, TextComposite{level=LEXEME, components=[TextComposite{level=SYMBOL, components=[t]}, TextComposite{level=SYMBOL, components=[h]}, TextComposite{level=SYMBOL, components=[e]}]}, TextComposite{level=LEXEME, components=[TextComposite{level=SYMBOL, components=[Д]}, TextComposite{level=SYMBOL, components=[и]}, TextComposite{level=SYMBOL, components=[н]}, TextComposite{level=SYMBOL, components=[а]}, TextComposite{level=SYMBOL, components=[м]}, TextComposite{level=SYMBOL, components=[о]}]}, TextComposite{level=LEXEME, components=[TextComposite{level=SYMBOL, components=[(]}, TextComposite{level=SYMBOL, components=[Р]}, TextComposite{level=SYMBOL, components=[и]}, TextComposite{level=SYMBOL, components=[г]}, TextComposite{level=SYMBOL, components=[а]}, TextComposite{level=SYMBOL, components=[)]}, TextComposite{level=SYMBOL, components=[w]}, TextComposite{level=SYMBOL, components=[i]}, TextComposite{level=SYMBOL, components=[t]}, TextComposite{level=SYMBOL, components=[h]}]}, TextComposite{level=LEXEME, components=[TextComposite{level=SYMBOL, components=[t]}, TextComposite{level=SYMBOL, components=[h]}, TextComposite{level=SYMBOL, components=[e]}]}, TextComposite{level=LEXEME, components=[TextComposite{level=SYMBOL, components=[r]}, TextComposite{level=SYMBOL, components=[e]}, TextComposite{level=SYMBOL, components=[l]}, TextComposite{level=SYMBOL, components=[e]}, TextComposite{level=SYMBOL, components=[a]}, TextComposite{level=SYMBOL, components=[s]}, TextComposite{level=SYMBOL, components=[e]}]}, TextComposite{level=LEXEME, components=[TextComposite{level=SYMBOL, components=[o]}, TextComposite{level=SYMBOL, components=[f]}]}, TextComposite{level=LEXEME, components=[TextComposite{level=SYMBOL, components=[L]}, TextComposite{level=SYMBOL, components=[e]}, TextComposite{level=SYMBOL, components=[t]}, TextComposite{level=SYMBOL, components=[r]}, TextComposite{level=SYMBOL, components=[a]}, TextComposite{level=SYMBOL, components=[s]}, TextComposite{level=SYMBOL, components=[e]}, TextComposite{level=SYMBOL, components=[t]}]}, TextComposite{level=LEXEME, components=[TextComposite{level=SYMBOL, components=[s]}, TextComposite{level=SYMBOL, components=[h]}, TextComposite{level=SYMBOL, components=[e]}, TextComposite{level=SYMBOL, components=[e]}, TextComposite{level=SYMBOL, components=[t]}, TextComposite{level=SYMBOL, components=[s]}]}, TextComposite{level=LEXEME, components=[TextComposite{level=SYMBOL, components=[c]}, TextComposite{level=SYMBOL, components=[o]}, TextComposite{level=SYMBOL, components=[n]}, TextComposite{level=SYMBOL, components=[t]}, TextComposite{level=SYMBOL, components=[a]}, TextComposite{level=SYMBOL, components=[i]}, TextComposite{level=SYMBOL, components=[n]}, TextComposite{level=SYMBOL, components=[i]}, TextComposite{level=SYMBOL, components=[n]}, TextComposite{level=SYMBOL, components=[g]}]}, TextComposite{level=LEXEME, components=[TextComposite{level=SYMBOL, components=[L]}, TextComposite{level=SYMBOL, components=[o]}, TextComposite{level=SYMBOL, components=[r]}, TextComposite{level=SYMBOL, components=[e]}, TextComposite{level=SYMBOL, components=[m]}]}, TextComposite{level=LEXEME, components=[TextComposite{level=SYMBOL, components=[I]}, TextComposite{level=SYMBOL, components=[p]}, TextComposite{level=SYMBOL, components=[s]}, TextComposite{level=SYMBOL, components=[u]}, TextComposite{level=SYMBOL, components=[m]}]}, TextComposite{level=LEXEME, components=[TextComposite{level=SYMBOL, components=[p]}, TextComposite{level=SYMBOL, components=[a]}, TextComposite{level=SYMBOL, components=[s]}, TextComposite{level=SYMBOL, components=[s]}, TextComposite{level=SYMBOL, components=[a]}, TextComposite{level=SYMBOL, components=[g]}, TextComposite{level=SYMBOL, components=[e]}, TextComposite{level=SYMBOL, components=[s]}, TextComposite{level=SYMBOL, components=[,]}]}, TextComposite{level=LEXEME, components=[TextComposite{level=SYMBOL, components=[a]}, TextComposite{level=SYMBOL, components=[n]}, TextComposite{level=SYMBOL, components=[d]}]}, TextComposite{level=LEXEME, components=[TextComposite{level=SYMBOL, components=[m]}, TextComposite{level=SYMBOL, components=[o]}, TextComposite{level=SYMBOL, components=[r]}, TextComposite{level=SYMBOL, components=[e]}, TextComposite{level=SYMBOL, components=[r]}, TextComposite{level=SYMBOL, components=[e]}, TextComposite{level=SYMBOL, components=[c]}, TextComposite{level=SYMBOL, components=[e]}, TextComposite{level=SYMBOL, components=[n]}, TextComposite{level=SYMBOL, components=[t]}, TextComposite{level=SYMBOL, components=[l]}, TextComposite{level=SYMBOL, components=[y]}]}, TextComposite{level=LEXEME, components=[TextComposite{level=SYMBOL, components=[w]}, TextComposite{level=SYMBOL, components=[i]}, TextComposite{level=SYMBOL, components=[t]}, TextComposite{level=SYMBOL, components=[h]}]}, TextComposite{level=LEXEME, components=[TextComposite{level=SYMBOL, components=[d]}, TextComposite{level=SYMBOL, components=[e]}, TextComposite{level=SYMBOL, components=[s]}, TextComposite{level=SYMBOL, components=[k]}, TextComposite{level=SYMBOL, components=[t]}, TextComposite{level=SYMBOL, components=[o]}, TextComposite{level=SYMBOL, components=[p]}]}, TextComposite{level=LEXEME, components=[TextComposite{level=SYMBOL, components=[p]}, TextComposite{level=SYMBOL, components=[u]}, TextComposite{level=SYMBOL, components=[b]}, TextComposite{level=SYMBOL, components=[l]}, TextComposite{level=SYMBOL, components=[i]}, TextComposite{level=SYMBOL, components=[s]}, TextComposite{level=SYMBOL, components=[h]}, TextComposite{level=SYMBOL, components=[i]}, TextComposite{level=SYMBOL, components=[n]}, TextComposite{level=SYMBOL, components=[g]}]}, TextComposite{level=LEXEME, components=[TextComposite{level=SYMBOL, components=[s]}, TextComposite{level=SYMBOL, components=[o]}, TextComposite{level=SYMBOL, components=[f]}, TextComposite{level=SYMBOL, components=[t]}, TextComposite{level=SYMBOL, components=[w]}, TextComposite{level=SYMBOL, components=[a]}, TextComposite{level=SYMBOL, components=[r]}, TextComposite{level=SYMBOL, components=[e]}]}, TextComposite{level=LEXEME, components=[TextComposite{level=SYMBOL, components=[l]}, TextComposite{level=SYMBOL, components=[i]}, TextComposite{level=SYMBOL, components=[k]}, TextComposite{level=SYMBOL, components=[e]}]}, TextComposite{level=LEXEME, components=[TextComposite{level=SYMBOL, components=[A]}, TextComposite{level=SYMBOL, components=[l]}, TextComposite{level=SYMBOL, components=[d]}, TextComposite{level=SYMBOL, components=[u]}, TextComposite{level=SYMBOL, components=[s]}]}, TextComposite{level=LEXEME, components=[TextComposite{level=SYMBOL, components=[P]}, TextComposite{level=SYMBOL, components=[a]}, TextComposite{level=SYMBOL, components=[g]}, TextComposite{level=SYMBOL, components=[e]}, TextComposite{level=SYMBOL, components=[M]}, TextComposite{level=SYMBOL, components=[a]}, TextComposite{level=SYMBOL, components=[k]}, TextComposite{level=SYMBOL, components=[e]}, TextComposite{level=SYMBOL, components=[r]}]}, TextComposite{level=LEXEME, components=[TextComposite{level=SYMBOL, components=[F]}, TextComposite{level=SYMBOL, components=[a]}, TextComposite{level=SYMBOL, components=[c]}, TextComposite{level=SYMBOL, components=[l]}, TextComposite{level=SYMBOL, components=[o]}, TextComposite{level=SYMBOL, components=[n]}, TextComposite{level=SYMBOL, components=[9]}]}, TextComposite{level=LEXEME, components=[TextComposite{level=SYMBOL, components=[i]}, TextComposite{level=SYMBOL, components=[n]}, TextComposite{level=SYMBOL, components=[c]}, TextComposite{level=SYMBOL, components=[l]}, TextComposite{level=SYMBOL, components=[u]}, TextComposite{level=SYMBOL, components=[d]}, TextComposite{level=SYMBOL, components=[i]}, TextComposite{level=SYMBOL, components=[n]}, TextComposite{level=SYMBOL, components=[g]}, TextComposite{level=SYMBOL, components=[v]}, TextComposite{level=SYMBOL, components=[e]}, TextComposite{level=SYMBOL, components=[r]}, TextComposite{level=SYMBOL, components=[s]}, TextComposite{level=SYMBOL, components=[i]}, TextComposite{level=SYMBOL, components=[o]}, TextComposite{level=SYMBOL, components=[n]}, TextComposite{level=SYMBOL, components=[s]}]}, TextComposite{level=LEXEME, components=[TextComposite{level=SYMBOL, components=[o]}, TextComposite{level=SYMBOL, components=[f]}]}, TextComposite{level=LEXEME, components=[TextComposite{level=SYMBOL, components=[L]}, TextComposite{level=SYMBOL, components=[o]}, TextComposite{level=SYMBOL, components=[r]}, TextComposite{level=SYMBOL, components=[e]}, TextComposite{level=SYMBOL, components=[m]}]}, TextComposite{level=LEXEME, components=[TextComposite{level=SYMBOL, components=[I]}, TextComposite{level=SYMBOL, components=[p]}, TextComposite{level=SYMBOL, components=[s]}, TextComposite{level=SYMBOL, components=[u]}, TextComposite{level=SYMBOL, components=[m]}, TextComposite{level=SYMBOL, components=[!]}]}]}]}, TextComposite{level=PARAGRAPH, components=[TextComposite{level=SENTENCE, components=[TextComposite{level=LEXEME, components=[TextComposite{level=SYMBOL, components=[I]}, TextComposite{level=SYMBOL, components=[t]}]}, TextComposite{level=LEXEME, components=[TextComposite{level=SYMBOL, components=[i]}, TextComposite{level=SYMBOL, components=[s]}]}, TextComposite{level=LEXEME, components=[TextComposite{level=SYMBOL, components=[a]}]}, TextComposite{level=LEXEME, components=[TextComposite{level=SYMBOL, components=[l]}, TextComposite{level=SYMBOL, components=[o]}, TextComposite{level=SYMBOL, components=[n]}, TextComposite{level=SYMBOL, components=[g]}]}, TextComposite{level=LEXEME, components=[TextComposite{level=SYMBOL, components=[a]}, TextComposite{level=SYMBOL, components=[!]}, TextComposite{level=SYMBOL, components=[=]}, TextComposite{level=SYMBOL, components=[b]}]}, TextComposite{level=LEXEME, components=[TextComposite{level=SYMBOL, components=[e]}, TextComposite{level=SYMBOL, components=[s]}, TextComposite{level=SYMBOL, components=[t]}, TextComposite{level=SYMBOL, components=[a]}, TextComposite{level=SYMBOL, components=[b]}, TextComposite{level=SYMBOL, components=[l]}, TextComposite{level=SYMBOL, components=[i]}, TextComposite{level=SYMBOL, components=[s]}, TextComposite{level=SYMBOL, components=[h]}, TextComposite{level=SYMBOL, components=[e]}, TextComposite{level=SYMBOL, components=[d]}]}, TextComposite{level=LEXEME, components=[TextComposite{level=SYMBOL, components=[f]}, TextComposite{level=SYMBOL, components=[a]}, TextComposite{level=SYMBOL, components=[c]}, TextComposite{level=SYMBOL, components=[t]}]}, TextComposite{level=LEXEME, components=[TextComposite{level=SYMBOL, components=[t]}, TextComposite{level=SYMBOL, components=[h]}, TextComposite{level=SYMBOL, components=[a]}, TextComposite{level=SYMBOL, components=[t]}]}, TextComposite{level=LEXEME, components=[TextComposite{level=SYMBOL, components=[a]}]}, TextComposite{level=LEXEME, components=[TextComposite{level=SYMBOL, components=[r]}, TextComposite{level=SYMBOL, components=[e]}, TextComposite{level=SYMBOL, components=[a]}, TextComposite{level=SYMBOL, components=[d]}, TextComposite{level=SYMBOL, components=[e]}, TextComposite{level=SYMBOL, components=[r]}]}, TextComposite{level=LEXEME, components=[TextComposite{level=SYMBOL, components=[w]}, TextComposite{level=SYMBOL, components=[i]}, TextComposite{level=SYMBOL, components=[l]}, TextComposite{level=SYMBOL, components=[l]}]}, TextComposite{level=LEXEME, components=[TextComposite{level=SYMBOL, components=[b]}, TextComposite{level=SYMBOL, components=[e]}]}, TextComposite{level=LEXEME, components=[TextComposite{level=SYMBOL, components=[d]}, TextComposite{level=SYMBOL, components=[i]}, TextComposite{level=SYMBOL, components=[s]}, TextComposite{level=SYMBOL, components=[t]}, TextComposite{level=SYMBOL, components=[r]}, TextComposite{level=SYMBOL, components=[a]}, TextComposite{level=SYMBOL, components=[c]}, TextComposite{level=SYMBOL, components=[t]}, TextComposite{level=SYMBOL, components=[e]}, TextComposite{level=SYMBOL, components=[d]}]}, TextComposite{level=LEXEME, components=[TextComposite{level=SYMBOL, components=[b]}, TextComposite{level=SYMBOL, components=[y]}]}, TextComposite{level=LEXEME, components=[TextComposite{level=SYMBOL, components=[t]}, TextComposite{level=SYMBOL, components=[h]}, TextComposite{level=SYMBOL, components=[e]}]}, TextComposite{level=LEXEME, components=[TextComposite{level=SYMBOL, components=[r]}, TextComposite{level=SYMBOL, components=[e]}, TextComposite{level=SYMBOL, components=[a]}, TextComposite{level=SYMBOL, components=[d]}, TextComposite{level=SYMBOL, components=[a]}, TextComposite{level=SYMBOL, components=[b]}, TextComposite{level=SYMBOL, components=[l]}, TextComposite{level=SYMBOL, components=[e]}, TextComposite{level=SYMBOL, components=[c]}, TextComposite{level=SYMBOL, components=[o]}, TextComposite{level=SYMBOL, components=[n]}, TextComposite{level=SYMBOL, components=[t]}, TextComposite{level=SYMBOL, components=[e]}, TextComposite{level=SYMBOL, components=[n]}, TextComposite{level=SYMBOL, components=[t]}]}, TextComposite{level=LEXEME, components=[TextComposite{level=SYMBOL, components=[o]}, TextComposite{level=SYMBOL, components=[f]}]}, TextComposite{level=LEXEME, components=[TextComposite{level=SYMBOL, components=[a]}]}, TextComposite{level=LEXEME, components=[TextComposite{level=SYMBOL, components=[p]}, TextComposite{level=SYMBOL, components=[a]}, TextComposite{level=SYMBOL, components=[g]}, TextComposite{level=SYMBOL, components=[e]}]}, TextComposite{level=LEXEME, components=[TextComposite{level=SYMBOL, components=[w]}, TextComposite{level=SYMBOL, components=[h]}, TextComposite{level=SYMBOL, components=[e]}, TextComposite{level=SYMBOL, components=[n]}]}, TextComposite{level=LEXEME, components=[TextComposite{level=SYMBOL, components=[l]}, TextComposite{level=SYMBOL, components=[o]}, TextComposite{level=SYMBOL, components=[o]}, TextComposite{level=SYMBOL, components=[k]}, TextComposite{level=SYMBOL, components=[i]}, TextComposite{level=SYMBOL, components=[n]}, TextComposite{level=SYMBOL, components=[g]}]}, TextComposite{level=LEXEME, components=[TextComposite{level=SYMBOL, components=[a]}, TextComposite{level=SYMBOL, components=[t]}]}, TextComposite{level=LEXEME, components=[TextComposite{level=SYMBOL, components=[i]}, TextComposite{level=SYMBOL, components=[t]}, TextComposite{level=SYMBOL, components=[s]}]}, TextComposite{level=LEXEME, components=[TextComposite{level=SYMBOL, components=[l]}, TextComposite{level=SYMBOL, components=[a]}, TextComposite{level=SYMBOL, components=[y]}, TextComposite{level=SYMBOL, components=[o]}, TextComposite{level=SYMBOL, components=[u]}, TextComposite{level=SYMBOL, components=[t]}, TextComposite{level=SYMBOL, components=[.]}]}]}, TextComposite{level=SENTENCE, components=[TextComposite{level=LEXEME, components=[TextComposite{level=SYMBOL, components=[T]}, TextComposite{level=SYMBOL, components=[h]}, TextComposite{level=SYMBOL, components=[e]}]}, TextComposite{level=LEXEME, components=[TextComposite{level=SYMBOL, components=[p]}, TextComposite{level=SYMBOL, components=[o]}, TextComposite{level=SYMBOL, components=[i]}, TextComposite{level=SYMBOL, components=[n]}, TextComposite{level=SYMBOL, components=[t]}]}, TextComposite{level=LEXEME, components=[TextComposite{level=SYMBOL, components=[o]}, TextComposite{level=SYMBOL, components=[f]}]}, TextComposite{level=LEXEME, components=[TextComposite{level=SYMBOL, components=[u]}, TextComposite{level=SYMBOL, components=[s]}, TextComposite{level=SYMBOL, components=[i]}, TextComposite{level=SYMBOL, components=[n]}, TextComposite{level=SYMBOL, components=[g]}]}, TextComposite{level=LEXEME, components=[TextComposite{level=SYMBOL, components=[I]}, TextComposite{level=SYMBOL, components=[p]}, TextComposite{level=SYMBOL, components=[s]}, TextComposite{level=SYMBOL, components=[u]}, TextComposite{level=SYMBOL, components=[m]}]}, TextComposite{level=LEXEME, components=[TextComposite{level=SYMBOL, components=[i]}, TextComposite{level=SYMBOL, components=[s]}]}, TextComposite{level=LEXEME, components=[TextComposite{level=SYMBOL, components=[t]}, TextComposite{level=SYMBOL, components=[h]}, TextComposite{level=SYMBOL, components=[a]}, TextComposite{level=SYMBOL, components=[t]}]}, TextComposite{level=LEXEME, components=[TextComposite{level=SYMBOL, components=[i]}, TextComposite{level=SYMBOL, components=[t]}]}, TextComposite{level=LEXEME, components=[TextComposite{level=SYMBOL, components=[h]}, TextComposite{level=SYMBOL, components=[a]}, TextComposite{level=SYMBOL, components=[s]}]}, TextComposite{level=LEXEME, components=[TextComposite{level=SYMBOL, components=[a]}, TextComposite{level=SYMBOL, components=[m]}, TextComposite{level=SYMBOL, components=[o]}, TextComposite{level=SYMBOL, components=[r]}, TextComposite{level=SYMBOL, components=[e]}, TextComposite{level=SYMBOL, components=[-]}, TextComposite{level=SYMBOL, components=[o]}, TextComposite{level=SYMBOL, components=[r]}, TextComposite{level=SYMBOL, components=[-]}, TextComposite{level=SYMBOL, components=[l]}, TextComposite{level=SYMBOL, components=[e]}, TextComposite{level=SYMBOL, components=[s]}, TextComposite{level=SYMBOL, components=[s]}]}, TextComposite{level=LEXEME, components=[TextComposite{level=SYMBOL, components=[n]}, TextComposite{level=SYMBOL, components=[o]}, TextComposite{level=SYMBOL, components=[r]}, TextComposite{level=SYMBOL, components=[m]}, TextComposite{level=SYMBOL, components=[a]}, TextComposite{level=SYMBOL, components=[l]}]}, TextComposite{level=LEXEME, components=[TextComposite{level=SYMBOL, components=[d]}, TextComposite{level=SYMBOL, components=[i]}, TextComposite{level=SYMBOL, components=[s]}, TextComposite{level=SYMBOL, components=[t]}, TextComposite{level=SYMBOL, components=[r]}, TextComposite{level=SYMBOL, components=[i]}, TextComposite{level=SYMBOL, components=[b]}, TextComposite{level=SYMBOL, components=[u]}, TextComposite{level=SYMBOL, components=[t]}, TextComposite{level=SYMBOL, components=[i]}, TextComposite{level=SYMBOL, components=[o]}, TextComposite{level=SYMBOL, components=[n]}]}, TextComposite{level=LEXEME, components=[TextComposite{level=SYMBOL, components=[o]}, TextComposite{level=SYMBOL, components=[b]}, TextComposite{level=SYMBOL, components=[.]}, TextComposite{level=SYMBOL, components=[t]}, TextComposite{level=SYMBOL, components=[o]}, TextComposite{level=SYMBOL, components=[S]}, TextComposite{level=SYMBOL, components=[t]}, TextComposite{level=SYMBOL, components=[r]}, TextComposite{level=SYMBOL, components=[i]}, TextComposite{level=SYMBOL, components=[n]}, TextComposite{level=SYMBOL, components=[g]}, TextComposite{level=SYMBOL, components=[(]}, TextComposite{level=SYMBOL, components=[a]}, TextComposite{level=SYMBOL, components=[?]}, TextComposite{level=SYMBOL, components=[b]}, TextComposite{level=SYMBOL, components=[:]}, TextComposite{level=SYMBOL, components=[c]}, TextComposite{level=SYMBOL, components=[)]}, TextComposite{level=SYMBOL, components=[,]}]}, TextComposite{level=LEXEME, components=[TextComposite{level=SYMBOL, components=[a]}, TextComposite{level=SYMBOL, components=[s]}]}, TextComposite{level=LEXEME, components=[TextComposite{level=SYMBOL, components=[o]}, TextComposite{level=SYMBOL, components=[p]}, TextComposite{level=SYMBOL, components=[p]}, TextComposite{level=SYMBOL, components=[o]}, TextComposite{level=SYMBOL, components=[s]}, TextComposite{level=SYMBOL, components=[e]}, TextComposite{level=SYMBOL, components=[d]}]}, TextComposite{level=LEXEME, components=[TextComposite{level=SYMBOL, components=[t]}, TextComposite{level=SYMBOL, components=[o]}]}, TextComposite{level=LEXEME, components=[TextComposite{level=SYMBOL, components=[u]}, TextComposite{level=SYMBOL, components=[s]}, TextComposite{level=SYMBOL, components=[i]}, TextComposite{level=SYMBOL, components=[n]}, TextComposite{level=SYMBOL, components=[g]}]}, TextComposite{level=LEXEME, components=[TextComposite{level=SYMBOL, components=[(]}, TextComposite{level=SYMBOL, components=[C]}, TextComposite{level=SYMBOL, components=[o]}, TextComposite{level=SYMBOL, components=[n]}, TextComposite{level=SYMBOL, components=[t]}, TextComposite{level=SYMBOL, components=[e]}, TextComposite{level=SYMBOL, components=[n]}, TextComposite{level=SYMBOL, components=[t]}]}, TextComposite{level=LEXEME, components=[TextComposite{level=SYMBOL, components=[h]}, TextComposite{level=SYMBOL, components=[e]}, TextComposite{level=SYMBOL, components=[r]}, TextComposite{level=SYMBOL, components=[e]}, TextComposite{level=SYMBOL, components=[)]}, TextComposite{level=SYMBOL, components=[,]}, TextComposite{level=SYMBOL, components=[c]}, TextComposite{level=SYMBOL, components=[o]}, TextComposite{level=SYMBOL, components=[n]}, TextComposite{level=SYMBOL, components=[t]}, TextComposite{level=SYMBOL, components=[e]}, TextComposite{level=SYMBOL, components=[n]}, TextComposite{level=SYMBOL, components=[t]}]}, TextComposite{level=LEXEME, components=[TextComposite{level=SYMBOL, components=[h]}, TextComposite{level=SYMBOL, components=[e]}, TextComposite{level=SYMBOL, components=[r]}, TextComposite{level=SYMBOL, components=[e]}, TextComposite{level=SYMBOL, components=[']}, TextComposite{level=SYMBOL, components=[s]}, TextComposite{level=SYMBOL, components=[,]}]}, TextComposite{level=LEXEME, components=[TextComposite{level=SYMBOL, components=[m]}, TextComposite{level=SYMBOL, components=[a]}, TextComposite{level=SYMBOL, components=[k]}, TextComposite{level=SYMBOL, components=[i]}, TextComposite{level=SYMBOL, components=[n]}, TextComposite{level=SYMBOL, components=[g]}]}, TextComposite{level=LEXEME, components=[TextComposite{level=SYMBOL, components=[i]}, TextComposite{level=SYMBOL, components=[t]}]}, TextComposite{level=LEXEME, components=[TextComposite{level=SYMBOL, components=[l]}, TextComposite{level=SYMBOL, components=[o]}, TextComposite{level=SYMBOL, components=[o]}, TextComposite{level=SYMBOL, components=[k]}]}, TextComposite{level=LEXEME, components=[TextComposite{level=SYMBOL, components=[l]}, TextComposite{level=SYMBOL, components=[i]}, TextComposite{level=SYMBOL, components=[k]}, TextComposite{level=SYMBOL, components=[e]}]}, TextComposite{level=LEXEME, components=[TextComposite{level=SYMBOL, components=[r]}, TextComposite{level=SYMBOL, components=[e]}, TextComposite{level=SYMBOL, components=[a]}, TextComposite{level=SYMBOL, components=[d]}, TextComposite{level=SYMBOL, components=[a]}, TextComposite{level=SYMBOL, components=[b]}, TextComposite{level=SYMBOL, components=[l]}, TextComposite{level=SYMBOL, components=[e]}]}, TextComposite{level=LEXEME, components=[TextComposite{level=SYMBOL, components=[E]}, TextComposite{level=SYMBOL, components=[n]}, TextComposite{level=SYMBOL, components=[g]}, TextComposite{level=SYMBOL, components=[l]}, TextComposite{level=SYMBOL, components=[i]}, TextComposite{level=SYMBOL, components=[s]}, TextComposite{level=SYMBOL, components=[h]}, TextComposite{level=SYMBOL, components=[?]}]}]}]}]} is includingversions
