2019-12-17 14:31:52.793 [main] 9934 INFO  com.liukhtenko.informationhandling.parser.SentenceParser - TextComposite{level=SENTENCE} added TextComposite{level=LEXEME}
2019-12-17 14:31:52.803 [main] 9944 INFO  com.liukhtenko.informationhandling.parser.LexemeParser - TextComposite{level=LEXEME} added TextComposite{level=SYMBOL}
2019-12-17 14:31:52.803 [main] 9944 INFO  com.liukhtenko.informationhandling.parser.SymbolParser - TextComposite{level=SYMBOL} added p
2019-12-17 14:31:52.803 [main] 9944 INFO  com.liukhtenko.informationhandling.parser.LexemeParser - TextComposite{level=LEXEME} added TextComposite{level=SYMBOL}
2019-12-17 14:31:52.803 [main] 9944 INFO  com.liukhtenko.informationhandling.parser.SymbolParser - TextComposite{level=SYMBOL} added o
2019-12-17 14:31:52.803 [main] 9944 INFO  com.liukhtenko.informationhandling.parser.LexemeParser - TextComposite{level=LEXEME} added TextComposite{level=SYMBOL}
2019-12-17 14:31:52.803 [main] 9944 INFO  com.liukhtenko.informationhandling.parser.SymbolParser - TextComposite{level=SYMBOL} added p
2019-12-17 14:31:52.803 [main] 9944 INFO  com.liukhtenko.informationhandling.parser.LexemeParser - TextComposite{level=LEXEME} added TextComposite{level=SYMBOL}
2019-12-17 14:31:52.803 [main] 9944 INFO  com.liukhtenko.informationhandling.parser.SymbolParser - TextComposite{level=SYMBOL} added u
2019-12-17 14:31:52.803 [main] 9944 INFO  com.liukhtenko.informationhandling.parser.LexemeParser - TextComposite{level=LEXEME} added TextComposite{level=SYMBOL}
2019-12-17 14:31:52.803 [main] 9944 INFO  com.liukhtenko.informationhandling.parser.SymbolParser - TextComposite{level=SYMBOL} added l
2019-12-17 14:31:52.803 [main] 9944 INFO  com.liukhtenko.informationhandling.parser.LexemeParser - TextComposite{level=LEXEME} added TextComposite{level=SYMBOL}
2019-12-17 14:31:52.803 [main] 9944 INFO  com.liukhtenko.informationhandling.parser.SymbolParser - TextComposite{level=SYMBOL} added a
2019-12-17 14:31:52.803 [main] 9944 INFO  com.liukhtenko.informationhandling.parser.LexemeParser - TextComposite{level=LEXEME} added TextComposite{level=SYMBOL}
2019-12-17 14:31:52.803 [main] 9944 INFO  com.liukhtenko.informationhandling.parser.SymbolParser - TextComposite{level=SYMBOL} added r
2019-12-17 14:31:52.803 [main] 9944 INFO  com.liukhtenko.informationhandling.parser.LexemeParser - TextComposite{level=LEXEME} added TextComposite{level=SYMBOL}
2019-12-17 14:31:52.803 [main] 9944 INFO  com.liukhtenko.informationhandling.parser.SymbolParser - TextComposite{level=SYMBOL} added i
2019-12-17 14:31:52.803 [main] 9944 INFO  com.liukhtenko.informationhandling.parser.LexemeParser - TextComposite{level=LEXEME} added TextComposite{level=SYMBOL}
2019-12-17 14:31:52.803 [main] 9944 INFO  com.liukhtenko.informationhandling.parser.SymbolParser - TextComposite{level=SYMBOL} added s
2019-12-17 14:31:52.803 [main] 9944 INFO  com.liukhtenko.informationhandling.parser.LexemeParser - TextComposite{level=LEXEME} added TextComposite{level=SYMBOL}
2019-12-17 14:31:52.803 [main] 9944 INFO  com.liukhtenko.informationhandling.parser.SymbolParser - TextComposite{level=SYMBOL} added e
2019-12-17 14:31:52.803 [main] 9944 INFO  com.liukhtenko.informationhandling.parser.LexemeParser - TextComposite{level=LEXEME} added TextComposite{level=SYMBOL}
2019-12-17 14:31:52.803 [main] 9944 INFO  com.liukhtenko.informationhandling.parser.SymbolParser - TextComposite{level=SYMBOL} added d
2019-12-17 14:31:52.803 [main] 9944 INFO  com.liukhtenko.informationhandling.parser.SentenceParser - TextComposite{level=SENTENCE} added TextComposite{level=LEXEME}
2019-12-17 14:31:52.803 [main] 9944 INFO  com.liukhtenko.informationhandling.parser.LexemeParser - TextComposite{level=LEXEME} added TextComposite{level=SYMBOL}
2019-12-17 14:31:52.813 [main] 9954 INFO  com.liukhtenko.informationhandling.parser.SymbolParser - TextComposite{level=SYMBOL} added i
2019-12-17 14:31:52.813 [main] 9954 INFO  com.liukhtenko.informationhandling.parser.LexemeParser - TextComposite{level=LEXEME} added TextComposite{level=SYMBOL}
2019-12-17 14:31:52.813 [main] 9954 INFO  com.liukhtenko.informationhandling.parser.SymbolParser - TextComposite{level=SYMBOL} added n
2019-12-17 14:31:52.813 [main] 9954 INFO  com.liukhtenko.informationhandling.parser.SentenceParser - TextComposite{level=SENTENCE} added TextComposite{level=LEXEME}
2019-12-17 14:31:52.813 [main] 9954 INFO  com.liukhtenko.informationhandling.parser.LexemeParser - TextComposite{level=LEXEME} added TextComposite{level=SYMBOL}
2019-12-17 14:31:52.813 [main] 9954 INFO  com.liukhtenko.informationhandling.parser.SymbolParser - TextComposite{level=SYMBOL} added t
2019-12-17 14:31:52.813 [main] 9954 INFO  com.liukhtenko.informationhandling.parser.LexemeParser - TextComposite{level=LEXEME} added TextComposite{level=SYMBOL}
2019-12-17 14:31:52.813 [main] 9954 INFO  com.liukhtenko.informationhandling.parser.SymbolParser - TextComposite{level=SYMBOL} added h
2019-12-17 14:31:52.813 [main] 9954 INFO  com.liukhtenko.informationhandling.parser.LexemeParser - TextComposite{level=LEXEME} added TextComposite{level=SYMBOL}
2019-12-17 14:31:52.813 [main] 9954 INFO  com.liukhtenko.informationhandling.parser.SymbolParser - TextComposite{level=SYMBOL} added e
2019-12-17 14:31:52.813 [main] 9954 INFO  com.liukhtenko.informationhandling.parser.SentenceParser - TextComposite{level=SENTENCE} added TextComposite{level=LEXEME}
2019-12-17 14:31:52.813 [main] 9954 INFO  com.liukhtenko.informationhandling.parser.LexemeParser - TextComposite{level=LEXEME} added TextComposite{level=SYMBOL}
2019-12-17 14:31:52.813 [main] 9954 INFO  com.liukhtenko.informationhandling.parser.SymbolParser - TextComposite{level=SYMBOL} added Д
2019-12-17 14:31:52.813 [main] 9954 INFO  com.liukhtenko.informationhandling.parser.LexemeParser - TextComposite{level=LEXEME} added TextComposite{level=SYMBOL}
2019-12-17 14:31:52.813 [main] 9954 INFO  com.liukhtenko.informationhandling.parser.SymbolParser - TextComposite{level=SYMBOL} added и
2019-12-17 14:31:52.813 [main] 9954 INFO  com.liukhtenko.informationhandling.parser.LexemeParser - TextComposite{level=LEXEME} added TextComposite{level=SYMBOL}
2019-12-17 14:31:52.813 [main] 9954 INFO  com.liukhtenko.informationhandling.parser.SymbolParser - TextComposite{level=SYMBOL} added н
2019-12-17 14:31:52.813 [main] 9954 INFO  com.liukhtenko.informationhandling.parser.LexemeParser - TextComposite{level=LEXEME} added TextComposite{level=SYMBOL}
2019-12-17 14:31:52.813 [main] 9954 INFO  com.liukhtenko.informationhandling.parser.SymbolParser - TextComposite{level=SYMBOL} added а
2019-12-17 14:31:52.813 [main] 9954 INFO  com.liukhtenko.informationhandling.parser.LexemeParser - TextComposite{level=LEXEME} added TextComposite{level=SYMBOL}
2019-12-17 14:31:52.813 [main] 9954 INFO  com.liukhtenko.informationhandling.parser.SymbolParser - TextComposite{level=SYMBOL} added м
2019-12-17 14:31:52.813 [main] 9954 INFO  com.liukhtenko.informationhandling.parser.LexemeParser - TextComposite{level=LEXEME} added TextComposite{level=SYMBOL}
2019-12-17 14:31:52.813 [main] 9954 INFO  com.liukhtenko.informationhandling.parser.SymbolParser - TextComposite{level=SYMBOL} added о
2019-12-17 14:31:52.813 [main] 9954 INFO  com.liukhtenko.informationhandling.parser.SentenceParser - TextComposite{level=SENTENCE} added TextComposite{level=LEXEME}
2019-12-17 14:31:52.813 [main] 9954 INFO  com.liukhtenko.informationhandling.parser.LexemeParser - TextComposite{level=LEXEME} added TextComposite{level=SYMBOL}
2019-12-17 14:31:52.813 [main] 9954 INFO  com.liukhtenko.informationhandling.parser.SymbolParser - TextComposite{level=SYMBOL} added (
2019-12-17 14:31:52.813 [main] 9954 INFO  com.liukhtenko.informationhandling.parser.LexemeParser - TextComposite{level=LEXEME} added TextComposite{level=SYMBOL}
2019-12-17 14:31:52.813 [main] 9954 INFO  com.liukhtenko.informationhandling.parser.SymbolParser - TextComposite{level=SYMBOL} added Р
2019-12-17 14:31:52.813 [main] 9954 INFO  com.liukhtenko.informationhandling.parser.LexemeParser - TextComposite{level=LEXEME} added TextComposite{level=SYMBOL}
2019-12-17 14:31:52.813 [main] 9954 INFO  com.liukhtenko.informationhandling.parser.SymbolParser - TextComposite{level=SYMBOL} added и
2019-12-17 14:31:52.813 [main] 9954 INFO  com.liukhtenko.informationhandling.parser.LexemeParser - TextComposite{level=LEXEME} added TextComposite{level=SYMBOL}
2019-12-17 14:31:52.813 [main] 9954 INFO  com.liukhtenko.informationhandling.parser.SymbolParser - TextComposite{level=SYMBOL} added г
2019-12-17 14:31:52.813 [main] 9954 INFO  com.liukhtenko.informationhandling.parser.LexemeParser - TextComposite{level=LEXEME} added TextComposite{level=SYMBOL}
2019-12-17 14:31:52.813 [main] 9954 INFO  com.liukhtenko.informationhandling.parser.SymbolParser - TextComposite{level=SYMBOL} added а
2019-12-17 14:31:52.813 [main] 9954 INFO  com.liukhtenko.informationhandling.parser.LexemeParser - TextComposite{level=LEXEME} added TextComposite{level=SYMBOL}
2019-12-17 14:31:52.813 [main] 9954 INFO  com.liukhtenko.informationhandling.parser.SymbolParser - TextComposite{level=SYMBOL} added )
2019-12-17 14:31:52.813 [main] 9954 INFO  com.liukhtenko.informationhandling.parser.LexemeParser - TextComposite{level=LEXEME} added TextComposite{level=SYMBOL}
2019-12-17 14:31:52.813 [main] 9954 INFO  com.liukhtenko.informationhandling.parser.SymbolParser - TextComposite{level=SYMBOL} added w
2019-12-17 14:31:52.813 [main] 9954 INFO  com.liukhtenko.informationhandling.parser.LexemeParser - TextComposite{level=LEXEME} added TextComposite{level=SYMBOL}
2019-12-17 14:31:52.813 [main] 9954 INFO  com.liukhtenko.informationhandling.parser.SymbolParser - TextComposite{level=SYMBOL} added i
2019-12-17 14:31:52.813 [main] 9954 INFO  com.liukhtenko.informationhandling.parser.LexemeParser - TextComposite{level=LEXEME} added TextComposite{level=SYMBOL}
2019-12-17 14:31:52.813 [main] 9954 INFO  com.liukhtenko.informationhandling.parser.SymbolParser - TextComposite{level=SYMBOL} added t
2019-12-17 14:31:52.813 [main] 9954 INFO  com.liukhtenko.informationhandling.parser.LexemeParser - TextComposite{level=LEXEME} added TextComposite{level=SYMBOL}
2019-12-17 14:31:52.813 [main] 9954 INFO  com.liukhtenko.informationhandling.parser.SymbolParser - TextComposite{level=SYMBOL} added h
2019-12-17 14:31:52.813 [main] 9954 INFO  com.liukhtenko.informationhandling.parser.SentenceParser - TextComposite{level=SENTENCE} added TextComposite{level=LEXEME}
2019-12-17 14:31:52.823 [main] 9964 INFO  com.liukhtenko.informationhandling.parser.LexemeParser - TextComposite{level=LEXEME} added TextComposite{level=SYMBOL}
2019-12-17 14:31:52.823 [main] 9964 INFO  com.liukhtenko.informationhandling.parser.SymbolParser - TextComposite{level=SYMBOL} added t
2019-12-17 14:31:52.823 [main] 9964 INFO  com.liukhtenko.informationhandling.parser.LexemeParser - TextComposite{level=LEXEME} added TextComposite{level=SYMBOL}
2019-12-17 14:31:52.823 [main] 9964 INFO  com.liukhtenko.informationhandling.parser.SymbolParser - TextComposite{level=SYMBOL} added h
2019-12-17 14:31:52.823 [main] 9964 INFO  com.liukhtenko.informationhandling.parser.LexemeParser - TextComposite{level=LEXEME} added TextComposite{level=SYMBOL}
2019-12-17 14:31:52.823 [main] 9964 INFO  com.liukhtenko.informationhandling.parser.SymbolParser - TextComposite{level=SYMBOL} added e
2019-12-17 14:31:52.823 [main] 9964 INFO  com.liukhtenko.informationhandling.parser.SentenceParser - TextComposite{level=SENTENCE} added TextComposite{level=LEXEME}
2019-12-17 14:31:52.823 [main] 9964 INFO  com.liukhtenko.informationhandling.parser.LexemeParser - TextComposite{level=LEXEME} added TextComposite{level=SYMBOL}
2019-12-17 14:31:52.823 [main] 9964 INFO  com.liukhtenko.informationhandling.parser.SymbolParser - TextComposite{level=SYMBOL} added r
2019-12-17 14:31:52.823 [main] 9964 INFO  com.liukhtenko.informationhandling.parser.LexemeParser - TextComposite{level=LEXEME} added TextComposite{level=SYMBOL}
2019-12-17 14:31:52.823 [main] 9964 INFO  com.liukhtenko.informationhandling.parser.SymbolParser - TextComposite{level=SYMBOL} added e
2019-12-17 14:31:52.823 [main] 9964 INFO  com.liukhtenko.informationhandling.parser.LexemeParser - TextComposite{level=LEXEME} added TextComposite{level=SYMBOL}
2019-12-17 14:31:52.823 [main] 9964 INFO  com.liukhtenko.informationhandling.parser.SymbolParser - TextComposite{level=SYMBOL} added l
2019-12-17 14:31:52.823 [main] 9964 INFO  com.liukhtenko.informationhandling.parser.LexemeParser - TextComposite{level=LEXEME} added TextComposite{level=SYMBOL}
2019-12-17 14:31:52.823 [main] 9964 INFO  com.liukhtenko.informationhandling.parser.SymbolParser - TextComposite{level=SYMBOL} added e
2019-12-17 14:31:52.823 [main] 9964 INFO  com.liukhtenko.informationhandling.parser.LexemeParser - TextComposite{level=LEXEME} added TextComposite{level=SYMBOL}
2019-12-17 14:31:52.823 [main] 9964 INFO  com.liukhtenko.informationhandling.parser.SymbolParser - TextComposite{level=SYMBOL} added a
2019-12-17 14:31:52.823 [main] 9964 INFO  com.liukhtenko.informationhandling.parser.LexemeParser - TextComposite{level=LEXEME} added TextComposite{level=SYMBOL}
2019-12-17 14:31:52.823 [main] 9964 INFO  com.liukhtenko.informationhandling.parser.SymbolParser - TextComposite{level=SYMBOL} added s
2019-12-17 14:31:52.823 [main] 9964 INFO  com.liukhtenko.informationhandling.parser.LexemeParser - TextComposite{level=LEXEME} added TextComposite{level=SYMBOL}
2019-12-17 14:31:52.823 [main] 9964 INFO  com.liukhtenko.informationhandling.parser.SymbolParser - TextComposite{level=SYMBOL} added e
2019-12-17 14:31:52.823 [main] 9964 INFO  com.liukhtenko.informationhandling.parser.SentenceParser - TextComposite{level=SENTENCE} added TextComposite{level=LEXEME}
2019-12-17 14:31:52.823 [main] 9964 INFO  com.liukhtenko.informationhandling.parser.LexemeParser - TextComposite{level=LEXEME} added TextComposite{level=SYMBOL}
2019-12-17 14:31:52.823 [main] 9964 INFO  com.liukhtenko.informationhandling.parser.SymbolParser - TextComposite{level=SYMBOL} added o
2019-12-17 14:31:52.823 [main] 9964 INFO  com.liukhtenko.informationhandling.parser.LexemeParser - TextComposite{level=LEXEME} added TextComposite{level=SYMBOL}
2019-12-17 14:31:52.823 [main] 9964 INFO  com.liukhtenko.informationhandling.parser.SymbolParser - TextComposite{level=SYMBOL} added f
2019-12-17 14:31:52.823 [main] 9964 INFO  com.liukhtenko.informationhandling.parser.SentenceParser - TextComposite{level=SENTENCE} added TextComposite{level=LEXEME}
2019-12-17 14:31:52.823 [main] 9964 INFO  com.liukhtenko.informationhandling.parser.LexemeParser - TextComposite{level=LEXEME} added TextComposite{level=SYMBOL}
2019-12-17 14:31:52.823 [main] 9964 INFO  com.liukhtenko.informationhandling.parser.SymbolParser - TextComposite{level=SYMBOL} added L
2019-12-17 14:31:52.823 [main] 9964 INFO  com.liukhtenko.informationhandling.parser.LexemeParser - TextComposite{level=LEXEME} added TextComposite{level=SYMBOL}
2019-12-17 14:31:52.823 [main] 9964 INFO  com.liukhtenko.informationhandling.parser.SymbolParser - TextComposite{level=SYMBOL} added e
2019-12-17 14:31:52.823 [main] 9964 INFO  com.liukhtenko.informationhandling.parser.LexemeParser - TextComposite{level=LEXEME} added TextComposite{level=SYMBOL}
2019-12-17 14:31:52.823 [main] 9964 INFO  com.liukhtenko.informationhandling.parser.SymbolParser - TextComposite{level=SYMBOL} added t
2019-12-17 14:31:52.823 [main] 9964 INFO  com.liukhtenko.informationhandling.parser.LexemeParser - TextComposite{level=LEXEME} added TextComposite{level=SYMBOL}
2019-12-17 14:31:52.823 [main] 9964 INFO  com.liukhtenko.informationhandling.parser.SymbolParser - TextComposite{level=SYMBOL} added r
2019-12-17 14:31:52.823 [main] 9964 INFO  com.liukhtenko.informationhandling.parser.LexemeParser - TextComposite{level=LEXEME} added TextComposite{level=SYMBOL}
2019-12-17 14:31:52.823 [main] 9964 INFO  com.liukhtenko.informationhandling.parser.SymbolParser - TextComposite{level=SYMBOL} added a
2019-12-17 14:31:52.823 [main] 9964 INFO  com.liukhtenko.informationhandling.parser.LexemeParser - TextComposite{level=LEXEME} added TextComposite{level=SYMBOL}
2019-12-17 14:31:52.823 [main] 9964 INFO  com.liukhtenko.informationhandling.parser.SymbolParser - TextComposite{level=SYMBOL} added s
2019-12-17 14:31:52.823 [main] 9964 INFO  com.liukhtenko.informationhandling.parser.LexemeParser - TextComposite{level=LEXEME} added TextComposite{level=SYMBOL}
2019-12-17 14:31:52.823 [main] 9964 INFO  com.liukhtenko.informationhandling.parser.SymbolParser - TextComposite{level=SYMBOL} added e
2019-12-17 14:31:52.823 [main] 9964 INFO  com.liukhtenko.informationhandling.parser.LexemeParser - TextComposite{level=LEXEME} added TextComposite{level=SYMBOL}
2019-12-17 14:31:52.823 [main] 9964 INFO  com.liukhtenko.informationhandling.parser.SymbolParser - TextComposite{level=SYMBOL} added t
2019-12-17 14:31:52.823 [main] 9964 INFO  com.liukhtenko.informationhandling.parser.SentenceParser - TextComposite{level=SENTENCE} added TextComposite{level=LEXEME}
2019-12-17 14:31:52.823 [main] 9964 INFO  com.liukhtenko.informationhandling.parser.LexemeParser - TextComposite{level=LEXEME} added TextComposite{level=SYMBOL}
2019-12-17 14:31:52.823 [main] 9964 INFO  com.liukhtenko.informationhandling.parser.SymbolParser - TextComposite{level=SYMBOL} added s
2019-12-17 14:31:52.823 [main] 9964 INFO  com.liukhtenko.informationhandling.parser.LexemeParser - TextComposite{level=LEXEME} added TextComposite{level=SYMBOL}
2019-12-17 14:31:52.823 [main] 9964 INFO  com.liukhtenko.informationhandling.parser.SymbolParser - TextComposite{level=SYMBOL} added h
2019-12-17 14:31:52.823 [main] 9964 INFO  com.liukhtenko.informationhandling.parser.LexemeParser - TextComposite{level=LEXEME} added TextComposite{level=SYMBOL}
2019-12-17 14:31:52.823 [main] 9964 INFO  com.liukhtenko.informationhandling.parser.SymbolParser - TextComposite{level=SYMBOL} added e
2019-12-17 14:31:52.823 [main] 9964 INFO  com.liukhtenko.informationhandling.parser.LexemeParser - TextComposite{level=LEXEME} added TextComposite{level=SYMBOL}
2019-12-17 14:31:52.823 [main] 9964 INFO  com.liukhtenko.informationhandling.parser.SymbolParser - TextComposite{level=SYMBOL} added e
2019-12-17 14:31:52.823 [main] 9964 INFO  com.liukhtenko.informationhandling.parser.LexemeParser - TextComposite{level=LEXEME} added TextComposite{level=SYMBOL}
2019-12-17 14:31:52.823 [main] 9964 INFO  com.liukhtenko.informationhandling.parser.SymbolParser - TextComposite{level=SYMBOL} added t
2019-12-17 14:31:52.823 [main] 9964 INFO  com.liukhtenko.informationhandling.parser.LexemeParser - TextComposite{level=LEXEME} added TextComposite{level=SYMBOL}
2019-12-17 14:31:52.823 [main] 9964 INFO  com.liukhtenko.informationhandling.parser.SymbolParser - TextComposite{level=SYMBOL} added s
2019-12-17 14:31:52.823 [main] 9964 INFO  com.liukhtenko.informationhandling.parser.SentenceParser - TextComposite{level=SENTENCE} added TextComposite{level=LEXEME}
2019-12-17 14:31:52.823 [main] 9964 INFO  com.liukhtenko.informationhandling.parser.LexemeParser - TextComposite{level=LEXEME} added TextComposite{level=SYMBOL}
2019-12-17 14:31:52.823 [main] 9964 INFO  com.liukhtenko.informationhandling.parser.SymbolParser - TextComposite{level=SYMBOL} added c
2019-12-17 14:31:52.823 [main] 9964 INFO  com.liukhtenko.informationhandling.parser.LexemeParser - TextComposite{level=LEXEME} added TextComposite{level=SYMBOL}
2019-12-17 14:31:52.823 [main] 9964 INFO  com.liukhtenko.informationhandling.parser.SymbolParser - TextComposite{level=SYMBOL} added o
2019-12-17 14:31:52.823 [main] 9964 INFO  com.liukhtenko.informationhandling.parser.LexemeParser - TextComposite{level=LEXEME} added TextComposite{level=SYMBOL}
2019-12-17 14:31:52.823 [main] 9964 INFO  com.liukhtenko.informationhandling.parser.SymbolParser - TextComposite{level=SYMBOL} added n
2019-12-17 14:31:52.823 [main] 9964 INFO  com.liukhtenko.informationhandling.parser.LexemeParser - TextComposite{level=LEXEME} added TextComposite{level=SYMBOL}
2019-12-17 14:31:52.823 [main] 9964 INFO  com.liukhtenko.informationhandling.parser.SymbolParser - TextComposite{level=SYMBOL} added t
2019-12-17 14:31:52.823 [main] 9964 INFO  com.liukhtenko.informationhandling.parser.LexemeParser - TextComposite{level=LEXEME} added TextComposite{level=SYMBOL}
2019-12-17 14:31:52.823 [main] 9964 INFO  com.liukhtenko.informationhandling.parser.SymbolParser - TextComposite{level=SYMBOL} added a
2019-12-17 14:31:52.823 [main] 9964 INFO  com.liukhtenko.informationhandling.parser.LexemeParser - TextComposite{level=LEXEME} added TextComposite{level=SYMBOL}
2019-12-17 14:31:52.823 [main] 9964 INFO  com.liukhtenko.informationhandling.parser.SymbolParser - TextComposite{level=SYMBOL} added i
2019-12-17 14:31:52.823 [main] 9964 INFO  com.liukhtenko.informationhandling.parser.LexemeParser - TextComposite{level=LEXEME} added TextComposite{level=SYMBOL}
2019-12-17 14:31:52.823 [main] 9964 INFO  com.liukhtenko.informationhandling.parser.SymbolParser - TextComposite{level=SYMBOL} added n
2019-12-17 14:31:52.823 [main] 9964 INFO  com.liukhtenko.informationhandling.parser.LexemeParser - TextComposite{level=LEXEME} added TextComposite{level=SYMBOL}
2019-12-17 14:31:52.823 [main] 9964 INFO  com.liukhtenko.informationhandling.parser.SymbolParser - TextComposite{level=SYMBOL} added i
2019-12-17 14:31:52.823 [main] 9964 INFO  com.liukhtenko.informationhandling.parser.LexemeParser - TextComposite{level=LEXEME} added TextComposite{level=SYMBOL}
2019-12-17 14:31:52.823 [main] 9964 INFO  com.liukhtenko.informationhandling.parser.SymbolParser - TextComposite{level=SYMBOL} added n
2019-12-17 14:31:52.823 [main] 9964 INFO  com.liukhtenko.informationhandling.parser.LexemeParser - TextComposite{level=LEXEME} added TextComposite{level=SYMBOL}
2019-12-17 14:31:52.823 [main] 9964 INFO  com.liukhtenko.informationhandling.parser.SymbolParser - TextComposite{level=SYMBOL} added g
2019-12-17 14:31:52.823 [main] 9964 INFO  com.liukhtenko.informationhandling.parser.SentenceParser - TextComposite{level=SENTENCE} added TextComposite{level=LEXEME}
2019-12-17 14:31:52.823 [main] 9964 INFO  com.liukhtenko.informationhandling.parser.LexemeParser - TextComposite{level=LEXEME} added TextComposite{level=SYMBOL}
2019-12-17 14:31:52.823 [main] 9964 INFO  com.liukhtenko.informationhandling.parser.SymbolParser - TextComposite{level=SYMBOL} added L
2019-12-17 14:31:52.823 [main] 9964 INFO  com.liukhtenko.informationhandling.parser.LexemeParser - TextComposite{level=LEXEME} added TextComposite{level=SYMBOL}
2019-12-17 14:31:52.823 [main] 9964 INFO  com.liukhtenko.informationhandling.parser.SymbolParser - TextComposite{level=SYMBOL} added o
2019-12-17 14:31:52.823 [main] 9964 INFO  com.liukhtenko.informationhandling.parser.LexemeParser - TextComposite{level=LEXEME} added TextComposite{level=SYMBOL}
2019-12-17 14:31:52.823 [main] 9964 INFO  com.liukhtenko.informationhandling.parser.SymbolParser - TextComposite{level=SYMBOL} added r
2019-12-17 14:31:52.823 [main] 9964 INFO  com.liukhtenko.informationhandling.parser.LexemeParser - TextComposite{level=LEXEME} added TextComposite{level=SYMBOL}
2019-12-17 14:31:52.823 [main] 9964 INFO  com.liukhtenko.informationhandling.parser.SymbolParser - TextComposite{level=SYMBOL} added e
2019-12-17 14:31:52.823 [main] 9964 INFO  com.liukhtenko.informationhandling.parser.LexemeParser - TextComposite{level=LEXEME} added TextComposite{level=SYMBOL}
2019-12-17 14:31:52.823 [main] 9964 INFO  com.liukhtenko.informationhandling.parser.SymbolParser - TextComposite{level=SYMBOL} added m
2019-12-17 14:31:52.823 [main] 9964 INFO  com.liukhtenko.informationhandling.parser.SentenceParser - TextComposite{level=SENTENCE} added TextComposite{level=LEXEME}
2019-12-17 14:31:52.823 [main] 9964 INFO  com.liukhtenko.informationhandling.parser.LexemeParser - TextComposite{level=LEXEME} added TextComposite{level=SYMBOL}
2019-12-17 14:31:52.823 [main] 9964 INFO  com.liukhtenko.informationhandling.parser.SymbolParser - TextComposite{level=SYMBOL} added I
2019-12-17 14:31:52.823 [main] 9964 INFO  com.liukhtenko.informationhandling.parser.LexemeParser - TextComposite{level=LEXEME} added TextComposite{level=SYMBOL}
2019-12-17 14:31:52.823 [main] 9964 INFO  com.liukhtenko.informationhandling.parser.SymbolParser - TextComposite{level=SYMBOL} added p
2019-12-17 14:31:52.823 [main] 9964 INFO  com.liukhtenko.informationhandling.parser.LexemeParser - TextComposite{level=LEXEME} added TextComposite{level=SYMBOL}
2019-12-17 14:31:52.823 [main] 9964 INFO  com.liukhtenko.informationhandling.parser.SymbolParser - TextComposite{level=SYMBOL} added s
2019-12-17 14:31:52.823 [main] 9964 INFO  com.liukhtenko.informationhandling.parser.LexemeParser - TextComposite{level=LEXEME} added TextComposite{level=SYMBOL}
2019-12-17 14:31:52.823 [main] 9964 INFO  com.liukhtenko.informationhandling.parser.SymbolParser - TextComposite{level=SYMBOL} added u
2019-12-17 14:31:52.823 [main] 9964 INFO  com.liukhtenko.informationhandling.parser.LexemeParser - TextComposite{level=LEXEME} added TextComposite{level=SYMBOL}
2019-12-17 14:31:52.823 [main] 9964 INFO  com.liukhtenko.informationhandling.parser.SymbolParser - TextComposite{level=SYMBOL} added m
2019-12-17 14:31:52.823 [main] 9964 INFO  com.liukhtenko.informationhandling.parser.SentenceParser - TextComposite{level=SENTENCE} added TextComposite{level=LEXEME}
2019-12-17 14:31:52.823 [main] 9964 INFO  com.liukhtenko.informationhandling.parser.LexemeParser - TextComposite{level=LEXEME} added TextComposite{level=SYMBOL}
