2019-12-17 14:31:52.963 [main] 10104 INFO  com.liukhtenko.informationhandling.parser.LexemeParser - TextComposite{level=LEXEME} added TextComposite{level=SYMBOL}
2019-12-17 14:31:52.973 [main] 10114 INFO  com.liukhtenko.informationhandling.parser.SymbolParser - TextComposite{level=SYMBOL} added t
2019-12-17 14:31:52.973 [main] 10114 INFO  com.liukhtenko.informationhandling.parser.LexemeParser - TextComposite{level=LEXEME} added TextComposite{level=SYMBOL}
2019-12-17 14:31:52.973 [main] 10114 INFO  com.liukhtenko.informationhandling.parser.SymbolParser - TextComposite{level=SYMBOL} added r
2019-12-17 14:31:52.973 [main] 10114 INFO  com.liukhtenko.informationhandling.parser.LexemeParser - TextComposite{level=LEXEME} added TextComposite{level=SYMBOL}
2019-12-17 14:31:52.973 [main] 10114 INFO  com.liukhtenko.informationhandling.parser.SymbolParser - TextComposite{level=SYMBOL} added a
2019-12-17 14:31:52.973 [main] 10114 INFO  com.liukhtenko.informationhandling.parser.LexemeParser - TextComposite{level=LEXEME} added TextComposite{level=SYMBOL}
2019-12-17 14:31:52.973 [main] 10114 INFO  com.liukhtenko.informationhandling.parser.SymbolParser - TextComposite{level=SYMBOL} added c
2019-12-17 14:31:52.973 [main] 10114 INFO  com.liukhtenko.informationhandling.parser.LexemeParser - TextComposite{level=LEXEME} added TextComposite{level=SYMBOL}
2019-12-17 14:31:52.973 [main] 10114 INFO  com.liukhtenko.informationhandling.parser.SymbolParser - TextComposite{level=SYMBOL} added t
2019-12-17 14:31:52.973 [main] 10114 INFO  com.liukhtenko.informationhandling.parser.LexemeParser - TextComposite{level=LEXEME} added TextComposite{level=SYMBOL}
2019-12-17 14:31:52.973 [main] 10114 INFO  com.liukhtenko.informationhandling.parser.SymbolParser - TextComposite{level=SYMBOL} added e
2019-12-17 14:31:52.973 [main] 10114 INFO  com.liukhtenko.informationhandling.parser.LexemeParser - TextComposite{level=LEXEME} added TextComposite{level=SYMBOL}
2019-12-17 14:31:52.973 [main] 10114 INFO  com.liukhtenko.informationhandling.parser.SymbolParser - TextComposite{level=SYMBOL} added d
2019-12-17 14:31:52.983 [main] 10124 INFO  com.liukhtenko.informationhandling.parser.SentenceParser - TextComposite{level=SENTENCE} added TextComposite{level=LEXEME}
2019-12-17 14:31:52.983 [main] 10124 INFO  com.liukhtenko.informationhandling.parser.LexemeParser - TextComposite{level=LEXEME} added TextComposite{level=SYMBOL}
2019-12-17 14:31:52.983 [main] 10124 INFO  com.liukhtenko.informationhandling.parser.SymbolParser - TextComposite{level=SYMBOL} added b
2019-12-17 14:31:52.983 [main] 10124 INFO  com.liukhtenko.informationhandling.parser.LexemeParser - TextComposite{level=LEXEME} added TextComposite{level=SYMBOL}
2019-12-17 14:31:52.983 [main] 10124 INFO  com.liukhtenko.informationhandling.parser.SymbolParser - TextComposite{level=SYMBOL} added y
2019-12-17 14:31:52.983 [main] 10124 INFO  com.liukhtenko.informationhandling.parser.SentenceParser - TextComposite{level=SENTENCE} added TextComposite{level=LEXEME}
2019-12-17 14:31:52.983 [main] 10124 INFO  com.liukhtenko.informationhandling.parser.LexemeParser - TextComposite{level=LEXEME} added TextComposite{level=SYMBOL}
2019-12-17 14:31:52.983 [main] 10124 INFO  com.liukhtenko.informationhandling.parser.SymbolParser - TextComposite{level=SYMBOL} added t
2019-12-17 14:31:52.983 [main] 10124 INFO  com.liukhtenko.informationhandling.parser.LexemeParser - TextComposite{level=LEXEME} added TextComposite{level=SYMBOL}
2019-12-17 14:31:52.983 [main] 10124 INFO  com.liukhtenko.informationhandling.parser.SymbolParser - TextComposite{level=SYMBOL} added h
2019-12-17 14:31:52.983 [main] 10124 INFO  com.liukhtenko.informationhandling.parser.LexemeParser - TextComposite{level=LEXEME} added TextComposite{level=SYMBOL}
2019-12-17 14:31:52.983 [main] 10124 INFO  com.liukhtenko.informationhandling.parser.SymbolParser - TextComposite{level=SYMBOL} added e
2019-12-17 14:31:52.983 [main] 10124 INFO  com.liukhtenko.informationhandling.parser.SentenceParser - TextComposite{level=SENTENCE} added TextComposite{level=LEXEME}
2019-12-17 14:31:52.983 [main] 10124 INFO  com.liukhtenko.informationhandling.parser.LexemeParser - TextComposite{level=LEXEME} added TextComposite{level=SYMBOL}
2019-12-17 14:31:52.983 [main] 10124 INFO  com.liukhtenko.informationhandling.parser.SymbolParser - TextComposite{level=SYMBOL} added r
2019-12-17 14:31:52.983 [main] 10124 INFO  com.liukhtenko.informationhandling.parser.LexemeParser - TextComposite{level=LEXEME} added TextComposite{level=SYMBOL}
2019-12-17 14:31:52.983 [main] 10124 INFO  com.liukhtenko.informationhandling.parser.SymbolParser - TextComposite{level=SYMBOL} added e
2019-12-17 14:31:52.983 [main] 10124 INFO  com.liukhtenko.informationhandling.parser.LexemeParser - TextComposite{level=LEXEME} added TextComposite{level=SYMBOL}
2019-12-17 14:31:52.983 [main] 10124 INFO  com.liukhtenko.informationhandling.parser.SymbolParser - TextComposite{level=SYMBOL} added a
2019-12-17 14:31:52.983 [main] 10124 INFO  com.liukhtenko.informationhandling.parser.LexemeParser - TextComposite{level=LEXEME} added TextComposite{level=SYMBOL}
2019-12-17 14:31:52.983 [main] 10124 INFO  com.liukhtenko.informationhandling.parser.SymbolParser - TextComposite{level=SYMBOL} added d
2019-12-17 14:31:52.983 [main] 10124 INFO  com.liukhtenko.informationhandling.parser.LexemeParser - TextComposite{level=LEXEME} added TextComposite{level=SYMBOL}
2019-12-17 14:31:52.983 [main] 10124 INFO  com.liukhtenko.informationhandling.parser.SymbolParser - TextComposite{level=SYMBOL} added a
2019-12-17 14:31:52.983 [main] 10124 INFO  com.liukhtenko.informationhandling.parser.LexemeParser - TextComposite{level=LEXEME} added TextComposite{level=SYMBOL}
2019-12-17 14:31:52.983 [main] 10124 INFO  com.liukhtenko.informationhandling.parser.SymbolParser - TextComposite{level=SYMBOL} added b
2019-12-17 14:31:52.983 [main] 10124 INFO  com.liukhtenko.informationhandling.parser.LexemeParser - TextComposite{level=LEXEME} added TextComposite{level=SYMBOL}
2019-12-17 14:31:52.983 [main] 10124 INFO  com.liukhtenko.informationhandling.parser.SymbolParser - TextComposite{level=SYMBOL} added l
2019-12-17 14:31:52.983 [main] 10124 INFO  com.liukhtenko.informationhandling.parser.LexemeParser - TextComposite{level=LEXEME} added TextComposite{level=SYMBOL}
2019-12-17 14:31:52.983 [main] 10124 INFO  com.liukhtenko.informationhandling.parser.SymbolParser - TextComposite{level=SYMBOL} added e
2019-12-17 14:31:52.983 [main] 10124 INFO  com.liukhtenko.informationhandling.parser.LexemeParser - TextComposite{level=LEXEME} added TextComposite{level=SYMBOL}
2019-12-17 14:31:52.983 [main] 10124 INFO  com.liukhtenko.informationhandling.parser.SymbolParser - TextComposite{level=SYMBOL} added c
2019-12-17 14:31:52.983 [main] 10124 INFO  com.liukhtenko.informationhandling.parser.LexemeParser - TextComposite{level=LEXEME} added TextComposite{level=SYMBOL}
2019-12-17 14:31:52.983 [main] 10124 INFO  com.liukhtenko.informationhandling.parser.SymbolParser - TextComposite{level=SYMBOL} added o
2019-12-17 14:31:52.983 [main] 10124 INFO  com.liukhtenko.informationhandling.parser.LexemeParser - TextComposite{level=LEXEME} added TextComposite{level=SYMBOL}
2019-12-17 14:31:52.983 [main] 10124 INFO  com.liukhtenko.informationhandling.parser.SymbolParser - TextComposite{level=SYMBOL} added n
2019-12-17 14:31:52.983 [main] 10124 INFO  com.liukhtenko.informationhandling.parser.LexemeParser - TextComposite{level=LEXEME} added TextComposite{level=SYMBOL}
2019-12-17 14:31:52.983 [main] 10124 INFO  com.liukhtenko.informationhandling.parser.SymbolParser - TextComposite{level=SYMBOL} added t
2019-12-17 14:31:52.983 [main] 10124 INFO  com.liukhtenko.informationhandling.parser.LexemeParser - TextComposite{level=LEXEME} added TextComposite{level=SYMBOL}
2019-12-17 14:31:52.983 [main] 10124 INFO  com.liukhtenko.informationhandling.parser.SymbolParser - TextComposite{level=SYMBOL} added e
2019-12-17 14:31:52.983 [main] 10124 INFO  com.liukhtenko.informationhandling.parser.LexemeParser - TextComposite{level=LEXEME} added TextComposite{level=SYMBOL}
2019-12-17 14:31:52.983 [main] 10124 INFO  com.liukhtenko.informationhandling.parser.SymbolParser - TextComposite{level=SYMBOL} added n
2019-12-17 14:31:52.983 [main] 10124 INFO  com.liukhtenko.informationhandling.parser.LexemeParser - TextComposite{level=LEXEME} added TextComposite{level=SYMBOL}
2019-12-17 14:31:52.983 [main] 10124 INFO  com.liukhtenko.informationhandling.parser.SymbolParser - TextComposite{level=SYMBOL} added t
2019-12-17 14:31:52.983 [main] 10124 INFO  com.liukhtenko.informationhandling.parser.SentenceParser - TextComposite{level=SENTENCE} added TextComposite{level=LEXEME}
2019-12-17 14:31:52.983 [main] 10124 INFO  com.liukhtenko.informationhandling.parser.LexemeParser - TextComposite{level=LEXEME} added TextComposite{level=SYMBOL}
2019-12-17 14:31:52.983 [main] 10124 INFO  com.liukhtenko.informationhandling.parser.SymbolParser - TextComposite{level=SYMBOL} added o
2019-12-17 14:31:52.983 [main] 10124 INFO  com.liukhtenko.informationhandling.parser.LexemeParser - TextComposite{level=LEXEME} added TextComposite{level=SYMBOL}
2019-12-17 14:31:52.983 [main] 10124 INFO  com.liukhtenko.informationhandling.parser.SymbolParser - TextComposite{level=SYMBOL} added f
2019-12-17 14:31:52.983 [main] 10124 INFO  com.liukhtenko.informationhandling.parser.SentenceParser - TextComposite{level=SENTENCE} added TextComposite{level=LEXEME}
2019-12-17 14:31:52.983 [main] 10124 INFO  com.liukhtenko.informationhandling.parser.LexemeParser - TextComposite{level=LEXEME} added TextComposite{level=SYMBOL}
2019-12-17 14:31:52.983 [main] 10124 INFO  com.liukhtenko.informationhandling.parser.SymbolParser - TextComposite{level=SYMBOL} added a
2019-12-17 14:31:52.993 [main] 10134 INFO  com.liukhtenko.informationhandling.parser.SentenceParser - TextComposite{level=SENTENCE} added TextComposite{level=LEXEME}
2019-12-17 14:31:52.993 [main] 10134 INFO  com.liukhtenko.informationhandling.parser.LexemeParser - TextComposite{level=LEXEME} added TextComposite{level=SYMBOL}
2019-12-17 14:31:52.993 [main] 10134 INFO  com.liukhtenko.informationhandling.parser.SymbolParser - TextComposite{level=SYMBOL} added p
2019-12-17 14:31:52.993 [main] 10134 INFO  com.liukhtenko.informationhandling.parser.LexemeParser - TextComposite{level=LEXEME} added TextComposite{level=SYMBOL}
2019-12-17 14:31:52.993 [main] 10134 INFO  com.liukhtenko.informationhandling.parser.SymbolParser - TextComposite{level=SYMBOL} added a
2019-12-17 14:31:52.993 [main] 10134 INFO  com.liukhtenko.informationhandling.parser.LexemeParser - TextComposite{level=LEXEME} added TextComposite{level=SYMBOL}
2019-12-17 14:31:52.993 [main] 10134 INFO  com.liukhtenko.informationhandling.parser.SymbolParser - TextComposite{level=SYMBOL} added g
2019-12-17 14:31:52.993 [main] 10134 INFO  com.liukhtenko.informationhandling.parser.LexemeParser - TextComposite{level=LEXEME} added TextComposite{level=SYMBOL}
2019-12-17 14:31:52.993 [main] 10134 INFO  com.liukhtenko.informationhandling.parser.SymbolParser - TextComposite{level=SYMBOL} added e
2019-12-17 14:31:52.993 [main] 10134 INFO  com.liukhtenko.informationhandling.parser.SentenceParser - TextComposite{level=SENTENCE} added TextComposite{level=LEXEME}
2019-12-17 14:31:52.993 [main] 10134 INFO  com.liukhtenko.informationhandling.parser.LexemeParser - TextComposite{level=LEXEME} added TextComposite{level=SYMBOL}
2019-12-17 14:31:52.993 [main] 10134 INFO  com.liukhtenko.informationhandling.parser.SymbolParser - TextComposite{level=SYMBOL} added w
2019-12-17 14:31:52.993 [main] 10134 INFO  com.liukhtenko.informationhandling.parser.LexemeParser - TextComposite{level=LEXEME} added TextComposite{level=SYMBOL}
2019-12-17 14:31:52.993 [main] 10134 INFO  com.liukhtenko.informationhandling.parser.SymbolParser - TextComposite{level=SYMBOL} added h
2019-12-17 14:31:52.993 [main] 10134 INFO  com.liukhtenko.informationhandling.parser.LexemeParser - TextComposite{level=LEXEME} added TextComposite{level=SYMBOL}
2019-12-17 14:31:52.993 [main] 10134 INFO  com.liukhtenko.informationhandling.parser.SymbolParser - TextComposite{level=SYMBOL} added e
2019-12-17 14:31:52.993 [main] 10134 INFO  com.liukhtenko.informationhandling.parser.LexemeParser - TextComposite{level=LEXEME} added TextComposite{level=SYMBOL}
2019-12-17 14:31:52.993 [main] 10134 INFO  com.liukhtenko.informationhandling.parser.SymbolParser - TextComposite{level=SYMBOL} added n
2019-12-17 14:31:52.993 [main] 10134 INFO  com.liukhtenko.informationhandling.parser.SentenceParser - TextComposite{level=SENTENCE} added TextComposite{level=LEXEME}
2019-12-17 14:31:52.993 [main] 10134 INFO  com.liukhtenko.informationhandling.parser.LexemeParser - TextComposite{level=LEXEME} added TextComposite{level=SYMBOL}
2019-12-17 14:31:52.993 [main] 10134 INFO  com.liukhtenko.informationhandling.parser.SymbolParser - TextComposite{level=SYMBOL} added l
2019-12-17 14:31:52.993 [main] 10134 INFO  com.liukhtenko.informationhandling.parser.LexemeParser - TextComposite{level=LEXEME} added TextComposite{level=SYMBOL}
2019-12-17 14:31:52.993 [main] 10134 INFO  com.liukhtenko.informationhandling.parser.SymbolParser - TextComposite{level=SYMBOL} added o
2019-12-17 14:31:52.993 [main] 10134 INFO  com.liukhtenko.informationhandling.parser.LexemeParser - TextComposite{level=LEXEME} added TextComposite{level=SYMBOL}
2019-12-17 14:31:52.993 [main] 10134 INFO  com.liukhtenko.informationhandling.parser.SymbolParser - TextComposite{level=SYMBOL} added o
2019-12-17 14:31:52.993 [main] 10134 INFO  com.liukhtenko.informationhandling.parser.LexemeParser - TextComposite{level=LEXEME} added TextComposite{level=SYMBOL}
2019-12-17 14:31:52.993 [main] 10134 INFO  com.liukhtenko.informationhandling.parser.SymbolParser - TextComposite{level=SYMBOL} added k
2019-12-17 14:31:52.993 [main] 10134 INFO  com.liukhtenko.informationhandling.parser.LexemeParser - TextComposite{level=LEXEME} added TextComposite{level=SYMBOL}
2019-12-17 14:31:52.993 [main] 10134 INFO  com.liukhtenko.informationhandling.parser.SymbolParser - TextComposite{level=SYMBOL} added i
2019-12-17 14:31:52.993 [main] 10134 INFO  com.liukhtenko.informationhandling.parser.LexemeParser - TextComposite{level=LEXEME} added TextComposite{level=SYMBOL}
2019-12-17 14:31:52.993 [main] 10134 INFO  com.liukhtenko.informationhandling.parser.SymbolParser - TextComposite{level=SYMBOL} added n
2019-12-17 14:31:52.993 [main] 10134 INFO  com.liukhtenko.informationhandling.parser.LexemeParser - TextComposite{level=LEXEME} added TextComposite{level=SYMBOL}
2019-12-17 14:31:52.993 [main] 10134 INFO  com.liukhtenko.informationhandling.parser.SymbolParser - TextComposite{level=SYMBOL} added g
2019-12-17 14:31:52.993 [main] 10134 INFO  com.liukhtenko.informationhandling.parser.SentenceParser - TextComposite{level=SENTENCE} added TextComposite{level=LEXEME}
2019-12-17 14:31:52.993 [main] 10134 INFO  com.liukhtenko.informationhandling.parser.LexemeParser - TextComposite{level=LEXEME} added TextComposite{level=SYMBOL}
2019-12-17 14:31:52.993 [main] 10134 INFO  com.liukhtenko.informationhandling.parser.SymbolParser - TextComposite{level=SYMBOL} added a
2019-12-17 14:31:52.993 [main] 10134 INFO  com.liukhtenko.informationhandling.parser.LexemeParser - TextComposite{level=LEXEME} added TextComposite{level=SYMBOL}
2019-12-17 14:31:52.993 [main] 10134 INFO  com.liukhtenko.informationhandling.parser.SymbolParser - TextComposite{level=SYMBOL} added t
2019-12-17 14:31:52.993 [main] 10134 INFO  com.liukhtenko.informationhandling.parser.SentenceParser - TextComposite{level=SENTENCE} added TextComposite{level=LEXEME}
2019-12-17 14:31:52.993 [main] 10134 INFO  com.liukhtenko.informationhandling.parser.LexemeParser - TextComposite{level=LEXEME} added TextComposite{level=SYMBOL}
2019-12-17 14:31:52.993 [main] 10134 INFO  com.liukhtenko.informationhandling.parser.SymbolParser - TextComposite{level=SYMBOL} added i
2019-12-17 14:31:52.993 [main] 10134 INFO  com.liukhtenko.informationhandling.parser.LexemeParser - TextComposite{level=LEXEME} added TextComposite{level=SYMBOL}
2019-12-17 14:31:52.993 [main] 10134 INFO  com.liukhtenko.informationhandling.parser.SymbolParser - TextComposite{level=SYMBOL} added t
2019-12-17 14:31:52.993 [main] 10134 INFO  com.liukhtenko.informationhandling.parser.LexemeParser - TextComposite{level=LEXEME} added TextComposite{level=SYMBOL}
2019-12-17 14:31:52.993 [main] 10134 INFO  com.liukhtenko.informationhandling.parser.SymbolParser - TextComposite{level=SYMBOL} added s
2019-12-17 14:31:52.993 [main] 10134 INFO  com.liukhtenko.informationhandling.parser.SentenceParser - TextComposite{level=SENTENCE} added TextComposite{level=LEXEME}
2019-12-17 14:31:52.993 [main] 10134 INFO  com.liukhtenko.informationhandling.parser.LexemeParser - TextComposite{level=LEXEME} added TextComposite{level=SYMBOL}
2019-12-17 14:31:53.003 [main] 10144 INFO  com.liukhtenko.informationhandling.parser.SymbolParser - TextComposite{level=SYMBOL} added l
2019-12-17 14:31:53.003 [main] 10144 INFO  com.liukhtenko.informationhandling.parser.LexemeParser - TextComposite{level=LEXEME} added TextComposite{level=SYMBOL}
2019-12-17 14:31:53.003 [main] 10144 INFO  com.liukhtenko.informationhandling.parser.SymbolParser - TextComposite{level=SYMBOL} added a
2019-12-17 14:31:53.003 [main] 10144 INFO  com.liukhtenko.informationhandling.parser.LexemeParser - TextComposite{level=LEXEME} added TextComposite{level=SYMBOL}
2019-12-17 14:31:53.003 [main] 10144 INFO  com.liukhtenko.informationhandling.parser.SymbolParser - TextComposite{level=SYMBOL} added y
2019-12-17 14:31:53.003 [main] 10144 INFO  com.liukhtenko.informationhandling.parser.LexemeParser - TextComposite{level=LEXEME} added TextComposite{level=SYMBOL}
2019-12-17 14:31:53.003 [main] 10144 INFO  com.liukhtenko.informationhandling.parser.SymbolParser - TextComposite{level=SYMBOL} added o
2019-12-17 14:31:53.003 [main] 10144 INFO  com.liukhtenko.informationhandling.parser.LexemeParser - TextComposite{level=LEXEME} added TextComposite{level=SYMBOL}
2019-12-17 14:31:53.003 [main] 10144 INFO  com.liukhtenko.informationhandling.parser.SymbolParser - TextComposite{level=SYMBOL} added u
2019-12-17 14:31:53.003 [main] 10144 INFO  com.liukhtenko.informationhandling.parser.LexemeParser - TextComposite{level=LEXEME} added TextComposite{level=SYMBOL}
2019-12-17 14:31:53.003 [main] 10144 INFO  com.liukhtenko.informationhandling.parser.SymbolParser - TextComposite{level=SYMBOL} added t
2019-12-17 14:31:53.003 [main] 10144 INFO  com.liukhtenko.informationhandling.parser.LexemeParser - TextComposite{level=LEXEME} added TextComposite{level=SYMBOL}
2019-12-17 14:31:53.003 [main] 10144 INFO  com.liukhtenko.informationhandling.parser.SymbolParser - TextComposite{level=SYMBOL} added .
2019-12-17 14:31:53.003 [main] 10144 INFO  com.liukhtenko.informationhandling.parser.ParagraphParser - TextComposite{level=PARAGRAPH} added TextComposite{level=SENTENCE}
2019-12-17 14:31:53.003 [main] 10144 INFO  com.liukhtenko.informationhandling.parser.SentenceParser - TextComposite{level=SENTENCE} added TextComposite{level=LEXEME}
2019-12-17 14:31:53.003 [main] 10144 INFO  com.liukhtenko.informationhandling.parser.LexemeParser - TextComposite{level=LEXEME} added TextComposite{level=SYMBOL}
2019-12-17 14:31:53.003 [main] 10144 INFO  com.liukhtenko.informationhandling.parser.SymbolParser - TextComposite{level=SYMBOL} added T
2019-12-17 14:31:53.003 [main] 10144 INFO  com.liukhtenko.informationhandling.parser.LexemeParser - TextComposite{level=LEXEME} added TextComposite{level=SYMBOL}
2019-12-17 14:31:53.003 [main] 10144 INFO  com.liukhtenko.informationhandling.parser.SymbolParser - TextComposite{level=SYMBOL} added h
2019-12-17 14:31:53.003 [main] 10144 INFO  com.liukhtenko.informationhandling.parser.LexemeParser - TextComposite{level=LEXEME} added TextComposite{level=SYMBOL}
2019-12-17 14:31:53.003 [main] 10144 INFO  com.liukhtenko.informationhandling.parser.SymbolParser - TextComposite{level=SYMBOL} added e
2019-12-17 14:31:53.003 [main] 10144 INFO  com.liukhtenko.informationhandling.parser.SentenceParser - TextComposite{level=SENTENCE} added TextComposite{level=LEXEME}
2019-12-17 14:31:53.003 [main] 10144 INFO  com.liukhtenko.informationhandling.parser.LexemeParser - TextComposite{level=LEXEME} added TextComposite{level=SYMBOL}
2019-12-17 14:31:53.003 [main] 10144 INFO  com.liukhtenko.informationhandling.parser.SymbolParser - TextComposite{level=SYMBOL} added p
2019-12-17 14:31:53.003 [main] 10144 INFO  com.liukhtenko.informationhandling.parser.LexemeParser - TextComposite{level=LEXEME} added TextComposite{level=SYMBOL}
2019-12-17 14:31:53.003 [main] 10144 INFO  com.liukhtenko.informationhandling.parser.SymbolParser - TextComposite{level=SYMBOL} added o
2019-12-17 14:31:53.003 [main] 10144 INFO  com.liukhtenko.informationhandling.parser.LexemeParser - TextComposite{level=LEXEME} added TextComposite{level=SYMBOL}
2019-12-17 14:31:53.003 [main] 10144 INFO  com.liukhtenko.informationhandling.parser.SymbolParser - TextComposite{level=SYMBOL} added i
2019-12-17 14:31:53.003 [main] 10144 INFO  com.liukhtenko.informationhandling.parser.LexemeParser - TextComposite{level=LEXEME} added TextComposite{level=SYMBOL}
2019-12-17 14:31:53.003 [main] 10144 INFO  com.liukhtenko.informationhandling.parser.SymbolParser - TextComposite{level=SYMBOL} added n
2019-12-17 14:31:53.003 [main] 10144 INFO  com.liukhtenko.informationhandling.parser.LexemeParser - TextComposite{level=LEXEME} added TextComposite{level=SYMBOL}
2019-12-17 14:31:53.003 [main] 10144 INFO  com.liukhtenko.informationhandling.parser.SymbolParser - TextComposite{level=SYMBOL} added t
2019-12-17 14:31:53.003 [main] 10144 INFO  com.liukhtenko.informationhandling.parser.SentenceParser - TextComposite{level=SENTENCE} added TextComposite{level=LEXEME}
2019-12-17 14:31:53.003 [main] 10144 INFO  com.liukhtenko.informationhandling.parser.LexemeParser - TextComposite{level=LEXEME} added TextComposite{level=SYMBOL}
2019-12-17 14:31:53.003 [main] 10144 INFO  com.liukhtenko.informationhandling.parser.SymbolParser - TextComposite{level=SYMBOL} added o
2019-12-17 14:31:53.003 [main] 10144 INFO  com.liukhtenko.informationhandling.parser.LexemeParser - TextComposite{level=LEXEME} added TextComposite{level=SYMBOL}
2019-12-17 14:31:53.003 [main] 10144 INFO  com.liukhtenko.informationhandling.parser.SymbolParser - TextComposite{level=SYMBOL} added f
2019-12-17 14:31:53.003 [main] 10144 INFO  com.liukhtenko.informationhandling.parser.SentenceParser - TextComposite{level=SENTENCE} added TextComposite{level=LEXEME}
2019-12-17 14:31:53.003 [main] 10144 INFO  com.liukhtenko.informationhandling.parser.LexemeParser - TextComposite{level=LEXEME} added TextComposite{level=SYMBOL}
2019-12-17 14:31:53.003 [main] 10144 INFO  com.liukhtenko.informationhandling.parser.SymbolParser - TextComposite{level=SYMBOL} added u
2019-12-17 14:31:53.003 [main] 10144 INFO  com.liukhtenko.informationhandling.parser.LexemeParser - TextComposite{level=LEXEME} added TextComposite{level=SYMBOL}
2019-12-17 14:31:53.003 [main] 10144 INFO  com.liukhtenko.informationhandling.parser.SymbolParser - TextComposite{level=SYMBOL} added s
2019-12-17 14:31:53.003 [main] 10144 INFO  com.liukhtenko.informationhandling.parser.LexemeParser - TextComposite{level=LEXEME} added TextComposite{level=SYMBOL}
2019-12-17 14:31:53.003 [main] 10144 INFO  com.liukhtenko.informationhandling.parser.SymbolParser - TextComposite{level=SYMBOL} added i
2019-12-17 14:31:53.003 [main] 10144 INFO  com.liukhtenko.informationhandling.parser.LexemeParser - TextComposite{level=LEXEME} added TextComposite{level=SYMBOL}
2019-12-17 14:31:53.003 [main] 10144 INFO  com.liukhtenko.informationhandling.parser.SymbolParser - TextComposite{level=SYMBOL} added n
2019-12-17 14:31:53.003 [main] 10144 INFO  com.liukhtenko.informationhandling.parser.LexemeParser - TextComposite{level=LEXEME} added TextComposite{level=SYMBOL}
2019-12-17 14:31:53.013 [main] 10154 INFO  com.liukhtenko.informationhandling.parser.SymbolParser - TextComposite{level=SYMBOL} added g
2019-12-17 14:31:53.013 [main] 10154 INFO  com.liukhtenko.informationhandling.parser.SentenceParser - TextComposite{level=SENTENCE} added TextComposite{level=LEXEME}
2019-12-17 14:31:53.013 [main] 10154 INFO  com.liukhtenko.informationhandling.parser.LexemeParser - TextComposite{level=LEXEME} added TextComposite{level=SYMBOL}
2019-12-17 14:31:53.013 [main] 10154 INFO  com.liukhtenko.informationhandling.parser.SymbolParser - TextComposite{level=SYMBOL} added I
2019-12-17 14:31:53.013 [main] 10154 INFO  com.liukhtenko.informationhandling.parser.LexemeParser - TextComposite{level=LEXEME} added TextComposite{level=SYMBOL}
2019-12-17 14:31:53.013 [main] 10154 INFO  com.liukhtenko.informationhandling.parser.SymbolParser - TextComposite{level=SYMBOL} added p
2019-12-17 14:31:53.013 [main] 10154 INFO  com.liukhtenko.informationhandling.parser.LexemeParser - TextComposite{level=LEXEME} added TextComposite{level=SYMBOL}
2019-12-17 14:31:53.013 [main] 10154 INFO  com.liukhtenko.informationhandling.parser.SymbolParser - TextComposite{level=SYMBOL} added s
2019-12-17 14:31:53.013 [main] 10154 INFO  com.liukhtenko.informationhandling.parser.LexemeParser - TextComposite{level=LEXEME} added TextComposite{level=SYMBOL}
2019-12-17 14:31:53.013 [main] 10154 INFO  com.liukhtenko.informationhandling.parser.SymbolParser - TextComposite{level=SYMBOL} added u
