2019-12-17 14:31:52.903 [main] 10044 INFO  com.liukhtenko.informationhandling.parser.SymbolParser - TextComposite{level=SYMBOL} added c
2019-12-17 14:31:52.933 [main] 10074 INFO  com.liukhtenko.informationhandling.parser.LexemeParser - TextComposite{level=LEXEME} added TextComposite{level=SYMBOL}
2019-12-17 14:31:52.933 [main] 10074 INFO  com.liukhtenko.informationhandling.parser.SymbolParser - TextComposite{level=SYMBOL} added l
2019-12-17 14:31:52.933 [main] 10074 INFO  com.liukhtenko.informationhandling.parser.LexemeParser - TextComposite{level=LEXEME} added TextComposite{level=SYMBOL}
2019-12-17 14:31:52.933 [main] 10074 INFO  com.liukhtenko.informationhandling.parser.SymbolParser - TextComposite{level=SYMBOL} added u
2019-12-17 14:31:52.933 [main] 10074 INFO  com.liukhtenko.informationhandling.parser.LexemeParser - TextComposite{level=LEXEME} added TextComposite{level=SYMBOL}
2019-12-17 14:31:52.933 [main] 10074 INFO  com.liukhtenko.informationhandling.parser.SymbolParser - TextComposite{level=SYMBOL} added d
2019-12-17 14:31:52.933 [main] 10074 INFO  com.liukhtenko.informationhandling.parser.LexemeParser - TextComposite{level=LEXEME} added TextComposite{level=SYMBOL}
2019-12-17 14:31:52.933 [main] 10074 INFO  com.liukhtenko.informationhandling.parser.SymbolParser - TextComposite{level=SYMBOL} added i
2019-12-17 14:31:52.933 [main] 10074 INFO  com.liukhtenko.informationhandling.parser.LexemeParser - TextComposite{level=LEXEME} added TextComposite{level=SYMBOL}
2019-12-17 14:31:52.933 [main] 10074 INFO  com.liukhtenko.informationhandling.parser.SymbolParser - TextComposite{level=SYMBOL} added n
2019-12-17 14:31:52.933 [main] 10074 INFO  com.liukhtenko.informationhandling.parser.LexemeParser - TextComposite{level=LEXEME} added TextComposite{level=SYMBOL}
2019-12-17 14:31:52.933 [main] 10074 INFO  com.liukhtenko.informationhandling.parser.SymbolParser - TextComposite{level=SYMBOL} added g
2019-12-17 14:31:52.933 [main] 10074 INFO  com.liukhtenko.informationhandling.parser.LexemeParser - TextComposite{level=LEXEME} added TextComposite{level=SYMBOL}
2019-12-17 14:31:52.933 [main] 10074 INFO  com.liukhtenko.informationhandling.parser.SymbolParser - TextComposite{level=SYMBOL} added v
2019-12-17 14:31:52.933 [main] 10074 INFO  com.liukhtenko.informationhandling.parser.LexemeParser - TextComposite{level=LEXEME} added TextComposite{level=SYMBOL}
2019-12-17 14:31:52.933 [main] 10074 INFO  com.liukhtenko.informationhandling.parser.SymbolParser - TextComposite{level=SYMBOL} added e
2019-12-17 14:31:52.933 [main] 10074 INFO  com.liukhtenko.informationhandling.parser.LexemeParser - TextComposite{level=LEXEME} added TextComposite{level=SYMBOL}
2019-12-17 14:31:52.933 [main] 10074 INFO  com.liukhtenko.informationhandling.parser.SymbolParser - TextComposite{level=SYMBOL} added r
2019-12-17 14:31:52.933 [main] 10074 INFO  com.liukhtenko.informationhandling.parser.LexemeParser - TextComposite{level=LEXEME} added TextComposite{level=SYMBOL}
2019-12-17 14:31:52.933 [main] 10074 INFO  com.liukhtenko.informationhandling.parser.SymbolParser - TextComposite{level=SYMBOL} added s
2019-12-17 14:31:52.933 [main] 10074 INFO  com.liukhtenko.informationhandling.parser.LexemeParser - TextComposite{level=LEXEME} added TextComposite{level=SYMBOL}
2019-12-17 14:31:52.933 [main] 10074 INFO  com.liukhtenko.informationhandling.parser.SymbolParser - TextComposite{level=SYMBOL} added i
2019-12-17 14:31:52.933 [main] 10074 INFO  com.liukhtenko.informationhandling.parser.LexemeParser - TextComposite{level=LEXEME} added TextComposite{level=SYMBOL}
2019-12-17 14:31:52.943 [main] 10084 INFO  com.liukhtenko.informationhandling.parser.SymbolParser - TextComposite{level=SYMBOL} added o
2019-12-17 14:31:52.943 [main] 10084 INFO  com.liukhtenko.informationhandling.parser.LexemeParser - TextComposite{level=LEXEME} added TextComposite{level=SYMBOL}
2019-12-17 14:31:52.943 [main] 10084 INFO  com.liukhtenko.informationhandling.parser.SymbolParser - TextComposite{level=SYMBOL} added n
2019-12-17 14:31:52.943 [main] 10084 INFO  com.liukhtenko.informationhandling.parser.LexemeParser - TextComposite{level=LEXEME} added TextComposite{level=SYMBOL}
2019-12-17 14:31:52.943 [main] 10084 INFO  com.liukhtenko.informationhandling.parser.SymbolParser - TextComposite{level=SYMBOL} added s
2019-12-17 14:31:52.943 [main] 10084 INFO  com.liukhtenko.informationhandling.parser.SentenceParser - TextComposite{level=SENTENCE} added TextComposite{level=LEXEME}
2019-12-17 14:31:52.943 [main] 10084 INFO  com.liukhtenko.informationhandling.parser.LexemeParser - TextComposite{level=LEXEME} added TextComposite{level=SYMBOL}
2019-12-17 14:31:52.943 [main] 10084 INFO  com.liukhtenko.informationhandling.parser.SymbolParser - TextComposite{level=SYMBOL} added o
2019-12-17 14:31:52.943 [main] 10084 INFO  com.liukhtenko.informationhandling.parser.LexemeParser - TextComposite{level=LEXEME} added TextComposite{level=SYMBOL}
2019-12-17 14:31:52.943 [main] 10084 INFO  com.liukhtenko.informationhandling.parser.SymbolParser - TextComposite{level=SYMBOL} added f
2019-12-17 14:31:52.943 [main] 10084 INFO  com.liukhtenko.informationhandling.parser.SentenceParser - TextComposite{level=SENTENCE} added TextComposite{level=LEXEME}
2019-12-17 14:31:52.943 [main] 10084 INFO  com.liukhtenko.informationhandling.parser.LexemeParser - TextComposite{level=LEXEME} added TextComposite{level=SYMBOL}
2019-12-17 14:31:52.943 [main] 10084 INFO  com.liukhtenko.informationhandling.parser.SymbolParser - TextComposite{level=SYMBOL} added L
2019-12-17 14:31:52.943 [main] 10084 INFO  com.liukhtenko.informationhandling.parser.LexemeParser - TextComposite{level=LEXEME} added TextComposite{level=SYMBOL}
2019-12-17 14:31:52.943 [main] 10084 INFO  com.liukhtenko.informationhandling.parser.SymbolParser - TextComposite{level=SYMBOL} added o
2019-12-17 14:31:52.943 [main] 10084 INFO  com.liukhtenko.informationhandling.parser.LexemeParser - TextComposite{level=LEXEME} added TextComposite{level=SYMBOL}
2019-12-17 14:31:52.943 [main] 10084 INFO  com.liukhtenko.informationhandling.parser.SymbolParser - TextComposite{level=SYMBOL} added r
2019-12-17 14:31:52.943 [main] 10084 INFO  com.liukhtenko.informationhandling.parser.LexemeParser - TextComposite{level=LEXEME} added TextComposite{level=SYMBOL}
2019-12-17 14:31:52.943 [main] 10084 INFO  com.liukhtenko.informationhandling.parser.SymbolParser - TextComposite{level=SYMBOL} added e
2019-12-17 14:31:52.943 [main] 10084 INFO  com.liukhtenko.informationhandling.parser.LexemeParser - TextComposite{level=LEXEME} added TextComposite{level=SYMBOL}
2019-12-17 14:31:52.943 [main] 10084 INFO  com.liukhtenko.informationhandling.parser.SymbolParser - TextComposite{level=SYMBOL} added m
2019-12-17 14:31:52.943 [main] 10084 INFO  com.liukhtenko.informationhandling.parser.SentenceParser - TextComposite{level=SENTENCE} added TextComposite{level=LEXEME}
2019-12-17 14:31:52.943 [main] 10084 INFO  com.liukhtenko.informationhandling.parser.LexemeParser - TextComposite{level=LEXEME} added TextComposite{level=SYMBOL}
2019-12-17 14:31:52.943 [main] 10084 INFO  com.liukhtenko.informationhandling.parser.SymbolParser - TextComposite{level=SYMBOL} added I
2019-12-17 14:31:52.943 [main] 10084 INFO  com.liukhtenko.informationhandling.parser.LexemeParser - TextComposite{level=LEXEME} added TextComposite{level=SYMBOL}
2019-12-17 14:31:52.943 [main] 10084 INFO  com.liukhtenko.informationhandling.parser.SymbolParser - TextComposite{level=SYMBOL} added p
2019-12-17 14:31:52.943 [main] 10084 INFO  com.liukhtenko.informationhandling.parser.LexemeParser - TextComposite{level=LEXEME} added TextComposite{level=SYMBOL}
2019-12-17 14:31:52.943 [main] 10084 INFO  com.liukhtenko.informationhandling.parser.SymbolParser - TextComposite{level=SYMBOL} added s
2019-12-17 14:31:52.943 [main] 10084 INFO  com.liukhtenko.informationhandling.parser.LexemeParser - TextComposite{level=LEXEME} added TextComposite{level=SYMBOL}
2019-12-17 14:31:52.943 [main] 10084 INFO  com.liukhtenko.informationhandling.parser.SymbolParser - TextComposite{level=SYMBOL} added u
2019-12-17 14:31:52.943 [main] 10084 INFO  com.liukhtenko.informationhandling.parser.LexemeParser - TextComposite{level=LEXEME} added TextComposite{level=SYMBOL}
2019-12-17 14:31:52.943 [main] 10084 INFO  com.liukhtenko.informationhandling.parser.SymbolParser - TextComposite{level=SYMBOL} added m
2019-12-17 14:31:52.943 [main] 10084 INFO  com.liukhtenko.informationhandling.parser.LexemeParser - TextComposite{level=LEXEME} added TextComposite{level=SYMBOL}
2019-12-17 14:31:52.943 [main] 10084 INFO  com.liukhtenko.informationhandling.parser.SymbolParser - TextComposite{level=SYMBOL} added !
2019-12-17 14:31:52.943 [main] 10084 INFO  com.liukhtenko.informationhandling.parser.TextParser - TextComposite{level=TEXT} added TextComposite{level=PARAGRAPH}
2019-12-17 14:31:52.943 [main] 10084 INFO  com.liukhtenko.informationhandling.parser.ParagraphParser - TextComposite{level=PARAGRAPH} added TextComposite{level=SENTENCE}
2019-12-17 14:31:52.943 [main] 10084 INFO  com.liukhtenko.informationhandling.parser.SentenceParser - TextComposite{level=SENTENCE} added TextComposite{level=LEXEME}
2019-12-17 14:31:52.943 [main] 10084 INFO  com.liukhtenko.informationhandling.parser.LexemeParser - TextComposite{level=LEXEME} added TextComposite{level=SYMBOL}
2019-12-17 14:31:52.943 [main] 10084 INFO  com.liukhtenko.informationhandling.parser.SymbolParser - TextComposite{level=SYMBOL} added I
2019-12-17 14:31:52.943 [main] 10084 INFO  com.liukhtenko.informationhandling.parser.LexemeParser - TextComposite{level=LEXEME} added TextComposite{level=SYMBOL}
2019-12-17 14:31:52.943 [main] 10084 INFO  com.liukhtenko.informationhandling.parser.SymbolParser - TextComposite{level=SYMBOL} added t
2019-12-17 14:31:52.943 [main] 10084 INFO  com.liukhtenko.informationhandling.parser.SentenceParser - TextComposite{level=SENTENCE} added TextComposite{level=LEXEME}
2019-12-17 14:31:52.943 [main] 10084 INFO  com.liukhtenko.informationhandling.parser.LexemeParser - TextComposite{level=LEXEME} added TextComposite{level=SYMBOL}
2019-12-17 14:31:52.943 [main] 10084 INFO  com.liukhtenko.informationhandling.parser.SymbolParser - TextComposite{level=SYMBOL} added i
2019-12-17 14:31:52.943 [main] 10084 INFO  com.liukhtenko.informationhandling.parser.LexemeParser - TextComposite{level=LEXEME} added TextComposite{level=SYMBOL}
2019-12-17 14:31:52.943 [main] 10084 INFO  com.liukhtenko.informationhandling.parser.SymbolParser - TextComposite{level=SYMBOL} added s
2019-12-17 14:31:52.943 [main] 10084 INFO  com.liukhtenko.informationhandling.parser.SentenceParser - TextComposite{level=SENTENCE} added TextComposite{level=LEXEME}
2019-12-17 14:31:52.943 [main] 10084 INFO  com.liukhtenko.informationhandling.parser.LexemeParser - TextComposite{level=LEXEME} added TextComposite{level=SYMBOL}
2019-12-17 14:31:52.943 [main] 10084 INFO  com.liukhtenko.informationhandling.parser.SymbolParser - TextComposite{level=SYMBOL} added a
2019-12-17 14:31:52.943 [main] 10084 INFO  com.liukhtenko.informationhandling.parser.SentenceParser - TextComposite{level=SENTENCE} added TextComposite{level=LEXEME}
2019-12-17 14:31:52.943 [main] 10084 INFO  com.liukhtenko.informationhandling.parser.LexemeParser - TextComposite{level=LEXEME} added TextComposite{level=SYMBOL}
2019-12-17 14:31:52.943 [main] 10084 INFO  com.liukhtenko.informationhandling.parser.SymbolParser - TextComposite{level=SYMBOL} added l
2019-12-17 14:31:52.943 [main] 10084 INFO  com.liukhtenko.informationhandling.parser.LexemeParser - TextComposite{level=LEXEME} added TextComposite{level=SYMBOL}
2019-12-17 14:31:52.943 [main] 10084 INFO  com.liukhtenko.informationhandling.parser.SymbolParser - TextComposite{level=SYMBOL} added o
2019-12-17 14:31:52.943 [main] 10084 INFO  com.liukhtenko.informationhandling.parser.LexemeParser - TextComposite{level=LEXEME} added TextComposite{level=SYMBOL}
2019-12-17 14:31:52.943 [main] 10084 INFO  com.liukhtenko.informationhandling.parser.SymbolParser - TextComposite{level=SYMBOL} added n
2019-12-17 14:31:52.943 [main] 10084 INFO  com.liukhtenko.informationhandling.parser.LexemeParser - TextComposite{level=LEXEME} added TextComposite{level=SYMBOL}
2019-12-17 14:31:52.943 [main] 10084 INFO  com.liukhtenko.informationhandling.parser.SymbolParser - TextComposite{level=SYMBOL} added g
2019-12-17 14:31:52.943 [main] 10084 INFO  com.liukhtenko.informationhandling.parser.SentenceParser - TextComposite{level=SENTENCE} added TextComposite{level=LEXEME}
2019-12-17 14:31:52.943 [main] 10084 INFO  com.liukhtenko.informationhandling.parser.LexemeParser - TextComposite{level=LEXEME} added TextComposite{level=SYMBOL}
2019-12-17 14:31:52.943 [main] 10084 INFO  com.liukhtenko.informationhandling.parser.SymbolParser - TextComposite{level=SYMBOL} added a
2019-12-17 14:31:52.943 [main] 10084 INFO  com.liukhtenko.informationhandling.parser.LexemeParser - TextComposite{level=LEXEME} added TextComposite{level=SYMBOL}
2019-12-17 14:31:52.943 [main] 10084 INFO  com.liukhtenko.informationhandling.parser.SymbolParser - TextComposite{level=SYMBOL} added !
2019-12-17 14:31:52.943 [main] 10084 INFO  com.liukhtenko.informationhandling.parser.LexemeParser - TextComposite{level=LEXEME} added TextComposite{level=SYMBOL}
2019-12-17 14:31:52.943 [main] 10084 INFO  com.liukhtenko.informationhandling.parser.SymbolParser - TextComposite{level=SYMBOL} added =
2019-12-17 14:31:52.943 [main] 10084 INFO  com.liukhtenko.informationhandling.parser.LexemeParser - TextComposite{level=LEXEME} added TextComposite{level=SYMBOL}
2019-12-17 14:31:52.953 [main] 10094 INFO  com.liukhtenko.informationhandling.parser.SymbolParser - TextComposite{level=SYMBOL} added b
2019-12-17 14:31:52.953 [main] 10094 INFO  com.liukhtenko.informationhandling.parser.SentenceParser - TextComposite{level=SENTENCE} added TextComposite{level=LEXEME}
2019-12-17 14:31:52.953 [main] 10094 INFO  com.liukhtenko.informationhandling.parser.LexemeParser - TextComposite{level=LEXEME} added TextComposite{level=SYMBOL}
2019-12-17 14:31:52.953 [main] 10094 INFO  com.liukhtenko.informationhandling.parser.SymbolParser - TextComposite{level=SYMBOL} added e
2019-12-17 14:31:52.953 [main] 10094 INFO  com.liukhtenko.informationhandling.parser.LexemeParser - TextComposite{level=LEXEME} added TextComposite{level=SYMBOL}
2019-12-17 14:31:52.953 [main] 10094 INFO  com.liukhtenko.informationhandling.parser.SymbolParser - TextComposite{level=SYMBOL} added s
2019-12-17 14:31:52.953 [main] 10094 INFO  com.liukhtenko.informationhandling.parser.LexemeParser - TextComposite{level=LEXEME} added TextComposite{level=SYMBOL}
2019-12-17 14:31:52.953 [main] 10094 INFO  com.liukhtenko.informationhandling.parser.SymbolParser - TextComposite{level=SYMBOL} added t
2019-12-17 14:31:52.953 [main] 10094 INFO  com.liukhtenko.informationhandling.parser.LexemeParser - TextComposite{level=LEXEME} added TextComposite{level=SYMBOL}
2019-12-17 14:31:52.953 [main] 10094 INFO  com.liukhtenko.informationhandling.parser.SymbolParser - TextComposite{level=SYMBOL} added a
2019-12-17 14:31:52.953 [main] 10094 INFO  com.liukhtenko.informationhandling.parser.LexemeParser - TextComposite{level=LEXEME} added TextComposite{level=SYMBOL}
2019-12-17 14:31:52.953 [main] 10094 INFO  com.liukhtenko.informationhandling.parser.SymbolParser - TextComposite{level=SYMBOL} added b
2019-12-17 14:31:52.953 [main] 10094 INFO  com.liukhtenko.informationhandling.parser.LexemeParser - TextComposite{level=LEXEME} added TextComposite{level=SYMBOL}
2019-12-17 14:31:52.953 [main] 10094 INFO  com.liukhtenko.informationhandling.parser.SymbolParser - TextComposite{level=SYMBOL} added l
2019-12-17 14:31:52.953 [main] 10094 INFO  com.liukhtenko.informationhandling.parser.LexemeParser - TextComposite{level=LEXEME} added TextComposite{level=SYMBOL}
2019-12-17 14:31:52.953 [main] 10094 INFO  com.liukhtenko.informationhandling.parser.SymbolParser - TextComposite{level=SYMBOL} added i
2019-12-17 14:31:52.953 [main] 10094 INFO  com.liukhtenko.informationhandling.parser.LexemeParser - TextComposite{level=LEXEME} added TextComposite{level=SYMBOL}
2019-12-17 14:31:52.953 [main] 10094 INFO  com.liukhtenko.informationhandling.parser.SymbolParser - TextComposite{level=SYMBOL} added s
2019-12-17 14:31:52.953 [main] 10094 INFO  com.liukhtenko.informationhandling.parser.LexemeParser - TextComposite{level=LEXEME} added TextComposite{level=SYMBOL}
2019-12-17 14:31:52.953 [main] 10094 INFO  com.liukhtenko.informationhandling.parser.SymbolParser - TextComposite{level=SYMBOL} added h
2019-12-17 14:31:52.953 [main] 10094 INFO  com.liukhtenko.informationhandling.parser.LexemeParser - TextComposite{level=LEXEME} added TextComposite{level=SYMBOL}
2019-12-17 14:31:52.953 [main] 10094 INFO  com.liukhtenko.informationhandling.parser.SymbolParser - TextComposite{level=SYMBOL} added e
2019-12-17 14:31:52.953 [main] 10094 INFO  com.liukhtenko.informationhandling.parser.LexemeParser - TextComposite{level=LEXEME} added TextComposite{level=SYMBOL}
2019-12-17 14:31:52.953 [main] 10094 INFO  com.liukhtenko.informationhandling.parser.SymbolParser - TextComposite{level=SYMBOL} added d
2019-12-17 14:31:52.953 [main] 10094 INFO  com.liukhtenko.informationhandling.parser.SentenceParser - TextComposite{level=SENTENCE} added TextComposite{level=LEXEME}
2019-12-17 14:31:52.953 [main] 10094 INFO  com.liukhtenko.informationhandling.parser.LexemeParser - TextComposite{level=LEXEME} added TextComposite{level=SYMBOL}
2019-12-17 14:31:52.953 [main] 10094 INFO  com.liukhtenko.informationhandling.parser.SymbolParser - TextComposite{level=SYMBOL} added f
2019-12-17 14:31:52.953 [main] 10094 INFO  com.liukhtenko.informationhandling.parser.LexemeParser - TextComposite{level=LEXEME} added TextComposite{level=SYMBOL}
2019-12-17 14:31:52.953 [main] 10094 INFO  com.liukhtenko.informationhandling.parser.SymbolParser - TextComposite{level=SYMBOL} added a
2019-12-17 14:31:52.953 [main] 10094 INFO  com.liukhtenko.informationhandling.parser.LexemeParser - TextComposite{level=LEXEME} added TextComposite{level=SYMBOL}
2019-12-17 14:31:52.953 [main] 10094 INFO  com.liukhtenko.informationhandling.parser.SymbolParser - TextComposite{level=SYMBOL} added c
2019-12-17 14:31:52.953 [main] 10094 INFO  com.liukhtenko.informationhandling.parser.LexemeParser - TextComposite{level=LEXEME} added TextComposite{level=SYMBOL}
2019-12-17 14:31:52.953 [main] 10094 INFO  com.liukhtenko.informationhandling.parser.SymbolParser - TextComposite{level=SYMBOL} added t
2019-12-17 14:31:52.953 [main] 10094 INFO  com.liukhtenko.informationhandling.parser.SentenceParser - TextComposite{level=SENTENCE} added TextComposite{level=LEXEME}
2019-12-17 14:31:52.953 [main] 10094 INFO  com.liukhtenko.informationhandling.parser.LexemeParser - TextComposite{level=LEXEME} added TextComposite{level=SYMBOL}
2019-12-17 14:31:52.953 [main] 10094 INFO  com.liukhtenko.informationhandling.parser.SymbolParser - TextComposite{level=SYMBOL} added t
2019-12-17 14:31:52.953 [main] 10094 INFO  com.liukhtenko.informationhandling.parser.LexemeParser - TextComposite{level=LEXEME} added TextComposite{level=SYMBOL}
2019-12-17 14:31:52.953 [main] 10094 INFO  com.liukhtenko.informationhandling.parser.SymbolParser - TextComposite{level=SYMBOL} added h
2019-12-17 14:31:52.953 [main] 10094 INFO  com.liukhtenko.informationhandling.parser.LexemeParser - TextComposite{level=LEXEME} added TextComposite{level=SYMBOL}
2019-12-17 14:31:52.953 [main] 10094 INFO  com.liukhtenko.informationhandling.parser.SymbolParser - TextComposite{level=SYMBOL} added a
2019-12-17 14:31:52.953 [main] 10094 INFO  com.liukhtenko.informationhandling.parser.LexemeParser - TextComposite{level=LEXEME} added TextComposite{level=SYMBOL}
2019-12-17 14:31:52.953 [main] 10094 INFO  com.liukhtenko.informationhandling.parser.SymbolParser - TextComposite{level=SYMBOL} added t
2019-12-17 14:31:52.953 [main] 10094 INFO  com.liukhtenko.informationhandling.parser.SentenceParser - TextComposite{level=SENTENCE} added TextComposite{level=LEXEME}
2019-12-17 14:31:52.953 [main] 10094 INFO  com.liukhtenko.informationhandling.parser.LexemeParser - TextComposite{level=LEXEME} added TextComposite{level=SYMBOL}
2019-12-17 14:31:52.953 [main] 10094 INFO  com.liukhtenko.informationhandling.parser.SymbolParser - TextComposite{level=SYMBOL} added a
2019-12-17 14:31:52.953 [main] 10094 INFO  com.liukhtenko.informationhandling.parser.SentenceParser - TextComposite{level=SENTENCE} added TextComposite{level=LEXEME}
2019-12-17 14:31:52.953 [main] 10094 INFO  com.liukhtenko.informationhandling.parser.LexemeParser - TextComposite{level=LEXEME} added TextComposite{level=SYMBOL}
2019-12-17 14:31:52.953 [main] 10094 INFO  com.liukhtenko.informationhandling.parser.SymbolParser - TextComposite{level=SYMBOL} added r
2019-12-17 14:31:52.953 [main] 10094 INFO  com.liukhtenko.informationhandling.parser.LexemeParser - TextComposite{level=LEXEME} added TextComposite{level=SYMBOL}
2019-12-17 14:31:52.953 [main] 10094 INFO  com.liukhtenko.informationhandling.parser.SymbolParser - TextComposite{level=SYMBOL} added e
2019-12-17 14:31:52.953 [main] 10094 INFO  com.liukhtenko.informationhandling.parser.LexemeParser - TextComposite{level=LEXEME} added TextComposite{level=SYMBOL}
2019-12-17 14:31:52.953 [main] 10094 INFO  com.liukhtenko.informationhandling.parser.SymbolParser - TextComposite{level=SYMBOL} added a
2019-12-17 14:31:52.953 [main] 10094 INFO  com.liukhtenko.informationhandling.parser.LexemeParser - TextComposite{level=LEXEME} added TextComposite{level=SYMBOL}
2019-12-17 14:31:52.953 [main] 10094 INFO  com.liukhtenko.informationhandling.parser.SymbolParser - TextComposite{level=SYMBOL} added d
2019-12-17 14:31:52.953 [main] 10094 INFO  com.liukhtenko.informationhandling.parser.LexemeParser - TextComposite{level=LEXEME} added TextComposite{level=SYMBOL}
2019-12-17 14:31:52.953 [main] 10094 INFO  com.liukhtenko.informationhandling.parser.SymbolParser - TextComposite{level=SYMBOL} added e
2019-12-17 14:31:52.953 [main] 10094 INFO  com.liukhtenko.informationhandling.parser.LexemeParser - TextComposite{level=LEXEME} added TextComposite{level=SYMBOL}
2019-12-17 14:31:52.953 [main] 10094 INFO  com.liukhtenko.informationhandling.parser.SymbolParser - TextComposite{level=SYMBOL} added r
2019-12-17 14:31:52.953 [main] 10094 INFO  com.liukhtenko.informationhandling.parser.SentenceParser - TextComposite{level=SENTENCE} added TextComposite{level=LEXEME}
2019-12-17 14:31:52.953 [main] 10094 INFO  com.liukhtenko.informationhandling.parser.LexemeParser - TextComposite{level=LEXEME} added TextComposite{level=SYMBOL}
2019-12-17 14:31:52.953 [main] 10094 INFO  com.liukhtenko.informationhandling.parser.SymbolParser - TextComposite{level=SYMBOL} added w
2019-12-17 14:31:52.953 [main] 10094 INFO  com.liukhtenko.informationhandling.parser.LexemeParser - TextComposite{level=LEXEME} added TextComposite{level=SYMBOL}
2019-12-17 14:31:52.953 [main] 10094 INFO  com.liukhtenko.informationhandling.parser.SymbolParser - TextComposite{level=SYMBOL} added i
2019-12-17 14:31:52.953 [main] 10094 INFO  com.liukhtenko.informationhandling.parser.LexemeParser - TextComposite{level=LEXEME} added TextComposite{level=SYMBOL}
2019-12-17 14:31:52.953 [main] 10094 INFO  com.liukhtenko.informationhandling.parser.SymbolParser - TextComposite{level=SYMBOL} added l
2019-12-17 14:31:52.953 [main] 10094 INFO  com.liukhtenko.informationhandling.parser.LexemeParser - TextComposite{level=LEXEME} added TextComposite{level=SYMBOL}
2019-12-17 14:31:52.953 [main] 10094 INFO  com.liukhtenko.informationhandling.parser.SymbolParser - TextComposite{level=SYMBOL} added l
2019-12-17 14:31:52.953 [main] 10094 INFO  com.liukhtenko.informationhandling.parser.SentenceParser - TextComposite{level=SENTENCE} added TextComposite{level=LEXEME}
2019-12-17 14:31:52.953 [main] 10094 INFO  com.liukhtenko.informationhandling.parser.LexemeParser - TextComposite{level=LEXEME} added TextComposite{level=SYMBOL}
2019-12-17 14:31:52.953 [main] 10094 INFO  com.liukhtenko.informationhandling.parser.SymbolParser - TextComposite{level=SYMBOL} added b
2019-12-17 14:31:52.953 [main] 10094 INFO  com.liukhtenko.informationhandling.parser.LexemeParser - TextComposite{level=LEXEME} added TextComposite{level=SYMBOL}
2019-12-17 14:31:52.953 [main] 10094 INFO  com.liukhtenko.informationhandling.parser.SymbolParser - TextComposite{level=SYMBOL} added e
2019-12-17 14:31:52.953 [main] 10094 INFO  com.liukhtenko.informationhandling.parser.SentenceParser - TextComposite{level=SENTENCE} added TextComposite{level=LEXEME}
2019-12-17 14:31:52.953 [main] 10094 INFO  com.liukhtenko.informationhandling.parser.LexemeParser - TextComposite{level=LEXEME} added TextComposite{level=SYMBOL}
2019-12-17 14:31:52.953 [main] 10094 INFO  com.liukhtenko.informationhandling.parser.SymbolParser - TextComposite{level=SYMBOL} added d
2019-12-17 14:31:52.953 [main] 10094 INFO  com.liukhtenko.informationhandling.parser.LexemeParser - TextComposite{level=LEXEME} added TextComposite{level=SYMBOL}
2019-12-17 14:31:52.953 [main] 10094 INFO  com.liukhtenko.informationhandling.parser.SymbolParser - TextComposite{level=SYMBOL} added i
2019-12-17 14:31:52.953 [main] 10094 INFO  com.liukhtenko.informationhandling.parser.LexemeParser - TextComposite{level=LEXEME} added TextComposite{level=SYMBOL}
2019-12-17 14:31:52.963 [main] 10104 INFO  com.liukhtenko.informationhandling.parser.SymbolParser - TextComposite{level=SYMBOL} added s
