2019-12-17 14:31:53.013 [main] 10154 INFO  com.liukhtenko.informationhandling.parser.LexemeParser - TextComposite{level=LEXEME} added TextComposite{level=SYMBOL}
2019-12-17 14:31:53.023 [main] 10164 INFO  com.liukhtenko.informationhandling.parser.SymbolParser - TextComposite{level=SYMBOL} added m
2019-12-17 14:31:53.023 [main] 10164 INFO  com.liukhtenko.informationhandling.parser.SentenceParser - TextComposite{level=SENTENCE} added TextComposite{level=LEXEME}
2019-12-17 14:31:53.023 [main] 10164 INFO  com.liukhtenko.informationhandling.parser.LexemeParser - TextComposite{level=LEXEME} added TextComposite{level=SYMBOL}
2019-12-17 14:31:53.023 [main] 10164 INFO  com.liukhtenko.informationhandling.parser.SymbolParser - TextComposite{level=SYMBOL} added i
2019-12-17 14:31:53.023 [main] 10164 INFO  com.liukhtenko.informationhandling.parser.LexemeParser - TextComposite{level=LEXEME} added TextComposite{level=SYMBOL}
2019-12-17 14:31:53.023 [main] 10164 INFO  com.liukhtenko.informationhandling.parser.SymbolParser - TextComposite{level=SYMBOL} added s
2019-12-17 14:31:53.023 [main] 10164 INFO  com.liukhtenko.informationhandling.parser.SentenceParser - TextComposite{level=SENTENCE} added TextComposite{level=LEXEME}
2019-12-17 14:31:53.023 [main] 10164 INFO  com.liukhtenko.informationhandling.parser.LexemeParser - TextComposite{level=LEXEME} added TextComposite{level=SYMBOL}
2019-12-17 14:31:53.023 [main] 10164 INFO  com.liukhtenko.informationhandling.parser.SymbolParser - TextComposite{level=SYMBOL} added t
2019-12-17 14:31:53.023 [main] 10164 INFO  com.liukhtenko.informationhandling.parser.LexemeParser - TextComposite{level=LEXEME} added TextComposite{level=SYMBOL}
2019-12-17 14:31:53.023 [main] 10164 INFO  com.liukhtenko.informationhandling.parser.SymbolParser - TextComposite{level=SYMBOL} added h
2019-12-17 14:31:53.023 [main] 10164 INFO  com.liukhtenko.informationhandling.parser.LexemeParser - TextComposite{level=LEXEME} added TextComposite{level=SYMBOL}
2019-12-17 14:31:53.023 [main] 10164 INFO  com.liukhtenko.informationhandling.parser.SymbolParser - TextComposite{level=SYMBOL} added a
2019-12-17 14:31:53.023 [main] 10164 INFO  com.liukhtenko.informationhandling.parser.LexemeParser - TextComposite{level=LEXEME} added TextComposite{level=SYMBOL}
2019-12-17 14:31:53.023 [main] 10164 INFO  com.liukhtenko.informationhandling.parser.SymbolParser - TextComposite{level=SYMBOL} added t
2019-12-17 14:31:53.023 [main] 10164 INFO  com.liukhtenko.informationhandling.parser.SentenceParser - TextComposite{level=SENTENCE} added TextComposite{level=LEXEME}
2019-12-17 14:31:53.023 [main] 10164 INFO  com.liukhtenko.informationhandling.parser.LexemeParser - TextComposite{level=LEXEME} added TextComposite{level=SYMBOL}
2019-12-17 14:31:53.023 [main] 10164 INFO  com.liukhtenko.informationhandling.parser.SymbolParser - TextComposite{level=SYMBOL} added i
2019-12-17 14:31:53.023 [main] 10164 INFO  com.liukhtenko.informationhandling.parser.LexemeParser - TextComposite{level=LEXEME} added TextComposite{level=SYMBOL}
2019-12-17 14:31:53.023 [main] 10164 INFO  com.liukhtenko.informationhandling.parser.SymbolParser - TextComposite{level=SYMBOL} added t
2019-12-17 14:31:53.023 [main] 10164 INFO  com.liukhtenko.informationhandling.parser.SentenceParser - TextComposite{level=SENTENCE} added TextComposite{level=LEXEME}
2019-12-17 14:31:53.023 [main] 10164 INFO  com.liukhtenko.informationhandling.parser.LexemeParser - TextComposite{level=LEXEME} added TextComposite{level=SYMBOL}
2019-12-17 14:31:53.023 [main] 10164 INFO  com.liukhtenko.informationhandling.parser.SymbolParser - TextComposite{level=SYMBOL} added h
2019-12-17 14:31:53.023 [main] 10164 INFO  com.liukhtenko.informationhandling.parser.LexemeParser - TextComposite{level=LEXEME} added TextComposite{level=SYMBOL}
2019-12-17 14:31:53.023 [main] 10164 INFO  com.liukhtenko.informationhandling.parser.SymbolParser - TextComposite{level=SYMBOL} added a
2019-12-17 14:31:53.023 [main] 10164 INFO  com.liukhtenko.informationhandling.parser.LexemeParser - TextComposite{level=LEXEME} added TextComposite{level=SYMBOL}
2019-12-17 14:31:53.023 [main] 10164 INFO  com.liukhtenko.informationhandling.parser.SymbolParser - TextComposite{level=SYMBOL} added s
2019-12-17 14:31:53.023 [main] 10164 INFO  com.liukhtenko.informationhandling.parser.SentenceParser - TextComposite{level=SENTENCE} added TextComposite{level=LEXEME}
2019-12-17 14:31:53.023 [main] 10164 INFO  com.liukhtenko.informationhandling.parser.LexemeParser - TextComposite{level=LEXEME} added TextComposite{level=SYMBOL}
2019-12-17 14:31:53.023 [main] 10164 INFO  com.liukhtenko.informationhandling.parser.SymbolParser - TextComposite{level=SYMBOL} added a
2019-12-17 14:31:53.023 [main] 10164 INFO  com.liukhtenko.informationhandling.parser.LexemeParser - TextComposite{level=LEXEME} added TextComposite{level=SYMBOL}
2019-12-17 14:31:53.023 [main] 10164 INFO  com.liukhtenko.informationhandling.parser.SymbolParser - TextComposite{level=SYMBOL} added m
2019-12-17 14:31:53.023 [main] 10164 INFO  com.liukhtenko.informationhandling.parser.LexemeParser - TextComposite{level=LEXEME} added TextComposite{level=SYMBOL}
2019-12-17 14:31:53.023 [main] 10164 INFO  com.liukhtenko.informationhandling.parser.SymbolParser - TextComposite{level=SYMBOL} added o
2019-12-17 14:31:53.023 [main] 10164 INFO  com.liukhtenko.informationhandling.parser.LexemeParser - TextComposite{level=LEXEME} added TextComposite{level=SYMBOL}
2019-12-17 14:31:53.023 [main] 10164 INFO  com.liukhtenko.informationhandling.parser.SymbolParser - TextComposite{level=SYMBOL} added r
2019-12-17 14:31:53.023 [main] 10164 INFO  com.liukhtenko.informationhandling.parser.LexemeParser - TextComposite{level=LEXEME} added TextComposite{level=SYMBOL}
2019-12-17 14:31:53.023 [main] 10164 INFO  com.liukhtenko.informationhandling.parser.SymbolParser - TextComposite{level=SYMBOL} added e
2019-12-17 14:31:53.023 [main] 10164 INFO  com.liukhtenko.informationhandling.parser.LexemeParser - TextComposite{level=LEXEME} added TextComposite{level=SYMBOL}
2019-12-17 14:31:53.023 [main] 10164 INFO  com.liukhtenko.informationhandling.parser.SymbolParser - TextComposite{level=SYMBOL} added -
2019-12-17 14:31:53.023 [main] 10164 INFO  com.liukhtenko.informationhandling.parser.LexemeParser - TextComposite{level=LEXEME} added TextComposite{level=SYMBOL}
2019-12-17 14:31:53.023 [main] 10164 INFO  com.liukhtenko.informationhandling.parser.SymbolParser - TextComposite{level=SYMBOL} added o
2019-12-17 14:31:53.023 [main] 10164 INFO  com.liukhtenko.informationhandling.parser.LexemeParser - TextComposite{level=LEXEME} added TextComposite{level=SYMBOL}
2019-12-17 14:31:53.023 [main] 10164 INFO  com.liukhtenko.informationhandling.parser.SymbolParser - TextComposite{level=SYMBOL} added r
2019-12-17 14:31:53.023 [main] 10164 INFO  com.liukhtenko.informationhandling.parser.LexemeParser - TextComposite{level=LEXEME} added TextComposite{level=SYMBOL}
2019-12-17 14:31:53.033 [main] 10174 INFO  com.liukhtenko.informationhandling.parser.SymbolParser - TextComposite{level=SYMBOL} added -
2019-12-17 14:31:53.033 [main] 10174 INFO  com.liukhtenko.informationhandling.parser.LexemeParser - TextComposite{level=LEXEME} added TextComposite{level=SYMBOL}
2019-12-17 14:31:53.033 [main] 10174 INFO  com.liukhtenko.informationhandling.parser.SymbolParser - TextComposite{level=SYMBOL} added l
2019-12-17 14:31:53.033 [main] 10174 INFO  com.liukhtenko.informationhandling.parser.LexemeParser - TextComposite{level=LEXEME} added TextComposite{level=SYMBOL}
2019-12-17 14:31:53.033 [main] 10174 INFO  com.liukhtenko.informationhandling.parser.SymbolParser - TextComposite{level=SYMBOL} added e
2019-12-17 14:31:53.033 [main] 10174 INFO  com.liukhtenko.informationhandling.parser.LexemeParser - TextComposite{level=LEXEME} added TextComposite{level=SYMBOL}
2019-12-17 14:31:53.033 [main] 10174 INFO  com.liukhtenko.informationhandling.parser.SymbolParser - TextComposite{level=SYMBOL} added s
2019-12-17 14:31:53.033 [main] 10174 INFO  com.liukhtenko.informationhandling.parser.LexemeParser - TextComposite{level=LEXEME} added TextComposite{level=SYMBOL}
2019-12-17 14:31:53.033 [main] 10174 INFO  com.liukhtenko.informationhandling.parser.SymbolParser - TextComposite{level=SYMBOL} added s
2019-12-17 14:31:53.033 [main] 10174 INFO  com.liukhtenko.informationhandling.parser.SentenceParser - TextComposite{level=SENTENCE} added TextComposite{level=LEXEME}
2019-12-17 14:31:53.033 [main] 10174 INFO  com.liukhtenko.informationhandling.parser.LexemeParser - TextComposite{level=LEXEME} added TextComposite{level=SYMBOL}
2019-12-17 14:31:53.033 [main] 10174 INFO  com.liukhtenko.informationhandling.parser.SymbolParser - TextComposite{level=SYMBOL} added n
2019-12-17 14:31:53.033 [main] 10174 INFO  com.liukhtenko.informationhandling.parser.LexemeParser - TextComposite{level=LEXEME} added TextComposite{level=SYMBOL}
2019-12-17 14:31:53.033 [main] 10174 INFO  com.liukhtenko.informationhandling.parser.SymbolParser - TextComposite{level=SYMBOL} added o
2019-12-17 14:31:53.033 [main] 10174 INFO  com.liukhtenko.informationhandling.parser.LexemeParser - TextComposite{level=LEXEME} added TextComposite{level=SYMBOL}
2019-12-17 14:31:53.033 [main] 10174 INFO  com.liukhtenko.informationhandling.parser.SymbolParser - TextComposite{level=SYMBOL} added r
2019-12-17 14:31:53.033 [main] 10174 INFO  com.liukhtenko.informationhandling.parser.LexemeParser - TextComposite{level=LEXEME} added TextComposite{level=SYMBOL}
2019-12-17 14:31:53.033 [main] 10174 INFO  com.liukhtenko.informationhandling.parser.SymbolParser - TextComposite{level=SYMBOL} added m
2019-12-17 14:31:53.033 [main] 10174 INFO  com.liukhtenko.informationhandling.parser.LexemeParser - TextComposite{level=LEXEME} added TextComposite{level=SYMBOL}
2019-12-17 14:31:53.033 [main] 10174 INFO  com.liukhtenko.informationhandling.parser.SymbolParser - TextComposite{level=SYMBOL} added a
2019-12-17 14:31:53.033 [main] 10174 INFO  com.liukhtenko.informationhandling.parser.LexemeParser - TextComposite{level=LEXEME} added TextComposite{level=SYMBOL}
2019-12-17 14:31:53.033 [main] 10174 INFO  com.liukhtenko.informationhandling.parser.SymbolParser - TextComposite{level=SYMBOL} added l
2019-12-17 14:31:53.033 [main] 10174 INFO  com.liukhtenko.informationhandling.parser.SentenceParser - TextComposite{level=SENTENCE} added TextComposite{level=LEXEME}
2019-12-17 14:31:53.033 [main] 10174 INFO  com.liukhtenko.informationhandling.parser.LexemeParser - TextComposite{level=LEXEME} added TextComposite{level=SYMBOL}
2019-12-17 14:31:53.033 [main] 10174 INFO  com.liukhtenko.informationhandling.parser.SymbolParser - TextComposite{level=SYMBOL} added d
2019-12-17 14:31:53.033 [main] 10174 INFO  com.liukhtenko.informationhandling.parser.LexemeParser - TextComposite{level=LEXEME} added TextComposite{level=SYMBOL}
2019-12-17 14:31:53.033 [main] 10174 INFO  com.liukhtenko.informationhandling.parser.SymbolParser - TextComposite{level=SYMBOL} added i
2019-12-17 14:31:53.033 [main] 10174 INFO  com.liukhtenko.informationhandling.parser.LexemeParser - TextComposite{level=LEXEME} added TextComposite{level=SYMBOL}
2019-12-17 14:31:53.033 [main] 10174 INFO  com.liukhtenko.informationhandling.parser.SymbolParser - TextComposite{level=SYMBOL} added s
2019-12-17 14:31:53.033 [main] 10174 INFO  com.liukhtenko.informationhandling.parser.LexemeParser - TextComposite{level=LEXEME} added TextComposite{level=SYMBOL}
2019-12-17 14:31:53.033 [main] 10174 INFO  com.liukhtenko.informationhandling.parser.SymbolParser - TextComposite{level=SYMBOL} added t
2019-12-17 14:31:53.033 [main] 10174 INFO  com.liukhtenko.informationhandling.parser.LexemeParser - TextComposite{level=LEXEME} added TextComposite{level=SYMBOL}
2019-12-17 14:31:53.033 [main] 10174 INFO  com.liukhtenko.informationhandling.parser.SymbolParser - TextComposite{level=SYMBOL} added r
2019-12-17 14:31:53.033 [main] 10174 INFO  com.liukhtenko.informationhandling.parser.LexemeParser - TextComposite{level=LEXEME} added TextComposite{level=SYMBOL}
2019-12-17 14:31:53.033 [main] 10174 INFO  com.liukhtenko.informationhandling.parser.SymbolParser - TextComposite{level=SYMBOL} added i
2019-12-17 14:31:53.033 [main] 10174 INFO  com.liukhtenko.informationhandling.parser.LexemeParser - TextComposite{level=LEXEME} added TextComposite{level=SYMBOL}
2019-12-17 14:31:53.033 [main] 10174 INFO  com.liukhtenko.informationhandling.parser.SymbolParser - TextComposite{level=SYMBOL} added b
2019-12-17 14:31:53.033 [main] 10174 INFO  com.liukhtenko.informationhandling.parser.LexemeParser - TextComposite{level=LEXEME} added TextComposite{level=SYMBOL}
2019-12-17 14:31:53.033 [main] 10174 INFO  com.liukhtenko.informationhandling.parser.SymbolParser - TextComposite{level=SYMBOL} added u
2019-12-17 14:31:53.033 [main] 10174 INFO  com.liukhtenko.informationhandling.parser.LexemeParser - TextComposite{level=LEXEME} added TextComposite{level=SYMBOL}
2019-12-17 14:31:53.033 [main] 10174 INFO  com.liukhtenko.informationhandling.parser.SymbolParser - TextComposite{level=SYMBOL} added t
2019-12-17 14:31:53.033 [main] 10174 INFO  com.liukhtenko.informationhandling.parser.LexemeParser - TextComposite{level=LEXEME} added TextComposite{level=SYMBOL}
2019-12-17 14:31:53.033 [main] 10174 INFO  com.liukhtenko.informationhandling.parser.SymbolParser - TextComposite{level=SYMBOL} added i
2019-12-17 14:31:53.033 [main] 10174 INFO  com.liukhtenko.informationhandling.parser.LexemeParser - TextComposite{level=LEXEME} added TextComposite{level=SYMBOL}
2019-12-17 14:31:53.033 [main] 10174 INFO  com.liukhtenko.informationhandling.parser.SymbolParser - TextComposite{level=SYMBOL} added o
2019-12-17 14:31:53.033 [main] 10174 INFO  com.liukhtenko.informationhandling.parser.LexemeParser - TextComposite{level=LEXEME} added TextComposite{level=SYMBOL}
2019-12-17 14:31:53.043 [main] 10184 INFO  com.liukhtenko.informationhandling.parser.SymbolParser - TextComposite{level=SYMBOL} added n
2019-12-17 14:31:53.043 [main] 10184 INFO  com.liukhtenko.informationhandling.parser.SentenceParser - TextComposite{level=SENTENCE} added TextComposite{level=LEXEME}
2019-12-17 14:31:53.043 [main] 10184 INFO  com.liukhtenko.informationhandling.parser.LexemeParser - TextComposite{level=LEXEME} added TextComposite{level=SYMBOL}
2019-12-17 14:31:53.043 [main] 10184 INFO  com.liukhtenko.informationhandling.parser.SymbolParser - TextComposite{level=SYMBOL} added o
2019-12-17 14:31:53.043 [main] 10184 INFO  com.liukhtenko.informationhandling.parser.LexemeParser - TextComposite{level=LEXEME} added TextComposite{level=SYMBOL}
2019-12-17 14:31:53.043 [main] 10184 INFO  com.liukhtenko.informationhandling.parser.SymbolParser - TextComposite{level=SYMBOL} added b
2019-12-17 14:31:53.043 [main] 10184 INFO  com.liukhtenko.informationhandling.parser.LexemeParser - TextComposite{level=LEXEME} added TextComposite{level=SYMBOL}
2019-12-17 14:31:53.043 [main] 10184 INFO  com.liukhtenko.informationhandling.parser.SymbolParser - TextComposite{level=SYMBOL} added .
2019-12-17 14:31:53.043 [main] 10184 INFO  com.liukhtenko.informationhandling.parser.LexemeParser - TextComposite{level=LEXEME} added TextComposite{level=SYMBOL}
2019-12-17 14:31:53.043 [main] 10184 INFO  com.liukhtenko.informationhandling.parser.SymbolParser - TextComposite{level=SYMBOL} added t
2019-12-17 14:31:53.043 [main] 10184 INFO  com.liukhtenko.informationhandling.parser.LexemeParser - TextComposite{level=LEXEME} added TextComposite{level=SYMBOL}
2019-12-17 14:31:53.043 [main] 10184 INFO  com.liukhtenko.informationhandling.parser.SymbolParser - TextComposite{level=SYMBOL} added o
2019-12-17 14:31:53.043 [main] 10184 INFO  com.liukhtenko.informationhandling.parser.LexemeParser - TextComposite{level=LEXEME} added TextComposite{level=SYMBOL}
2019-12-17 14:31:53.043 [main] 10184 INFO  com.liukhtenko.informationhandling.parser.SymbolParser - TextComposite{level=SYMBOL} added S
2019-12-17 14:31:53.043 [main] 10184 INFO  com.liukhtenko.informationhandling.parser.LexemeParser - TextComposite{level=LEXEME} added TextComposite{level=SYMBOL}
2019-12-17 14:31:53.043 [main] 10184 INFO  com.liukhtenko.informationhandling.parser.SymbolParser - TextComposite{level=SYMBOL} added t
2019-12-17 14:31:53.043 [main] 10184 INFO  com.liukhtenko.informationhandling.parser.LexemeParser - TextComposite{level=LEXEME} added TextComposite{level=SYMBOL}
2019-12-17 14:31:53.043 [main] 10184 INFO  com.liukhtenko.informationhandling.parser.SymbolParser - TextComposite{level=SYMBOL} added r
2019-12-17 14:31:53.043 [main] 10184 INFO  com.liukhtenko.informationhandling.parser.LexemeParser - TextComposite{level=LEXEME} added TextComposite{level=SYMBOL}
2019-12-17 14:31:53.043 [main] 10184 INFO  com.liukhtenko.informationhandling.parser.SymbolParser - TextComposite{level=SYMBOL} added i
2019-12-17 14:31:53.043 [main] 10184 INFO  com.liukhtenko.informationhandling.parser.LexemeParser - TextComposite{level=LEXEME} added TextComposite{level=SYMBOL}
2019-12-17 14:31:53.043 [main] 10184 INFO  com.liukhtenko.informationhandling.parser.SymbolParser - TextComposite{level=SYMBOL} added n
2019-12-17 14:31:53.043 [main] 10184 INFO  com.liukhtenko.informationhandling.parser.LexemeParser - TextComposite{level=LEXEME} added TextComposite{level=SYMBOL}
2019-12-17 14:31:53.043 [main] 10184 INFO  com.liukhtenko.informationhandling.parser.SymbolParser - TextComposite{level=SYMBOL} added g
2019-12-17 14:31:53.043 [main] 10184 INFO  com.liukhtenko.informationhandling.parser.LexemeParser - TextComposite{level=LEXEME} added TextComposite{level=SYMBOL}
2019-12-17 14:31:53.043 [main] 10184 INFO  com.liukhtenko.informationhandling.parser.SymbolParser - TextComposite{level=SYMBOL} added (
2019-12-17 14:31:53.043 [main] 10184 INFO  com.liukhtenko.informationhandling.parser.LexemeParser - TextComposite{level=LEXEME} added TextComposite{level=SYMBOL}
2019-12-17 14:31:53.043 [main] 10184 INFO  com.liukhtenko.informationhandling.parser.SymbolParser - TextComposite{level=SYMBOL} added a
2019-12-17 14:31:53.043 [main] 10184 INFO  com.liukhtenko.informationhandling.parser.LexemeParser - TextComposite{level=LEXEME} added TextComposite{level=SYMBOL}
2019-12-17 14:31:53.043 [main] 10184 INFO  com.liukhtenko.informationhandling.parser.SymbolParser - TextComposite{level=SYMBOL} added ?
2019-12-17 14:31:53.043 [main] 10184 INFO  com.liukhtenko.informationhandling.parser.LexemeParser - TextComposite{level=LEXEME} added TextComposite{level=SYMBOL}
2019-12-17 14:31:53.043 [main] 10184 INFO  com.liukhtenko.informationhandling.parser.SymbolParser - TextComposite{level=SYMBOL} added b
2019-12-17 14:31:53.043 [main] 10184 INFO  com.liukhtenko.informationhandling.parser.LexemeParser - TextComposite{level=LEXEME} added TextComposite{level=SYMBOL}
2019-12-17 14:31:53.043 [main] 10184 INFO  com.liukhtenko.informationhandling.parser.SymbolParser - TextComposite{level=SYMBOL} added :
2019-12-17 14:31:53.043 [main] 10184 INFO  com.liukhtenko.informationhandling.parser.LexemeParser - TextComposite{level=LEXEME} added TextComposite{level=SYMBOL}
2019-12-17 14:31:53.043 [main] 10184 INFO  com.liukhtenko.informationhandling.parser.SymbolParser - TextComposite{level=SYMBOL} added c
2019-12-17 14:31:53.043 [main] 10184 INFO  com.liukhtenko.informationhandling.parser.LexemeParser - TextComposite{level=LEXEME} added TextComposite{level=SYMBOL}
2019-12-17 14:31:53.043 [main] 10184 INFO  com.liukhtenko.informationhandling.parser.SymbolParser - TextComposite{level=SYMBOL} added )
2019-12-17 14:31:53.043 [main] 10184 INFO  com.liukhtenko.informationhandling.parser.LexemeParser - TextComposite{level=LEXEME} added TextComposite{level=SYMBOL}
2019-12-17 14:31:53.043 [main] 10184 INFO  com.liukhtenko.informationhandling.parser.SymbolParser - TextComposite{level=SYMBOL} added ,
2019-12-17 14:31:53.043 [main] 10184 INFO  com.liukhtenko.informationhandling.parser.SentenceParser - TextComposite{level=SENTENCE} added TextComposite{level=LEXEME}
2019-12-17 14:31:53.043 [main] 10184 INFO  com.liukhtenko.informationhandling.parser.LexemeParser - TextComposite{level=LEXEME} added TextComposite{level=SYMBOL}
2019-12-17 14:31:53.043 [main] 10184 INFO  com.liukhtenko.informationhandling.parser.SymbolParser - TextComposite{level=SYMBOL} added a
2019-12-17 14:31:53.043 [main] 10184 INFO  com.liukhtenko.informationhandling.parser.LexemeParser - TextComposite{level=LEXEME} added TextComposite{level=SYMBOL}
2019-12-17 14:31:53.043 [main] 10184 INFO  com.liukhtenko.informationhandling.parser.SymbolParser - TextComposite{level=SYMBOL} added s
2019-12-17 14:31:53.043 [main] 10184 INFO  com.liukhtenko.informationhandling.parser.SentenceParser - TextComposite{level=SENTENCE} added TextComposite{level=LEXEME}
2019-12-17 14:31:53.053 [main] 10194 INFO  com.liukhtenko.informationhandling.parser.LexemeParser - TextComposite{level=LEXEME} added TextComposite{level=SYMBOL}
2019-12-17 14:31:53.053 [main] 10194 INFO  com.liukhtenko.informationhandling.parser.SymbolParser - TextComposite{level=SYMBOL} added o
2019-12-17 14:31:53.053 [main] 10194 INFO  com.liukhtenko.informationhandling.parser.LexemeParser - TextComposite{level=LEXEME} added TextComposite{level=SYMBOL}
2019-12-17 14:31:53.053 [main] 10194 INFO  com.liukhtenko.informationhandling.parser.SymbolParser - TextComposite{level=SYMBOL} added p
2019-12-17 14:31:53.053 [main] 10194 INFO  com.liukhtenko.informationhandling.parser.LexemeParser - TextComposite{level=LEXEME} added TextComposite{level=SYMBOL}
2019-12-17 14:31:53.053 [main] 10194 INFO  com.liukhtenko.informationhandling.parser.SymbolParser - TextComposite{level=SYMBOL} added p
2019-12-17 14:31:53.053 [main] 10194 INFO  com.liukhtenko.informationhandling.parser.LexemeParser - TextComposite{level=LEXEME} added TextComposite{level=SYMBOL}
2019-12-17 14:31:53.053 [main] 10194 INFO  com.liukhtenko.informationhandling.parser.SymbolParser - TextComposite{level=SYMBOL} added o
2019-12-17 14:31:53.053 [main] 10194 INFO  com.liukhtenko.informationhandling.parser.LexemeParser - TextComposite{level=LEXEME} added TextComposite{level=SYMBOL}
2019-12-17 14:31:53.053 [main] 10194 INFO  com.liukhtenko.informationhandling.parser.SymbolParser - TextComposite{level=SYMBOL} added s
2019-12-17 14:31:53.053 [main] 10194 INFO  com.liukhtenko.informationhandling.parser.LexemeParser - TextComposite{level=LEXEME} added TextComposite{level=SYMBOL}
2019-12-17 14:31:53.053 [main] 10194 INFO  com.liukhtenko.informationhandling.parser.SymbolParser - TextComposite{level=SYMBOL} added e
2019-12-17 14:31:53.053 [main] 10194 INFO  com.liukhtenko.informationhandling.parser.LexemeParser - TextComposite{level=LEXEME} added TextComposite{level=SYMBOL}
2019-12-17 14:31:53.053 [main] 10194 INFO  com.liukhtenko.informationhandling.parser.SymbolParser - TextComposite{level=SYMBOL} added d
2019-12-17 14:31:53.053 [main] 10194 INFO  com.liukhtenko.informationhandling.parser.SentenceParser - TextComposite{level=SENTENCE} added TextComposite{level=LEXEME}
2019-12-17 14:31:53.053 [main] 10194 INFO  com.liukhtenko.informationhandling.parser.LexemeParser - TextComposite{level=LEXEME} added TextComposite{level=SYMBOL}
2019-12-17 14:31:53.053 [main] 10194 INFO  com.liukhtenko.informationhandling.parser.SymbolParser - TextComposite{level=SYMBOL} added t
2019-12-17 14:31:53.053 [main] 10194 INFO  com.liukhtenko.informationhandling.parser.LexemeParser - TextComposite{level=LEXEME} added TextComposite{level=SYMBOL}
2019-12-17 14:31:53.053 [main] 10194 INFO  com.liukhtenko.informationhandling.parser.SymbolParser - TextComposite{level=SYMBOL} added o
2019-12-17 14:31:53.053 [main] 10194 INFO  com.liukhtenko.informationhandling.parser.SentenceParser - TextComposite{level=SENTENCE} added TextComposite{level=LEXEME}
2019-12-17 14:31:53.053 [main] 10194 INFO  com.liukhtenko.informationhandling.parser.LexemeParser - TextComposite{level=LEXEME} added TextComposite{level=SYMBOL}
2019-12-17 14:31:53.053 [main] 10194 INFO  com.liukhtenko.informationhandling.parser.SymbolParser - TextComposite{level=SYMBOL} added u
2019-12-17 14:31:53.053 [main] 10194 INFO  com.liukhtenko.informationhandling.parser.LexemeParser - TextComposite{level=LEXEME} added TextComposite{level=SYMBOL}
2019-12-17 14:31:53.053 [main] 10194 INFO  com.liukhtenko.informationhandling.parser.SymbolParser - TextComposite{level=SYMBOL} added s
2019-12-17 14:31:53.053 [main] 10194 INFO  com.liukhtenko.informationhandling.parser.LexemeParser - TextComposite{level=LEXEME} added TextComposite{level=SYMBOL}
2019-12-17 14:31:53.053 [main] 10194 INFO  com.liukhtenko.informationhandling.parser.SymbolParser - TextComposite{level=SYMBOL} added i
2019-12-17 14:31:53.053 [main] 10194 INFO  com.liukhtenko.informationhandling.parser.LexemeParser - TextComposite{level=LEXEME} added TextComposite{level=SYMBOL}
2019-12-17 14:31:53.053 [main] 10194 INFO  com.liukhtenko.informationhandling.parser.SymbolParser - TextComposite{level=SYMBOL} added n
2019-12-17 14:31:53.053 [main] 10194 INFO  com.liukhtenko.informationhandling.parser.LexemeParser - TextComposite{level=LEXEME} added TextComposite{level=SYMBOL}
2019-12-17 14:31:53.053 [main] 10194 INFO  com.liukhtenko.informationhandling.parser.SymbolParser - TextComposite{level=SYMBOL} added g
2019-12-17 14:31:53.053 [main] 10194 INFO  com.liukhtenko.informationhandling.parser.SentenceParser - TextComposite{level=SENTENCE} added TextComposite{level=LEXEME}
2019-12-17 14:31:53.053 [main] 10194 INFO  com.liukhtenko.informationhandling.parser.LexemeParser - TextComposite{level=LEXEME} added TextComposite{level=SYMBOL}
