2019-12-17 14:07:23.189 [main] 15558 INFO  com.liukhtenko.informationHandling.parser.LexemeParser - TextComposite{level=LEXEME} added TextComposite{level=SYMBOL}
2019-12-17 14:07:23.209 [main] 15578 INFO  com.liukhtenko.informationHandling.parser.SymbolParser - TextComposite{level=SYMBOL} added t
2019-12-17 14:07:23.209 [main] 15578 INFO  com.liukhtenko.informationHandling.parser.SentenceParser - TextComposite{level=SENTENCE} added TextComposite{level=LEXEME}
2019-12-17 14:07:23.209 [main] 15578 INFO  com.liukhtenko.informationHandling.parser.LexemeParser - TextComposite{level=LEXEME} added TextComposite{level=SYMBOL}
2019-12-17 14:07:23.209 [main] 15578 INFO  com.liukhtenko.informationHandling.parser.SymbolParser - TextComposite{level=SYMBOL} added o
2019-12-17 14:07:23.209 [main] 15578 INFO  com.liukhtenko.informationHandling.parser.LexemeParser - TextComposite{level=LEXEME} added TextComposite{level=SYMBOL}
2019-12-17 14:07:23.209 [main] 15578 INFO  com.liukhtenko.informationHandling.parser.SymbolParser - TextComposite{level=SYMBOL} added n
2019-12-17 14:07:23.209 [main] 15578 INFO  com.liukhtenko.informationHandling.parser.LexemeParser - TextComposite{level=LEXEME} added TextComposite{level=SYMBOL}
2019-12-17 14:07:23.209 [main] 15578 INFO  com.liukhtenko.informationHandling.parser.SymbolParser - TextComposite{level=SYMBOL} added l
2019-12-17 14:07:23.209 [main] 15578 INFO  com.liukhtenko.informationHandling.parser.LexemeParser - TextComposite{level=LEXEME} added TextComposite{level=SYMBOL}
2019-12-17 14:07:23.209 [main] 15578 INFO  com.liukhtenko.informationHandling.parser.SymbolParser - TextComposite{level=SYMBOL} added y
2019-12-17 14:07:23.209 [main] 15578 INFO  com.liukhtenko.informationHandling.parser.SentenceParser - TextComposite{level=SENTENCE} added TextComposite{level=LEXEME}
2019-12-17 14:07:23.209 [main] 15578 INFO  com.liukhtenko.informationHandling.parser.LexemeParser - TextComposite{level=LEXEME} added TextComposite{level=SYMBOL}
2019-12-17 14:07:23.209 [main] 15578 INFO  com.liukhtenko.informationHandling.parser.SymbolParser - TextComposite{level=SYMBOL} added (
2019-12-17 14:07:23.209 [main] 15578 INFO  com.liukhtenko.informationHandling.parser.LexemeParser - TextComposite{level=LEXEME} added TextComposite{level=SYMBOL}
2019-12-17 14:07:23.209 [main] 15578 INFO  com.liukhtenko.informationHandling.parser.SymbolParser - TextComposite{level=SYMBOL} added f
2019-12-17 14:07:23.209 [main] 15578 INFO  com.liukhtenko.informationHandling.parser.LexemeParser - TextComposite{level=LEXEME} added TextComposite{level=SYMBOL}
2019-12-17 14:07:23.209 [main] 15578 INFO  com.liukhtenko.informationHandling.parser.SymbolParser - TextComposite{level=SYMBOL} added i
2019-12-17 14:07:23.209 [main] 15578 INFO  com.liukhtenko.informationHandling.parser.LexemeParser - TextComposite{level=LEXEME} added TextComposite{level=SYMBOL}
2019-12-17 14:07:23.209 [main] 15578 INFO  com.liukhtenko.informationHandling.parser.SymbolParser - TextComposite{level=SYMBOL} added v
2019-12-17 14:07:23.209 [main] 15578 INFO  com.liukhtenko.informationHandling.parser.LexemeParser - TextComposite{level=LEXEME} added TextComposite{level=SYMBOL}
2019-12-17 14:07:23.209 [main] 15578 INFO  com.liukhtenko.informationHandling.parser.SymbolParser - TextComposite{level=SYMBOL} added e
2019-12-17 14:07:23.209 [main] 15578 INFO  com.liukhtenko.informationHandling.parser.LexemeParser - TextComposite{level=LEXEME} added TextComposite{level=SYMBOL}
2019-12-17 14:07:23.209 [main] 15578 INFO  com.liukhtenko.informationHandling.parser.SymbolParser - TextComposite{level=SYMBOL} added )
2019-12-17 14:07:23.209 [main] 15578 INFO  com.liukhtenko.informationHandling.parser.SentenceParser - TextComposite{level=SENTENCE} added TextComposite{level=LEXEME}
2019-12-17 14:07:23.209 [main] 15578 INFO  com.liukhtenko.informationHandling.parser.LexemeParser - TextComposite{level=LEXEME} added TextComposite{level=SYMBOL}
2019-12-17 14:07:23.209 [main] 15578 INFO  com.liukhtenko.informationHandling.parser.SymbolParser - TextComposite{level=SYMBOL} added c
2019-12-17 14:07:23.209 [main] 15578 INFO  com.liukhtenko.informationHandling.parser.LexemeParser - TextComposite{level=LEXEME} added TextComposite{level=SYMBOL}
2019-12-17 14:07:23.209 [main] 15578 INFO  com.liukhtenko.informationHandling.parser.SymbolParser - TextComposite{level=SYMBOL} added e
2019-12-17 14:07:23.209 [main] 15578 INFO  com.liukhtenko.informationHandling.parser.LexemeParser - TextComposite{level=LEXEME} added TextComposite{level=SYMBOL}
2019-12-17 14:07:23.209 [main] 15578 INFO  com.liukhtenko.informationHandling.parser.SymbolParser - TextComposite{level=SYMBOL} added n
2019-12-17 14:07:23.209 [main] 15578 INFO  com.liukhtenko.informationHandling.parser.LexemeParser - TextComposite{level=LEXEME} added TextComposite{level=SYMBOL}
2019-12-17 14:07:23.209 [main] 15578 INFO  com.liukhtenko.informationHandling.parser.SymbolParser - TextComposite{level=SYMBOL} added t
2019-12-17 14:07:23.209 [main] 15578 INFO  com.liukhtenko.informationHandling.parser.LexemeParser - TextComposite{level=LEXEME} added TextComposite{level=SYMBOL}
2019-12-17 14:07:23.209 [main] 15578 INFO  com.liukhtenko.informationHandling.parser.SymbolParser - TextComposite{level=SYMBOL} added u
2019-12-17 14:07:23.209 [main] 15578 INFO  com.liukhtenko.informationHandling.parser.LexemeParser - TextComposite{level=LEXEME} added TextComposite{level=SYMBOL}
2019-12-17 14:07:23.209 [main] 15578 INFO  com.liukhtenko.informationHandling.parser.SymbolParser - TextComposite{level=SYMBOL} added r
2019-12-17 14:07:23.209 [main] 15578 INFO  com.liukhtenko.informationHandling.parser.LexemeParser - TextComposite{level=LEXEME} added TextComposite{level=SYMBOL}
2019-12-17 14:07:23.209 [main] 15578 INFO  com.liukhtenko.informationHandling.parser.SymbolParser - TextComposite{level=SYMBOL} added i
2019-12-17 14:07:23.209 [main] 15578 INFO  com.liukhtenko.informationHandling.parser.LexemeParser - TextComposite{level=LEXEME} added TextComposite{level=SYMBOL}
2019-12-17 14:07:23.209 [main] 15578 INFO  com.liukhtenko.informationHandling.parser.SymbolParser - TextComposite{level=SYMBOL} added e
2019-12-17 14:07:23.209 [main] 15578 INFO  com.liukhtenko.informationHandling.parser.LexemeParser - TextComposite{level=LEXEME} added TextComposite{level=SYMBOL}
2019-12-17 14:07:23.209 [main] 15578 INFO  com.liukhtenko.informationHandling.parser.SymbolParser - TextComposite{level=SYMBOL} added s
2019-12-17 14:07:23.209 [main] 15578 INFO  com.liukhtenko.informationHandling.parser.LexemeParser - TextComposite{level=LEXEME} added TextComposite{level=SYMBOL}
2019-12-17 14:07:23.209 [main] 15578 INFO  com.liukhtenko.informationHandling.parser.SymbolParser - TextComposite{level=SYMBOL} added ,
2019-12-17 14:07:23.209 [main] 15578 INFO  com.liukhtenko.informationHandling.parser.SentenceParser - TextComposite{level=SENTENCE} added TextComposite{level=LEXEME}
2019-12-17 14:07:23.219 [main] 15588 INFO  com.liukhtenko.informationHandling.parser.LexemeParser - TextComposite{level=LEXEME} added TextComposite{level=SYMBOL}
2019-12-17 14:07:23.219 [main] 15588 INFO  com.liukhtenko.informationHandling.parser.SymbolParser - TextComposite{level=SYMBOL} added b
2019-12-17 14:07:23.219 [main] 15588 INFO  com.liukhtenko.informationHandling.parser.LexemeParser - TextComposite{level=LEXEME} added TextComposite{level=SYMBOL}
2019-12-17 14:07:23.219 [main] 15588 INFO  com.liukhtenko.informationHandling.parser.SymbolParser - TextComposite{level=SYMBOL} added u
2019-12-17 14:07:23.219 [main] 15588 INFO  com.liukhtenko.informationHandling.parser.LexemeParser - TextComposite{level=LEXEME} added TextComposite{level=SYMBOL}
2019-12-17 14:07:23.219 [main] 15588 INFO  com.liukhtenko.informationHandling.parser.SymbolParser - TextComposite{level=SYMBOL} added t
2019-12-17 14:07:23.219 [main] 15588 INFO  com.liukhtenko.informationHandling.parser.SentenceParser - TextComposite{level=SENTENCE} added TextComposite{level=LEXEME}
2019-12-17 14:07:23.219 [main] 15588 INFO  com.liukhtenko.informationHandling.parser.LexemeParser - TextComposite{level=LEXEME} added TextComposite{level=SYMBOL}
2019-12-17 14:07:23.219 [main] 15588 INFO  com.liukhtenko.informationHandling.parser.SymbolParser - TextComposite{level=SYMBOL} added a
2019-12-17 14:07:23.219 [main] 15588 INFO  com.liukhtenko.informationHandling.parser.LexemeParser - TextComposite{level=LEXEME} added TextComposite{level=SYMBOL}
2019-12-17 14:07:23.219 [main] 15588 INFO  com.liukhtenko.informationHandling.parser.SymbolParser - TextComposite{level=SYMBOL} added l
2019-12-17 14:07:23.219 [main] 15588 INFO  com.liukhtenko.informationHandling.parser.LexemeParser - TextComposite{level=LEXEME} added TextComposite{level=SYMBOL}
2019-12-17 14:07:23.219 [main] 15588 INFO  com.liukhtenko.informationHandling.parser.SymbolParser - TextComposite{level=SYMBOL} added s
2019-12-17 14:07:23.219 [main] 15588 INFO  com.liukhtenko.informationHandling.parser.LexemeParser - TextComposite{level=LEXEME} added TextComposite{level=SYMBOL}
2019-12-17 14:07:23.219 [main] 15588 INFO  com.liukhtenko.informationHandling.parser.SymbolParser - TextComposite{level=SYMBOL} added o
2019-12-17 14:07:23.219 [main] 15588 INFO  com.liukhtenko.informationHandling.parser.SentenceParser - TextComposite{level=SENTENCE} added TextComposite{level=LEXEME}
2019-12-17 14:07:23.219 [main] 15588 INFO  com.liukhtenko.informationHandling.parser.LexemeParser - TextComposite{level=LEXEME} added TextComposite{level=SYMBOL}
2019-12-17 14:07:23.219 [main] 15588 INFO  com.liukhtenko.informationHandling.parser.SymbolParser - TextComposite{level=SYMBOL} added t
2019-12-17 14:07:23.219 [main] 15588 INFO  com.liukhtenko.informationHandling.parser.LexemeParser - TextComposite{level=LEXEME} added TextComposite{level=SYMBOL}
2019-12-17 14:07:23.219 [main] 15588 INFO  com.liukhtenko.informationHandling.parser.SymbolParser - TextComposite{level=SYMBOL} added h
2019-12-17 14:07:23.219 [main] 15588 INFO  com.liukhtenko.informationHandling.parser.LexemeParser - TextComposite{level=LEXEME} added TextComposite{level=SYMBOL}
2019-12-17 14:07:23.219 [main] 15588 INFO  com.liukhtenko.informationHandling.parser.SymbolParser - TextComposite{level=SYMBOL} added e
2019-12-17 14:07:23.219 [main] 15588 INFO  com.liukhtenko.informationHandling.parser.SentenceParser - TextComposite{level=SENTENCE} added TextComposite{level=LEXEME}
2019-12-17 14:07:23.219 [main] 15588 INFO  com.liukhtenko.informationHandling.parser.LexemeParser - TextComposite{level=LEXEME} added TextComposite{level=SYMBOL}
2019-12-17 14:07:23.219 [main] 15588 INFO  com.liukhtenko.informationHandling.parser.SymbolParser - TextComposite{level=SYMBOL} added l
2019-12-17 14:07:23.219 [main] 15588 INFO  com.liukhtenko.informationHandling.parser.LexemeParser - TextComposite{level=LEXEME} added TextComposite{level=SYMBOL}
2019-12-17 14:07:23.219 [main] 15588 INFO  com.liukhtenko.informationHandling.parser.SymbolParser - TextComposite{level=SYMBOL} added e
2019-12-17 14:07:23.219 [main] 15588 INFO  com.liukhtenko.informationHandling.parser.LexemeParser - TextComposite{level=LEXEME} added TextComposite{level=SYMBOL}
2019-12-17 14:07:23.219 [main] 15588 INFO  com.liukhtenko.informationHandling.parser.SymbolParser - TextComposite{level=SYMBOL} added a
2019-12-17 14:07:23.219 [main] 15588 INFO  com.liukhtenko.informationHandling.parser.LexemeParser - TextComposite{level=LEXEME} added TextComposite{level=SYMBOL}
2019-12-17 14:07:23.219 [main] 15588 INFO  com.liukhtenko.informationHandling.parser.SymbolParser - TextComposite{level=SYMBOL} added p
2019-12-17 14:07:23.219 [main] 15588 INFO  com.liukhtenko.informationHandling.parser.SentenceParser - TextComposite{level=SENTENCE} added TextComposite{level=LEXEME}
2019-12-17 14:07:23.219 [main] 15588 INFO  com.liukhtenko.informationHandling.parser.LexemeParser - TextComposite{level=LEXEME} added TextComposite{level=SYMBOL}
2019-12-17 14:07:23.219 [main] 15588 INFO  com.liukhtenko.informationHandling.parser.SymbolParser - TextComposite{level=SYMBOL} added i
2019-12-17 14:07:23.219 [main] 15588 INFO  com.liukhtenko.informationHandling.parser.LexemeParser - TextComposite{level=LEXEME} added TextComposite{level=SYMBOL}
2019-12-17 14:07:23.219 [main] 15588 INFO  com.liukhtenko.informationHandling.parser.SymbolParser - TextComposite{level=SYMBOL} added n
2019-12-17 14:07:23.219 [main] 15588 INFO  com.liukhtenko.informationHandling.parser.LexemeParser - TextComposite{level=LEXEME} added TextComposite{level=SYMBOL}
2019-12-17 14:07:23.219 [main] 15588 INFO  com.liukhtenko.informationHandling.parser.SymbolParser - TextComposite{level=SYMBOL} added t
2019-12-17 14:07:23.219 [main] 15588 INFO  com.liukhtenko.informationHandling.parser.LexemeParser - TextComposite{level=LEXEME} added TextComposite{level=SYMBOL}
2019-12-17 14:07:23.219 [main] 15588 INFO  com.liukhtenko.informationHandling.parser.SymbolParser - TextComposite{level=SYMBOL} added o
2019-12-17 14:07:23.219 [main] 15588 INFO  com.liukhtenko.informationHandling.parser.SentenceParser - TextComposite{level=SENTENCE} added TextComposite{level=LEXEME}
2019-12-17 14:07:23.219 [main] 15588 INFO  com.liukhtenko.informationHandling.parser.LexemeParser - TextComposite{level=LEXEME} added TextComposite{level=SYMBOL}
2019-12-17 14:07:23.219 [main] 15588 INFO  com.liukhtenko.informationHandling.parser.SymbolParser - TextComposite{level=SYMBOL} added e
2019-12-17 14:07:23.219 [main] 15588 INFO  com.liukhtenko.informationHandling.parser.LexemeParser - TextComposite{level=LEXEME} added TextComposite{level=SYMBOL}
2019-12-17 14:07:23.219 [main] 15588 INFO  com.liukhtenko.informationHandling.parser.SymbolParser - TextComposite{level=SYMBOL} added l
2019-12-17 14:07:23.229 [main] 15598 INFO  com.liukhtenko.informationHandling.parser.LexemeParser - TextComposite{level=LEXEME} added TextComposite{level=SYMBOL}
2019-12-17 14:07:23.229 [main] 15598 INFO  com.liukhtenko.informationHandling.parser.SymbolParser - TextComposite{level=SYMBOL} added e
2019-12-17 14:07:23.229 [main] 15598 INFO  com.liukhtenko.informationHandling.parser.LexemeParser - TextComposite{level=LEXEME} added TextComposite{level=SYMBOL}
2019-12-17 14:07:23.229 [main] 15598 INFO  com.liukhtenko.informationHandling.parser.SymbolParser - TextComposite{level=SYMBOL} added c
2019-12-17 14:07:23.229 [main] 15598 INFO  com.liukhtenko.informationHandling.parser.LexemeParser - TextComposite{level=LEXEME} added TextComposite{level=SYMBOL}
2019-12-17 14:07:23.229 [main] 15598 INFO  com.liukhtenko.informationHandling.parser.SymbolParser - TextComposite{level=SYMBOL} added t
2019-12-17 14:07:23.229 [main] 15598 INFO  com.liukhtenko.informationHandling.parser.LexemeParser - TextComposite{level=LEXEME} added TextComposite{level=SYMBOL}
2019-12-17 14:07:23.229 [main] 15598 INFO  com.liukhtenko.informationHandling.parser.SymbolParser - TextComposite{level=SYMBOL} added r
2019-12-17 14:07:23.229 [main] 15598 INFO  com.liukhtenko.informationHandling.parser.LexemeParser - TextComposite{level=LEXEME} added TextComposite{level=SYMBOL}
2019-12-17 14:07:23.229 [main] 15598 INFO  com.liukhtenko.informationHandling.parser.SymbolParser - TextComposite{level=SYMBOL} added o
2019-12-17 14:07:23.229 [main] 15598 INFO  com.liukhtenko.informationHandling.parser.LexemeParser - TextComposite{level=LEXEME} added TextComposite{level=SYMBOL}
2019-12-17 14:07:23.229 [main] 15598 INFO  com.liukhtenko.informationHandling.parser.SymbolParser - TextComposite{level=SYMBOL} added n
2019-12-17 14:07:23.229 [main] 15598 INFO  com.liukhtenko.informationHandling.parser.LexemeParser - TextComposite{level=LEXEME} added TextComposite{level=SYMBOL}
2019-12-17 14:07:23.229 [main] 15598 INFO  com.liukhtenko.informationHandling.parser.SymbolParser - TextComposite{level=SYMBOL} added i
2019-12-17 14:07:23.229 [main] 15598 INFO  com.liukhtenko.informationHandling.parser.LexemeParser - TextComposite{level=LEXEME} added TextComposite{level=SYMBOL}
2019-12-17 14:07:23.229 [main] 15598 INFO  com.liukhtenko.informationHandling.parser.SymbolParser - TextComposite{level=SYMBOL} added c
2019-12-17 14:07:23.229 [main] 15598 INFO  com.liukhtenko.informationHandling.parser.LexemeParser - TextComposite{level=LEXEME} added TextComposite{level=SYMBOL}
2019-12-17 14:07:23.229 [main] 15598 INFO  com.liukhtenko.informationHandling.parser.SymbolParser - TextComposite{level=SYMBOL} added t
2019-12-17 14:07:23.229 [main] 15598 INFO  com.liukhtenko.informationHandling.parser.LexemeParser - TextComposite{level=LEXEME} added TextComposite{level=SYMBOL}
2019-12-17 14:07:23.229 [main] 15598 INFO  com.liukhtenko.informationHandling.parser.SymbolParser - TextComposite{level=SYMBOL} added y
2019-12-17 14:07:23.229 [main] 15598 INFO  com.liukhtenko.informationHandling.parser.LexemeParser - TextComposite{level=LEXEME} added TextComposite{level=SYMBOL}
2019-12-17 14:07:23.229 [main] 15598 INFO  com.liukhtenko.informationHandling.parser.SymbolParser - TextComposite{level=SYMBOL} added p
2019-12-17 14:07:23.229 [main] 15598 INFO  com.liukhtenko.informationHandling.parser.LexemeParser - TextComposite{level=LEXEME} added TextComposite{level=SYMBOL}
2019-12-17 14:07:23.229 [main] 15598 INFO  com.liukhtenko.informationHandling.parser.SymbolParser - TextComposite{level=SYMBOL} added e
2019-12-17 14:07:23.229 [main] 15598 INFO  com.liukhtenko.informationHandling.parser.SentenceParser - TextComposite{level=SENTENCE} added TextComposite{level=LEXEME}
2019-12-17 14:07:23.229 [main] 15598 INFO  com.liukhtenko.informationHandling.parser.LexemeParser - TextComposite{level=LEXEME} added TextComposite{level=SYMBOL}
2019-12-17 14:07:23.229 [main] 15598 INFO  com.liukhtenko.informationHandling.parser.SymbolParser - TextComposite{level=SYMBOL} added s
2019-12-17 14:07:23.229 [main] 15598 INFO  com.liukhtenko.informationHandling.parser.LexemeParser - TextComposite{level=LEXEME} added TextComposite{level=SYMBOL}
2019-12-17 14:07:23.229 [main] 15598 INFO  com.liukhtenko.informationHandling.parser.SymbolParser - TextComposite{level=SYMBOL} added e
2019-12-17 14:07:23.229 [main] 15598 INFO  com.liukhtenko.informationHandling.parser.LexemeParser - TextComposite{level=LEXEME} added TextComposite{level=SYMBOL}
2019-12-17 14:07:23.229 [main] 15598 INFO  com.liukhtenko.informationHandling.parser.SymbolParser - TextComposite{level=SYMBOL} added t
2019-12-17 14:07:23.229 [main] 15598 INFO  com.liukhtenko.informationHandling.parser.LexemeParser - TextComposite{level=LEXEME} added TextComposite{level=SYMBOL}
2019-12-17 14:07:23.229 [main] 15598 INFO  com.liukhtenko.informationHandling.parser.SymbolParser - TextComposite{level=SYMBOL} added t
2019-12-17 14:07:23.229 [main] 15598 INFO  com.liukhtenko.informationHandling.parser.LexemeParser - TextComposite{level=LEXEME} added TextComposite{level=SYMBOL}
2019-12-17 14:07:23.229 [main] 15598 INFO  com.liukhtenko.informationHandling.parser.SymbolParser - TextComposite{level=SYMBOL} added i
2019-12-17 14:07:23.229 [main] 15598 INFO  com.liukhtenko.informationHandling.parser.LexemeParser - TextComposite{level=LEXEME} added TextComposite{level=SYMBOL}
2019-12-17 14:07:23.229 [main] 15598 INFO  com.liukhtenko.informationHandling.parser.SymbolParser - TextComposite{level=SYMBOL} added n
2019-12-17 14:07:23.229 [main] 15598 INFO  com.liukhtenko.informationHandling.parser.LexemeParser - TextComposite{level=LEXEME} added TextComposite{level=SYMBOL}
2019-12-17 14:07:23.229 [main] 15598 INFO  com.liukhtenko.informationHandling.parser.SymbolParser - TextComposite{level=SYMBOL} added g
2019-12-17 14:07:23.229 [main] 15598 INFO  com.liukhtenko.informationHandling.parser.LexemeParser - TextComposite{level=LEXEME} added TextComposite{level=SYMBOL}
2019-12-17 14:07:23.229 [main] 15598 INFO  com.liukhtenko.informationHandling.parser.SymbolParser - TextComposite{level=SYMBOL} added ,
2019-12-17 14:07:23.229 [main] 15598 INFO  com.liukhtenko.informationHandling.parser.SentenceParser - TextComposite{level=SENTENCE} added TextComposite{level=LEXEME}
2019-12-17 14:07:23.229 [main] 15598 INFO  com.liukhtenko.informationHandling.parser.LexemeParser - TextComposite{level=LEXEME} added TextComposite{level=SYMBOL}
2019-12-17 14:07:23.229 [main] 15598 INFO  com.liukhtenko.informationHandling.parser.SymbolParser - TextComposite{level=SYMBOL} added r
2019-12-17 14:07:23.229 [main] 15598 INFO  com.liukhtenko.informationHandling.parser.LexemeParser - TextComposite{level=LEXEME} added TextComposite{level=SYMBOL}
2019-12-17 14:07:23.239 [main] 15608 INFO  com.liukhtenko.informationHandling.parser.SymbolParser - TextComposite{level=SYMBOL} added e
2019-12-17 14:07:23.239 [main] 15608 INFO  com.liukhtenko.informationHandling.parser.LexemeParser - TextComposite{level=LEXEME} added TextComposite{level=SYMBOL}
2019-12-17 14:07:23.239 [main] 15608 INFO  com.liukhtenko.informationHandling.parser.SymbolParser - TextComposite{level=SYMBOL} added m
2019-12-17 14:07:23.239 [main] 15608 INFO  com.liukhtenko.informationHandling.parser.LexemeParser - TextComposite{level=LEXEME} added TextComposite{level=SYMBOL}
2019-12-17 14:07:23.239 [main] 15608 INFO  com.liukhtenko.informationHandling.parser.SymbolParser - TextComposite{level=SYMBOL} added a
2019-12-17 14:07:23.239 [main] 15608 INFO  com.liukhtenko.informationHandling.parser.LexemeParser - TextComposite{level=LEXEME} added TextComposite{level=SYMBOL}
2019-12-17 14:07:23.239 [main] 15608 INFO  com.liukhtenko.informationHandling.parser.SymbolParser - TextComposite{level=SYMBOL} added i
2019-12-17 14:07:23.239 [main] 15608 INFO  com.liukhtenko.informationHandling.parser.LexemeParser - TextComposite{level=LEXEME} added TextComposite{level=SYMBOL}
2019-12-17 14:07:23.239 [main] 15608 INFO  com.liukhtenko.informationHandling.parser.SymbolParser - TextComposite{level=SYMBOL} added n
2019-12-17 14:07:23.239 [main] 15608 INFO  com.liukhtenko.informationHandling.parser.LexemeParser - TextComposite{level=LEXEME} added TextComposite{level=SYMBOL}
2019-12-17 14:07:23.239 [main] 15608 INFO  com.liukhtenko.informationHandling.parser.SymbolParser - TextComposite{level=SYMBOL} added i
2019-12-17 14:07:23.239 [main] 15608 INFO  com.liukhtenko.informationHandling.parser.LexemeParser - TextComposite{level=LEXEME} added TextComposite{level=SYMBOL}
2019-12-17 14:07:23.239 [main] 15608 INFO  com.liukhtenko.informationHandling.parser.SymbolParser - TextComposite{level=SYMBOL} added n
2019-12-17 14:07:23.239 [main] 15608 INFO  com.liukhtenko.informationHandling.parser.LexemeParser - TextComposite{level=LEXEME} added TextComposite{level=SYMBOL}
2019-12-17 14:07:23.239 [main] 15608 INFO  com.liukhtenko.informationHandling.parser.SymbolParser - TextComposite{level=SYMBOL} added g
2019-12-17 14:07:23.239 [main] 15608 INFO  com.liukhtenko.informationHandling.parser.SentenceParser - TextComposite{level=SENTENCE} added TextComposite{level=LEXEME}
2019-12-17 14:07:23.239 [main] 15608 INFO  com.liukhtenko.informationHandling.parser.LexemeParser - TextComposite{level=LEXEME} added TextComposite{level=SYMBOL}
2019-12-17 14:07:23.239 [main] 15608 INFO  com.liukhtenko.informationHandling.parser.SymbolParser - TextComposite{level=SYMBOL} added e
2019-12-17 14:07:23.239 [main] 15608 INFO  com.liukhtenko.informationHandling.parser.LexemeParser - TextComposite{level=LEXEME} added TextComposite{level=SYMBOL}
2019-12-17 14:07:23.239 [main] 15608 INFO  com.liukhtenko.informationHandling.parser.SymbolParser - TextComposite{level=SYMBOL} added s
2019-12-17 14:07:23.239 [main] 15608 INFO  com.liukhtenko.informationHandling.parser.LexemeParser - TextComposite{level=LEXEME} added TextComposite{level=SYMBOL}
2019-12-17 14:07:23.239 [main] 15608 INFO  com.liukhtenko.informationHandling.parser.SymbolParser - TextComposite{level=SYMBOL} added s
2019-12-17 14:07:23.239 [main] 15608 INFO  com.liukhtenko.informationHandling.parser.LexemeParser - TextComposite{level=LEXEME} added TextComposite{level=SYMBOL}
2019-12-17 14:07:23.239 [main] 15608 INFO  com.liukhtenko.informationHandling.parser.SymbolParser - TextComposite{level=SYMBOL} added e
2019-12-17 14:07:23.239 [main] 15608 INFO  com.liukhtenko.informationHandling.parser.LexemeParser - TextComposite{level=LEXEME} added TextComposite{level=SYMBOL}
2019-12-17 14:07:23.239 [main] 15608 INFO  com.liukhtenko.informationHandling.parser.SymbolParser - TextComposite{level=SYMBOL} added n
2019-12-17 14:07:23.239 [main] 15608 INFO  com.liukhtenko.informationHandling.parser.LexemeParser - TextComposite{level=LEXEME} added TextComposite{level=SYMBOL}
2019-12-17 14:07:23.239 [main] 15608 INFO  com.liukhtenko.informationHandling.parser.SymbolParser - TextComposite{level=SYMBOL} added t
2019-12-17 14:07:23.239 [main] 15608 INFO  com.liukhtenko.informationHandling.parser.LexemeParser - TextComposite{level=LEXEME} added TextComposite{level=SYMBOL}
2019-12-17 14:07:23.239 [main] 15608 INFO  com.liukhtenko.informationHandling.parser.SymbolParser - TextComposite{level=SYMBOL} added i
2019-12-17 14:07:23.239 [main] 15608 INFO  com.liukhtenko.informationHandling.parser.LexemeParser - TextComposite{level=LEXEME} added TextComposite{level=SYMBOL}
2019-12-17 14:07:23.239 [main] 15608 INFO  com.liukhtenko.informationHandling.parser.SymbolParser - TextComposite{level=SYMBOL} added a
2019-12-17 14:07:23.239 [main] 15608 INFO  com.liukhtenko.informationHandling.parser.LexemeParser - TextComposite{level=LEXEME} added TextComposite{level=SYMBOL}
2019-12-17 14:07:23.239 [main] 15608 INFO  com.liukhtenko.informationHandling.parser.SymbolParser - TextComposite{level=SYMBOL} added l
